<?xml version="1.0" encoding="UTF-8"?>
<testsuites name="4G-View" time="760.051" tests="12" failures="2" errors="2">
   <testsuite name="4G-View" tests="12" failures="2" errors="2" time="760.051" skipped="0" timestamp="2024-07-31 15:29:34" hostname="LP-Support - LP-New-2" id="Test Suites/CM/Hwauei/4G/View/4G-View">
      <properties>
         <property name="deviceName" value=""/>
         <property name="devicePlatform" value=""/>
         <property name="logFolder" value="C:\\Users\\LP-Support\\git\\NetCell\\Reports\\20240731_152932\\CM\\Hwauei\\4G\\View\\4G-View\\20240731_152932"/>
         <property name="logFiles" value="C:\\Users\\LP-Support\\git\\NetCell\\Reports\\20240731_152932\\CM\\Hwauei\\4G\\View\\4G-View\\20240731_152932\\execution0.log"/>
         <property name="attachments" value="C:\\Users\\LP-Support\\git\\NetCell\\Reports\\20240731_152932\\CM\\Hwauei\\4G\\View\\4G-View\\20240731_152932\\1722429299166.png, C:\\Users\\LP-Support\\git\\NetCell\\Reports\\20240731_152932\\CM\\Hwauei\\4G\\View\\4G-View\\20240731_152932\\1722429299395.png, C:\\Users\\LP-Support\\git\\NetCell\\Reports\\20240731_152932\\CM\\Hwauei\\4G\\View\\4G-View\\20240731_152932\\1722429575337.png, C:\\Users\\LP-Support\\git\\NetCell\\Reports\\20240731_152932\\CM\\Hwauei\\4G\\View\\4G-View\\20240731_152932\\1722429575446.png"/>
         <property name="hostName" value="LP-Support - LP-New-2"/>
         <property name="os" value="Windows 11 64bit"/>
         <property name="katalonVersion" value="8.6.9.208"/>
         <property name="browser" value="Chrome 127.0.0.0"/>
         <property name="hostAddress" value="192.168.8.195"/>
         <property name="sessionId" value="324f1569d4868452490cf6880049c2b0"/>
         <property name="seleniumVersion" value="3.141.59"/>
         <property name="proxyInformation" value="ProxyInformation { proxyOption=NO_PROXY, proxyServerType=HTTP, username=, password=********, proxyServerAddress=, proxyServerPort=0, executionList=&quot;&quot;, isApplyToDesiredCapabilities=true }"/>
         <property name="platform" value="Windows 11"/>
      </properties>
      <testcase name="Test Cases/CM/View/4G/View-PLMN" time="0.018" classname="Test Cases/CM/View/4G/View-PLMN" status="ERROR">
         <error type="ERROR" message="Test Cases/CM/View/4G/View-PLMN has ERROR(s).
Reason:
java.io.FileNotFoundException: File '' does not exist"/>
         <system-out><![CDATA[2024-07-31 15:29:34 - [TEST_CASE][ERROR] - Test Cases/CM/View/4G/View-PLMN: Test Cases/CM/View/4G/View-PLMN has ERROR(s).
Reason:
java.io.FileNotFoundException: File '' does not exist]]></system-out>
         <system-err><![CDATA[2024-07-31 15:29:34 - [TEST_CASE][ERROR] - Test Cases/CM/View/4G/View-PLMN: Test Cases/CM/View/4G/View-PLMN has ERROR(s).
Reason:
java.io.FileNotFoundException: File '' does not exist]]></system-err>
      </testcase>
      <testcase name="Test Cases/CM/View/4G/View-Region" time="33.539" classname="Test Cases/CM/View/4G/View-Region" status="PASSED">
         <system-out><![CDATA[2024-07-31 15:29:34 - [TEST_CASE][PASSED] - Test Cases/CM/View/4G/View-Region: Test Cases/CM/View/4G/View-Region

2024-07-31 15:29:34 - [TEST_STEP][PASSED] - callTestCase(findTestCase("Login"), [:], STOP_ON_FAILURE): Call Test Case 'Test Cases/Login' successfully

2024-07-31 15:29:34 - [TEST_CASE][PASSED] - Test Cases/Login: Test Cases/Login

2024-07-31 15:29:35 - [TEST_STEP][PASSED] - driver = general.start(SwagerURL, NetCellURL): general.start is PASSED

2024-07-31 15:29:35 - [MESSAGE][INFO] - >>> chromeDriverPath=C:\Users\LP-Support\.katalon\packages\Katalon_Studio_Windows_64-8.6.9\Katalon_Studio_Windows_64-8.6.9\configuration\resources\drivers\chromedriver_win32\chromedriver.exe

2024-07-31 15:29:38 - [MESSAGE][PASSED] - Current window maximized

2024-07-31 15:29:38 - [MESSAGE][PASSED] - Execute JavaScript 'window.open();' successfully

2024-07-31 15:29:38 - [MESSAGE][PASSED] - Switched to window with index: '1'

2024-07-31 15:29:39 - [MESSAGE][PASSED] - general.start is PASSED

2024-07-31 15:29:39 - [TEST_STEP][PASSED] - click(findTestObject("Object Repository/Login/LoginButton")): Object: 'Object Repository/Login/LoginButton' is clicked on

2024-07-31 15:29:39 - [MESSAGE][PASSED] - Object: 'Object Repository/Login/LoginButton' is clicked on

2024-07-31 15:29:39 - [TEST_STEP][PASSED] - switchToWindowIndex(2): Switched to window with index: '2'

2024-07-31 15:29:39 - [MESSAGE][PASSED] - Switched to window with index: '2'

2024-07-31 15:29:39 - [TEST_STEP][PASSED] - delay(1): Delayed 1 second(s)

2024-07-31 15:29:41 - [MESSAGE][PASSED] - Delayed 1 second(s)

2024-07-31 15:29:41 - [TEST_STEP][PASSED] - sendKeys(findTestObject("Object Repository/Login/EnterEmail"), "homam@zztjg.onmicrosoft.com"): Keys 'homam@zztjg.onmicrosoft.com' sent to object: 'Object Repository/Login/EnterEmail'

2024-07-31 15:29:42 - [MESSAGE][PASSED] - Keys 'homam@zztjg.onmicrosoft.com' sent to object: 'Object Repository/Login/EnterEmail'

2024-07-31 15:29:42 - [TEST_STEP][PASSED] - delay(1): Delayed 1 second(s)

2024-07-31 15:29:43 - [MESSAGE][PASSED] - Delayed 1 second(s)

2024-07-31 15:29:43 - [TEST_STEP][PASSED] - click(findTestObject("Object Repository/Login/NextButton")): Object: 'Object Repository/Login/NextButton' is clicked on

2024-07-31 15:29:43 - [MESSAGE][PASSED] - Object: 'Object Repository/Login/NextButton' is clicked on

2024-07-31 15:29:43 - [TEST_STEP][PASSED] - delay(2): Delayed 2 second(s)

2024-07-31 15:29:45 - [MESSAGE][PASSED] - Delayed 2 second(s)

2024-07-31 15:29:45 - [TEST_STEP][PASSED] - sendKeys(findTestObject("Object Repository/Login/EnterPassword"), "Holder12345"): Keys 'Holder12345' sent to object: 'Object Repository/Login/EnterPassword'

2024-07-31 15:29:45 - [MESSAGE][PASSED] - Keys 'Holder12345' sent to object: 'Object Repository/Login/EnterPassword'

2024-07-31 15:29:45 - [TEST_STEP][PASSED] - delay(1): Delayed 1 second(s)

2024-07-31 15:29:46 - [MESSAGE][PASSED] - Delayed 1 second(s)

2024-07-31 15:29:46 - [TEST_STEP][PASSED] - click(findTestObject("Object Repository/Login/SigninButton")): Object: 'Object Repository/Login/SigninButton' is clicked on

2024-07-31 15:29:47 - [MESSAGE][PASSED] - Object: 'Object Repository/Login/SigninButton' is clicked on

2024-07-31 15:29:47 - [TEST_STEP][PASSED] - delay(1): Delayed 1 second(s)

2024-07-31 15:29:48 - [MESSAGE][PASSED] - Delayed 1 second(s)

2024-07-31 15:29:48 - [TEST_STEP][PASSED] - click(findTestObject("Object Repository/Login/YesStayInButton")): Object: 'Object Repository/Login/YesStayInButton' is clicked on

2024-07-31 15:29:48 - [MESSAGE][PASSED] - Object: 'Object Repository/Login/YesStayInButton' is clicked on

2024-07-31 15:29:48 - [MESSAGE][PASSED] - Call Test Case 'Test Cases/Login' successfully

2024-07-31 15:29:48 - [TEST_STEP][PASSED] - switchToWindowIndex(1): Switched to window with index: '1'

2024-07-31 15:29:49 - [MESSAGE][PASSED] - Switched to window with index: '1'

2024-07-31 15:29:49 - [TEST_STEP][PASSED] - CM.Stats("4G", "Region", false, "Hourly"): CM.Stats is PASSED

2024-07-31 15:29:49 - [MESSAGE][PASSED] - Object: 'Object Repository/CM/CM' is clicked on

2024-07-31 15:29:49 - [MESSAGE][PASSED] - Switched to window with index: '2'

2024-07-31 15:29:50 - [MESSAGE][PASSED] - Object: 'Object Repository/PM/Huawei-vendor/TopX/TopX Object Type' is clicked on

2024-07-31 15:29:51 - [MESSAGE][PASSED] - Delayed 1 second(s)

2024-07-31 15:29:51 - [MESSAGE][PASSED] - Object: 'Object Repository/PM/Huawei-vendor/Object-Type/TopX Object Types/TopX Regions/TopX Region' is clicked on

2024-07-31 15:29:52 - [MESSAGE][PASSED] - Delayed 1 second(s)

2024-07-31 15:29:52 - [MESSAGE][WARNING] - Timeout '0' is invalid. Using default page load timeout: '120'

2024-07-31 15:29:52 - [MESSAGE][PASSED] - Scroll to object 'Object Repository/PM/Huawei-vendor/Object Border' successfully

2024-07-31 15:29:53 - [MESSAGE][PASSED] - Object: 'Object Repository/PM/Huawei-vendor/Object-Type/TopX Object Types/TopX Regions/TopX Region East Amman' is clicked on

2024-07-31 15:29:53 - [MESSAGE][PASSED] - Object: 'Object Repository/PM/Huawei-vendor/Object-Type/TopX Object Types/TopX Regions/TopX Region West Amman' is clicked on

2024-07-31 15:29:53 - [MESSAGE][PASSED] - Object: 'Object Repository/PM/Huawei-vendor/Object-Type/TopX Object Types/TopX Regions/TopX Region South Jordan' is clicked on

2024-07-31 15:29:53 - [MESSAGE][PASSED] - Object: 'Object Repository/PM/Huawei-vendor/Object-Type/TopX Object Types/TopX Regions/TopX Region North Jordan' is clicked on

2024-07-31 15:29:53 - [MESSAGE][WARNING] - Timeout '0' is invalid. Using default page load timeout: '120'

2024-07-31 15:29:53 - [MESSAGE][PASSED] - Scroll to object 'Object Repository/CM/View/Target type/Target Type Arrow' successfully

2024-07-31 15:29:53 - [MESSAGE][PASSED] - Object: 'Object Repository/CM/View/Target type/Target Type Arrow' is clicked on

2024-07-31 15:29:54 - [MESSAGE][PASSED] - Object: 'Object Repository/CM/View/Target type/Cell' is clicked on

2024-07-31 15:29:54 - [MESSAGE][WARNING] - Timeout '0' is invalid. Using default page load timeout: '120'

2024-07-31 15:29:54 - [MESSAGE][PASSED] - Scroll to object 'Object Repository/CM/View/MOs/MO-4GCaCroupSCellCfg' successfully

2024-07-31 15:29:54 - [MESSAGE][PASSED] - Object: 'Object Repository/CM/View/MOs/MO-4G-BcchCfg' is clicked on

2024-07-31 15:29:54 - [MESSAGE][PASSED] - Object: 'Object Repository/CM/View/MOs/MO-4G-CaMgtCfg' is clicked on

2024-07-31 15:29:55 - [MESSAGE][PASSED] - Object: 'Object Repository/CM/View/MOs/MO-4G-CLZeroBufferzone' is clicked on

2024-07-31 15:29:55 - [MESSAGE][PASSED] - Object: 'Object Repository/CM/View/MOs/MO-4G-CSFallBackHo' is clicked on

2024-07-31 15:29:55 - [MESSAGE][PASSED] - Object: 'Object Repository/PM/Huawei-vendor/Apply-Button' is clicked on

2024-07-31 15:29:55 - [MESSAGE][WARNING] - Timeout '0' is invalid. Using default page load timeout: '120'

2024-07-31 15:29:55 - [MESSAGE][PASSED] - Web element with id: 'Object Repository/PM/Huawei-vendor/Error' located by 'By.xpath: //div[@class='toast-summary title-medium-m']' is not present after '120' second(s)

2024-07-31 15:29:55 - [MESSAGE][WARNING] - Timeout '0' is invalid. Using default page load timeout: '120'

2024-07-31 15:30:07 - [MESSAGE][PASSED] - Object 'Object Repository/CM/Table header' is present

2024-07-31 15:30:08 - [MESSAGE][PASSED] - Browser is closed

2024-07-31 15:30:08 - [MESSAGE][PASSED] - CM.Stats is PASSED]]></system-out>
         <system-err><![CDATA[]]></system-err>
      </testcase>
      <testcase name="Test Cases/CM/View/4G/View-Site" time="26.976" classname="Test Cases/CM/View/4G/View-Site" status="PASSED">
         <system-out><![CDATA[2024-07-31 15:30:08 - [TEST_CASE][PASSED] - Test Cases/CM/View/4G/View-Site: Test Cases/CM/View/4G/View-Site

2024-07-31 15:30:08 - [TEST_STEP][PASSED] - callTestCase(findTestCase("Login"), [:], STOP_ON_FAILURE): Call Test Case 'Test Cases/Login' successfully

2024-07-31 15:30:08 - [TEST_CASE][PASSED] - Test Cases/Login: Test Cases/Login

2024-07-31 15:30:08 - [TEST_STEP][PASSED] - driver = general.start(SwagerURL, NetCellURL): general.start is PASSED

2024-07-31 15:30:08 - [MESSAGE][INFO] - >>> chromeDriverPath=C:\Users\LP-Support\.katalon\packages\Katalon_Studio_Windows_64-8.6.9\Katalon_Studio_Windows_64-8.6.9\configuration\resources\drivers\chromedriver_win32\chromedriver.exe

2024-07-31 15:30:10 - [MESSAGE][PASSED] - Current window maximized

2024-07-31 15:30:10 - [MESSAGE][PASSED] - Execute JavaScript 'window.open();' successfully

2024-07-31 15:30:10 - [MESSAGE][PASSED] - Switched to window with index: '1'

2024-07-31 15:30:11 - [MESSAGE][PASSED] - general.start is PASSED

2024-07-31 15:30:11 - [TEST_STEP][PASSED] - click(findTestObject("Object Repository/Login/LoginButton")): Object: 'Object Repository/Login/LoginButton' is clicked on

2024-07-31 15:30:11 - [MESSAGE][PASSED] - Object: 'Object Repository/Login/LoginButton' is clicked on

2024-07-31 15:30:11 - [TEST_STEP][PASSED] - switchToWindowIndex(2): Switched to window with index: '2'

2024-07-31 15:30:12 - [MESSAGE][PASSED] - Switched to window with index: '2'

2024-07-31 15:30:12 - [TEST_STEP][PASSED] - delay(1): Delayed 1 second(s)

2024-07-31 15:30:13 - [MESSAGE][PASSED] - Delayed 1 second(s)

2024-07-31 15:30:13 - [TEST_STEP][PASSED] - sendKeys(findTestObject("Object Repository/Login/EnterEmail"), "homam@zztjg.onmicrosoft.com"): Keys 'homam@zztjg.onmicrosoft.com' sent to object: 'Object Repository/Login/EnterEmail'

2024-07-31 15:30:14 - [MESSAGE][PASSED] - Keys 'homam@zztjg.onmicrosoft.com' sent to object: 'Object Repository/Login/EnterEmail'

2024-07-31 15:30:14 - [TEST_STEP][PASSED] - delay(1): Delayed 1 second(s)

2024-07-31 15:30:15 - [MESSAGE][PASSED] - Delayed 1 second(s)

2024-07-31 15:30:15 - [TEST_STEP][PASSED] - click(findTestObject("Object Repository/Login/NextButton")): Object: 'Object Repository/Login/NextButton' is clicked on

2024-07-31 15:30:15 - [MESSAGE][PASSED] - Object: 'Object Repository/Login/NextButton' is clicked on

2024-07-31 15:30:15 - [TEST_STEP][PASSED] - delay(2): Delayed 2 second(s)

2024-07-31 15:30:17 - [MESSAGE][PASSED] - Delayed 2 second(s)

2024-07-31 15:30:17 - [TEST_STEP][PASSED] - sendKeys(findTestObject("Object Repository/Login/EnterPassword"), "Holder12345"): Keys 'Holder12345' sent to object: 'Object Repository/Login/EnterPassword'

2024-07-31 15:30:17 - [MESSAGE][PASSED] - Keys 'Holder12345' sent to object: 'Object Repository/Login/EnterPassword'

2024-07-31 15:30:17 - [TEST_STEP][PASSED] - delay(1): Delayed 1 second(s)

2024-07-31 15:30:18 - [MESSAGE][PASSED] - Delayed 1 second(s)

2024-07-31 15:30:18 - [TEST_STEP][PASSED] - click(findTestObject("Object Repository/Login/SigninButton")): Object: 'Object Repository/Login/SigninButton' is clicked on

2024-07-31 15:30:19 - [MESSAGE][PASSED] - Object: 'Object Repository/Login/SigninButton' is clicked on

2024-07-31 15:30:19 - [TEST_STEP][PASSED] - delay(1): Delayed 1 second(s)

2024-07-31 15:30:20 - [MESSAGE][PASSED] - Delayed 1 second(s)

2024-07-31 15:30:20 - [TEST_STEP][PASSED] - click(findTestObject("Object Repository/Login/YesStayInButton")): Object: 'Object Repository/Login/YesStayInButton' is clicked on

2024-07-31 15:30:20 - [MESSAGE][PASSED] - Object: 'Object Repository/Login/YesStayInButton' is clicked on

2024-07-31 15:30:20 - [MESSAGE][PASSED] - Call Test Case 'Test Cases/Login' successfully

2024-07-31 15:30:20 - [TEST_STEP][PASSED] - switchToWindowIndex(1): Switched to window with index: '1'

2024-07-31 15:30:20 - [MESSAGE][PASSED] - Switched to window with index: '1'

2024-07-31 15:30:20 - [TEST_STEP][PASSED] - CM.Stats("4G", "Site", false, "Hourly"): CM.Stats is PASSED

2024-07-31 15:30:21 - [MESSAGE][PASSED] - Object: 'Object Repository/CM/CM' is clicked on

2024-07-31 15:30:21 - [MESSAGE][PASSED] - Switched to window with index: '2'

2024-07-31 15:30:22 - [MESSAGE][PASSED] - Object: 'Object Repository/PM/Huawei-vendor/TopX/TopX Object Type' is clicked on

2024-07-31 15:30:23 - [MESSAGE][PASSED] - Delayed 1 second(s)

2024-07-31 15:30:23 - [MESSAGE][PASSED] - Object: 'Object Repository/PM/Huawei-vendor/Object-Type/TopX Object Types/TopX Sites/TopX Site' is clicked on

2024-07-31 15:30:24 - [MESSAGE][PASSED] - Delayed 1 second(s)

2024-07-31 15:30:24 - [MESSAGE][WARNING] - Timeout '0' is invalid. Using default page load timeout: '120'

2024-07-31 15:30:24 - [MESSAGE][PASSED] - Scroll to object 'Object Repository/PM/Huawei-vendor/Object Border' successfully

2024-07-31 15:30:24 - [MESSAGE][PASSED] - Object: 'Object Repository/PM/Huawei-vendor/Object-Type/TopX Object Types/TopX Sites/TopX East Amman Arrow' is clicked on

2024-07-31 15:30:26 - [MESSAGE][PASSED] - Object: 'Object Repository/PM/Huawei-vendor/Object-Type/TopX Object Types/TopX Sites/TopX East Amman site1' is clicked on

2024-07-31 15:30:26 - [MESSAGE][PASSED] - Object: 'Object Repository/PM/Huawei-vendor/Object-Type/TopX Object Types/TopX Sites/TopX East Amman CloseArrow' is clicked on

2024-07-31 15:30:26 - [MESSAGE][PASSED] - Object: 'Object Repository/PM/Huawei-vendor/Object-Type/TopX Object Types/TopX Sites/TopX West Amman Arrow' is clicked on

2024-07-31 15:30:27 - [MESSAGE][PASSED] - Object: 'Object Repository/PM/Huawei-vendor/Object-Type/TopX Object Types/TopX Sites/TopX West Amman site1' is clicked on

2024-07-31 15:30:27 - [MESSAGE][PASSED] - Object: 'Object Repository/PM/Huawei-vendor/Object-Type/TopX Object Types/TopX Sites/TopX West Amman CloseArrow' is clicked on

2024-07-31 15:30:27 - [MESSAGE][PASSED] - Object: 'Object Repository/PM/Huawei-vendor/Object-Type/TopX Object Types/TopX Sites/TopX North Jordan Arrow' is clicked on

2024-07-31 15:30:29 - [MESSAGE][PASSED] - Object: 'Object Repository/PM/Huawei-vendor/Object-Type/TopX Object Types/TopX Sites/TopX North Jordan site1' is clicked on

2024-07-31 15:30:29 - [MESSAGE][PASSED] - Object: 'Object Repository/PM/Huawei-vendor/Object-Type/TopX Object Types/TopX Sites/TopX North Jordan CloseArrow' is clicked on

2024-07-31 15:30:30 - [MESSAGE][PASSED] - Object: 'Object Repository/PM/Huawei-vendor/Object-Type/TopX Object Types/TopX Sites/TopX South Jordan Arrow' is clicked on

2024-07-31 15:30:30 - [MESSAGE][PASSED] - Object: 'Object Repository/PM/Huawei-vendor/Object-Type/TopX Object Types/TopX Sites/TopX South Jordan site1' is clicked on

2024-07-31 15:30:30 - [MESSAGE][PASSED] - Object: 'Object Repository/PM/Huawei-vendor/Object-Type/TopX Object Types/TopX Sites/TopX South Jordan CloseArrow' is clicked on

2024-07-31 15:30:30 - [MESSAGE][WARNING] - Timeout '0' is invalid. Using default page load timeout: '120'

2024-07-31 15:30:30 - [MESSAGE][PASSED] - Scroll to object 'Object Repository/CM/View/Target type/Target Type Arrow' successfully

2024-07-31 15:30:31 - [MESSAGE][PASSED] - Object: 'Object Repository/CM/View/Target type/Target Type Arrow' is clicked on

2024-07-31 15:30:31 - [MESSAGE][PASSED] - Object: 'Object Repository/CM/View/Target type/Cell' is clicked on

2024-07-31 15:30:31 - [MESSAGE][WARNING] - Timeout '0' is invalid. Using default page load timeout: '120'

2024-07-31 15:30:31 - [MESSAGE][PASSED] - Scroll to object 'Object Repository/CM/View/MOs/MO-4GCaCroupSCellCfg' successfully

2024-07-31 15:30:31 - [MESSAGE][PASSED] - Object: 'Object Repository/CM/View/MOs/MO-4G-BcchCfg' is clicked on

2024-07-31 15:30:32 - [MESSAGE][PASSED] - Object: 'Object Repository/CM/View/MOs/MO-4G-CaMgtCfg' is clicked on

2024-07-31 15:30:32 - [MESSAGE][PASSED] - Object: 'Object Repository/CM/View/MOs/MO-4G-CLZeroBufferzone' is clicked on

2024-07-31 15:30:32 - [MESSAGE][PASSED] - Object: 'Object Repository/CM/View/MOs/MO-4G-CSFallBackHo' is clicked on

2024-07-31 15:30:32 - [MESSAGE][PASSED] - Object: 'Object Repository/PM/Huawei-vendor/Apply-Button' is clicked on

2024-07-31 15:30:32 - [MESSAGE][WARNING] - Timeout '0' is invalid. Using default page load timeout: '120'

2024-07-31 15:30:32 - [MESSAGE][PASSED] - Web element with id: 'Object Repository/PM/Huawei-vendor/Error' located by 'By.xpath: //div[@class='toast-summary title-medium-m']' is not present after '120' second(s)

2024-07-31 15:30:32 - [MESSAGE][WARNING] - Timeout '0' is invalid. Using default page load timeout: '120'

2024-07-31 15:30:34 - [MESSAGE][PASSED] - Object 'Object Repository/CM/Table header' is present

2024-07-31 15:30:35 - [MESSAGE][PASSED] - Browser is closed

2024-07-31 15:30:35 - [MESSAGE][PASSED] - CM.Stats is PASSED]]></system-out>
         <system-err><![CDATA[]]></system-err>
      </testcase>
      <testcase name="Test Cases/CM/View/4G/View-Cell" time="47.748" classname="Test Cases/CM/View/4G/View-Cell" status="PASSED">
         <system-out><![CDATA[2024-07-31 15:30:35 - [TEST_CASE][PASSED] - Test Cases/CM/View/4G/View-Cell: Test Cases/CM/View/4G/View-Cell

2024-07-31 15:30:35 - [TEST_STEP][PASSED] - callTestCase(findTestCase("Login"), [:], STOP_ON_FAILURE): Call Test Case 'Test Cases/Login' successfully

2024-07-31 15:30:35 - [TEST_CASE][PASSED] - Test Cases/Login: Test Cases/Login

2024-07-31 15:30:35 - [TEST_STEP][PASSED] - driver = general.start(SwagerURL, NetCellURL): general.start is PASSED

2024-07-31 15:30:35 - [MESSAGE][INFO] - >>> chromeDriverPath=C:\Users\LP-Support\.katalon\packages\Katalon_Studio_Windows_64-8.6.9\Katalon_Studio_Windows_64-8.6.9\configuration\resources\drivers\chromedriver_win32\chromedriver.exe

2024-07-31 15:30:37 - [MESSAGE][PASSED] - Current window maximized

2024-07-31 15:30:37 - [MESSAGE][PASSED] - Execute JavaScript 'window.open();' successfully

2024-07-31 15:30:37 - [MESSAGE][PASSED] - Switched to window with index: '1'

2024-07-31 15:30:38 - [MESSAGE][PASSED] - general.start is PASSED

2024-07-31 15:30:38 - [TEST_STEP][PASSED] - click(findTestObject("Object Repository/Login/LoginButton")): Object: 'Object Repository/Login/LoginButton' is clicked on

2024-07-31 15:30:38 - [MESSAGE][PASSED] - Object: 'Object Repository/Login/LoginButton' is clicked on

2024-07-31 15:30:38 - [TEST_STEP][PASSED] - switchToWindowIndex(2): Switched to window with index: '2'

2024-07-31 15:30:39 - [MESSAGE][PASSED] - Switched to window with index: '2'

2024-07-31 15:30:39 - [TEST_STEP][PASSED] - delay(1): Delayed 1 second(s)

2024-07-31 15:30:40 - [MESSAGE][PASSED] - Delayed 1 second(s)

2024-07-31 15:30:40 - [TEST_STEP][PASSED] - sendKeys(findTestObject("Object Repository/Login/EnterEmail"), "homam@zztjg.onmicrosoft.com"): Keys 'homam@zztjg.onmicrosoft.com' sent to object: 'Object Repository/Login/EnterEmail'

2024-07-31 15:30:41 - [MESSAGE][PASSED] - Keys 'homam@zztjg.onmicrosoft.com' sent to object: 'Object Repository/Login/EnterEmail'

2024-07-31 15:30:41 - [TEST_STEP][PASSED] - delay(1): Delayed 1 second(s)

2024-07-31 15:30:42 - [MESSAGE][PASSED] - Delayed 1 second(s)

2024-07-31 15:30:42 - [TEST_STEP][PASSED] - click(findTestObject("Object Repository/Login/NextButton")): Object: 'Object Repository/Login/NextButton' is clicked on

2024-07-31 15:30:42 - [MESSAGE][PASSED] - Object: 'Object Repository/Login/NextButton' is clicked on

2024-07-31 15:30:42 - [TEST_STEP][PASSED] - delay(2): Delayed 2 second(s)

2024-07-31 15:30:44 - [MESSAGE][PASSED] - Delayed 2 second(s)

2024-07-31 15:30:44 - [TEST_STEP][PASSED] - sendKeys(findTestObject("Object Repository/Login/EnterPassword"), "Holder12345"): Keys 'Holder12345' sent to object: 'Object Repository/Login/EnterPassword'

2024-07-31 15:30:44 - [MESSAGE][PASSED] - Keys 'Holder12345' sent to object: 'Object Repository/Login/EnterPassword'

2024-07-31 15:30:44 - [TEST_STEP][PASSED] - delay(1): Delayed 1 second(s)

2024-07-31 15:30:45 - [MESSAGE][PASSED] - Delayed 1 second(s)

2024-07-31 15:30:45 - [TEST_STEP][PASSED] - click(findTestObject("Object Repository/Login/SigninButton")): Object: 'Object Repository/Login/SigninButton' is clicked on

2024-07-31 15:30:46 - [MESSAGE][PASSED] - Object: 'Object Repository/Login/SigninButton' is clicked on

2024-07-31 15:30:46 - [TEST_STEP][PASSED] - delay(1): Delayed 1 second(s)

2024-07-31 15:30:47 - [MESSAGE][PASSED] - Delayed 1 second(s)

2024-07-31 15:30:47 - [TEST_STEP][PASSED] - click(findTestObject("Object Repository/Login/YesStayInButton")): Object: 'Object Repository/Login/YesStayInButton' is clicked on

2024-07-31 15:30:48 - [MESSAGE][PASSED] - Object: 'Object Repository/Login/YesStayInButton' is clicked on

2024-07-31 15:30:48 - [MESSAGE][PASSED] - Call Test Case 'Test Cases/Login' successfully

2024-07-31 15:30:48 - [TEST_STEP][PASSED] - switchToWindowIndex(1): Switched to window with index: '1'

2024-07-31 15:30:48 - [MESSAGE][PASSED] - Switched to window with index: '1'

2024-07-31 15:30:48 - [TEST_STEP][PASSED] - CM.Stats("4G", "Cell", false, "Hourly"): CM.Stats is PASSED

2024-07-31 15:30:49 - [MESSAGE][PASSED] - Object: 'Object Repository/CM/CM' is clicked on

2024-07-31 15:30:49 - [MESSAGE][PASSED] - Switched to window with index: '2'

2024-07-31 15:30:50 - [MESSAGE][PASSED] - Object: 'Object Repository/PM/Huawei-vendor/TopX/TopX Object Type' is clicked on

2024-07-31 15:30:51 - [MESSAGE][PASSED] - Delayed 1 second(s)

2024-07-31 15:30:51 - [MESSAGE][PASSED] - Object: 'Object Repository/PM/Huawei-vendor/Object-Type/TopX Object Types/TopX Cells/TopX Cell' is clicked on

2024-07-31 15:30:52 - [MESSAGE][PASSED] - Delayed 1 second(s)

2024-07-31 15:30:52 - [MESSAGE][WARNING] - Timeout '0' is invalid. Using default page load timeout: '120'

2024-07-31 15:30:52 - [MESSAGE][PASSED] - Scroll to object 'Object Repository/PM/Huawei-vendor/Object Border' successfully

2024-07-31 15:30:52 - [MESSAGE][PASSED] - Object: 'Object Repository/PM/Huawei-vendor/Object-Type/TopX Object Types/TopX Sites/TopX East Amman Arrow' is clicked on

2024-07-31 15:30:55 - [MESSAGE][PASSED] - Object: 'Object Repository/PM/Huawei-vendor/Object-Type/TopX Object Types/TopX Cells/TopX East Amman Site1 Arrow' is clicked on

2024-07-31 15:30:57 - [MESSAGE][PASSED] - Delayed 1 second(s)

2024-07-31 15:30:57 - [MESSAGE][PASSED] - Object: 'Object Repository/PM/Huawei-vendor/Object-Type/TopX Object Types/TopX Cells/TopX East Amman Site1 Cell1' is clicked on

2024-07-31 15:30:57 - [MESSAGE][PASSED] - Object: 'Object Repository/PM/Huawei-vendor/Object-Type/TopX Object Types/TopX Sites/TopX East Amman CloseArrow' is clicked on

2024-07-31 15:30:58 - [MESSAGE][PASSED] - Object: 'Object Repository/PM/Huawei-vendor/Object-Type/TopX Object Types/TopX Sites/TopX West Amman Arrow' is clicked on

2024-07-31 15:31:00 - [MESSAGE][PASSED] - Object: 'Object Repository/PM/Huawei-vendor/Object-Type/TopX Object Types/TopX Cells/TopX West Amman Site1 Arrow' is clicked on

2024-07-31 15:31:02 - [MESSAGE][PASSED] - Object: 'Object Repository/PM/Huawei-vendor/Object-Type/TopX Object Types/TopX Cells/TopX West Amman Site1 Cell1' is clicked on

2024-07-31 15:31:02 - [MESSAGE][PASSED] - Object: 'Object Repository/PM/Huawei-vendor/Object-Type/TopX Object Types/TopX Sites/TopX West Amman CloseArrow' is clicked on

2024-07-31 15:31:02 - [MESSAGE][PASSED] - Object: 'Object Repository/PM/Huawei-vendor/Object-Type/TopX Object Types/TopX Sites/TopX North Jordan Arrow' is clicked on

2024-07-31 15:31:07 - [MESSAGE][PASSED] - Object: 'Object Repository/PM/Huawei-vendor/Object-Type/TopX Object Types/TopX Cells/TopX North Jordan Site1 Arrow' is clicked on

2024-07-31 15:31:07 - [MESSAGE][PASSED] - Object: 'Object Repository/PM/Huawei-vendor/Object-Type/TopX Object Types/TopX Cells/TopX North Jordan Site1 Cell1' is clicked on

2024-07-31 15:31:07 - [MESSAGE][PASSED] - Object: 'Object Repository/PM/Huawei-vendor/Object-Type/TopX Object Types/TopX Sites/TopX North Jordan CloseArrow' is clicked on

2024-07-31 15:31:08 - [MESSAGE][PASSED] - Object: 'Object Repository/PM/Huawei-vendor/Object-Type/TopX Object Types/TopX Sites/TopX South Jordan Arrow' is clicked on

2024-07-31 15:31:11 - [MESSAGE][PASSED] - Object: 'Object Repository/PM/Huawei-vendor/Object-Type/TopX Object Types/TopX Cells/TopX South Jordan Site1 Arrow' is clicked on

2024-07-31 15:31:11 - [MESSAGE][PASSED] - Object: 'Object Repository/PM/Huawei-vendor/Object-Type/TopX Object Types/TopX Cells/TopX South Jordan Site1 Cell1' is clicked on

2024-07-31 15:31:12 - [MESSAGE][PASSED] - Object: 'Object Repository/PM/Huawei-vendor/Object-Type/TopX Object Types/TopX Sites/TopX South Jordan CloseArrow' is clicked on

2024-07-31 15:31:12 - [MESSAGE][WARNING] - Timeout '0' is invalid. Using default page load timeout: '120'

2024-07-31 15:31:12 - [MESSAGE][PASSED] - Scroll to object 'Object Repository/CM/View/Target type/Target Type Arrow' successfully

2024-07-31 15:31:12 - [MESSAGE][PASSED] - Object: 'Object Repository/CM/View/Target type/Target Type Arrow' is clicked on

2024-07-31 15:31:12 - [MESSAGE][PASSED] - Object: 'Object Repository/CM/View/Target type/Cell' is clicked on

2024-07-31 15:31:12 - [MESSAGE][WARNING] - Timeout '0' is invalid. Using default page load timeout: '120'

2024-07-31 15:31:12 - [MESSAGE][PASSED] - Scroll to object 'Object Repository/CM/View/MOs/MO-4GCaCroupSCellCfg' successfully

2024-07-31 15:31:13 - [MESSAGE][PASSED] - Object: 'Object Repository/CM/View/MOs/MO-4G-BcchCfg' is clicked on

2024-07-31 15:31:13 - [MESSAGE][PASSED] - Object: 'Object Repository/CM/View/MOs/MO-4G-CaMgtCfg' is clicked on

2024-07-31 15:31:13 - [MESSAGE][PASSED] - Object: 'Object Repository/CM/View/MOs/MO-4G-CLZeroBufferzone' is clicked on

2024-07-31 15:31:13 - [MESSAGE][PASSED] - Object: 'Object Repository/CM/View/MOs/MO-4G-CSFallBackHo' is clicked on

2024-07-31 15:31:14 - [MESSAGE][PASSED] - Object: 'Object Repository/PM/Huawei-vendor/Apply-Button' is clicked on

2024-07-31 15:31:14 - [MESSAGE][WARNING] - Timeout '0' is invalid. Using default page load timeout: '120'

2024-07-31 15:31:14 - [MESSAGE][PASSED] - Web element with id: 'Object Repository/PM/Huawei-vendor/Error' located by 'By.xpath: //div[@class='toast-summary title-medium-m']' is not present after '120' second(s)

2024-07-31 15:31:14 - [MESSAGE][WARNING] - Timeout '0' is invalid. Using default page load timeout: '120'

2024-07-31 15:31:21 - [MESSAGE][PASSED] - Object 'Object Repository/CM/Table header' is present

2024-07-31 15:31:22 - [MESSAGE][PASSED] - Browser is closed

2024-07-31 15:31:22 - [MESSAGE][PASSED] - CM.Stats is PASSED]]></system-out>
         <system-err><![CDATA[]]></system-err>
      </testcase>
      <testcase name="Test Cases/CM/View/4G/View-Cluster" time="62.825" classname="Test Cases/CM/View/4G/View-Cluster" status="PASSED">
         <system-out><![CDATA[2024-07-31 15:31:22 - [TEST_CASE][PASSED] - Test Cases/CM/View/4G/View-Cluster: Test Cases/CM/View/4G/View-Cluster

2024-07-31 15:31:23 - [TEST_STEP][PASSED] - callTestCase(findTestCase("Login"), [:], STOP_ON_FAILURE): Call Test Case 'Test Cases/Login' successfully

2024-07-31 15:31:23 - [TEST_CASE][PASSED] - Test Cases/Login: Test Cases/Login

2024-07-31 15:31:23 - [TEST_STEP][PASSED] - driver = general.start(SwagerURL, NetCellURL): general.start is PASSED

2024-07-31 15:31:23 - [MESSAGE][INFO] - >>> chromeDriverPath=C:\Users\LP-Support\.katalon\packages\Katalon_Studio_Windows_64-8.6.9\Katalon_Studio_Windows_64-8.6.9\configuration\resources\drivers\chromedriver_win32\chromedriver.exe

2024-07-31 15:31:25 - [MESSAGE][PASSED] - Current window maximized

2024-07-31 15:31:26 - [MESSAGE][PASSED] - Execute JavaScript 'window.open();' successfully

2024-07-31 15:31:26 - [MESSAGE][PASSED] - Switched to window with index: '1'

2024-07-31 15:31:28 - [MESSAGE][PASSED] - general.start is PASSED

2024-07-31 15:31:28 - [TEST_STEP][PASSED] - click(findTestObject("Object Repository/Login/LoginButton")): Object: 'Object Repository/Login/LoginButton' is clicked on

2024-07-31 15:31:29 - [MESSAGE][PASSED] - Object: 'Object Repository/Login/LoginButton' is clicked on

2024-07-31 15:31:29 - [TEST_STEP][PASSED] - switchToWindowIndex(2): Switched to window with index: '2'

2024-07-31 15:31:29 - [MESSAGE][PASSED] - Switched to window with index: '2'

2024-07-31 15:31:29 - [TEST_STEP][PASSED] - delay(1): Delayed 1 second(s)

2024-07-31 15:31:30 - [MESSAGE][PASSED] - Delayed 1 second(s)

2024-07-31 15:31:30 - [TEST_STEP][PASSED] - sendKeys(findTestObject("Object Repository/Login/EnterEmail"), "homam@zztjg.onmicrosoft.com"): Keys 'homam@zztjg.onmicrosoft.com' sent to object: 'Object Repository/Login/EnterEmail'

2024-07-31 15:31:32 - [MESSAGE][PASSED] - Keys 'homam@zztjg.onmicrosoft.com' sent to object: 'Object Repository/Login/EnterEmail'

2024-07-31 15:31:32 - [TEST_STEP][PASSED] - delay(1): Delayed 1 second(s)

2024-07-31 15:31:33 - [MESSAGE][PASSED] - Delayed 1 second(s)

2024-07-31 15:31:33 - [TEST_STEP][PASSED] - click(findTestObject("Object Repository/Login/NextButton")): Object: 'Object Repository/Login/NextButton' is clicked on

2024-07-31 15:31:33 - [MESSAGE][PASSED] - Object: 'Object Repository/Login/NextButton' is clicked on

2024-07-31 15:31:33 - [TEST_STEP][PASSED] - delay(2): Delayed 2 second(s)

2024-07-31 15:31:35 - [MESSAGE][PASSED] - Delayed 2 second(s)

2024-07-31 15:31:35 - [TEST_STEP][PASSED] - sendKeys(findTestObject("Object Repository/Login/EnterPassword"), "Holder12345"): Keys 'Holder12345' sent to object: 'Object Repository/Login/EnterPassword'

2024-07-31 15:31:36 - [MESSAGE][PASSED] - Keys 'Holder12345' sent to object: 'Object Repository/Login/EnterPassword'

2024-07-31 15:31:36 - [TEST_STEP][PASSED] - delay(1): Delayed 1 second(s)

2024-07-31 15:31:37 - [MESSAGE][PASSED] - Delayed 1 second(s)

2024-07-31 15:31:37 - [TEST_STEP][PASSED] - click(findTestObject("Object Repository/Login/SigninButton")): Object: 'Object Repository/Login/SigninButton' is clicked on

2024-07-31 15:31:41 - [MESSAGE][PASSED] - Object: 'Object Repository/Login/SigninButton' is clicked on

2024-07-31 15:31:41 - [TEST_STEP][PASSED] - delay(1): Delayed 1 second(s)

2024-07-31 15:31:42 - [MESSAGE][PASSED] - Delayed 1 second(s)

2024-07-31 15:31:42 - [TEST_STEP][PASSED] - click(findTestObject("Object Repository/Login/YesStayInButton")): Object: 'Object Repository/Login/YesStayInButton' is clicked on

2024-07-31 15:31:42 - [MESSAGE][PASSED] - Object: 'Object Repository/Login/YesStayInButton' is clicked on

2024-07-31 15:31:42 - [MESSAGE][PASSED] - Call Test Case 'Test Cases/Login' successfully

2024-07-31 15:31:42 - [TEST_STEP][PASSED] - switchToWindowIndex(1): Switched to window with index: '1'

2024-07-31 15:31:43 - [MESSAGE][PASSED] - Switched to window with index: '1'

2024-07-31 15:31:43 - [TEST_STEP][PASSED] - CM.Stats("4G", "Cluster", false, "Hourly"): CM.Stats is PASSED

2024-07-31 15:31:44 - [MESSAGE][PASSED] - Object: 'Object Repository/CM/CM' is clicked on

2024-07-31 15:31:44 - [MESSAGE][PASSED] - Switched to window with index: '2'

2024-07-31 15:31:45 - [MESSAGE][PASSED] - Object: 'Object Repository/PM/Huawei-vendor/TopX/TopX Object Type' is clicked on

2024-07-31 15:31:46 - [MESSAGE][PASSED] - Delayed 1 second(s)

2024-07-31 15:31:46 - [MESSAGE][PASSED] - Object: 'Object Repository/PM/Huawei-vendor/Object-Type/TopX Object Types/TopX Clusters/TopX Cluster' is clicked on

2024-07-31 15:31:47 - [MESSAGE][PASSED] - Delayed 1 second(s)

2024-07-31 15:31:47 - [MESSAGE][WARNING] - Timeout '0' is invalid. Using default page load timeout: '120'

2024-07-31 15:31:47 - [MESSAGE][PASSED] - Scroll to object 'Object Repository/PM/Huawei-vendor/Object Border' successfully

2024-07-31 15:31:47 - [MESSAGE][PASSED] - Object: 'Object Repository/PM/Huawei-vendor/Object-Type/TopX Object Types/TopX Region Bands/TopX FDD Arrow' is clicked on

2024-07-31 15:31:48 - [MESSAGE][PASSED] - Object: 'Object Repository/PM/Huawei-vendor/Object-Type/TopX Object Types/TopX Sites/TopX East Amman Arrow' is clicked on

2024-07-31 15:31:48 - [MESSAGE][PASSED] - Object: 'Object Repository/PM/Huawei-vendor/Object-Type/TopX Object Types/TopX Cluster Bands/TopX East Amman Cluster 3' is clicked on

2024-07-31 15:31:48 - [MESSAGE][PASSED] - Object: 'Object Repository/PM/Huawei-vendor/Object-Type/TopX Object Types/TopX Cluster Bands/TopX East Amman Cluster 13' is clicked on

2024-07-31 15:31:49 - [MESSAGE][PASSED] - Object: 'Object Repository/PM/Huawei-vendor/Object-Type/TopX Object Types/TopX Sites/TopX East Amman CloseArrow' is clicked on

2024-07-31 15:31:49 - [MESSAGE][PASSED] - Object: 'Object Repository/PM/Huawei-vendor/Object-Type/TopX Object Types/TopX Sites/TopX North Jordan Arrow' is clicked on

2024-07-31 15:31:49 - [MESSAGE][PASSED] - Object: 'Object Repository/PM/Huawei-vendor/Object-Type/TopX Object Types/TopX Cluster Bands/TopX North Jordan Cluster 4' is clicked on

2024-07-31 15:32:20 - [MESSAGE][PASSED] - Object: 'Object Repository/PM/Huawei-vendor/Object-Type/TopX Object Types/TopX Cluster Bands/TopX North Jordan Cluster 14' is clicked on

2024-07-31 15:32:21 - [MESSAGE][PASSED] - Object: 'Object Repository/PM/Huawei-vendor/Object-Type/TopX Object Types/TopX Sites/TopX North Jordan CloseArrow' is clicked on

2024-07-31 15:32:21 - [MESSAGE][PASSED] - Object: 'Object Repository/PM/Huawei-vendor/Object-Type/TopX Object Types/TopX Region Bands/TopX FDD Close Arrow' is clicked on

2024-07-31 15:32:21 - [MESSAGE][WARNING] - Timeout '0' is invalid. Using default page load timeout: '120'

2024-07-31 15:32:21 - [MESSAGE][PASSED] - Scroll to object 'Object Repository/CM/View/Target type/Target Type Arrow' successfully

2024-07-31 15:32:21 - [MESSAGE][PASSED] - Object: 'Object Repository/CM/View/Target type/Target Type Arrow' is clicked on

2024-07-31 15:32:21 - [MESSAGE][PASSED] - Object: 'Object Repository/CM/View/Target type/Cell' is clicked on

2024-07-31 15:32:21 - [MESSAGE][WARNING] - Timeout '0' is invalid. Using default page load timeout: '120'

2024-07-31 15:32:22 - [MESSAGE][PASSED] - Scroll to object 'Object Repository/CM/View/MOs/MO-4GCaCroupSCellCfg' successfully

2024-07-31 15:32:22 - [MESSAGE][PASSED] - Object: 'Object Repository/CM/View/MOs/MO-4G-BcchCfg' is clicked on

2024-07-31 15:32:22 - [MESSAGE][PASSED] - Object: 'Object Repository/CM/View/MOs/MO-4G-CaMgtCfg' is clicked on

2024-07-31 15:32:23 - [MESSAGE][PASSED] - Object: 'Object Repository/CM/View/MOs/MO-4G-CLZeroBufferzone' is clicked on

2024-07-31 15:32:23 - [MESSAGE][PASSED] - Object: 'Object Repository/CM/View/MOs/MO-4G-CSFallBackHo' is clicked on

2024-07-31 15:32:23 - [MESSAGE][PASSED] - Object: 'Object Repository/PM/Huawei-vendor/Apply-Button' is clicked on

2024-07-31 15:32:23 - [MESSAGE][WARNING] - Timeout '0' is invalid. Using default page load timeout: '120'

2024-07-31 15:32:23 - [MESSAGE][PASSED] - Web element with id: 'Object Repository/PM/Huawei-vendor/Error' located by 'By.xpath: //div[@class='toast-summary title-medium-m']' is not present after '120' second(s)

2024-07-31 15:32:23 - [MESSAGE][WARNING] - Timeout '0' is invalid. Using default page load timeout: '120'

2024-07-31 15:32:24 - [MESSAGE][PASSED] - Object 'Object Repository/CM/Table header' is present

2024-07-31 15:32:25 - [MESSAGE][PASSED] - Browser is closed

2024-07-31 15:32:25 - [MESSAGE][PASSED] - CM.Stats is PASSED]]></system-out>
         <system-err><![CDATA[]]></system-err>
      </testcase>
      <testcase name="Test Cases/CM/View/4G/View-Cluster Band" time="154.171" classname="Test Cases/CM/View/4G/View-Cluster Band" status="FAILED">
         <failure type="FAILED" message="Test Cases/CM/View/4G/View-Cluster Band FAILED.
Reason:
com.kms.katalon.core.exception.StepFailedException: Unable to verify object 'Object Repository/CM/Table header' is present
	at com.kms.katalon.core.webui.keyword.internal.WebUIKeywordMain.stepFailed(WebUIKeywordMain.groovy:64)
	at com.kms.katalon.core.webui.keyword.internal.WebUIKeywordMain.runKeyword(WebUIKeywordMain.groovy:26)
	at com.kms.katalon.core.webui.keyword.builtin.VerifyElementPresentKeyword.verifyElementPresent(VerifyElementPresentKeyword.groovy:92)
	at com.kms.katalon.core.webui.keyword.builtin.VerifyElementPresentKeyword.execute(VerifyElementPresentKeyword.groovy:68)
	at com.kms.katalon.core.keyword.internal.KeywordExecutor.executeKeywordForPlatform(KeywordExecutor.groovy:74)
	at com.kms.katalon.core.webui.keyword.WebUiBuiltInKeywords.verifyElementPresent(WebUiBuiltInKeywords.groovy:1464)
	at com.kms.katalon.core.webui.keyword.WebUiBuiltInKeywords$verifyElementPresent$6.call(Unknown Source)
	at CM.Stats(CM.groovy:603)
	at CM.invokeMethod(CM.groovy)
	at com.kms.katalon.core.main.CustomKeywordDelegatingMetaClass.invokeStaticMethod(CustomKeywordDelegatingMetaClass.java:55)
	at View-Cluster Band.run(View-Cluster Band:24)
	at com.kms.katalon.core.main.ScriptEngine.run(ScriptEngine.java:194)
	at com.kms.katalon.core.main.ScriptEngine.runScriptAsRawText(ScriptEngine.java:119)
	at com.kms.katalon.core.main.TestCaseExecutor.runScript(TestCaseExecutor.java:448)
	at com.kms.katalon.core.main.TestCaseExecutor.doExecute(TestCaseExecutor.java:439)
	at com.kms.katalon.core.main.TestCaseExecutor.processExecutionPhase(TestCaseExecutor.java:418)
	at com.kms.katalon.core.main.TestCaseExecutor.accessMainPhase(TestCaseExecutor.java:410)
	at com.kms.katalon.core.main.TestCaseExecutor.execute(TestCaseExecutor.java:285)
	at com.kms.katalon.core.common.CommonExecutor.accessTestCaseMainPhase(CommonExecutor.java:65)
	at com.kms.katalon.core.main.TestSuiteExecutor.accessTestSuiteMainPhase(TestSuiteExecutor.java:148)
	at com.kms.katalon.core.main.TestSuiteExecutor.execute(TestSuiteExecutor.java:106)
	at com.kms.katalon.core.main.TestCaseMain.startTestSuite(TestCaseMain.java:187)
	at com.kms.katalon.core.main.TestCaseMain$startTestSuite$0.call(Unknown Source)
	at TempTestSuite1722428972318.run(TempTestSuite1722428972318.groovy:35)
Caused by: com.kms.katalon.core.exception.StepFailedException: com.kms.katalon.core.webui.exception.WebElementNotFoundException: Web element with id: 'Object Repository/CM/Table header' located by '//body//app-root//th[1]' not found
	at com.kms.katalon.core.webui.keyword.internal.WebUIKeywordMain.stepFailed(WebUIKeywordMain.groovy:64)
	at com.kms.katalon.core.webui.keyword.builtin.VerifyElementPresentKeyword$_verifyElementPresent_closure1.doCall(VerifyElementPresentKeyword.groovy:85)
	at com.kms.katalon.core.webui.keyword.builtin.VerifyElementPresentKeyword$_verifyElementPresent_closure1.call(VerifyElementPresentKeyword.groovy)
	at com.kms.katalon.core.webui.keyword.internal.WebUIKeywordMain.runKeyword(WebUIKeywordMain.groovy:20)
	... 22 more
"/>
         <system-out><![CDATA[2024-07-31 15:32:25 - [TEST_CASE][FAILED] - Test Cases/CM/View/4G/View-Cluster Band: Test Cases/CM/View/4G/View-Cluster Band FAILED.
Reason:
com.kms.katalon.core.exception.StepFailedException: Unable to verify object 'Object Repository/CM/Table header' is present
	at com.kms.katalon.core.webui.keyword.internal.WebUIKeywordMain.stepFailed(WebUIKeywordMain.groovy:64)
	at com.kms.katalon.core.webui.keyword.internal.WebUIKeywordMain.runKeyword(WebUIKeywordMain.groovy:26)
	at com.kms.katalon.core.webui.keyword.builtin.VerifyElementPresentKeyword.verifyElementPresent(VerifyElementPresentKeyword.groovy:92)
	at com.kms.katalon.core.webui.keyword.builtin.VerifyElementPresentKeyword.execute(VerifyElementPresentKeyword.groovy:68)
	at com.kms.katalon.core.keyword.internal.KeywordExecutor.executeKeywordForPlatform(KeywordExecutor.groovy:74)
	at com.kms.katalon.core.webui.keyword.WebUiBuiltInKeywords.verifyElementPresent(WebUiBuiltInKeywords.groovy:1464)
	at com.kms.katalon.core.webui.keyword.WebUiBuiltInKeywords$verifyElementPresent$6.call(Unknown Source)
	at CM.Stats(CM.groovy:603)
	at CM.invokeMethod(CM.groovy)
	at com.kms.katalon.core.main.CustomKeywordDelegatingMetaClass.invokeStaticMethod(CustomKeywordDelegatingMetaClass.java:55)
	at View-Cluster Band.run(View-Cluster Band:24)
	at com.kms.katalon.core.main.ScriptEngine.run(ScriptEngine.java:194)
	at com.kms.katalon.core.main.ScriptEngine.runScriptAsRawText(ScriptEngine.java:119)
	at com.kms.katalon.core.main.TestCaseExecutor.runScript(TestCaseExecutor.java:448)
	at com.kms.katalon.core.main.TestCaseExecutor.doExecute(TestCaseExecutor.java:439)
	at com.kms.katalon.core.main.TestCaseExecutor.processExecutionPhase(TestCaseExecutor.java:418)
	at com.kms.katalon.core.main.TestCaseExecutor.accessMainPhase(TestCaseExecutor.java:410)
	at com.kms.katalon.core.main.TestCaseExecutor.execute(TestCaseExecutor.java:285)
	at com.kms.katalon.core.common.CommonExecutor.accessTestCaseMainPhase(CommonExecutor.java:65)
	at com.kms.katalon.core.main.TestSuiteExecutor.accessTestSuiteMainPhase(TestSuiteExecutor.java:148)
	at com.kms.katalon.core.main.TestSuiteExecutor.execute(TestSuiteExecutor.java:106)
	at com.kms.katalon.core.main.TestCaseMain.startTestSuite(TestCaseMain.java:187)
	at com.kms.katalon.core.main.TestCaseMain$startTestSuite$0.call(Unknown Source)
	at TempTestSuite1722428972318.run(TempTestSuite1722428972318.groovy:35)
Caused by: com.kms.katalon.core.exception.StepFailedException: com.kms.katalon.core.webui.exception.WebElementNotFoundException: Web element with id: 'Object Repository/CM/Table header' located by '//body//app-root//th[1]' not found
	at com.kms.katalon.core.webui.keyword.internal.WebUIKeywordMain.stepFailed(WebUIKeywordMain.groovy:64)
	at com.kms.katalon.core.webui.keyword.builtin.VerifyElementPresentKeyword$_verifyElementPresent_closure1.doCall(VerifyElementPresentKeyword.groovy:85)
	at com.kms.katalon.core.webui.keyword.builtin.VerifyElementPresentKeyword$_verifyElementPresent_closure1.call(VerifyElementPresentKeyword.groovy)
	at com.kms.katalon.core.webui.keyword.internal.WebUIKeywordMain.runKeyword(WebUIKeywordMain.groovy:20)
	... 22 more


2024-07-31 15:32:25 - [TEST_STEP][PASSED] - callTestCase(findTestCase("Login"), [:], STOP_ON_FAILURE): Call Test Case 'Test Cases/Login' successfully

2024-07-31 15:32:25 - [TEST_CASE][PASSED] - Test Cases/Login: Test Cases/Login

2024-07-31 15:32:25 - [TEST_STEP][PASSED] - driver = general.start(SwagerURL, NetCellURL): general.start is PASSED

2024-07-31 15:32:25 - [MESSAGE][INFO] - >>> chromeDriverPath=C:\Users\LP-Support\.katalon\packages\Katalon_Studio_Windows_64-8.6.9\Katalon_Studio_Windows_64-8.6.9\configuration\resources\drivers\chromedriver_win32\chromedriver.exe

2024-07-31 15:32:27 - [MESSAGE][PASSED] - Current window maximized

2024-07-31 15:32:28 - [MESSAGE][PASSED] - Execute JavaScript 'window.open();' successfully

2024-07-31 15:32:28 - [MESSAGE][PASSED] - Switched to window with index: '1'

2024-07-31 15:32:29 - [MESSAGE][PASSED] - general.start is PASSED

2024-07-31 15:32:29 - [TEST_STEP][PASSED] - click(findTestObject("Object Repository/Login/LoginButton")): Object: 'Object Repository/Login/LoginButton' is clicked on

2024-07-31 15:32:29 - [MESSAGE][PASSED] - Object: 'Object Repository/Login/LoginButton' is clicked on

2024-07-31 15:32:29 - [TEST_STEP][PASSED] - switchToWindowIndex(2): Switched to window with index: '2'

2024-07-31 15:32:29 - [MESSAGE][PASSED] - Switched to window with index: '2'

2024-07-31 15:32:29 - [TEST_STEP][PASSED] - delay(1): Delayed 1 second(s)

2024-07-31 15:32:30 - [MESSAGE][PASSED] - Delayed 1 second(s)

2024-07-31 15:32:30 - [TEST_STEP][PASSED] - sendKeys(findTestObject("Object Repository/Login/EnterEmail"), "homam@zztjg.onmicrosoft.com"): Keys 'homam@zztjg.onmicrosoft.com' sent to object: 'Object Repository/Login/EnterEmail'

2024-07-31 15:32:32 - [MESSAGE][PASSED] - Keys 'homam@zztjg.onmicrosoft.com' sent to object: 'Object Repository/Login/EnterEmail'

2024-07-31 15:32:33 - [TEST_STEP][PASSED] - delay(1): Delayed 1 second(s)

2024-07-31 15:32:34 - [MESSAGE][PASSED] - Delayed 1 second(s)

2024-07-31 15:32:34 - [TEST_STEP][PASSED] - click(findTestObject("Object Repository/Login/NextButton")): Object: 'Object Repository/Login/NextButton' is clicked on

2024-07-31 15:32:34 - [MESSAGE][PASSED] - Object: 'Object Repository/Login/NextButton' is clicked on

2024-07-31 15:32:34 - [TEST_STEP][PASSED] - delay(2): Delayed 2 second(s)

2024-07-31 15:32:36 - [MESSAGE][PASSED] - Delayed 2 second(s)

2024-07-31 15:32:36 - [TEST_STEP][PASSED] - sendKeys(findTestObject("Object Repository/Login/EnterPassword"), "Holder12345"): Keys 'Holder12345' sent to object: 'Object Repository/Login/EnterPassword'

2024-07-31 15:32:36 - [MESSAGE][PASSED] - Keys 'Holder12345' sent to object: 'Object Repository/Login/EnterPassword'

2024-07-31 15:32:36 - [TEST_STEP][PASSED] - delay(1): Delayed 1 second(s)

2024-07-31 15:32:37 - [MESSAGE][PASSED] - Delayed 1 second(s)

2024-07-31 15:32:37 - [TEST_STEP][PASSED] - click(findTestObject("Object Repository/Login/SigninButton")): Object: 'Object Repository/Login/SigninButton' is clicked on

2024-07-31 15:32:38 - [MESSAGE][PASSED] - Object: 'Object Repository/Login/SigninButton' is clicked on

2024-07-31 15:32:38 - [TEST_STEP][PASSED] - delay(1): Delayed 1 second(s)

2024-07-31 15:32:39 - [MESSAGE][PASSED] - Delayed 1 second(s)

2024-07-31 15:32:39 - [TEST_STEP][PASSED] - click(findTestObject("Object Repository/Login/YesStayInButton")): Object: 'Object Repository/Login/YesStayInButton' is clicked on

2024-07-31 15:32:40 - [MESSAGE][PASSED] - Object: 'Object Repository/Login/YesStayInButton' is clicked on

2024-07-31 15:32:40 - [MESSAGE][PASSED] - Call Test Case 'Test Cases/Login' successfully

2024-07-31 15:32:40 - [TEST_STEP][PASSED] - switchToWindowIndex(1): Switched to window with index: '1'

2024-07-31 15:32:40 - [MESSAGE][PASSED] - Switched to window with index: '1'

2024-07-31 15:32:40 - [TEST_STEP][FAILED] - CM.Stats("4G", "Cluster Band", false, "Hourly"): Unable to verify object 'Object Repository/CM/Table header' is present

2024-07-31 15:32:41 - [MESSAGE][PASSED] - Object: 'Object Repository/CM/CM' is clicked on

2024-07-31 15:32:41 - [MESSAGE][PASSED] - Switched to window with index: '2'

2024-07-31 15:32:42 - [MESSAGE][PASSED] - Object: 'Object Repository/PM/Huawei-vendor/TopX/TopX Object Type' is clicked on

2024-07-31 15:32:43 - [MESSAGE][PASSED] - Delayed 1 second(s)

2024-07-31 15:32:43 - [MESSAGE][PASSED] - Object: 'Object Repository/PM/Huawei-vendor/Object-Type/TopX Object Types/TopX Cluster Bands/TopX Cluster Band' is clicked on

2024-07-31 15:32:44 - [MESSAGE][PASSED] - Delayed 1 second(s)

2024-07-31 15:32:44 - [MESSAGE][WARNING] - Timeout '0' is invalid. Using default page load timeout: '120'

2024-07-31 15:32:44 - [MESSAGE][PASSED] - Scroll to object 'Object Repository/PM/Huawei-vendor/Object Border' successfully

2024-07-31 15:32:45 - [MESSAGE][PASSED] - Object: 'Object Repository/PM/Huawei-vendor/Object-Type/TopX Object Types/TopX Region Bands/TopX TDD Arrow' is clicked on

2024-07-31 15:32:45 - [MESSAGE][PASSED] - Object: 'Object Repository/PM/Huawei-vendor/Object-Type/TopX Object Types/TopX Sites/TopX South Amman Arrow' is clicked on

2024-07-31 15:32:45 - [MESSAGE][PASSED] - Object: 'Object Repository/PM/Huawei-vendor/Object-Type/TopX Object Types/TopX Cluster Bands/TopX South Amman Cluster 1' is clicked on

2024-07-31 15:32:46 - [MESSAGE][PASSED] - Object: 'Object Repository/PM/Huawei-vendor/Object-Type/TopX Object Types/TopX Cluster Bands/TopX South Amman Cluster 6' is clicked on

2024-07-31 15:32:46 - [MESSAGE][PASSED] - Object: 'Object Repository/PM/Huawei-vendor/Object-Type/TopX Object Types/TopX Sites/TopX South Amman CloseArrow' is clicked on

2024-07-31 15:32:46 - [MESSAGE][PASSED] - Object: 'Object Repository/PM/Huawei-vendor/Object-Type/TopX Object Types/TopX Sites/TopX East Jordan Arrow' is clicked on

2024-07-31 15:32:47 - [MESSAGE][PASSED] - Object: 'Object Repository/PM/Huawei-vendor/Object-Type/TopX Object Types/TopX Cluster Bands/TopX East Jordan Cluster 10' is clicked on

2024-07-31 15:32:54 - [MESSAGE][PASSED] - Object: 'Object Repository/PM/Huawei-vendor/Object-Type/TopX Object Types/TopX Cluster Bands/TopX East Jordan Cluster 11' is clicked on

2024-07-31 15:32:54 - [MESSAGE][PASSED] - Object: 'Object Repository/PM/Huawei-vendor/Object-Type/TopX Object Types/TopX Sites/TopX East Jordan CloseArrow' is clicked on

2024-07-31 15:32:54 - [MESSAGE][PASSED] - Object: 'Object Repository/PM/Huawei-vendor/Object-Type/TopX Object Types/TopX Sites/TopX Others Arrow' is clicked on

2024-07-31 15:32:54 - [MESSAGE][PASSED] - Object: 'Object Repository/PM/Huawei-vendor/Object-Type/TopX Object Types/TopX Cluster Bands/TopX Others Cluster 60' is clicked on

2024-07-31 15:32:55 - [MESSAGE][PASSED] - Object: 'Object Repository/PM/Huawei-vendor/Object-Type/TopX Object Types/TopX Cluster Bands/TopX Others Cluster 61' is clicked on

2024-07-31 15:32:55 - [MESSAGE][PASSED] - Object: 'Object Repository/PM/Huawei-vendor/Object-Type/TopX Object Types/TopX Sites/TopX Others CloseArrow' is clicked on

2024-07-31 15:32:55 - [MESSAGE][PASSED] - Object: 'Object Repository/PM/Huawei-vendor/Object-Type/TopX Object Types/TopX Region Bands/TopX TDD Close Arrow' is clicked on

2024-07-31 15:32:55 - [MESSAGE][WARNING] - Timeout '0' is invalid. Using default page load timeout: '120'

2024-07-31 15:32:55 - [MESSAGE][PASSED] - Scroll to object 'Object Repository/CM/View/Target type/Target Type Arrow' successfully

2024-07-31 15:32:55 - [MESSAGE][PASSED] - Object: 'Object Repository/CM/View/Target type/Target Type Arrow' is clicked on

2024-07-31 15:32:56 - [MESSAGE][PASSED] - Object: 'Object Repository/CM/View/Target type/Cell' is clicked on

2024-07-31 15:32:56 - [MESSAGE][WARNING] - Timeout '0' is invalid. Using default page load timeout: '120'

2024-07-31 15:32:56 - [MESSAGE][PASSED] - Scroll to object 'Object Repository/CM/View/MOs/MO-4GCaCroupSCellCfg' successfully

2024-07-31 15:32:56 - [MESSAGE][PASSED] - Object: 'Object Repository/CM/View/MOs/MO-4G-BcchCfg' is clicked on

2024-07-31 15:32:57 - [MESSAGE][PASSED] - Object: 'Object Repository/CM/View/MOs/MO-4G-CaMgtCfg' is clicked on

2024-07-31 15:32:57 - [MESSAGE][PASSED] - Object: 'Object Repository/CM/View/MOs/MO-4G-CLZeroBufferzone' is clicked on

2024-07-31 15:32:57 - [MESSAGE][PASSED] - Object: 'Object Repository/CM/View/MOs/MO-4G-CSFallBackHo' is clicked on

2024-07-31 15:32:57 - [MESSAGE][PASSED] - Object: 'Object Repository/PM/Huawei-vendor/Apply-Button' is clicked on

2024-07-31 15:32:57 - [MESSAGE][WARNING] - Timeout '0' is invalid. Using default page load timeout: '120'

2024-07-31 15:32:57 - [MESSAGE][PASSED] - Web element with id: 'Object Repository/PM/Huawei-vendor/Error' located by 'By.xpath: //div[@class='toast-summary title-medium-m']' is not present after '120' second(s)

2024-07-31 15:32:58 - [MESSAGE][WARNING] - Timeout '0' is invalid. Using default page load timeout: '120'

2024-07-31 15:34:59 - [MESSAGE][INFO] - Unable to find the element located by 'By.xpath: //body//app-root//th[1]'. Please recheck the objects properties to make sure the desired element is located. 

2024-07-31 15:34:59 - [MESSAGE][FAILED] - com.kms.katalon.core.webui.exception.WebElementNotFoundException: Web element with id: 'Object Repository/CM/Table header' located by '//body//app-root//th[1]' not found (Root cause: com.kms.katalon.core.exception.StepFailedException: com.kms.katalon.core.webui.exception.WebElementNotFoundException: Web element with id: 'Object Repository/CM/Table header' located by '//body//app-root//th[1]' not found
	at com.kms.katalon.core.webui.keyword.internal.WebUIKeywordMain.stepFailed(WebUIKeywordMain.groovy:64)
	at com.kms.katalon.core.webui.keyword.builtin.VerifyElementPresentKeyword$_verifyElementPresent_closure1.doCall(VerifyElementPresentKeyword.groovy:85)
	at com.kms.katalon.core.webui.keyword.builtin.VerifyElementPresentKeyword$_verifyElementPresent_closure1.call(VerifyElementPresentKeyword.groovy)
	at com.kms.katalon.core.webui.keyword.internal.WebUIKeywordMain.runKeyword(WebUIKeywordMain.groovy:20)
	at com.kms.katalon.core.webui.keyword.builtin.VerifyElementPresentKeyword.verifyElementPresent(VerifyElementPresentKeyword.groovy:92)
	at com.kms.katalon.core.webui.keyword.builtin.VerifyElementPresentKeyword.execute(VerifyElementPresentKeyword.groovy:68)
	at com.kms.katalon.core.keyword.internal.KeywordExecutor.executeKeywordForPlatform(KeywordExecutor.groovy:74)
	at com.kms.katalon.core.webui.keyword.WebUiBuiltInKeywords.verifyElementPresent(WebUiBuiltInKeywords.groovy:1464)
	at com.kms.katalon.core.webui.keyword.WebUiBuiltInKeywords$verifyElementPresent$6.call(Unknown Source)
	at CM.Stats(CM.groovy:603)
	at CM.invokeMethod(CM.groovy)
	at com.kms.katalon.core.main.CustomKeywordDelegatingMetaClass.invokeStaticMethod(CustomKeywordDelegatingMetaClass.java:55)
	at View-Cluster Band.run(View-Cluster Band:24)
	at com.kms.katalon.core.main.ScriptEngine.run(ScriptEngine.java:194)
	at com.kms.katalon.core.main.ScriptEngine.runScriptAsRawText(ScriptEngine.java:119)
	at com.kms.katalon.core.main.TestCaseExecutor.runScript(TestCaseExecutor.java:448)
	at com.kms.katalon.core.main.TestCaseExecutor.doExecute(TestCaseExecutor.java:439)
	at com.kms.katalon.core.main.TestCaseExecutor.processExecutionPhase(TestCaseExecutor.java:418)
	at com.kms.katalon.core.main.TestCaseExecutor.accessMainPhase(TestCaseExecutor.java:410)
	at com.kms.katalon.core.main.TestCaseExecutor.execute(TestCaseExecutor.java:285)
	at com.kms.katalon.core.common.CommonExecutor.accessTestCaseMainPhase(CommonExecutor.java:65)
	at com.kms.katalon.core.main.TestSuiteExecutor.accessTestSuiteMainPhase(TestSuiteExecutor.java:148)
	at com.kms.katalon.core.main.TestSuiteExecutor.execute(TestSuiteExecutor.java:106)
	at com.kms.katalon.core.main.TestCaseMain.startTestSuite(TestCaseMain.java:187)
	at com.kms.katalon.core.main.TestCaseMain$startTestSuite$0.call(Unknown Source)
	at TempTestSuite1722428972318.run(TempTestSuite1722428972318.groovy:35)
)
[[ATTACHMENT|C:\\Users\\LP-Support\\git\\NetCell\\Reports\\20240731_152932\\CM\\Hwauei\\4G\\View\\4G-View\\20240731_152932\\1722429299166.png]]

2024-07-31 15:34:59 - [MESSAGE][FAILED] - Unable to verify object 'Object Repository/CM/Table header' is present (Root cause: com.kms.katalon.core.exception.StepFailedException: Unable to verify object 'Object Repository/CM/Table header' is present
	at com.kms.katalon.core.webui.keyword.internal.WebUIKeywordMain.stepFailed(WebUIKeywordMain.groovy:64)
	at com.kms.katalon.core.webui.keyword.internal.WebUIKeywordMain.runKeyword(WebUIKeywordMain.groovy:26)
	at com.kms.katalon.core.webui.keyword.builtin.VerifyElementPresentKeyword.verifyElementPresent(VerifyElementPresentKeyword.groovy:92)
	at com.kms.katalon.core.webui.keyword.builtin.VerifyElementPresentKeyword.execute(VerifyElementPresentKeyword.groovy:68)
	at com.kms.katalon.core.keyword.internal.KeywordExecutor.executeKeywordForPlatform(KeywordExecutor.groovy:74)
	at com.kms.katalon.core.webui.keyword.WebUiBuiltInKeywords.verifyElementPresent(WebUiBuiltInKeywords.groovy:1464)
	at com.kms.katalon.core.webui.keyword.WebUiBuiltInKeywords$verifyElementPresent$6.call(Unknown Source)
	at CM.Stats(CM.groovy:603)
	at CM.invokeMethod(CM.groovy)
	at com.kms.katalon.core.main.CustomKeywordDelegatingMetaClass.invokeStaticMethod(CustomKeywordDelegatingMetaClass.java:55)
	at View-Cluster Band.run(View-Cluster Band:24)
	at com.kms.katalon.core.main.ScriptEngine.run(ScriptEngine.java:194)
	at com.kms.katalon.core.main.ScriptEngine.runScriptAsRawText(ScriptEngine.java:119)
	at com.kms.katalon.core.main.TestCaseExecutor.runScript(TestCaseExecutor.java:448)
	at com.kms.katalon.core.main.TestCaseExecutor.doExecute(TestCaseExecutor.java:439)
	at com.kms.katalon.core.main.TestCaseExecutor.processExecutionPhase(TestCaseExecutor.java:418)
	at com.kms.katalon.core.main.TestCaseExecutor.accessMainPhase(TestCaseExecutor.java:410)
	at com.kms.katalon.core.main.TestCaseExecutor.execute(TestCaseExecutor.java:285)
	at com.kms.katalon.core.common.CommonExecutor.accessTestCaseMainPhase(CommonExecutor.java:65)
	at com.kms.katalon.core.main.TestSuiteExecutor.accessTestSuiteMainPhase(TestSuiteExecutor.java:148)
	at com.kms.katalon.core.main.TestSuiteExecutor.execute(TestSuiteExecutor.java:106)
	at com.kms.katalon.core.main.TestCaseMain.startTestSuite(TestCaseMain.java:187)
	at com.kms.katalon.core.main.TestCaseMain$startTestSuite$0.call(Unknown Source)
	at TempTestSuite1722428972318.run(TempTestSuite1722428972318.groovy:35)
Caused by: com.kms.katalon.core.exception.StepFailedException: com.kms.katalon.core.webui.exception.WebElementNotFoundException: Web element with id: 'Object Repository/CM/Table header' located by '//body//app-root//th[1]' not found
	at com.kms.katalon.core.webui.keyword.internal.WebUIKeywordMain.stepFailed(WebUIKeywordMain.groovy:64)
	at com.kms.katalon.core.webui.keyword.builtin.VerifyElementPresentKeyword$_verifyElementPresent_closure1.doCall(VerifyElementPresentKeyword.groovy:85)
	at com.kms.katalon.core.webui.keyword.builtin.VerifyElementPresentKeyword$_verifyElementPresent_closure1.call(VerifyElementPresentKeyword.groovy)
	at com.kms.katalon.core.webui.keyword.internal.WebUIKeywordMain.runKeyword(WebUIKeywordMain.groovy:20)
	... 22 more
)
[[ATTACHMENT|C:\\Users\\LP-Support\\git\\NetCell\\Reports\\20240731_152932\\CM\\Hwauei\\4G\\View\\4G-View\\20240731_152932\\1722429299395.png]]

2024-07-31 15:34:59 - [MESSAGE][FAILED] - Unable to verify object 'Object Repository/CM/Table header' is present]]></system-out>
         <system-err><![CDATA[2024-07-31 15:32:25 - [TEST_CASE][FAILED] - Test Cases/CM/View/4G/View-Cluster Band: Test Cases/CM/View/4G/View-Cluster Band FAILED.
Reason:
com.kms.katalon.core.exception.StepFailedException: Unable to verify object 'Object Repository/CM/Table header' is present
	at com.kms.katalon.core.webui.keyword.internal.WebUIKeywordMain.stepFailed(WebUIKeywordMain.groovy:64)
	at com.kms.katalon.core.webui.keyword.internal.WebUIKeywordMain.runKeyword(WebUIKeywordMain.groovy:26)
	at com.kms.katalon.core.webui.keyword.builtin.VerifyElementPresentKeyword.verifyElementPresent(VerifyElementPresentKeyword.groovy:92)
	at com.kms.katalon.core.webui.keyword.builtin.VerifyElementPresentKeyword.execute(VerifyElementPresentKeyword.groovy:68)
	at com.kms.katalon.core.keyword.internal.KeywordExecutor.executeKeywordForPlatform(KeywordExecutor.groovy:74)
	at com.kms.katalon.core.webui.keyword.WebUiBuiltInKeywords.verifyElementPresent(WebUiBuiltInKeywords.groovy:1464)
	at com.kms.katalon.core.webui.keyword.WebUiBuiltInKeywords$verifyElementPresent$6.call(Unknown Source)
	at CM.Stats(CM.groovy:603)
	at CM.invokeMethod(CM.groovy)
	at com.kms.katalon.core.main.CustomKeywordDelegatingMetaClass.invokeStaticMethod(CustomKeywordDelegatingMetaClass.java:55)
	at View-Cluster Band.run(View-Cluster Band:24)
	at com.kms.katalon.core.main.ScriptEngine.run(ScriptEngine.java:194)
	at com.kms.katalon.core.main.ScriptEngine.runScriptAsRawText(ScriptEngine.java:119)
	at com.kms.katalon.core.main.TestCaseExecutor.runScript(TestCaseExecutor.java:448)
	at com.kms.katalon.core.main.TestCaseExecutor.doExecute(TestCaseExecutor.java:439)
	at com.kms.katalon.core.main.TestCaseExecutor.processExecutionPhase(TestCaseExecutor.java:418)
	at com.kms.katalon.core.main.TestCaseExecutor.accessMainPhase(TestCaseExecutor.java:410)
	at com.kms.katalon.core.main.TestCaseExecutor.execute(TestCaseExecutor.java:285)
	at com.kms.katalon.core.common.CommonExecutor.accessTestCaseMainPhase(CommonExecutor.java:65)
	at com.kms.katalon.core.main.TestSuiteExecutor.accessTestSuiteMainPhase(TestSuiteExecutor.java:148)
	at com.kms.katalon.core.main.TestSuiteExecutor.execute(TestSuiteExecutor.java:106)
	at com.kms.katalon.core.main.TestCaseMain.startTestSuite(TestCaseMain.java:187)
	at com.kms.katalon.core.main.TestCaseMain$startTestSuite$0.call(Unknown Source)
	at TempTestSuite1722428972318.run(TempTestSuite1722428972318.groovy:35)
Caused by: com.kms.katalon.core.exception.StepFailedException: com.kms.katalon.core.webui.exception.WebElementNotFoundException: Web element with id: 'Object Repository/CM/Table header' located by '//body//app-root//th[1]' not found
	at com.kms.katalon.core.webui.keyword.internal.WebUIKeywordMain.stepFailed(WebUIKeywordMain.groovy:64)
	at com.kms.katalon.core.webui.keyword.builtin.VerifyElementPresentKeyword$_verifyElementPresent_closure1.doCall(VerifyElementPresentKeyword.groovy:85)
	at com.kms.katalon.core.webui.keyword.builtin.VerifyElementPresentKeyword$_verifyElementPresent_closure1.call(VerifyElementPresentKeyword.groovy)
	at com.kms.katalon.core.webui.keyword.internal.WebUIKeywordMain.runKeyword(WebUIKeywordMain.groovy:20)
	... 22 more]]></system-err>
      </testcase>
      <testcase name="Test Cases/CM/View/4G/View-Governorate" time="58.546" classname="Test Cases/CM/View/4G/View-Governorate" status="PASSED">
         <system-out><![CDATA[2024-07-31 15:34:59 - [TEST_CASE][PASSED] - Test Cases/CM/View/4G/View-Governorate: Test Cases/CM/View/4G/View-Governorate

2024-07-31 15:35:00 - [TEST_STEP][PASSED] - callTestCase(findTestCase("Login"), [:], STOP_ON_FAILURE): Call Test Case 'Test Cases/Login' successfully

2024-07-31 15:35:00 - [TEST_CASE][PASSED] - Test Cases/Login: Test Cases/Login

2024-07-31 15:35:00 - [TEST_STEP][PASSED] - driver = general.start(SwagerURL, NetCellURL): general.start is PASSED

2024-07-31 15:35:00 - [MESSAGE][INFO] - >>> chromeDriverPath=C:\Users\LP-Support\.katalon\packages\Katalon_Studio_Windows_64-8.6.9\Katalon_Studio_Windows_64-8.6.9\configuration\resources\drivers\chromedriver_win32\chromedriver.exe

2024-07-31 15:35:02 - [MESSAGE][PASSED] - Current window maximized

2024-07-31 15:35:03 - [MESSAGE][PASSED] - Execute JavaScript 'window.open();' successfully

2024-07-31 15:35:04 - [MESSAGE][PASSED] - Switched to window with index: '1'

2024-07-31 15:35:05 - [MESSAGE][PASSED] - general.start is PASSED

2024-07-31 15:35:05 - [TEST_STEP][PASSED] - click(findTestObject("Object Repository/Login/LoginButton")): Object: 'Object Repository/Login/LoginButton' is clicked on

2024-07-31 15:35:05 - [MESSAGE][PASSED] - Object: 'Object Repository/Login/LoginButton' is clicked on

2024-07-31 15:35:05 - [TEST_STEP][PASSED] - switchToWindowIndex(2): Switched to window with index: '2'

2024-07-31 15:35:06 - [MESSAGE][PASSED] - Switched to window with index: '2'

2024-07-31 15:35:06 - [TEST_STEP][PASSED] - delay(1): Delayed 1 second(s)

2024-07-31 15:35:07 - [MESSAGE][PASSED] - Delayed 1 second(s)

2024-07-31 15:35:07 - [TEST_STEP][PASSED] - sendKeys(findTestObject("Object Repository/Login/EnterEmail"), "homam@zztjg.onmicrosoft.com"): Keys 'homam@zztjg.onmicrosoft.com' sent to object: 'Object Repository/Login/EnterEmail'

2024-07-31 15:35:09 - [MESSAGE][PASSED] - Keys 'homam@zztjg.onmicrosoft.com' sent to object: 'Object Repository/Login/EnterEmail'

2024-07-31 15:35:09 - [TEST_STEP][PASSED] - delay(1): Delayed 1 second(s)

2024-07-31 15:35:10 - [MESSAGE][PASSED] - Delayed 1 second(s)

2024-07-31 15:35:10 - [TEST_STEP][PASSED] - click(findTestObject("Object Repository/Login/NextButton")): Object: 'Object Repository/Login/NextButton' is clicked on

2024-07-31 15:35:10 - [MESSAGE][PASSED] - Object: 'Object Repository/Login/NextButton' is clicked on

2024-07-31 15:35:10 - [TEST_STEP][PASSED] - delay(2): Delayed 2 second(s)

2024-07-31 15:35:12 - [MESSAGE][PASSED] - Delayed 2 second(s)

2024-07-31 15:35:12 - [TEST_STEP][PASSED] - sendKeys(findTestObject("Object Repository/Login/EnterPassword"), "Holder12345"): Keys 'Holder12345' sent to object: 'Object Repository/Login/EnterPassword'

2024-07-31 15:35:13 - [MESSAGE][PASSED] - Keys 'Holder12345' sent to object: 'Object Repository/Login/EnterPassword'

2024-07-31 15:35:13 - [TEST_STEP][PASSED] - delay(1): Delayed 1 second(s)

2024-07-31 15:35:14 - [MESSAGE][PASSED] - Delayed 1 second(s)

2024-07-31 15:35:14 - [TEST_STEP][PASSED] - click(findTestObject("Object Repository/Login/SigninButton")): Object: 'Object Repository/Login/SigninButton' is clicked on

2024-07-31 15:35:15 - [MESSAGE][PASSED] - Object: 'Object Repository/Login/SigninButton' is clicked on

2024-07-31 15:35:15 - [TEST_STEP][PASSED] - delay(1): Delayed 1 second(s)

2024-07-31 15:35:16 - [MESSAGE][PASSED] - Delayed 1 second(s)

2024-07-31 15:35:16 - [TEST_STEP][PASSED] - click(findTestObject("Object Repository/Login/YesStayInButton")): Object: 'Object Repository/Login/YesStayInButton' is clicked on

2024-07-31 15:35:18 - [MESSAGE][PASSED] - Object: 'Object Repository/Login/YesStayInButton' is clicked on

2024-07-31 15:35:18 - [MESSAGE][PASSED] - Call Test Case 'Test Cases/Login' successfully

2024-07-31 15:35:18 - [TEST_STEP][PASSED] - switchToWindowIndex(1): Switched to window with index: '1'

2024-07-31 15:35:18 - [MESSAGE][PASSED] - Switched to window with index: '1'

2024-07-31 15:35:18 - [TEST_STEP][PASSED] - CM.Stats("4G", "Governorate", false, "Hourly"): CM.Stats is PASSED

2024-07-31 15:35:21 - [MESSAGE][PASSED] - Object: 'Object Repository/CM/CM' is clicked on

2024-07-31 15:35:21 - [MESSAGE][PASSED] - Switched to window with index: '2'

2024-07-31 15:35:23 - [MESSAGE][PASSED] - Object: 'Object Repository/PM/Huawei-vendor/TopX/TopX Object Type' is clicked on

2024-07-31 15:35:24 - [MESSAGE][PASSED] - Delayed 1 second(s)

2024-07-31 15:35:25 - [MESSAGE][PASSED] - Object: 'Object Repository/PM/Huawei-vendor/Object-Type/TopX Object Types/TopX Governorates/TopX Governorate' is clicked on

2024-07-31 15:35:26 - [MESSAGE][PASSED] - Delayed 1 second(s)

2024-07-31 15:35:26 - [MESSAGE][WARNING] - Timeout '0' is invalid. Using default page load timeout: '120'

2024-07-31 15:35:26 - [MESSAGE][PASSED] - Scroll to object 'Object Repository/PM/Huawei-vendor/Object Border' successfully

2024-07-31 15:35:27 - [MESSAGE][PASSED] - Object: 'Object Repository/PM/Huawei-vendor/Object-Type/TopX Object Types/TopX Governorates/TopX Amman' is clicked on

2024-07-31 15:35:27 - [MESSAGE][PASSED] - Object: 'Object Repository/PM/Huawei-vendor/Object-Type/TopX Object Types/TopX Governorates/TopX Irbid' is clicked on

2024-07-31 15:35:27 - [MESSAGE][PASSED] - Object: 'Object Repository/PM/Huawei-vendor/Object-Type/TopX Object Types/TopX Governorates/TopX Aqaba' is clicked on

2024-07-31 15:35:47 - [MESSAGE][PASSED] - Object: 'Object Repository/PM/Huawei-vendor/Object-Type/TopX Object Types/TopX Governorates/TopX Jerash' is clicked on

2024-07-31 15:35:47 - [MESSAGE][PASSED] - Object: 'Object Repository/PM/Huawei-vendor/Object-Type/TopX Object Types/TopX Governorates/TopX Mafraq' is clicked on

2024-07-31 15:35:48 - [MESSAGE][PASSED] - Object: 'Object Repository/PM/Huawei-vendor/Object-Type/TopX Object Types/TopX Governorates/TopX Zarqa' is clicked on

2024-07-31 15:35:48 - [MESSAGE][WARNING] - Timeout '0' is invalid. Using default page load timeout: '120'

2024-07-31 15:35:48 - [MESSAGE][PASSED] - Scroll to object 'Object Repository/CM/View/Target type/Target Type Arrow' successfully

2024-07-31 15:35:48 - [MESSAGE][PASSED] - Object: 'Object Repository/CM/View/Target type/Target Type Arrow' is clicked on

2024-07-31 15:35:48 - [MESSAGE][PASSED] - Object: 'Object Repository/CM/View/Target type/Cell' is clicked on

2024-07-31 15:35:49 - [MESSAGE][WARNING] - Timeout '0' is invalid. Using default page load timeout: '120'

2024-07-31 15:35:49 - [MESSAGE][PASSED] - Scroll to object 'Object Repository/CM/View/MOs/MO-4GCaCroupSCellCfg' successfully

2024-07-31 15:35:49 - [MESSAGE][PASSED] - Object: 'Object Repository/CM/View/MOs/MO-4G-BcchCfg' is clicked on

2024-07-31 15:35:49 - [MESSAGE][PASSED] - Object: 'Object Repository/CM/View/MOs/MO-4G-CaMgtCfg' is clicked on

2024-07-31 15:35:50 - [MESSAGE][PASSED] - Object: 'Object Repository/CM/View/MOs/MO-4G-CLZeroBufferzone' is clicked on

2024-07-31 15:35:50 - [MESSAGE][PASSED] - Object: 'Object Repository/CM/View/MOs/MO-4G-CSFallBackHo' is clicked on

2024-07-31 15:35:51 - [MESSAGE][PASSED] - Object: 'Object Repository/PM/Huawei-vendor/Apply-Button' is clicked on

2024-07-31 15:35:51 - [MESSAGE][WARNING] - Timeout '0' is invalid. Using default page load timeout: '120'

2024-07-31 15:35:51 - [MESSAGE][PASSED] - Web element with id: 'Object Repository/PM/Huawei-vendor/Error' located by 'By.xpath: //div[@class='toast-summary title-medium-m']' is not present after '120' second(s)

2024-07-31 15:35:51 - [MESSAGE][WARNING] - Timeout '0' is invalid. Using default page load timeout: '120'

2024-07-31 15:35:57 - [MESSAGE][PASSED] - Object 'Object Repository/CM/Table header' is present

2024-07-31 15:35:58 - [MESSAGE][PASSED] - Browser is closed

2024-07-31 15:35:58 - [MESSAGE][PASSED] - CM.Stats is PASSED]]></system-out>
         <system-err><![CDATA[]]></system-err>
      </testcase>
      <testcase name="Test Cases/CM/View/4G/View-Governorate XDD" time="217.216" classname="Test Cases/CM/View/4G/View-Governorate XDD" status="FAILED">
         <failure type="FAILED" message="Test Cases/CM/View/4G/View-Governorate XDD FAILED.
Reason:
com.kms.katalon.core.exception.StepFailedException: Unable to verify object 'Object Repository/CM/Table header' is present
	at com.kms.katalon.core.webui.keyword.internal.WebUIKeywordMain.stepFailed(WebUIKeywordMain.groovy:64)
	at com.kms.katalon.core.webui.keyword.internal.WebUIKeywordMain.runKeyword(WebUIKeywordMain.groovy:26)
	at com.kms.katalon.core.webui.keyword.builtin.VerifyElementPresentKeyword.verifyElementPresent(VerifyElementPresentKeyword.groovy:92)
	at com.kms.katalon.core.webui.keyword.builtin.VerifyElementPresentKeyword.execute(VerifyElementPresentKeyword.groovy:68)
	at com.kms.katalon.core.keyword.internal.KeywordExecutor.executeKeywordForPlatform(KeywordExecutor.groovy:74)
	at com.kms.katalon.core.webui.keyword.WebUiBuiltInKeywords.verifyElementPresent(WebUiBuiltInKeywords.groovy:1464)
	at com.kms.katalon.core.webui.keyword.WebUiBuiltInKeywords$verifyElementPresent$6.call(Unknown Source)
	at CM.Stats(CM.groovy:603)
	at CM.invokeMethod(CM.groovy)
	at com.kms.katalon.core.main.CustomKeywordDelegatingMetaClass.invokeStaticMethod(CustomKeywordDelegatingMetaClass.java:55)
	at View-Governorate XDD.run(View-Governorate XDD:23)
	at com.kms.katalon.core.main.ScriptEngine.run(ScriptEngine.java:194)
	at com.kms.katalon.core.main.ScriptEngine.runScriptAsRawText(ScriptEngine.java:119)
	at com.kms.katalon.core.main.TestCaseExecutor.runScript(TestCaseExecutor.java:448)
	at com.kms.katalon.core.main.TestCaseExecutor.doExecute(TestCaseExecutor.java:439)
	at com.kms.katalon.core.main.TestCaseExecutor.processExecutionPhase(TestCaseExecutor.java:418)
	at com.kms.katalon.core.main.TestCaseExecutor.accessMainPhase(TestCaseExecutor.java:410)
	at com.kms.katalon.core.main.TestCaseExecutor.execute(TestCaseExecutor.java:285)
	at com.kms.katalon.core.common.CommonExecutor.accessTestCaseMainPhase(CommonExecutor.java:65)
	at com.kms.katalon.core.main.TestSuiteExecutor.accessTestSuiteMainPhase(TestSuiteExecutor.java:148)
	at com.kms.katalon.core.main.TestSuiteExecutor.execute(TestSuiteExecutor.java:106)
	at com.kms.katalon.core.main.TestCaseMain.startTestSuite(TestCaseMain.java:187)
	at com.kms.katalon.core.main.TestCaseMain$startTestSuite$0.call(Unknown Source)
	at TempTestSuite1722428972318.run(TempTestSuite1722428972318.groovy:35)
Caused by: com.kms.katalon.core.exception.StepFailedException: com.kms.katalon.core.webui.exception.WebElementNotFoundException: Web element with id: 'Object Repository/CM/Table header' located by '//body//app-root//th[1]' not found
	at com.kms.katalon.core.webui.keyword.internal.WebUIKeywordMain.stepFailed(WebUIKeywordMain.groovy:64)
	at com.kms.katalon.core.webui.keyword.builtin.VerifyElementPresentKeyword$_verifyElementPresent_closure1.doCall(VerifyElementPresentKeyword.groovy:85)
	at com.kms.katalon.core.webui.keyword.builtin.VerifyElementPresentKeyword$_verifyElementPresent_closure1.call(VerifyElementPresentKeyword.groovy)
	at com.kms.katalon.core.webui.keyword.internal.WebUIKeywordMain.runKeyword(WebUIKeywordMain.groovy:20)
	... 22 more
"/>
         <system-out><![CDATA[2024-07-31 15:35:58 - [TEST_CASE][FAILED] - Test Cases/CM/View/4G/View-Governorate XDD: Test Cases/CM/View/4G/View-Governorate XDD FAILED.
Reason:
com.kms.katalon.core.exception.StepFailedException: Unable to verify object 'Object Repository/CM/Table header' is present
	at com.kms.katalon.core.webui.keyword.internal.WebUIKeywordMain.stepFailed(WebUIKeywordMain.groovy:64)
	at com.kms.katalon.core.webui.keyword.internal.WebUIKeywordMain.runKeyword(WebUIKeywordMain.groovy:26)
	at com.kms.katalon.core.webui.keyword.builtin.VerifyElementPresentKeyword.verifyElementPresent(VerifyElementPresentKeyword.groovy:92)
	at com.kms.katalon.core.webui.keyword.builtin.VerifyElementPresentKeyword.execute(VerifyElementPresentKeyword.groovy:68)
	at com.kms.katalon.core.keyword.internal.KeywordExecutor.executeKeywordForPlatform(KeywordExecutor.groovy:74)
	at com.kms.katalon.core.webui.keyword.WebUiBuiltInKeywords.verifyElementPresent(WebUiBuiltInKeywords.groovy:1464)
	at com.kms.katalon.core.webui.keyword.WebUiBuiltInKeywords$verifyElementPresent$6.call(Unknown Source)
	at CM.Stats(CM.groovy:603)
	at CM.invokeMethod(CM.groovy)
	at com.kms.katalon.core.main.CustomKeywordDelegatingMetaClass.invokeStaticMethod(CustomKeywordDelegatingMetaClass.java:55)
	at View-Governorate XDD.run(View-Governorate XDD:23)
	at com.kms.katalon.core.main.ScriptEngine.run(ScriptEngine.java:194)
	at com.kms.katalon.core.main.ScriptEngine.runScriptAsRawText(ScriptEngine.java:119)
	at com.kms.katalon.core.main.TestCaseExecutor.runScript(TestCaseExecutor.java:448)
	at com.kms.katalon.core.main.TestCaseExecutor.doExecute(TestCaseExecutor.java:439)
	at com.kms.katalon.core.main.TestCaseExecutor.processExecutionPhase(TestCaseExecutor.java:418)
	at com.kms.katalon.core.main.TestCaseExecutor.accessMainPhase(TestCaseExecutor.java:410)
	at com.kms.katalon.core.main.TestCaseExecutor.execute(TestCaseExecutor.java:285)
	at com.kms.katalon.core.common.CommonExecutor.accessTestCaseMainPhase(CommonExecutor.java:65)
	at com.kms.katalon.core.main.TestSuiteExecutor.accessTestSuiteMainPhase(TestSuiteExecutor.java:148)
	at com.kms.katalon.core.main.TestSuiteExecutor.execute(TestSuiteExecutor.java:106)
	at com.kms.katalon.core.main.TestCaseMain.startTestSuite(TestCaseMain.java:187)
	at com.kms.katalon.core.main.TestCaseMain$startTestSuite$0.call(Unknown Source)
	at TempTestSuite1722428972318.run(TempTestSuite1722428972318.groovy:35)
Caused by: com.kms.katalon.core.exception.StepFailedException: com.kms.katalon.core.webui.exception.WebElementNotFoundException: Web element with id: 'Object Repository/CM/Table header' located by '//body//app-root//th[1]' not found
	at com.kms.katalon.core.webui.keyword.internal.WebUIKeywordMain.stepFailed(WebUIKeywordMain.groovy:64)
	at com.kms.katalon.core.webui.keyword.builtin.VerifyElementPresentKeyword$_verifyElementPresent_closure1.doCall(VerifyElementPresentKeyword.groovy:85)
	at com.kms.katalon.core.webui.keyword.builtin.VerifyElementPresentKeyword$_verifyElementPresent_closure1.call(VerifyElementPresentKeyword.groovy)
	at com.kms.katalon.core.webui.keyword.internal.WebUIKeywordMain.runKeyword(WebUIKeywordMain.groovy:20)
	... 22 more


2024-07-31 15:35:59 - [TEST_STEP][PASSED] - callTestCase(findTestCase("Login"), [:], STOP_ON_FAILURE): Call Test Case 'Test Cases/Login' successfully

2024-07-31 15:35:59 - [TEST_CASE][PASSED] - Test Cases/Login: Test Cases/Login

2024-07-31 15:35:59 - [TEST_STEP][PASSED] - driver = general.start(SwagerURL, NetCellURL): general.start is PASSED

2024-07-31 15:35:59 - [MESSAGE][INFO] - >>> chromeDriverPath=C:\Users\LP-Support\.katalon\packages\Katalon_Studio_Windows_64-8.6.9\Katalon_Studio_Windows_64-8.6.9\configuration\resources\drivers\chromedriver_win32\chromedriver.exe

2024-07-31 15:36:01 - [MESSAGE][PASSED] - Current window maximized

2024-07-31 15:36:02 - [MESSAGE][PASSED] - Execute JavaScript 'window.open();' successfully

2024-07-31 15:36:02 - [MESSAGE][PASSED] - Switched to window with index: '1'

2024-07-31 15:36:02 - [MESSAGE][PASSED] - general.start is PASSED

2024-07-31 15:36:02 - [TEST_STEP][PASSED] - click(findTestObject("Object Repository/Login/LoginButton")): Object: 'Object Repository/Login/LoginButton' is clicked on

2024-07-31 15:36:05 - [MESSAGE][PASSED] - Object: 'Object Repository/Login/LoginButton' is clicked on

2024-07-31 15:36:05 - [TEST_STEP][PASSED] - switchToWindowIndex(2): Switched to window with index: '2'

2024-07-31 15:36:05 - [MESSAGE][PASSED] - Switched to window with index: '2'

2024-07-31 15:36:05 - [TEST_STEP][PASSED] - delay(1): Delayed 1 second(s)

2024-07-31 15:36:06 - [MESSAGE][PASSED] - Delayed 1 second(s)

2024-07-31 15:36:06 - [TEST_STEP][PASSED] - sendKeys(findTestObject("Object Repository/Login/EnterEmail"), "homam@zztjg.onmicrosoft.com"): Keys 'homam@zztjg.onmicrosoft.com' sent to object: 'Object Repository/Login/EnterEmail'

2024-07-31 15:36:08 - [MESSAGE][PASSED] - Keys 'homam@zztjg.onmicrosoft.com' sent to object: 'Object Repository/Login/EnterEmail'

2024-07-31 15:36:08 - [TEST_STEP][PASSED] - delay(1): Delayed 1 second(s)

2024-07-31 15:36:09 - [MESSAGE][PASSED] - Delayed 1 second(s)

2024-07-31 15:36:09 - [TEST_STEP][PASSED] - click(findTestObject("Object Repository/Login/NextButton")): Object: 'Object Repository/Login/NextButton' is clicked on

2024-07-31 15:36:09 - [MESSAGE][PASSED] - Object: 'Object Repository/Login/NextButton' is clicked on

2024-07-31 15:36:09 - [TEST_STEP][PASSED] - delay(2): Delayed 2 second(s)

2024-07-31 15:36:11 - [MESSAGE][PASSED] - Delayed 2 second(s)

2024-07-31 15:36:11 - [TEST_STEP][PASSED] - sendKeys(findTestObject("Object Repository/Login/EnterPassword"), "Holder12345"): Keys 'Holder12345' sent to object: 'Object Repository/Login/EnterPassword'

2024-07-31 15:36:12 - [MESSAGE][PASSED] - Keys 'Holder12345' sent to object: 'Object Repository/Login/EnterPassword'

2024-07-31 15:36:12 - [TEST_STEP][PASSED] - delay(1): Delayed 1 second(s)

2024-07-31 15:36:13 - [MESSAGE][PASSED] - Delayed 1 second(s)

2024-07-31 15:36:13 - [TEST_STEP][PASSED] - click(findTestObject("Object Repository/Login/SigninButton")): Object: 'Object Repository/Login/SigninButton' is clicked on

2024-07-31 15:36:14 - [MESSAGE][PASSED] - Object: 'Object Repository/Login/SigninButton' is clicked on

2024-07-31 15:36:14 - [TEST_STEP][PASSED] - delay(1): Delayed 1 second(s)

2024-07-31 15:36:15 - [MESSAGE][PASSED] - Delayed 1 second(s)

2024-07-31 15:36:15 - [TEST_STEP][PASSED] - click(findTestObject("Object Repository/Login/YesStayInButton")): Object: 'Object Repository/Login/YesStayInButton' is clicked on

2024-07-31 15:36:16 - [MESSAGE][PASSED] - Object: 'Object Repository/Login/YesStayInButton' is clicked on

2024-07-31 15:36:16 - [MESSAGE][PASSED] - Call Test Case 'Test Cases/Login' successfully

2024-07-31 15:36:16 - [TEST_STEP][PASSED] - switchToWindowIndex(1): Switched to window with index: '1'

2024-07-31 15:36:17 - [MESSAGE][PASSED] - Switched to window with index: '1'

2024-07-31 15:36:17 - [TEST_STEP][FAILED] - CM.Stats("4G", "Governorate XDD", false, "Hourly"): Unable to verify object 'Object Repository/CM/Table header' is present

2024-07-31 15:36:19 - [MESSAGE][PASSED] - Object: 'Object Repository/CM/CM' is clicked on

2024-07-31 15:36:19 - [MESSAGE][PASSED] - Switched to window with index: '2'

2024-07-31 15:36:22 - [MESSAGE][PASSED] - Object: 'Object Repository/PM/Huawei-vendor/TopX/TopX Object Type' is clicked on

2024-07-31 15:36:23 - [MESSAGE][PASSED] - Delayed 1 second(s)

2024-07-31 15:36:23 - [MESSAGE][PASSED] - Object: 'Object Repository/PM/Huawei-vendor/Object-Type/TopX Object Types/TopX Governorates XDD/TopX Governorate XDD' is clicked on

2024-07-31 15:36:24 - [MESSAGE][PASSED] - Delayed 1 second(s)

2024-07-31 15:36:25 - [MESSAGE][WARNING] - Timeout '0' is invalid. Using default page load timeout: '120'

2024-07-31 15:36:25 - [MESSAGE][PASSED] - Scroll to object 'Object Repository/PM/Huawei-vendor/Object Border' successfully

2024-07-31 15:36:25 - [MESSAGE][PASSED] - Object: 'Object Repository/PM/Huawei-vendor/Object-Type/TopX Object Types/TopX Region Bands/TopX FDD Arrow' is clicked on

2024-07-31 15:36:25 - [MESSAGE][PASSED] - Object: 'Object Repository/PM/Huawei-vendor/Object-Type/TopX Object Types/TopX Governorates/TopX Amman' is clicked on

2024-07-31 15:36:26 - [MESSAGE][PASSED] - Object: 'Object Repository/PM/Huawei-vendor/Object-Type/TopX Object Types/TopX Governorates/TopX Irbid' is clicked on

2024-07-31 15:36:26 - [MESSAGE][PASSED] - Object: 'Object Repository/PM/Huawei-vendor/Object-Type/TopX Object Types/TopX Governorates/TopX Aqaba' is clicked on

2024-07-31 15:36:27 - [MESSAGE][PASSED] - Object: 'Object Repository/PM/Huawei-vendor/Object-Type/TopX Object Types/TopX Governorates/TopX Jerash' is clicked on

2024-07-31 15:36:29 - [MESSAGE][PASSED] - Object: 'Object Repository/PM/Huawei-vendor/Object-Type/TopX Object Types/TopX Governorates/TopX Mafraq' is clicked on

2024-07-31 15:36:29 - [MESSAGE][PASSED] - Object: 'Object Repository/PM/Huawei-vendor/Object-Type/TopX Object Types/TopX Governorates/TopX Zarqa' is clicked on

2024-07-31 15:36:30 - [MESSAGE][PASSED] - Object: 'Object Repository/PM/Huawei-vendor/Object-Type/TopX Object Types/TopX Region Bands/TopX FDD Close Arrow' is clicked on

2024-07-31 15:36:30 - [MESSAGE][PASSED] - Object: 'Object Repository/PM/Huawei-vendor/Object-Type/TopX Object Types/TopX Region Bands/TopX TDD Arrow' is clicked on

2024-07-31 15:36:30 - [MESSAGE][PASSED] - Object: 'Object Repository/PM/Huawei-vendor/Object-Type/TopX Object Types/TopX Governorates/TopX Amman' is clicked on

2024-07-31 15:36:31 - [MESSAGE][PASSED] - Object: 'Object Repository/PM/Huawei-vendor/Object-Type/TopX Object Types/TopX Governorates/TopX Irbid' is clicked on

2024-07-31 15:36:31 - [MESSAGE][PASSED] - Object: 'Object Repository/PM/Huawei-vendor/Object-Type/TopX Object Types/TopX Governorates/TopX Aqaba' is clicked on

2024-07-31 15:37:26 - [MESSAGE][PASSED] - Object: 'Object Repository/PM/Huawei-vendor/Object-Type/TopX Object Types/TopX Governorates/TopX Jerash' is clicked on

2024-07-31 15:37:26 - [MESSAGE][PASSED] - Object: 'Object Repository/PM/Huawei-vendor/Object-Type/TopX Object Types/TopX Governorates/TopX Mafraq' is clicked on

2024-07-31 15:37:27 - [MESSAGE][PASSED] - Object: 'Object Repository/PM/Huawei-vendor/Object-Type/TopX Object Types/TopX Governorates/TopX Zarqa' is clicked on

2024-07-31 15:37:27 - [MESSAGE][PASSED] - Object: 'Object Repository/PM/Huawei-vendor/Object-Type/TopX Object Types/TopX Region Bands/TopX TDD Close Arrow' is clicked on

2024-07-31 15:37:27 - [MESSAGE][WARNING] - Timeout '0' is invalid. Using default page load timeout: '120'

2024-07-31 15:37:27 - [MESSAGE][PASSED] - Scroll to object 'Object Repository/CM/View/Target type/Target Type Arrow' successfully

2024-07-31 15:37:27 - [MESSAGE][PASSED] - Object: 'Object Repository/CM/View/Target type/Target Type Arrow' is clicked on

2024-07-31 15:37:28 - [MESSAGE][PASSED] - Object: 'Object Repository/CM/View/Target type/Cell' is clicked on

2024-07-31 15:37:28 - [MESSAGE][WARNING] - Timeout '0' is invalid. Using default page load timeout: '120'

2024-07-31 15:37:28 - [MESSAGE][PASSED] - Scroll to object 'Object Repository/CM/View/MOs/MO-4GCaCroupSCellCfg' successfully

2024-07-31 15:37:28 - [MESSAGE][PASSED] - Object: 'Object Repository/CM/View/MOs/MO-4G-BcchCfg' is clicked on

2024-07-31 15:37:29 - [MESSAGE][PASSED] - Object: 'Object Repository/CM/View/MOs/MO-4G-CaMgtCfg' is clicked on

2024-07-31 15:37:29 - [MESSAGE][PASSED] - Object: 'Object Repository/CM/View/MOs/MO-4G-CLZeroBufferzone' is clicked on

2024-07-31 15:37:29 - [MESSAGE][PASSED] - Object: 'Object Repository/CM/View/MOs/MO-4G-CSFallBackHo' is clicked on

2024-07-31 15:37:30 - [MESSAGE][PASSED] - Object: 'Object Repository/PM/Huawei-vendor/Apply-Button' is clicked on

2024-07-31 15:37:30 - [MESSAGE][WARNING] - Timeout '0' is invalid. Using default page load timeout: '120'

2024-07-31 15:37:34 - [MESSAGE][PASSED] - Web element with id: 'Object Repository/PM/Huawei-vendor/Error' located by 'By.xpath: //div[@class='toast-summary title-medium-m']' is not present after '120' second(s)

2024-07-31 15:37:34 - [MESSAGE][WARNING] - Timeout '0' is invalid. Using default page load timeout: '120'

2024-07-31 15:39:35 - [MESSAGE][INFO] - Unable to find the element located by 'By.xpath: //body//app-root//th[1]'. Please recheck the objects properties to make sure the desired element is located. 

2024-07-31 15:39:35 - [MESSAGE][FAILED] - com.kms.katalon.core.webui.exception.WebElementNotFoundException: Web element with id: 'Object Repository/CM/Table header' located by '//body//app-root//th[1]' not found (Root cause: com.kms.katalon.core.exception.StepFailedException: com.kms.katalon.core.webui.exception.WebElementNotFoundException: Web element with id: 'Object Repository/CM/Table header' located by '//body//app-root//th[1]' not found
	at com.kms.katalon.core.webui.keyword.internal.WebUIKeywordMain.stepFailed(WebUIKeywordMain.groovy:64)
	at com.kms.katalon.core.webui.keyword.builtin.VerifyElementPresentKeyword$_verifyElementPresent_closure1.doCall(VerifyElementPresentKeyword.groovy:85)
	at com.kms.katalon.core.webui.keyword.builtin.VerifyElementPresentKeyword$_verifyElementPresent_closure1.call(VerifyElementPresentKeyword.groovy)
	at com.kms.katalon.core.webui.keyword.internal.WebUIKeywordMain.runKeyword(WebUIKeywordMain.groovy:20)
	at com.kms.katalon.core.webui.keyword.builtin.VerifyElementPresentKeyword.verifyElementPresent(VerifyElementPresentKeyword.groovy:92)
	at com.kms.katalon.core.webui.keyword.builtin.VerifyElementPresentKeyword.execute(VerifyElementPresentKeyword.groovy:68)
	at com.kms.katalon.core.keyword.internal.KeywordExecutor.executeKeywordForPlatform(KeywordExecutor.groovy:74)
	at com.kms.katalon.core.webui.keyword.WebUiBuiltInKeywords.verifyElementPresent(WebUiBuiltInKeywords.groovy:1464)
	at com.kms.katalon.core.webui.keyword.WebUiBuiltInKeywords$verifyElementPresent$6.call(Unknown Source)
	at CM.Stats(CM.groovy:603)
	at CM.invokeMethod(CM.groovy)
	at com.kms.katalon.core.main.CustomKeywordDelegatingMetaClass.invokeStaticMethod(CustomKeywordDelegatingMetaClass.java:55)
	at View-Governorate XDD.run(View-Governorate XDD:23)
	at com.kms.katalon.core.main.ScriptEngine.run(ScriptEngine.java:194)
	at com.kms.katalon.core.main.ScriptEngine.runScriptAsRawText(ScriptEngine.java:119)
	at com.kms.katalon.core.main.TestCaseExecutor.runScript(TestCaseExecutor.java:448)
	at com.kms.katalon.core.main.TestCaseExecutor.doExecute(TestCaseExecutor.java:439)
	at com.kms.katalon.core.main.TestCaseExecutor.processExecutionPhase(TestCaseExecutor.java:418)
	at com.kms.katalon.core.main.TestCaseExecutor.accessMainPhase(TestCaseExecutor.java:410)
	at com.kms.katalon.core.main.TestCaseExecutor.execute(TestCaseExecutor.java:285)
	at com.kms.katalon.core.common.CommonExecutor.accessTestCaseMainPhase(CommonExecutor.java:65)
	at com.kms.katalon.core.main.TestSuiteExecutor.accessTestSuiteMainPhase(TestSuiteExecutor.java:148)
	at com.kms.katalon.core.main.TestSuiteExecutor.execute(TestSuiteExecutor.java:106)
	at com.kms.katalon.core.main.TestCaseMain.startTestSuite(TestCaseMain.java:187)
	at com.kms.katalon.core.main.TestCaseMain$startTestSuite$0.call(Unknown Source)
	at TempTestSuite1722428972318.run(TempTestSuite1722428972318.groovy:35)
)
[[ATTACHMENT|C:\\Users\\LP-Support\\git\\NetCell\\Reports\\20240731_152932\\CM\\Hwauei\\4G\\View\\4G-View\\20240731_152932\\1722429575337.png]]

2024-07-31 15:39:35 - [MESSAGE][FAILED] - Unable to verify object 'Object Repository/CM/Table header' is present (Root cause: com.kms.katalon.core.exception.StepFailedException: Unable to verify object 'Object Repository/CM/Table header' is present
	at com.kms.katalon.core.webui.keyword.internal.WebUIKeywordMain.stepFailed(WebUIKeywordMain.groovy:64)
	at com.kms.katalon.core.webui.keyword.internal.WebUIKeywordMain.runKeyword(WebUIKeywordMain.groovy:26)
	at com.kms.katalon.core.webui.keyword.builtin.VerifyElementPresentKeyword.verifyElementPresent(VerifyElementPresentKeyword.groovy:92)
	at com.kms.katalon.core.webui.keyword.builtin.VerifyElementPresentKeyword.execute(VerifyElementPresentKeyword.groovy:68)
	at com.kms.katalon.core.keyword.internal.KeywordExecutor.executeKeywordForPlatform(KeywordExecutor.groovy:74)
	at com.kms.katalon.core.webui.keyword.WebUiBuiltInKeywords.verifyElementPresent(WebUiBuiltInKeywords.groovy:1464)
	at com.kms.katalon.core.webui.keyword.WebUiBuiltInKeywords$verifyElementPresent$6.call(Unknown Source)
	at CM.Stats(CM.groovy:603)
	at CM.invokeMethod(CM.groovy)
	at com.kms.katalon.core.main.CustomKeywordDelegatingMetaClass.invokeStaticMethod(CustomKeywordDelegatingMetaClass.java:55)
	at View-Governorate XDD.run(View-Governorate XDD:23)
	at com.kms.katalon.core.main.ScriptEngine.run(ScriptEngine.java:194)
	at com.kms.katalon.core.main.ScriptEngine.runScriptAsRawText(ScriptEngine.java:119)
	at com.kms.katalon.core.main.TestCaseExecutor.runScript(TestCaseExecutor.java:448)
	at com.kms.katalon.core.main.TestCaseExecutor.doExecute(TestCaseExecutor.java:439)
	at com.kms.katalon.core.main.TestCaseExecutor.processExecutionPhase(TestCaseExecutor.java:418)
	at com.kms.katalon.core.main.TestCaseExecutor.accessMainPhase(TestCaseExecutor.java:410)
	at com.kms.katalon.core.main.TestCaseExecutor.execute(TestCaseExecutor.java:285)
	at com.kms.katalon.core.common.CommonExecutor.accessTestCaseMainPhase(CommonExecutor.java:65)
	at com.kms.katalon.core.main.TestSuiteExecutor.accessTestSuiteMainPhase(TestSuiteExecutor.java:148)
	at com.kms.katalon.core.main.TestSuiteExecutor.execute(TestSuiteExecutor.java:106)
	at com.kms.katalon.core.main.TestCaseMain.startTestSuite(TestCaseMain.java:187)
	at com.kms.katalon.core.main.TestCaseMain$startTestSuite$0.call(Unknown Source)
	at TempTestSuite1722428972318.run(TempTestSuite1722428972318.groovy:35)
Caused by: com.kms.katalon.core.exception.StepFailedException: com.kms.katalon.core.webui.exception.WebElementNotFoundException: Web element with id: 'Object Repository/CM/Table header' located by '//body//app-root//th[1]' not found
	at com.kms.katalon.core.webui.keyword.internal.WebUIKeywordMain.stepFailed(WebUIKeywordMain.groovy:64)
	at com.kms.katalon.core.webui.keyword.builtin.VerifyElementPresentKeyword$_verifyElementPresent_closure1.doCall(VerifyElementPresentKeyword.groovy:85)
	at com.kms.katalon.core.webui.keyword.builtin.VerifyElementPresentKeyword$_verifyElementPresent_closure1.call(VerifyElementPresentKeyword.groovy)
	at com.kms.katalon.core.webui.keyword.internal.WebUIKeywordMain.runKeyword(WebUIKeywordMain.groovy:20)
	... 22 more
)
[[ATTACHMENT|C:\\Users\\LP-Support\\git\\NetCell\\Reports\\20240731_152932\\CM\\Hwauei\\4G\\View\\4G-View\\20240731_152932\\1722429575446.png]]

2024-07-31 15:39:35 - [MESSAGE][FAILED] - Unable to verify object 'Object Repository/CM/Table header' is present]]></system-out>
         <system-err><![CDATA[2024-07-31 15:35:58 - [TEST_CASE][FAILED] - Test Cases/CM/View/4G/View-Governorate XDD: Test Cases/CM/View/4G/View-Governorate XDD FAILED.
Reason:
com.kms.katalon.core.exception.StepFailedException: Unable to verify object 'Object Repository/CM/Table header' is present
	at com.kms.katalon.core.webui.keyword.internal.WebUIKeywordMain.stepFailed(WebUIKeywordMain.groovy:64)
	at com.kms.katalon.core.webui.keyword.internal.WebUIKeywordMain.runKeyword(WebUIKeywordMain.groovy:26)
	at com.kms.katalon.core.webui.keyword.builtin.VerifyElementPresentKeyword.verifyElementPresent(VerifyElementPresentKeyword.groovy:92)
	at com.kms.katalon.core.webui.keyword.builtin.VerifyElementPresentKeyword.execute(VerifyElementPresentKeyword.groovy:68)
	at com.kms.katalon.core.keyword.internal.KeywordExecutor.executeKeywordForPlatform(KeywordExecutor.groovy:74)
	at com.kms.katalon.core.webui.keyword.WebUiBuiltInKeywords.verifyElementPresent(WebUiBuiltInKeywords.groovy:1464)
	at com.kms.katalon.core.webui.keyword.WebUiBuiltInKeywords$verifyElementPresent$6.call(Unknown Source)
	at CM.Stats(CM.groovy:603)
	at CM.invokeMethod(CM.groovy)
	at com.kms.katalon.core.main.CustomKeywordDelegatingMetaClass.invokeStaticMethod(CustomKeywordDelegatingMetaClass.java:55)
	at View-Governorate XDD.run(View-Governorate XDD:23)
	at com.kms.katalon.core.main.ScriptEngine.run(ScriptEngine.java:194)
	at com.kms.katalon.core.main.ScriptEngine.runScriptAsRawText(ScriptEngine.java:119)
	at com.kms.katalon.core.main.TestCaseExecutor.runScript(TestCaseExecutor.java:448)
	at com.kms.katalon.core.main.TestCaseExecutor.doExecute(TestCaseExecutor.java:439)
	at com.kms.katalon.core.main.TestCaseExecutor.processExecutionPhase(TestCaseExecutor.java:418)
	at com.kms.katalon.core.main.TestCaseExecutor.accessMainPhase(TestCaseExecutor.java:410)
	at com.kms.katalon.core.main.TestCaseExecutor.execute(TestCaseExecutor.java:285)
	at com.kms.katalon.core.common.CommonExecutor.accessTestCaseMainPhase(CommonExecutor.java:65)
	at com.kms.katalon.core.main.TestSuiteExecutor.accessTestSuiteMainPhase(TestSuiteExecutor.java:148)
	at com.kms.katalon.core.main.TestSuiteExecutor.execute(TestSuiteExecutor.java:106)
	at com.kms.katalon.core.main.TestCaseMain.startTestSuite(TestCaseMain.java:187)
	at com.kms.katalon.core.main.TestCaseMain$startTestSuite$0.call(Unknown Source)
	at TempTestSuite1722428972318.run(TempTestSuite1722428972318.groovy:35)
Caused by: com.kms.katalon.core.exception.StepFailedException: com.kms.katalon.core.webui.exception.WebElementNotFoundException: Web element with id: 'Object Repository/CM/Table header' located by '//body//app-root//th[1]' not found
	at com.kms.katalon.core.webui.keyword.internal.WebUIKeywordMain.stepFailed(WebUIKeywordMain.groovy:64)
	at com.kms.katalon.core.webui.keyword.builtin.VerifyElementPresentKeyword$_verifyElementPresent_closure1.doCall(VerifyElementPresentKeyword.groovy:85)
	at com.kms.katalon.core.webui.keyword.builtin.VerifyElementPresentKeyword$_verifyElementPresent_closure1.call(VerifyElementPresentKeyword.groovy)
	at com.kms.katalon.core.webui.keyword.internal.WebUIKeywordMain.runKeyword(WebUIKeywordMain.groovy:20)
	... 22 more]]></system-err>
      </testcase>
      <testcase name="Test Cases/CM/View/4G/View-PLMN XDD" time="16.846" classname="Test Cases/CM/View/4G/View-PLMN XDD" status="ERROR">
         <error type="ERROR" message="Test Cases/CM/View/4G/View-PLMN XDD FAILED.
Reason:
groovy.lang.MissingPropertyException: No such property: randomNumberForPLMNXDD for class: general
	at CM.Stats(CM.groovy:460)
	at CM.invokeMethod(CM.groovy)
	at com.kms.katalon.core.main.CustomKeywordDelegatingMetaClass.invokeStaticMethod(CustomKeywordDelegatingMetaClass.java:55)
	at View-PLMN XDD.run(View-PLMN XDD:23)
	at com.kms.katalon.core.main.ScriptEngine.run(ScriptEngine.java:194)
	at com.kms.katalon.core.main.ScriptEngine.runScriptAsRawText(ScriptEngine.java:119)
	at com.kms.katalon.core.main.TestCaseExecutor.runScript(TestCaseExecutor.java:448)
	at com.kms.katalon.core.main.TestCaseExecutor.doExecute(TestCaseExecutor.java:439)
	at com.kms.katalon.core.main.TestCaseExecutor.processExecutionPhase(TestCaseExecutor.java:418)
	at com.kms.katalon.core.main.TestCaseExecutor.accessMainPhase(TestCaseExecutor.java:410)
	at com.kms.katalon.core.main.TestCaseExecutor.execute(TestCaseExecutor.java:285)
	at com.kms.katalon.core.common.CommonExecutor.accessTestCaseMainPhase(CommonExecutor.java:65)
	at com.kms.katalon.core.main.TestSuiteExecutor.accessTestSuiteMainPhase(TestSuiteExecutor.java:148)
	at com.kms.katalon.core.main.TestSuiteExecutor.execute(TestSuiteExecutor.java:106)
	at com.kms.katalon.core.main.TestCaseMain.startTestSuite(TestCaseMain.java:187)
	at com.kms.katalon.core.main.TestCaseMain$startTestSuite$0.call(Unknown Source)
	at TempTestSuite1722428972318.run(TempTestSuite1722428972318.groovy:35)
"/>
         <system-out><![CDATA[2024-07-31 15:39:35 - [TEST_CASE][ERROR] - Test Cases/CM/View/4G/View-PLMN XDD: Test Cases/CM/View/4G/View-PLMN XDD FAILED.
Reason:
groovy.lang.MissingPropertyException: No such property: randomNumberForPLMNXDD for class: general
	at CM.Stats(CM.groovy:460)
	at CM.invokeMethod(CM.groovy)
	at com.kms.katalon.core.main.CustomKeywordDelegatingMetaClass.invokeStaticMethod(CustomKeywordDelegatingMetaClass.java:55)
	at View-PLMN XDD.run(View-PLMN XDD:23)
	at com.kms.katalon.core.main.ScriptEngine.run(ScriptEngine.java:194)
	at com.kms.katalon.core.main.ScriptEngine.runScriptAsRawText(ScriptEngine.java:119)
	at com.kms.katalon.core.main.TestCaseExecutor.runScript(TestCaseExecutor.java:448)
	at com.kms.katalon.core.main.TestCaseExecutor.doExecute(TestCaseExecutor.java:439)
	at com.kms.katalon.core.main.TestCaseExecutor.processExecutionPhase(TestCaseExecutor.java:418)
	at com.kms.katalon.core.main.TestCaseExecutor.accessMainPhase(TestCaseExecutor.java:410)
	at com.kms.katalon.core.main.TestCaseExecutor.execute(TestCaseExecutor.java:285)
	at com.kms.katalon.core.common.CommonExecutor.accessTestCaseMainPhase(CommonExecutor.java:65)
	at com.kms.katalon.core.main.TestSuiteExecutor.accessTestSuiteMainPhase(TestSuiteExecutor.java:148)
	at com.kms.katalon.core.main.TestSuiteExecutor.execute(TestSuiteExecutor.java:106)
	at com.kms.katalon.core.main.TestCaseMain.startTestSuite(TestCaseMain.java:187)
	at com.kms.katalon.core.main.TestCaseMain$startTestSuite$0.call(Unknown Source)
	at TempTestSuite1722428972318.run(TempTestSuite1722428972318.groovy:35)


2024-07-31 15:39:35 - [TEST_STEP][PASSED] - callTestCase(findTestCase("Login"), [:], STOP_ON_FAILURE): Call Test Case 'Test Cases/Login' successfully

2024-07-31 15:39:35 - [TEST_CASE][PASSED] - Test Cases/Login: Test Cases/Login

2024-07-31 15:39:35 - [TEST_STEP][PASSED] - driver = general.start(SwagerURL, NetCellURL): general.start is PASSED

2024-07-31 15:39:35 - [MESSAGE][INFO] - >>> chromeDriverPath=C:\Users\LP-Support\.katalon\packages\Katalon_Studio_Windows_64-8.6.9\Katalon_Studio_Windows_64-8.6.9\configuration\resources\drivers\chromedriver_win32\chromedriver.exe

2024-07-31 15:39:37 - [MESSAGE][PASSED] - Current window maximized

2024-07-31 15:39:37 - [MESSAGE][PASSED] - Execute JavaScript 'window.open();' successfully

2024-07-31 15:39:37 - [MESSAGE][PASSED] - Switched to window with index: '1'

2024-07-31 15:39:38 - [MESSAGE][PASSED] - general.start is PASSED

2024-07-31 15:39:38 - [TEST_STEP][PASSED] - click(findTestObject("Object Repository/Login/LoginButton")): Object: 'Object Repository/Login/LoginButton' is clicked on

2024-07-31 15:39:38 - [MESSAGE][PASSED] - Object: 'Object Repository/Login/LoginButton' is clicked on

2024-07-31 15:39:38 - [TEST_STEP][PASSED] - switchToWindowIndex(2): Switched to window with index: '2'

2024-07-31 15:39:38 - [MESSAGE][PASSED] - Switched to window with index: '2'

2024-07-31 15:39:38 - [TEST_STEP][PASSED] - delay(1): Delayed 1 second(s)

2024-07-31 15:39:39 - [MESSAGE][PASSED] - Delayed 1 second(s)

2024-07-31 15:39:39 - [TEST_STEP][PASSED] - sendKeys(findTestObject("Object Repository/Login/EnterEmail"), "homam@zztjg.onmicrosoft.com"): Keys 'homam@zztjg.onmicrosoft.com' sent to object: 'Object Repository/Login/EnterEmail'

2024-07-31 15:39:42 - [MESSAGE][PASSED] - Keys 'homam@zztjg.onmicrosoft.com' sent to object: 'Object Repository/Login/EnterEmail'

2024-07-31 15:39:42 - [TEST_STEP][PASSED] - delay(1): Delayed 1 second(s)

2024-07-31 15:39:43 - [MESSAGE][PASSED] - Delayed 1 second(s)

2024-07-31 15:39:43 - [TEST_STEP][PASSED] - click(findTestObject("Object Repository/Login/NextButton")): Object: 'Object Repository/Login/NextButton' is clicked on

2024-07-31 15:39:43 - [MESSAGE][PASSED] - Object: 'Object Repository/Login/NextButton' is clicked on

2024-07-31 15:39:43 - [TEST_STEP][PASSED] - delay(2): Delayed 2 second(s)

2024-07-31 15:39:45 - [MESSAGE][PASSED] - Delayed 2 second(s)

2024-07-31 15:39:45 - [TEST_STEP][PASSED] - sendKeys(findTestObject("Object Repository/Login/EnterPassword"), "Holder12345"): Keys 'Holder12345' sent to object: 'Object Repository/Login/EnterPassword'

2024-07-31 15:39:45 - [MESSAGE][PASSED] - Keys 'Holder12345' sent to object: 'Object Repository/Login/EnterPassword'

2024-07-31 15:39:45 - [TEST_STEP][PASSED] - delay(1): Delayed 1 second(s)

2024-07-31 15:39:46 - [MESSAGE][PASSED] - Delayed 1 second(s)

2024-07-31 15:39:46 - [TEST_STEP][PASSED] - click(findTestObject("Object Repository/Login/SigninButton")): Object: 'Object Repository/Login/SigninButton' is clicked on

2024-07-31 15:39:47 - [MESSAGE][PASSED] - Object: 'Object Repository/Login/SigninButton' is clicked on

2024-07-31 15:39:47 - [TEST_STEP][PASSED] - delay(1): Delayed 1 second(s)

2024-07-31 15:39:48 - [MESSAGE][PASSED] - Delayed 1 second(s)

2024-07-31 15:39:48 - [TEST_STEP][PASSED] - click(findTestObject("Object Repository/Login/YesStayInButton")): Object: 'Object Repository/Login/YesStayInButton' is clicked on

2024-07-31 15:39:48 - [MESSAGE][PASSED] - Object: 'Object Repository/Login/YesStayInButton' is clicked on

2024-07-31 15:39:48 - [MESSAGE][PASSED] - Call Test Case 'Test Cases/Login' successfully

2024-07-31 15:39:48 - [TEST_STEP][PASSED] - switchToWindowIndex(1): Switched to window with index: '1'

2024-07-31 15:39:48 - [MESSAGE][PASSED] - Switched to window with index: '1'

2024-07-31 15:39:48 - [TEST_STEP][ERROR] - CM.Stats("4G", "PLMN XDD", false, "Hourly"): Test Cases/CM/View/4G/View-PLMN XDD FAILED.
Reason:
com.kms.katalon.core.exception.StepErrorException: groovy.lang.MissingPropertyException: No such property: randomNumberForPLMNXDD for class: general
	at com.kms.katalon.core.main.CustomKeywordDelegatingMetaClass.throwError(CustomKeywordDelegatingMetaClass.java:101)
	at com.kms.katalon.core.main.CustomKeywordDelegatingMetaClass.invokeStaticMethod(CustomKeywordDelegatingMetaClass.java:73)
	at View-PLMN XDD.run(View-PLMN XDD:23)
	at com.kms.katalon.core.main.ScriptEngine.run(ScriptEngine.java:194)
	at com.kms.katalon.core.main.ScriptEngine.runScriptAsRawText(ScriptEngine.java:119)
	at com.kms.katalon.core.main.TestCaseExecutor.runScript(TestCaseExecutor.java:448)
	at com.kms.katalon.core.main.TestCaseExecutor.doExecute(TestCaseExecutor.java:439)
	at com.kms.katalon.core.main.TestCaseExecutor.processExecutionPhase(TestCaseExecutor.java:418)
	at com.kms.katalon.core.main.TestCaseExecutor.accessMainPhase(TestCaseExecutor.java:410)
	at com.kms.katalon.core.main.TestCaseExecutor.execute(TestCaseExecutor.java:285)
	at com.kms.katalon.core.common.CommonExecutor.accessTestCaseMainPhase(CommonExecutor.java:65)
	at com.kms.katalon.core.main.TestSuiteExecutor.accessTestSuiteMainPhase(TestSuiteExecutor.java:148)
	at com.kms.katalon.core.main.TestSuiteExecutor.execute(TestSuiteExecutor.java:106)
	at com.kms.katalon.core.main.TestCaseMain.startTestSuite(TestCaseMain.java:187)
	at com.kms.katalon.core.main.TestCaseMain$startTestSuite$0.call(Unknown Source)
	at TempTestSuite1722428972318.run(TempTestSuite1722428972318.groovy:35)
Caused by: groovy.lang.MissingPropertyException: No such property: randomNumberForPLMNXDD for class: general
	at CM.Stats(CM.groovy:460)
	at CM.invokeMethod(CM.groovy)
	at com.kms.katalon.core.main.CustomKeywordDelegatingMetaClass.invokeStaticMethod(CustomKeywordDelegatingMetaClass.java:55)
	... 14 more


2024-07-31 15:39:49 - [MESSAGE][PASSED] - Object: 'Object Repository/CM/CM' is clicked on

2024-07-31 15:39:49 - [MESSAGE][PASSED] - Switched to window with index: '2'

2024-07-31 15:39:50 - [MESSAGE][PASSED] - Object: 'Object Repository/PM/Huawei-vendor/TopX/TopX Object Type' is clicked on

2024-07-31 15:39:51 - [MESSAGE][PASSED] - Delayed 1 second(s)

2024-07-31 15:39:51 - [MESSAGE][PASSED] - Object: 'Object Repository/PM/Huawei-vendor/Object-Type/TopX Object Types/TopX PLMNs XDD/TopX PLMN XDD' is clicked on

2024-07-31 15:39:52 - [MESSAGE][PASSED] - Delayed 1 second(s)

2024-07-31 15:39:52 - [MESSAGE][WARNING] - Timeout '0' is invalid. Using default page load timeout: '120'

2024-07-31 15:39:52 - [MESSAGE][PASSED] - Scroll to object 'Object Repository/PM/Huawei-vendor/Object Border' successfully

2024-07-31 15:39:52 - [MESSAGE][ERROR] - No such property: randomNumberForPLMNXDD for class: general

2024-07-31 15:39:52 - [MESSAGE][ERROR] - Test Cases/CM/View/4G/View-PLMN XDD FAILED.
Reason:
com.kms.katalon.core.exception.StepErrorException: groovy.lang.MissingPropertyException: No such property: randomNumberForPLMNXDD for class: general
	at com.kms.katalon.core.main.CustomKeywordDelegatingMetaClass.throwError(CustomKeywordDelegatingMetaClass.java:101)
	at com.kms.katalon.core.main.CustomKeywordDelegatingMetaClass.invokeStaticMethod(CustomKeywordDelegatingMetaClass.java:73)
	at View-PLMN XDD.run(View-PLMN XDD:23)
	at com.kms.katalon.core.main.ScriptEngine.run(ScriptEngine.java:194)
	at com.kms.katalon.core.main.ScriptEngine.runScriptAsRawText(ScriptEngine.java:119)
	at com.kms.katalon.core.main.TestCaseExecutor.runScript(TestCaseExecutor.java:448)
	at com.kms.katalon.core.main.TestCaseExecutor.doExecute(TestCaseExecutor.java:439)
	at com.kms.katalon.core.main.TestCaseExecutor.processExecutionPhase(TestCaseExecutor.java:418)
	at com.kms.katalon.core.main.TestCaseExecutor.accessMainPhase(TestCaseExecutor.java:410)
	at com.kms.katalon.core.main.TestCaseExecutor.execute(TestCaseExecutor.java:285)
	at com.kms.katalon.core.common.CommonExecutor.accessTestCaseMainPhase(CommonExecutor.java:65)
	at com.kms.katalon.core.main.TestSuiteExecutor.accessTestSuiteMainPhase(TestSuiteExecutor.java:148)
	at com.kms.katalon.core.main.TestSuiteExecutor.execute(TestSuiteExecutor.java:106)
	at com.kms.katalon.core.main.TestCaseMain.startTestSuite(TestCaseMain.java:187)
	at com.kms.katalon.core.main.TestCaseMain$startTestSuite$0.call(Unknown Source)
	at TempTestSuite1722428972318.run(TempTestSuite1722428972318.groovy:35)
Caused by: groovy.lang.MissingPropertyException: No such property: randomNumberForPLMNXDD for class: general
	at CM.Stats(CM.groovy:460)
	at CM.invokeMethod(CM.groovy)
	at com.kms.katalon.core.main.CustomKeywordDelegatingMetaClass.invokeStaticMethod(CustomKeywordDelegatingMetaClass.java:55)
	... 14 more]]></system-out>
         <system-err><![CDATA[2024-07-31 15:39:35 - [TEST_CASE][ERROR] - Test Cases/CM/View/4G/View-PLMN XDD: Test Cases/CM/View/4G/View-PLMN XDD FAILED.
Reason:
groovy.lang.MissingPropertyException: No such property: randomNumberForPLMNXDD for class: general
	at CM.Stats(CM.groovy:460)
	at CM.invokeMethod(CM.groovy)
	at com.kms.katalon.core.main.CustomKeywordDelegatingMetaClass.invokeStaticMethod(CustomKeywordDelegatingMetaClass.java:55)
	at View-PLMN XDD.run(View-PLMN XDD:23)
	at com.kms.katalon.core.main.ScriptEngine.run(ScriptEngine.java:194)
	at com.kms.katalon.core.main.ScriptEngine.runScriptAsRawText(ScriptEngine.java:119)
	at com.kms.katalon.core.main.TestCaseExecutor.runScript(TestCaseExecutor.java:448)
	at com.kms.katalon.core.main.TestCaseExecutor.doExecute(TestCaseExecutor.java:439)
	at com.kms.katalon.core.main.TestCaseExecutor.processExecutionPhase(TestCaseExecutor.java:418)
	at com.kms.katalon.core.main.TestCaseExecutor.accessMainPhase(TestCaseExecutor.java:410)
	at com.kms.katalon.core.main.TestCaseExecutor.execute(TestCaseExecutor.java:285)
	at com.kms.katalon.core.common.CommonExecutor.accessTestCaseMainPhase(CommonExecutor.java:65)
	at com.kms.katalon.core.main.TestSuiteExecutor.accessTestSuiteMainPhase(TestSuiteExecutor.java:148)
	at com.kms.katalon.core.main.TestSuiteExecutor.execute(TestSuiteExecutor.java:106)
	at com.kms.katalon.core.main.TestCaseMain.startTestSuite(TestCaseMain.java:187)
	at com.kms.katalon.core.main.TestCaseMain$startTestSuite$0.call(Unknown Source)
	at TempTestSuite1722428972318.run(TempTestSuite1722428972318.groovy:35)]]></system-err>
      </testcase>
      <testcase name="Test Cases/CM/View/4G/View-Region Band" time="33.885" classname="Test Cases/CM/View/4G/View-Region Band" status="PASSED">
         <system-out><![CDATA[2024-07-31 15:39:52 - [TEST_CASE][PASSED] - Test Cases/CM/View/4G/View-Region Band: Test Cases/CM/View/4G/View-Region Band

2024-07-31 15:39:52 - [TEST_STEP][PASSED] - callTestCase(findTestCase("Login"), [:], STOP_ON_FAILURE): Call Test Case 'Test Cases/Login' successfully

2024-07-31 15:39:52 - [TEST_CASE][PASSED] - Test Cases/Login: Test Cases/Login

2024-07-31 15:39:52 - [TEST_STEP][PASSED] - driver = general.start(SwagerURL, NetCellURL): general.start is PASSED

2024-07-31 15:39:52 - [MESSAGE][INFO] - >>> chromeDriverPath=C:\Users\LP-Support\.katalon\packages\Katalon_Studio_Windows_64-8.6.9\Katalon_Studio_Windows_64-8.6.9\configuration\resources\drivers\chromedriver_win32\chromedriver.exe

2024-07-31 15:39:54 - [MESSAGE][PASSED] - Current window maximized

2024-07-31 15:39:54 - [MESSAGE][PASSED] - Execute JavaScript 'window.open();' successfully

2024-07-31 15:39:54 - [MESSAGE][PASSED] - Switched to window with index: '1'

2024-07-31 15:39:55 - [MESSAGE][PASSED] - general.start is PASSED

2024-07-31 15:39:55 - [TEST_STEP][PASSED] - click(findTestObject("Object Repository/Login/LoginButton")): Object: 'Object Repository/Login/LoginButton' is clicked on

2024-07-31 15:39:55 - [MESSAGE][PASSED] - Object: 'Object Repository/Login/LoginButton' is clicked on

2024-07-31 15:39:55 - [TEST_STEP][PASSED] - switchToWindowIndex(2): Switched to window with index: '2'

2024-07-31 15:39:56 - [MESSAGE][PASSED] - Switched to window with index: '2'

2024-07-31 15:39:56 - [TEST_STEP][PASSED] - delay(1): Delayed 1 second(s)

2024-07-31 15:39:57 - [MESSAGE][PASSED] - Delayed 1 second(s)

2024-07-31 15:39:57 - [TEST_STEP][PASSED] - sendKeys(findTestObject("Object Repository/Login/EnterEmail"), "homam@zztjg.onmicrosoft.com"): Keys 'homam@zztjg.onmicrosoft.com' sent to object: 'Object Repository/Login/EnterEmail'

2024-07-31 15:40:00 - [MESSAGE][PASSED] - Keys 'homam@zztjg.onmicrosoft.com' sent to object: 'Object Repository/Login/EnterEmail'

2024-07-31 15:40:00 - [TEST_STEP][PASSED] - delay(1): Delayed 1 second(s)

2024-07-31 15:40:01 - [MESSAGE][PASSED] - Delayed 1 second(s)

2024-07-31 15:40:01 - [TEST_STEP][PASSED] - click(findTestObject("Object Repository/Login/NextButton")): Object: 'Object Repository/Login/NextButton' is clicked on

2024-07-31 15:40:01 - [MESSAGE][PASSED] - Object: 'Object Repository/Login/NextButton' is clicked on

2024-07-31 15:40:01 - [TEST_STEP][PASSED] - delay(2): Delayed 2 second(s)

2024-07-31 15:40:03 - [MESSAGE][PASSED] - Delayed 2 second(s)

2024-07-31 15:40:03 - [TEST_STEP][PASSED] - sendKeys(findTestObject("Object Repository/Login/EnterPassword"), "Holder12345"): Keys 'Holder12345' sent to object: 'Object Repository/Login/EnterPassword'

2024-07-31 15:40:03 - [MESSAGE][PASSED] - Keys 'Holder12345' sent to object: 'Object Repository/Login/EnterPassword'

2024-07-31 15:40:03 - [TEST_STEP][PASSED] - delay(1): Delayed 1 second(s)

2024-07-31 15:40:04 - [MESSAGE][PASSED] - Delayed 1 second(s)

2024-07-31 15:40:04 - [TEST_STEP][PASSED] - click(findTestObject("Object Repository/Login/SigninButton")): Object: 'Object Repository/Login/SigninButton' is clicked on

2024-07-31 15:40:05 - [MESSAGE][PASSED] - Object: 'Object Repository/Login/SigninButton' is clicked on

2024-07-31 15:40:05 - [TEST_STEP][PASSED] - delay(1): Delayed 1 second(s)

2024-07-31 15:40:07 - [MESSAGE][PASSED] - Delayed 1 second(s)

2024-07-31 15:40:07 - [TEST_STEP][PASSED] - click(findTestObject("Object Repository/Login/YesStayInButton")): Object: 'Object Repository/Login/YesStayInButton' is clicked on

2024-07-31 15:40:07 - [MESSAGE][PASSED] - Object: 'Object Repository/Login/YesStayInButton' is clicked on

2024-07-31 15:40:07 - [MESSAGE][PASSED] - Call Test Case 'Test Cases/Login' successfully

2024-07-31 15:40:07 - [TEST_STEP][PASSED] - switchToWindowIndex(1): Switched to window with index: '1'

2024-07-31 15:40:07 - [MESSAGE][PASSED] - Switched to window with index: '1'

2024-07-31 15:40:07 - [TEST_STEP][PASSED] - CM.Stats("4G", "Region XDD", false, "Hourly"): CM.Stats is PASSED

2024-07-31 15:40:08 - [MESSAGE][PASSED] - Object: 'Object Repository/CM/CM' is clicked on

2024-07-31 15:40:09 - [MESSAGE][PASSED] - Switched to window with index: '2'

2024-07-31 15:40:10 - [MESSAGE][PASSED] - Object: 'Object Repository/PM/Huawei-vendor/TopX/TopX Object Type' is clicked on

2024-07-31 15:40:11 - [MESSAGE][PASSED] - Delayed 1 second(s)

2024-07-31 15:40:11 - [MESSAGE][PASSED] - Object: 'Object Repository/PM/Huawei-vendor/Object-Type/TopX Object Types/TopX Regions XDD/TopX Region XDD' is clicked on

2024-07-31 15:40:12 - [MESSAGE][PASSED] - Delayed 1 second(s)

2024-07-31 15:40:12 - [MESSAGE][WARNING] - Timeout '0' is invalid. Using default page load timeout: '120'

2024-07-31 15:40:12 - [MESSAGE][PASSED] - Scroll to object 'Object Repository/PM/Huawei-vendor/Object Border' successfully

2024-07-31 15:40:12 - [MESSAGE][PASSED] - Object: 'Object Repository/PM/Huawei-vendor/Object-Type/TopX Object Types/TopX Sites/TopX East Amman Arrow' is clicked on

2024-07-31 15:40:12 - [MESSAGE][PASSED] - Object: 'Object Repository/PM/Huawei-vendor/Object-Type/TopX Object Types/TopX Regions XDD/TopX FDD' is clicked on

2024-07-31 15:40:12 - [MESSAGE][PASSED] - Object: 'Object Repository/PM/Huawei-vendor/Object-Type/TopX Object Types/TopX Sites/TopX East Amman CloseArrow' is clicked on

2024-07-31 15:40:13 - [MESSAGE][PASSED] - Object: 'Object Repository/PM/Huawei-vendor/Object-Type/TopX Object Types/TopX Sites/TopX West Amman Arrow' is clicked on

2024-07-31 15:40:13 - [MESSAGE][PASSED] - Object: 'Object Repository/PM/Huawei-vendor/Object-Type/TopX Object Types/TopX Regions XDD/TopX TDD' is clicked on

2024-07-31 15:40:13 - [MESSAGE][PASSED] - Object: 'Object Repository/PM/Huawei-vendor/Object-Type/TopX Object Types/TopX Sites/TopX West Amman CloseArrow' is clicked on

2024-07-31 15:40:13 - [MESSAGE][PASSED] - Object: 'Object Repository/PM/Huawei-vendor/Object-Type/TopX Object Types/TopX Sites/TopX East Jordan Arrow' is clicked on

2024-07-31 15:40:13 - [MESSAGE][PASSED] - Object: 'Object Repository/PM/Huawei-vendor/Object-Type/TopX Object Types/TopX Regions XDD/TopX FDD' is clicked on

2024-07-31 15:40:13 - [MESSAGE][PASSED] - Object: 'Object Repository/PM/Huawei-vendor/Object-Type/TopX Object Types/TopX Sites/TopX East Jordan CloseArrow' is clicked on

2024-07-31 15:40:13 - [MESSAGE][PASSED] - Object: 'Object Repository/PM/Huawei-vendor/Object-Type/TopX Object Types/TopX Sites/TopX North Jordan Arrow' is clicked on

2024-07-31 15:40:14 - [MESSAGE][PASSED] - Object: 'Object Repository/PM/Huawei-vendor/Object-Type/TopX Object Types/TopX Regions XDD/TopX TDD' is clicked on

2024-07-31 15:40:14 - [MESSAGE][PASSED] - Object: 'Object Repository/PM/Huawei-vendor/Object-Type/TopX Object Types/TopX Sites/TopX North Jordan CloseArrow' is clicked on

2024-07-31 15:40:14 - [MESSAGE][WARNING] - Timeout '0' is invalid. Using default page load timeout: '120'

2024-07-31 15:40:14 - [MESSAGE][PASSED] - Scroll to object 'Object Repository/CM/View/Target type/Target Type Arrow' successfully

2024-07-31 15:40:14 - [MESSAGE][PASSED] - Object: 'Object Repository/CM/View/Target type/Target Type Arrow' is clicked on

2024-07-31 15:40:14 - [MESSAGE][PASSED] - Object: 'Object Repository/CM/View/Target type/Cell' is clicked on

2024-07-31 15:40:14 - [MESSAGE][WARNING] - Timeout '0' is invalid. Using default page load timeout: '120'

2024-07-31 15:40:15 - [MESSAGE][PASSED] - Scroll to object 'Object Repository/CM/View/MOs/MO-4GCaCroupSCellCfg' successfully

2024-07-31 15:40:15 - [MESSAGE][PASSED] - Object: 'Object Repository/CM/View/MOs/MO-4G-BcchCfg' is clicked on

2024-07-31 15:40:16 - [MESSAGE][PASSED] - Object: 'Object Repository/CM/View/MOs/MO-4G-CaMgtCfg' is clicked on

2024-07-31 15:40:16 - [MESSAGE][PASSED] - Object: 'Object Repository/CM/View/MOs/MO-4G-CLZeroBufferzone' is clicked on

2024-07-31 15:40:16 - [MESSAGE][PASSED] - Object: 'Object Repository/CM/View/MOs/MO-4G-CSFallBackHo' is clicked on

2024-07-31 15:40:16 - [MESSAGE][PASSED] - Object: 'Object Repository/PM/Huawei-vendor/Apply-Button' is clicked on

2024-07-31 15:40:16 - [MESSAGE][WARNING] - Timeout '0' is invalid. Using default page load timeout: '120'

2024-07-31 15:40:16 - [MESSAGE][PASSED] - Web element with id: 'Object Repository/PM/Huawei-vendor/Error' located by 'By.xpath: //div[@class='toast-summary title-medium-m']' is not present after '120' second(s)

2024-07-31 15:40:16 - [MESSAGE][WARNING] - Timeout '0' is invalid. Using default page load timeout: '120'

2024-07-31 15:40:25 - [MESSAGE][PASSED] - Object 'Object Repository/CM/Table header' is present

2024-07-31 15:40:26 - [MESSAGE][PASSED] - Browser is closed

2024-07-31 15:40:26 - [MESSAGE][PASSED] - CM.Stats is PASSED]]></system-out>
         <system-err><![CDATA[]]></system-err>
      </testcase>
      <testcase name="Test Cases/CM/View/4G/View-Region XDD" time="30.631" classname="Test Cases/CM/View/4G/View-Region XDD" status="PASSED">
         <system-out><![CDATA[2024-07-31 15:40:26 - [TEST_CASE][PASSED] - Test Cases/CM/View/4G/View-Region XDD: Test Cases/CM/View/4G/View-Region XDD

2024-07-31 15:40:26 - [TEST_STEP][PASSED] - callTestCase(findTestCase("Login"), [:], STOP_ON_FAILURE): Call Test Case 'Test Cases/Login' successfully

2024-07-31 15:40:26 - [TEST_CASE][PASSED] - Test Cases/Login: Test Cases/Login

2024-07-31 15:40:26 - [TEST_STEP][PASSED] - driver = general.start(SwagerURL, NetCellURL): general.start is PASSED

2024-07-31 15:40:26 - [MESSAGE][INFO] - >>> chromeDriverPath=C:\Users\LP-Support\.katalon\packages\Katalon_Studio_Windows_64-8.6.9\Katalon_Studio_Windows_64-8.6.9\configuration\resources\drivers\chromedriver_win32\chromedriver.exe

2024-07-31 15:40:27 - [MESSAGE][PASSED] - Current window maximized

2024-07-31 15:40:28 - [MESSAGE][PASSED] - Execute JavaScript 'window.open();' successfully

2024-07-31 15:40:28 - [MESSAGE][PASSED] - Switched to window with index: '1'

2024-07-31 15:40:29 - [MESSAGE][PASSED] - general.start is PASSED

2024-07-31 15:40:29 - [TEST_STEP][PASSED] - click(findTestObject("Object Repository/Login/LoginButton")): Object: 'Object Repository/Login/LoginButton' is clicked on

2024-07-31 15:40:29 - [MESSAGE][PASSED] - Object: 'Object Repository/Login/LoginButton' is clicked on

2024-07-31 15:40:29 - [TEST_STEP][PASSED] - switchToWindowIndex(2): Switched to window with index: '2'

2024-07-31 15:40:29 - [MESSAGE][PASSED] - Switched to window with index: '2'

2024-07-31 15:40:29 - [TEST_STEP][PASSED] - delay(1): Delayed 1 second(s)

2024-07-31 15:40:30 - [MESSAGE][PASSED] - Delayed 1 second(s)

2024-07-31 15:40:30 - [TEST_STEP][PASSED] - sendKeys(findTestObject("Object Repository/Login/EnterEmail"), "homam@zztjg.onmicrosoft.com"): Keys 'homam@zztjg.onmicrosoft.com' sent to object: 'Object Repository/Login/EnterEmail'

2024-07-31 15:40:31 - [MESSAGE][PASSED] - Keys 'homam@zztjg.onmicrosoft.com' sent to object: 'Object Repository/Login/EnterEmail'

2024-07-31 15:40:31 - [TEST_STEP][PASSED] - delay(1): Delayed 1 second(s)

2024-07-31 15:40:32 - [MESSAGE][PASSED] - Delayed 1 second(s)

2024-07-31 15:40:32 - [TEST_STEP][PASSED] - click(findTestObject("Object Repository/Login/NextButton")): Object: 'Object Repository/Login/NextButton' is clicked on

2024-07-31 15:40:32 - [MESSAGE][PASSED] - Object: 'Object Repository/Login/NextButton' is clicked on

2024-07-31 15:40:32 - [TEST_STEP][PASSED] - delay(2): Delayed 2 second(s)

2024-07-31 15:40:34 - [MESSAGE][PASSED] - Delayed 2 second(s)

2024-07-31 15:40:34 - [TEST_STEP][PASSED] - sendKeys(findTestObject("Object Repository/Login/EnterPassword"), "Holder12345"): Keys 'Holder12345' sent to object: 'Object Repository/Login/EnterPassword'

2024-07-31 15:40:34 - [MESSAGE][PASSED] - Keys 'Holder12345' sent to object: 'Object Repository/Login/EnterPassword'

2024-07-31 15:40:34 - [TEST_STEP][PASSED] - delay(1): Delayed 1 second(s)

2024-07-31 15:40:35 - [MESSAGE][PASSED] - Delayed 1 second(s)

2024-07-31 15:40:35 - [TEST_STEP][PASSED] - click(findTestObject("Object Repository/Login/SigninButton")): Object: 'Object Repository/Login/SigninButton' is clicked on

2024-07-31 15:40:36 - [MESSAGE][PASSED] - Object: 'Object Repository/Login/SigninButton' is clicked on

2024-07-31 15:40:36 - [TEST_STEP][PASSED] - delay(1): Delayed 1 second(s)

2024-07-31 15:40:37 - [MESSAGE][PASSED] - Delayed 1 second(s)

2024-07-31 15:40:37 - [TEST_STEP][PASSED] - click(findTestObject("Object Repository/Login/YesStayInButton")): Object: 'Object Repository/Login/YesStayInButton' is clicked on

2024-07-31 15:40:38 - [MESSAGE][PASSED] - Object: 'Object Repository/Login/YesStayInButton' is clicked on

2024-07-31 15:40:38 - [MESSAGE][PASSED] - Call Test Case 'Test Cases/Login' successfully

2024-07-31 15:40:38 - [TEST_STEP][PASSED] - switchToWindowIndex(1): Switched to window with index: '1'

2024-07-31 15:40:38 - [MESSAGE][PASSED] - Switched to window with index: '1'

2024-07-31 15:40:38 - [TEST_STEP][PASSED] - CM.Stats("4G", "Region XDD", false, "Hourly"): CM.Stats is PASSED

2024-07-31 15:40:39 - [MESSAGE][PASSED] - Object: 'Object Repository/CM/CM' is clicked on

2024-07-31 15:40:39 - [MESSAGE][PASSED] - Switched to window with index: '2'

2024-07-31 15:40:41 - [MESSAGE][PASSED] - Object: 'Object Repository/PM/Huawei-vendor/TopX/TopX Object Type' is clicked on

2024-07-31 15:40:42 - [MESSAGE][PASSED] - Delayed 1 second(s)

2024-07-31 15:40:42 - [MESSAGE][PASSED] - Object: 'Object Repository/PM/Huawei-vendor/Object-Type/TopX Object Types/TopX Regions XDD/TopX Region XDD' is clicked on

2024-07-31 15:40:43 - [MESSAGE][PASSED] - Delayed 1 second(s)

2024-07-31 15:40:43 - [MESSAGE][WARNING] - Timeout '0' is invalid. Using default page load timeout: '120'

2024-07-31 15:40:43 - [MESSAGE][PASSED] - Scroll to object 'Object Repository/PM/Huawei-vendor/Object Border' successfully

2024-07-31 15:40:43 - [MESSAGE][PASSED] - Object: 'Object Repository/PM/Huawei-vendor/Object-Type/TopX Object Types/TopX Sites/TopX East Amman Arrow' is clicked on

2024-07-31 15:40:44 - [MESSAGE][PASSED] - Object: 'Object Repository/PM/Huawei-vendor/Object-Type/TopX Object Types/TopX Regions XDD/TopX FDD' is clicked on

2024-07-31 15:40:44 - [MESSAGE][PASSED] - Object: 'Object Repository/PM/Huawei-vendor/Object-Type/TopX Object Types/TopX Sites/TopX East Amman CloseArrow' is clicked on

2024-07-31 15:40:44 - [MESSAGE][PASSED] - Object: 'Object Repository/PM/Huawei-vendor/Object-Type/TopX Object Types/TopX Sites/TopX West Amman Arrow' is clicked on

2024-07-31 15:40:44 - [MESSAGE][PASSED] - Object: 'Object Repository/PM/Huawei-vendor/Object-Type/TopX Object Types/TopX Regions XDD/TopX TDD' is clicked on

2024-07-31 15:40:44 - [MESSAGE][PASSED] - Object: 'Object Repository/PM/Huawei-vendor/Object-Type/TopX Object Types/TopX Sites/TopX West Amman CloseArrow' is clicked on

2024-07-31 15:40:44 - [MESSAGE][PASSED] - Object: 'Object Repository/PM/Huawei-vendor/Object-Type/TopX Object Types/TopX Sites/TopX East Jordan Arrow' is clicked on

2024-07-31 15:40:44 - [MESSAGE][PASSED] - Object: 'Object Repository/PM/Huawei-vendor/Object-Type/TopX Object Types/TopX Regions XDD/TopX FDD' is clicked on

2024-07-31 15:40:45 - [MESSAGE][PASSED] - Object: 'Object Repository/PM/Huawei-vendor/Object-Type/TopX Object Types/TopX Sites/TopX East Jordan CloseArrow' is clicked on

2024-07-31 15:40:45 - [MESSAGE][PASSED] - Object: 'Object Repository/PM/Huawei-vendor/Object-Type/TopX Object Types/TopX Sites/TopX North Jordan Arrow' is clicked on

2024-07-31 15:40:45 - [MESSAGE][PASSED] - Object: 'Object Repository/PM/Huawei-vendor/Object-Type/TopX Object Types/TopX Regions XDD/TopX TDD' is clicked on

2024-07-31 15:40:45 - [MESSAGE][PASSED] - Object: 'Object Repository/PM/Huawei-vendor/Object-Type/TopX Object Types/TopX Sites/TopX North Jordan CloseArrow' is clicked on

2024-07-31 15:40:45 - [MESSAGE][WARNING] - Timeout '0' is invalid. Using default page load timeout: '120'

2024-07-31 15:40:45 - [MESSAGE][PASSED] - Scroll to object 'Object Repository/CM/View/Target type/Target Type Arrow' successfully

2024-07-31 15:40:45 - [MESSAGE][PASSED] - Object: 'Object Repository/CM/View/Target type/Target Type Arrow' is clicked on

2024-07-31 15:40:45 - [MESSAGE][PASSED] - Object: 'Object Repository/CM/View/Target type/Cell' is clicked on

2024-07-31 15:40:45 - [MESSAGE][WARNING] - Timeout '0' is invalid. Using default page load timeout: '120'

2024-07-31 15:40:46 - [MESSAGE][PASSED] - Scroll to object 'Object Repository/CM/View/MOs/MO-4GCaCroupSCellCfg' successfully

2024-07-31 15:40:46 - [MESSAGE][PASSED] - Object: 'Object Repository/CM/View/MOs/MO-4G-BcchCfg' is clicked on

2024-07-31 15:40:47 - [MESSAGE][PASSED] - Object: 'Object Repository/CM/View/MOs/MO-4G-CaMgtCfg' is clicked on

2024-07-31 15:40:47 - [MESSAGE][PASSED] - Object: 'Object Repository/CM/View/MOs/MO-4G-CLZeroBufferzone' is clicked on

2024-07-31 15:40:47 - [MESSAGE][PASSED] - Object: 'Object Repository/CM/View/MOs/MO-4G-CSFallBackHo' is clicked on

2024-07-31 15:40:47 - [MESSAGE][PASSED] - Object: 'Object Repository/PM/Huawei-vendor/Apply-Button' is clicked on

2024-07-31 15:40:47 - [MESSAGE][WARNING] - Timeout '0' is invalid. Using default page load timeout: '120'

2024-07-31 15:40:47 - [MESSAGE][PASSED] - Web element with id: 'Object Repository/PM/Huawei-vendor/Error' located by 'By.xpath: //div[@class='toast-summary title-medium-m']' is not present after '120' second(s)

2024-07-31 15:40:47 - [MESSAGE][WARNING] - Timeout '0' is invalid. Using default page load timeout: '120'

2024-07-31 15:40:56 - [MESSAGE][PASSED] - Object 'Object Repository/CM/Table header' is present

2024-07-31 15:40:56 - [MESSAGE][PASSED] - Browser is closed

2024-07-31 15:40:56 - [MESSAGE][PASSED] - CM.Stats is PASSED]]></system-out>
         <system-err><![CDATA[]]></system-err>
      </testcase>
      <testcase name="Test Cases/CM/View/4G/View-Sector" time="77.326" classname="Test Cases/CM/View/4G/View-Sector" status="PASSED">
         <system-out><![CDATA[2024-07-31 15:40:56 - [TEST_CASE][PASSED] - Test Cases/CM/View/4G/View-Sector: Test Cases/CM/View/4G/View-Sector

2024-07-31 15:40:57 - [TEST_STEP][PASSED] - callTestCase(findTestCase("Login"), [:], STOP_ON_FAILURE): Call Test Case 'Test Cases/Login' successfully

2024-07-31 15:40:57 - [TEST_CASE][PASSED] - Test Cases/Login: Test Cases/Login

2024-07-31 15:40:57 - [TEST_STEP][PASSED] - driver = general.start(SwagerURL, NetCellURL): general.start is PASSED

2024-07-31 15:40:57 - [MESSAGE][INFO] - >>> chromeDriverPath=C:\Users\LP-Support\.katalon\packages\Katalon_Studio_Windows_64-8.6.9\Katalon_Studio_Windows_64-8.6.9\configuration\resources\drivers\chromedriver_win32\chromedriver.exe

2024-07-31 15:40:58 - [MESSAGE][PASSED] - Current window maximized

2024-07-31 15:40:58 - [MESSAGE][PASSED] - Execute JavaScript 'window.open();' successfully

2024-07-31 15:40:58 - [MESSAGE][PASSED] - Switched to window with index: '1'

2024-07-31 15:40:59 - [MESSAGE][PASSED] - general.start is PASSED

2024-07-31 15:40:59 - [TEST_STEP][PASSED] - click(findTestObject("Object Repository/Login/LoginButton")): Object: 'Object Repository/Login/LoginButton' is clicked on

2024-07-31 15:40:59 - [MESSAGE][PASSED] - Object: 'Object Repository/Login/LoginButton' is clicked on

2024-07-31 15:40:59 - [TEST_STEP][PASSED] - switchToWindowIndex(2): Switched to window with index: '2'

2024-07-31 15:41:00 - [MESSAGE][PASSED] - Switched to window with index: '2'

2024-07-31 15:41:00 - [TEST_STEP][PASSED] - delay(1): Delayed 1 second(s)

2024-07-31 15:41:01 - [MESSAGE][PASSED] - Delayed 1 second(s)

2024-07-31 15:41:01 - [TEST_STEP][PASSED] - sendKeys(findTestObject("Object Repository/Login/EnterEmail"), "homam@zztjg.onmicrosoft.com"): Keys 'homam@zztjg.onmicrosoft.com' sent to object: 'Object Repository/Login/EnterEmail'

2024-07-31 15:41:03 - [MESSAGE][PASSED] - Keys 'homam@zztjg.onmicrosoft.com' sent to object: 'Object Repository/Login/EnterEmail'

2024-07-31 15:41:03 - [TEST_STEP][PASSED] - delay(1): Delayed 1 second(s)

2024-07-31 15:41:04 - [MESSAGE][PASSED] - Delayed 1 second(s)

2024-07-31 15:41:04 - [TEST_STEP][PASSED] - click(findTestObject("Object Repository/Login/NextButton")): Object: 'Object Repository/Login/NextButton' is clicked on

2024-07-31 15:41:04 - [MESSAGE][PASSED] - Object: 'Object Repository/Login/NextButton' is clicked on

2024-07-31 15:41:04 - [TEST_STEP][PASSED] - delay(2): Delayed 2 second(s)

2024-07-31 15:41:06 - [MESSAGE][PASSED] - Delayed 2 second(s)

2024-07-31 15:41:06 - [TEST_STEP][PASSED] - sendKeys(findTestObject("Object Repository/Login/EnterPassword"), "Holder12345"): Keys 'Holder12345' sent to object: 'Object Repository/Login/EnterPassword'

2024-07-31 15:41:06 - [MESSAGE][PASSED] - Keys 'Holder12345' sent to object: 'Object Repository/Login/EnterPassword'

2024-07-31 15:41:06 - [TEST_STEP][PASSED] - delay(1): Delayed 1 second(s)

2024-07-31 15:41:07 - [MESSAGE][PASSED] - Delayed 1 second(s)

2024-07-31 15:41:07 - [TEST_STEP][PASSED] - click(findTestObject("Object Repository/Login/SigninButton")): Object: 'Object Repository/Login/SigninButton' is clicked on

2024-07-31 15:41:09 - [MESSAGE][PASSED] - Object: 'Object Repository/Login/SigninButton' is clicked on

2024-07-31 15:41:09 - [TEST_STEP][PASSED] - delay(1): Delayed 1 second(s)

2024-07-31 15:41:10 - [MESSAGE][PASSED] - Delayed 1 second(s)

2024-07-31 15:41:10 - [TEST_STEP][PASSED] - click(findTestObject("Object Repository/Login/YesStayInButton")): Object: 'Object Repository/Login/YesStayInButton' is clicked on

2024-07-31 15:41:10 - [MESSAGE][PASSED] - Object: 'Object Repository/Login/YesStayInButton' is clicked on

2024-07-31 15:41:10 - [MESSAGE][PASSED] - Call Test Case 'Test Cases/Login' successfully

2024-07-31 15:41:10 - [TEST_STEP][PASSED] - switchToWindowIndex(1): Switched to window with index: '1'

2024-07-31 15:41:10 - [MESSAGE][PASSED] - Switched to window with index: '1'

2024-07-31 15:41:10 - [TEST_STEP][PASSED] - CM.Stats("4G", "Sector", false, "Hourly"): CM.Stats is PASSED

2024-07-31 15:41:11 - [MESSAGE][PASSED] - Object: 'Object Repository/CM/CM' is clicked on

2024-07-31 15:41:11 - [MESSAGE][PASSED] - Switched to window with index: '2'

2024-07-31 15:41:13 - [MESSAGE][PASSED] - Object: 'Object Repository/PM/Huawei-vendor/TopX/TopX Object Type' is clicked on

2024-07-31 15:41:14 - [MESSAGE][PASSED] - Delayed 1 second(s)

2024-07-31 15:41:14 - [MESSAGE][PASSED] - Object: 'Object Repository/PM/Huawei-vendor/Object-Type/TopX Object Types/TopX Sectors/TopX Sector' is clicked on

2024-07-31 15:41:15 - [MESSAGE][PASSED] - Delayed 1 second(s)

2024-07-31 15:41:15 - [MESSAGE][WARNING] - Timeout '0' is invalid. Using default page load timeout: '120'

2024-07-31 15:41:15 - [MESSAGE][PASSED] - Scroll to object 'Object Repository/PM/Huawei-vendor/Object Border' successfully

2024-07-31 15:41:15 - [MESSAGE][PASSED] - Object: 'Object Repository/PM/Huawei-vendor/Object-Type/TopX Object Types/TopX Regions/TopX Region East Amman' is clicked on

2024-07-31 15:41:24 - [MESSAGE][PASSED] - Object: 'Object Repository/PM/Huawei-vendor/Object-Type/TopX Object Types/TopX Sites/TopX West Amman Arrow' is clicked on

2024-07-31 15:41:24 - [MESSAGE][PASSED] - Object: 'Object Repository/PM/Huawei-vendor/Object-Type/TopX Object Types/TopX Sectors/TopX West Amman 1601A' is clicked on

2024-07-31 15:41:24 - [MESSAGE][PASSED] - Object: 'Object Repository/PM/Huawei-vendor/Object-Type/TopX Object Types/TopX Sites/TopX West Amman CloseArrow' is clicked on

2024-07-31 15:41:35 - [MESSAGE][PASSED] - Object: 'Object Repository/PM/Huawei-vendor/Object-Type/TopX Object Types/TopX Sites/TopX South Amman Arrow' is clicked on

2024-07-31 15:41:36 - [MESSAGE][PASSED] - Object: 'Object Repository/PM/Huawei-vendor/Object-Type/TopX Object Types/TopX Sectors/TopX South Amman 101B' is clicked on

2024-07-31 15:41:37 - [MESSAGE][PASSED] - Object: 'Object Repository/PM/Huawei-vendor/Object-Type/TopX Object Types/TopX Sites/TopX South Amman CloseArrow' is clicked on

2024-07-31 15:41:44 - [MESSAGE][PASSED] - Object: 'Object Repository/PM/Huawei-vendor/Object-Type/TopX Object Types/TopX Sites/TopX East Jordan Arrow' is clicked on

2024-07-31 15:41:45 - [MESSAGE][PASSED] - Object: 'Object Repository/PM/Huawei-vendor/Object-Type/TopX Object Types/TopX Sectors/TopX East Jordan 1001C' is clicked on

2024-07-31 15:41:45 - [MESSAGE][PASSED] - Object: 'Object Repository/PM/Huawei-vendor/Object-Type/TopX Object Types/TopX Sites/TopX East Jordan CloseArrow' is clicked on

2024-07-31 15:42:02 - [MESSAGE][PASSED] - Object: 'Object Repository/PM/Huawei-vendor/Object-Type/TopX Object Types/TopX Sites/TopX North Jordan Arrow' is clicked on

2024-07-31 15:42:03 - [MESSAGE][PASSED] - Object: 'Object Repository/PM/Huawei-vendor/Object-Type/TopX Object Types/TopX Sectors/TopX North Jordan 1401A' is clicked on

2024-07-31 15:42:03 - [MESSAGE][PASSED] - Object: 'Object Repository/PM/Huawei-vendor/Object-Type/TopX Object Types/TopX Sites/TopX North Jordan CloseArrow' is clicked on

2024-07-31 15:42:09 - [MESSAGE][PASSED] - Object: 'Object Repository/PM/Huawei-vendor/Object-Type/TopX Object Types/TopX Sites/TopX South Jordan Arrow' is clicked on

2024-07-31 15:42:09 - [MESSAGE][PASSED] - Object: 'Object Repository/PM/Huawei-vendor/Object-Type/TopX Object Types/TopX Sectors/TopX South Jordan1203B' is clicked on

2024-07-31 15:42:10 - [MESSAGE][PASSED] - Object: 'Object Repository/PM/Huawei-vendor/Object-Type/TopX Object Types/TopX Sites/TopX South Jordan CloseArrow' is clicked on

2024-07-31 15:42:10 - [MESSAGE][PASSED] - Object: 'Object Repository/PM/Huawei-vendor/Object-Type/TopX Object Types/TopX Sites/TopX Others Arrow' is clicked on

2024-07-31 15:42:11 - [MESSAGE][PASSED] - Object: 'Object Repository/PM/Huawei-vendor/Object-Type/TopX Object Types/TopX Sectors/TopX Others 6307C' is clicked on

2024-07-31 15:42:11 - [MESSAGE][PASSED] - Object: 'Object Repository/PM/Huawei-vendor/Object-Type/TopX Object Types/TopX Sites/TopX Others CloseArrow' is clicked on

2024-07-31 15:42:11 - [MESSAGE][WARNING] - Timeout '0' is invalid. Using default page load timeout: '120'

2024-07-31 15:42:11 - [MESSAGE][PASSED] - Scroll to object 'Object Repository/CM/View/Target type/Target Type Arrow' successfully

2024-07-31 15:42:11 - [MESSAGE][PASSED] - Object: 'Object Repository/CM/View/Target type/Target Type Arrow' is clicked on

2024-07-31 15:42:11 - [MESSAGE][PASSED] - Object: 'Object Repository/CM/View/Target type/Cell' is clicked on

2024-07-31 15:42:11 - [MESSAGE][WARNING] - Timeout '0' is invalid. Using default page load timeout: '120'

2024-07-31 15:42:11 - [MESSAGE][PASSED] - Scroll to object 'Object Repository/CM/View/MOs/MO-4GCaCroupSCellCfg' successfully

2024-07-31 15:42:12 - [MESSAGE][PASSED] - Object: 'Object Repository/CM/View/MOs/MO-4G-BcchCfg' is clicked on

2024-07-31 15:42:12 - [MESSAGE][PASSED] - Object: 'Object Repository/CM/View/MOs/MO-4G-CaMgtCfg' is clicked on

2024-07-31 15:42:12 - [MESSAGE][PASSED] - Object: 'Object Repository/CM/View/MOs/MO-4G-CLZeroBufferzone' is clicked on

2024-07-31 15:42:12 - [MESSAGE][PASSED] - Object: 'Object Repository/CM/View/MOs/MO-4G-CSFallBackHo' is clicked on

2024-07-31 15:42:12 - [MESSAGE][PASSED] - Object: 'Object Repository/PM/Huawei-vendor/Apply-Button' is clicked on

2024-07-31 15:42:12 - [MESSAGE][WARNING] - Timeout '0' is invalid. Using default page load timeout: '120'

2024-07-31 15:42:12 - [MESSAGE][PASSED] - Web element with id: 'Object Repository/PM/Huawei-vendor/Error' located by 'By.xpath: //div[@class='toast-summary title-medium-m']' is not present after '120' second(s)

2024-07-31 15:42:12 - [MESSAGE][WARNING] - Timeout '0' is invalid. Using default page load timeout: '120'

2024-07-31 15:42:13 - [MESSAGE][PASSED] - Object 'Object Repository/CM/Table header' is present

2024-07-31 15:42:14 - [MESSAGE][PASSED] - Browser is closed

2024-07-31 15:42:14 - [MESSAGE][PASSED] - CM.Stats is PASSED]]></system-out>
         <system-err><![CDATA[]]></system-err>
      </testcase>
      <system-out><![CDATA[2024-07-31 15:29:34 - [TEST_SUITE][ERROR] - 4G-View: Test Cases/CM/View/4G/View-PLMN has ERROR(s).
Reason:
java.io.FileNotFoundException: File '' does not exist]]></system-out>
      <system-err><![CDATA[2024-07-31 15:29:34 - [TEST_SUITE][ERROR] - 4G-View: Test Cases/CM/View/4G/View-PLMN has ERROR(s).
Reason:
java.io.FileNotFoundException: File '' does not exist]]></system-err>
   </testsuite>
</testsuites>
