<?xml version="1.0" encoding="UTF-8"?>
<testsuites name="Regression Stats 4g" time="1193.45" tests="23" failures="2" errors="0">
   <testsuite name="Regression Stats 4g" tests="23" failures="2" errors="0" time="1193.45" skipped="0" timestamp="2024-10-03 15:55:18" hostname="FatimaIbeid - LP-FatimaIbeid" id="Test Suites/PM/Hwauei/Stats/Regression Stats 4g">
      <properties>
         <property name="deviceName" value=""/>
         <property name="devicePlatform" value=""/>
         <property name="logFolder" value="C:\\Users\\FatimaIbeid\\git\\NetCell\\Reports\\20241003_155516\\PM\\Hwauei\\Stats\\Regression Stats 4g\\20241003_155516"/>
         <property name="logFiles" value="C:\\Users\\FatimaIbeid\\git\\NetCell\\Reports\\20241003_155516\\PM\\Hwauei\\Stats\\Regression Stats 4g\\20241003_155516\\execution0.log"/>
         <property name="attachments" value="C:\\Users\\FatimaIbeid\\git\\NetCell\\Reports\\20241003_155516\\PM\\Hwauei\\Stats\\Regression Stats 4g\\20241003_155516\\1727961310975.png, C:\\Users\\FatimaIbeid\\git\\NetCell\\Reports\\20241003_155516\\PM\\Hwauei\\Stats\\Regression Stats 4g\\20241003_155516\\1727961311317.png"/>
         <property name="hostName" value="FatimaIbeid - LP-FatimaIbeid"/>
         <property name="os" value="Windows 11 64bit"/>
         <property name="katalonVersion" value="8.6.9.208"/>
         <property name="browser" value="Chrome 129.0.0.0"/>
         <property name="hostAddress" value="192.168.8.187"/>
         <property name="sessionId" value="2ea173494e8ef523ccd9fceb34bbf26b"/>
         <property name="seleniumVersion" value="3.141.59"/>
         <property name="proxyInformation" value="ProxyInformation { proxyOption=NO_PROXY, proxyServerType=HTTP, username=, password=********, proxyServerAddress=, proxyServerPort=0, executionList=&quot;&quot;, isApplyToDesiredCapabilities=true }"/>
         <property name="platform" value="Windows 11"/>
      </properties>
      <testcase name="Test Cases/PM/Hwauei/Stats/4G/PLMN/PLMN" time="32.262" classname="Test Cases/PM/Hwauei/Stats/4G/PLMN/PLMN" status="PASSED">
         <system-out><![CDATA[2024-10-03 15:55:19 - [TEST_CASE][PASSED] - Test Cases/PM/Hwauei/Stats/4G/PLMN/PLMN: Test Cases/PM/Hwauei/Stats/4G/PLMN/PLMN

2024-10-03 15:55:19 - [TEST_STEP][PASSED] - callTestCase(findTestCase("LoginNew"), [:], STOP_ON_FAILURE): Call Test Case 'Test Cases/LoginNew' successfully

2024-10-03 15:55:19 - [TEST_CASE][PASSED] - Test Cases/LoginNew: Test Cases/LoginNew

2024-10-03 15:55:19 - [TEST_STEP][PASSED] - driver = general.start(SwagerURL, NetCellURL): general.start is PASSED

2024-10-03 15:55:20 - [MESSAGE][INFO] - >>> chromeDriverPath=C:\Users\FatimaIbeid\.katalon\packages\Katalon_Studio_Windows_64-8.6.9\Katalon_Studio_Windows_64-8.6.9\configuration\resources\drivers\chromedriver_win32\chromedriver.exe

2024-10-03 15:55:23 - [MESSAGE][PASSED] - Current window maximized

2024-10-03 15:55:23 - [MESSAGE][PASSED] - Execute JavaScript 'window.open();' successfully

2024-10-03 15:55:23 - [MESSAGE][PASSED] - Switched to window with index: '1'

2024-10-03 15:55:35 - [MESSAGE][PASSED] - general.start is PASSED

2024-10-03 15:55:35 - [TEST_STEP][PASSED] - delay(1): Delayed 1 second(s)

2024-10-03 15:55:36 - [MESSAGE][PASSED] - Delayed 1 second(s)

2024-10-03 15:55:36 - [TEST_STEP][PASSED] - sendKeys(findTestObject("Object Repository/Login/EnterEmail2"), "homam@zztjg.onmicrosoft.com"): Keys 'homam@zztjg.onmicrosoft.com' sent to object: 'Object Repository/Login/EnterEmail2'

2024-10-03 15:55:36 - [MESSAGE][PASSED] - Keys 'homam@zztjg.onmicrosoft.com' sent to object: 'Object Repository/Login/EnterEmail2'

2024-10-03 15:55:36 - [TEST_STEP][PASSED] - delay(1): Delayed 1 second(s)

2024-10-03 15:55:37 - [MESSAGE][PASSED] - Delayed 1 second(s)

2024-10-03 15:55:37 - [TEST_STEP][PASSED] - sendKeys(findTestObject("Object Repository/Login/EnterPassword2"), "P@ssw0rd"): Keys 'P@ssw0rd' sent to object: 'Object Repository/Login/EnterPassword2'

2024-10-03 15:55:38 - [MESSAGE][PASSED] - Keys 'P@ssw0rd' sent to object: 'Object Repository/Login/EnterPassword2'

2024-10-03 15:55:38 - [TEST_STEP][PASSED] - delay(1): Delayed 1 second(s)

2024-10-03 15:55:39 - [MESSAGE][PASSED] - Delayed 1 second(s)

2024-10-03 15:55:39 - [TEST_STEP][PASSED] - click(findTestObject("Object Repository/Login/LoginButton2")): Object: 'Object Repository/Login/LoginButton2' is clicked on

2024-10-03 15:55:39 - [MESSAGE][PASSED] - Object: 'Object Repository/Login/LoginButton2' is clicked on

2024-10-03 15:55:39 - [TEST_STEP][PASSED] - delay(1): Delayed 1 second(s)

2024-10-03 15:55:40 - [MESSAGE][PASSED] - Delayed 1 second(s)

2024-10-03 15:55:40 - [TEST_STEP][PASSED] - waitForElementPresent(findTestObject("Object Repository/Login/welcome To NetCell"), 0): Object 'Object Repository/Login/welcome To NetCell' is present

2024-10-03 15:55:40 - [MESSAGE][WARNING] - Timeout '0' is invalid. Using default page load timeout: '120'

2024-10-03 15:55:40 - [MESSAGE][PASSED] - Object 'Object Repository/Login/welcome To NetCell' is present

2024-10-03 15:55:40 - [MESSAGE][PASSED] - Call Test Case 'Test Cases/LoginNew' successfully

2024-10-03 15:55:40 - [TEST_STEP][PASSED] - switchToWindowIndex(1): Switched to window with index: '1'

2024-10-03 15:55:40 - [MESSAGE][PASSED] - Switched to window with index: '1'

2024-10-03 15:55:40 - [TEST_STEP][PASSED] - PMHwaueiStats.Stats("4G", "PLMN", false, "Hourly"): PMHwaueiStats.Stats is PASSED

2024-10-03 15:55:41 - [MESSAGE][PASSED] - Object: 'Object Repository/PM/PM-Button' is clicked on

2024-10-03 15:55:41 - [MESSAGE][PASSED] - Switched to window with index: '2'

2024-10-03 15:55:41 - [MESSAGE][PASSED] - Object: 'Object Repository/PM/Huawei-vendor/TopX/TopX Object Type' is clicked on

2024-10-03 15:55:42 - [MESSAGE][PASSED] - Delayed 1 second(s)

2024-10-03 15:55:43 - [MESSAGE][PASSED] - Object: 'Object Repository/PM/Huawei-vendor/Object-Type/TopX Object Types/TopX PLMNs/TopX PLMN' is clicked on

2024-10-03 15:55:44 - [MESSAGE][PASSED] - Delayed 1 second(s)

2024-10-03 15:55:44 - [MESSAGE][PASSED] - Object: 'Object Repository/PM/Huawei-vendor/Object-Type/TopX Object Types/TopX PLMNs/TopX PLMN checkbox' is clicked on

2024-10-03 15:55:44 - [MESSAGE][WARNING] - Timeout '0' is invalid. Using default page load timeout: '120'

2024-10-03 15:55:44 - [MESSAGE][PASSED] - Scroll to object 'Object Repository/PM/Huawei-vendor/StarttimeLable' successfully

2024-10-03 15:55:45 - [MESSAGE][PASSED] - Object: 'Object Repository/PM/Huawei-vendor/StartDate/StartDate-Button' is clicked on

2024-10-03 15:55:45 - [MESSAGE][PASSED] - Object: 'Object Repository/PM/Huawei-vendor/StartDate/Monthly-Selection' is clicked on

2024-10-03 15:55:45 - [MESSAGE][PASSED] - Object: 'Object Repository/PM/Huawei-vendor/StartDate/Fep-Selection' is clicked on

2024-10-03 15:55:46 - [MESSAGE][PASSED] - Delayed 1 second(s)

2024-10-03 15:55:47 - [MESSAGE][PASSED] - Object: 'Object Repository/PM/Huawei-vendor/StartDate/1-Fep' is clicked on

2024-10-03 15:55:47 - [MESSAGE][PASSED] - Object: 'Object Repository/PM/Huawei-vendor/Apply-Button' is clicked on

2024-10-03 15:55:47 - [MESSAGE][WARNING] - Timeout '0' is invalid. Using default page load timeout: '120'

2024-10-03 15:55:47 - [MESSAGE][PASSED] - Web element with id: 'Object Repository/PM/Huawei-vendor/Error' located by 'By.xpath: //div[@class='toast-summary title-medium-m']' is not present after '120' second(s)

2024-10-03 15:55:48 - [MESSAGE][WARNING] - Timeout '0' is invalid. Using default page load timeout: '120'

2024-10-03 15:55:49 - [MESSAGE][PASSED] - Object 'Object Repository/PM/Huawei-vendor/Export-Result' is present

2024-10-03 15:55:50 - [MESSAGE][PASSED] - Browser is closed

2024-10-03 15:55:50 - [MESSAGE][PASSED] - PMHwaueiStats.Stats is PASSED

2024-10-03 15:55:50 - [TEST_STEP][PASSED] - Start tear down : tearDownTestCase: Method 'tearDownTestCase' complete successfully

2024-10-03 15:55:51 - [TEST_STEP][PASSED] - closeBrowser(): Browser is closed

2024-10-03 15:55:51 - [MESSAGE][PASSED] - Browser is closed

2024-10-03 15:55:51 - [MESSAGE][PASSED] - Method 'tearDownTestCase' complete successfully]]></system-out>
         <system-err><![CDATA[]]></system-err>
      </testcase>
      <testcase name="Test Cases/PM/Hwauei/Stats/4G/Region-Folder/Region" time="44.588" classname="Test Cases/PM/Hwauei/Stats/4G/Region-Folder/Region" status="PASSED">
         <system-out><![CDATA[2024-10-03 15:55:51 - [TEST_CASE][PASSED] - Test Cases/PM/Hwauei/Stats/4G/Region-Folder/Region: Test Cases/PM/Hwauei/Stats/4G/Region-Folder/Region

2024-10-03 15:55:52 - [TEST_STEP][PASSED] - callTestCase(findTestCase("LoginNew"), [:], STOP_ON_FAILURE): Call Test Case 'Test Cases/LoginNew' successfully

2024-10-03 15:55:52 - [TEST_CASE][PASSED] - Test Cases/LoginNew: Test Cases/LoginNew

2024-10-03 15:55:52 - [TEST_STEP][PASSED] - driver = general.start(SwagerURL, NetCellURL): general.start is PASSED

2024-10-03 15:55:52 - [MESSAGE][INFO] - >>> chromeDriverPath=C:\Users\FatimaIbeid\.katalon\packages\Katalon_Studio_Windows_64-8.6.9\Katalon_Studio_Windows_64-8.6.9\configuration\resources\drivers\chromedriver_win32\chromedriver.exe

2024-10-03 15:55:53 - [MESSAGE][PASSED] - Current window maximized

2024-10-03 15:55:54 - [MESSAGE][PASSED] - Execute JavaScript 'window.open();' successfully

2024-10-03 15:55:54 - [MESSAGE][PASSED] - Switched to window with index: '1'

2024-10-03 15:56:07 - [MESSAGE][PASSED] - general.start is PASSED

2024-10-03 15:56:07 - [TEST_STEP][PASSED] - delay(1): Delayed 1 second(s)

2024-10-03 15:56:08 - [MESSAGE][PASSED] - Delayed 1 second(s)

2024-10-03 15:56:08 - [TEST_STEP][PASSED] - sendKeys(findTestObject("Object Repository/Login/EnterEmail2"), "homam@zztjg.onmicrosoft.com"): Keys 'homam@zztjg.onmicrosoft.com' sent to object: 'Object Repository/Login/EnterEmail2'

2024-10-03 15:56:08 - [MESSAGE][PASSED] - Keys 'homam@zztjg.onmicrosoft.com' sent to object: 'Object Repository/Login/EnterEmail2'

2024-10-03 15:56:08 - [TEST_STEP][PASSED] - delay(1): Delayed 1 second(s)

2024-10-03 15:56:09 - [MESSAGE][PASSED] - Delayed 1 second(s)

2024-10-03 15:56:09 - [TEST_STEP][PASSED] - sendKeys(findTestObject("Object Repository/Login/EnterPassword2"), "P@ssw0rd"): Keys 'P@ssw0rd' sent to object: 'Object Repository/Login/EnterPassword2'

2024-10-03 15:56:10 - [MESSAGE][PASSED] - Keys 'P@ssw0rd' sent to object: 'Object Repository/Login/EnterPassword2'

2024-10-03 15:56:10 - [TEST_STEP][PASSED] - delay(1): Delayed 1 second(s)

2024-10-03 15:56:11 - [MESSAGE][PASSED] - Delayed 1 second(s)

2024-10-03 15:56:11 - [TEST_STEP][PASSED] - click(findTestObject("Object Repository/Login/LoginButton2")): Object: 'Object Repository/Login/LoginButton2' is clicked on

2024-10-03 15:56:11 - [MESSAGE][PASSED] - Object: 'Object Repository/Login/LoginButton2' is clicked on

2024-10-03 15:56:11 - [TEST_STEP][PASSED] - delay(1): Delayed 1 second(s)

2024-10-03 15:56:12 - [MESSAGE][PASSED] - Delayed 1 second(s)

2024-10-03 15:56:12 - [TEST_STEP][PASSED] - waitForElementPresent(findTestObject("Object Repository/Login/welcome To NetCell"), 0): Object 'Object Repository/Login/welcome To NetCell' is present

2024-10-03 15:56:12 - [MESSAGE][WARNING] - Timeout '0' is invalid. Using default page load timeout: '120'

2024-10-03 15:56:12 - [MESSAGE][PASSED] - Object 'Object Repository/Login/welcome To NetCell' is present

2024-10-03 15:56:12 - [MESSAGE][PASSED] - Call Test Case 'Test Cases/LoginNew' successfully

2024-10-03 15:56:12 - [TEST_STEP][PASSED] - switchToWindowIndex(1): Switched to window with index: '1'

2024-10-03 15:56:12 - [MESSAGE][PASSED] - Switched to window with index: '1'

2024-10-03 15:56:12 - [TEST_STEP][PASSED] - PMHwaueiStats.Stats("4G", "Region", false, "Hourly"): PMHwaueiStats.Stats is PASSED

2024-10-03 15:56:12 - [MESSAGE][PASSED] - Object: 'Object Repository/PM/PM-Button' is clicked on

2024-10-03 15:56:12 - [MESSAGE][PASSED] - Switched to window with index: '2'

2024-10-03 15:56:25 - [MESSAGE][PASSED] - Object: 'Object Repository/PM/Huawei-vendor/TopX/TopX Object Type' is clicked on

2024-10-03 15:56:26 - [MESSAGE][PASSED] - Delayed 1 second(s)

2024-10-03 15:56:26 - [MESSAGE][PASSED] - Object: 'Object Repository/PM/Huawei-vendor/Object-Type/TopX Object Types/TopX Regions/TopX Region' is clicked on

2024-10-03 15:56:27 - [MESSAGE][PASSED] - Delayed 1 second(s)

2024-10-03 15:56:27 - [MESSAGE][WARNING] - Timeout '0' is invalid. Using default page load timeout: '120'

2024-10-03 15:56:27 - [MESSAGE][PASSED] - Scroll to object 'Object Repository/PM/Huawei-vendor/Object Border' successfully

2024-10-03 15:56:28 - [MESSAGE][PASSED] - Object: 'Object Repository/PM/Huawei-vendor/Object-Type/TopX Object Types/TopX Regions/TopX Region East Amman' is clicked on

2024-10-03 15:56:28 - [MESSAGE][PASSED] - Object: 'Object Repository/PM/Huawei-vendor/Object-Type/TopX Object Types/TopX Regions/TopX Region West Amman' is clicked on

2024-10-03 15:56:28 - [MESSAGE][PASSED] - Object: 'Object Repository/PM/Huawei-vendor/Object-Type/TopX Object Types/TopX Regions/TopX Region South Jordan' is clicked on

2024-10-03 15:56:28 - [MESSAGE][PASSED] - Object: 'Object Repository/PM/Huawei-vendor/Object-Type/TopX Object Types/TopX Regions/TopX Region North Jordan' is clicked on

2024-10-03 15:56:29 - [MESSAGE][WARNING] - Timeout '0' is invalid. Using default page load timeout: '120'

2024-10-03 15:56:29 - [MESSAGE][PASSED] - Scroll to object 'Object Repository/PM/Huawei-vendor/StarttimeLable' successfully

2024-10-03 15:56:29 - [MESSAGE][PASSED] - Object: 'Object Repository/PM/Huawei-vendor/StartDate/StartDate-Button' is clicked on

2024-10-03 15:56:29 - [MESSAGE][PASSED] - Object: 'Object Repository/PM/Huawei-vendor/StartDate/Monthly-Selection' is clicked on

2024-10-03 15:56:30 - [MESSAGE][PASSED] - Object: 'Object Repository/PM/Huawei-vendor/StartDate/Fep-Selection' is clicked on

2024-10-03 15:56:31 - [MESSAGE][PASSED] - Delayed 1 second(s)

2024-10-03 15:56:31 - [MESSAGE][PASSED] - Object: 'Object Repository/PM/Huawei-vendor/StartDate/1-Fep' is clicked on

2024-10-03 15:56:31 - [MESSAGE][PASSED] - Object: 'Object Repository/PM/Huawei-vendor/Apply-Button' is clicked on

2024-10-03 15:56:31 - [MESSAGE][WARNING] - Timeout '0' is invalid. Using default page load timeout: '120'

2024-10-03 15:56:31 - [MESSAGE][PASSED] - Web element with id: 'Object Repository/PM/Huawei-vendor/Error' located by 'By.xpath: //div[@class='toast-summary title-medium-m']' is not present after '120' second(s)

2024-10-03 15:56:32 - [MESSAGE][WARNING] - Timeout '0' is invalid. Using default page load timeout: '120'

2024-10-03 15:56:35 - [MESSAGE][PASSED] - Object 'Object Repository/PM/Huawei-vendor/Export-Result' is present

2024-10-03 15:56:36 - [MESSAGE][PASSED] - Browser is closed

2024-10-03 15:56:36 - [MESSAGE][PASSED] - PMHwaueiStats.Stats is PASSED

2024-10-03 15:56:36 - [TEST_STEP][PASSED] - Start tear down : tearDownTestCase: Method 'tearDownTestCase' complete successfully

2024-10-03 15:56:36 - [TEST_STEP][PASSED] - closeBrowser(): Browser is closed

2024-10-03 15:56:36 - [MESSAGE][PASSED] - Browser is closed

2024-10-03 15:56:36 - [MESSAGE][PASSED] - Method 'tearDownTestCase' complete successfully]]></system-out>
         <system-err><![CDATA[]]></system-err>
      </testcase>
      <testcase name="Test Cases/PM/Hwauei/Stats/4G/Region-Folder/Region-Aggregation" time="39.584" classname="Test Cases/PM/Hwauei/Stats/4G/Region-Folder/Region-Aggregation" status="PASSED">
         <system-out><![CDATA[2024-10-03 15:56:36 - [TEST_CASE][PASSED] - Test Cases/PM/Hwauei/Stats/4G/Region-Folder/Region-Aggregation: Test Cases/PM/Hwauei/Stats/4G/Region-Folder/Region-Aggregation

2024-10-03 15:56:36 - [TEST_STEP][PASSED] - callTestCase(findTestCase("LoginNew"), [:], STOP_ON_FAILURE): Call Test Case 'Test Cases/LoginNew' successfully

2024-10-03 15:56:36 - [TEST_CASE][PASSED] - Test Cases/LoginNew: Test Cases/LoginNew

2024-10-03 15:56:36 - [TEST_STEP][PASSED] - driver = general.start(SwagerURL, NetCellURL): general.start is PASSED

2024-10-03 15:56:36 - [MESSAGE][INFO] - >>> chromeDriverPath=C:\Users\FatimaIbeid\.katalon\packages\Katalon_Studio_Windows_64-8.6.9\Katalon_Studio_Windows_64-8.6.9\configuration\resources\drivers\chromedriver_win32\chromedriver.exe

2024-10-03 15:56:38 - [MESSAGE][PASSED] - Current window maximized

2024-10-03 15:56:39 - [MESSAGE][PASSED] - Execute JavaScript 'window.open();' successfully

2024-10-03 15:56:39 - [MESSAGE][PASSED] - Switched to window with index: '1'

2024-10-03 15:56:50 - [MESSAGE][PASSED] - general.start is PASSED

2024-10-03 15:56:50 - [TEST_STEP][PASSED] - delay(1): Delayed 1 second(s)

2024-10-03 15:56:51 - [MESSAGE][PASSED] - Delayed 1 second(s)

2024-10-03 15:56:51 - [TEST_STEP][PASSED] - sendKeys(findTestObject("Object Repository/Login/EnterEmail2"), "homam@zztjg.onmicrosoft.com"): Keys 'homam@zztjg.onmicrosoft.com' sent to object: 'Object Repository/Login/EnterEmail2'

2024-10-03 15:56:52 - [MESSAGE][PASSED] - Keys 'homam@zztjg.onmicrosoft.com' sent to object: 'Object Repository/Login/EnterEmail2'

2024-10-03 15:56:52 - [TEST_STEP][PASSED] - delay(1): Delayed 1 second(s)

2024-10-03 15:56:53 - [MESSAGE][PASSED] - Delayed 1 second(s)

2024-10-03 15:56:53 - [TEST_STEP][PASSED] - sendKeys(findTestObject("Object Repository/Login/EnterPassword2"), "P@ssw0rd"): Keys 'P@ssw0rd' sent to object: 'Object Repository/Login/EnterPassword2'

2024-10-03 15:56:53 - [MESSAGE][PASSED] - Keys 'P@ssw0rd' sent to object: 'Object Repository/Login/EnterPassword2'

2024-10-03 15:56:53 - [TEST_STEP][PASSED] - delay(1): Delayed 1 second(s)

2024-10-03 15:56:54 - [MESSAGE][PASSED] - Delayed 1 second(s)

2024-10-03 15:56:54 - [TEST_STEP][PASSED] - click(findTestObject("Object Repository/Login/LoginButton2")): Object: 'Object Repository/Login/LoginButton2' is clicked on

2024-10-03 15:56:54 - [MESSAGE][PASSED] - Object: 'Object Repository/Login/LoginButton2' is clicked on

2024-10-03 15:56:54 - [TEST_STEP][PASSED] - delay(1): Delayed 1 second(s)

2024-10-03 15:56:55 - [MESSAGE][PASSED] - Delayed 1 second(s)

2024-10-03 15:56:55 - [TEST_STEP][PASSED] - waitForElementPresent(findTestObject("Object Repository/Login/welcome To NetCell"), 0): Object 'Object Repository/Login/welcome To NetCell' is present

2024-10-03 15:56:55 - [MESSAGE][WARNING] - Timeout '0' is invalid. Using default page load timeout: '120'

2024-10-03 15:56:55 - [MESSAGE][PASSED] - Object 'Object Repository/Login/welcome To NetCell' is present

2024-10-03 15:56:55 - [MESSAGE][PASSED] - Call Test Case 'Test Cases/LoginNew' successfully

2024-10-03 15:56:55 - [TEST_STEP][PASSED] - switchToWindowIndex(1): Switched to window with index: '1'

2024-10-03 15:56:55 - [MESSAGE][PASSED] - Switched to window with index: '1'

2024-10-03 15:56:55 - [TEST_STEP][PASSED] - PMHwaueiStats.Stats("4G", "Region", true, "Hourly"): PMHwaueiStats.Stats is PASSED

2024-10-03 15:56:56 - [MESSAGE][PASSED] - Object: 'Object Repository/PM/PM-Button' is clicked on

2024-10-03 15:56:56 - [MESSAGE][PASSED] - Switched to window with index: '2'

2024-10-03 15:57:07 - [MESSAGE][PASSED] - Object: 'Object Repository/PM/Huawei-vendor/TopX/TopX Object Type' is clicked on

2024-10-03 15:57:08 - [MESSAGE][PASSED] - Delayed 1 second(s)

2024-10-03 15:57:08 - [MESSAGE][PASSED] - Object: 'Object Repository/PM/Huawei-vendor/Object-Type/TopX Object Types/TopX Regions/TopX Region' is clicked on

2024-10-03 15:57:09 - [MESSAGE][PASSED] - Delayed 1 second(s)

2024-10-03 15:57:09 - [MESSAGE][WARNING] - Timeout '0' is invalid. Using default page load timeout: '120'

2024-10-03 15:57:09 - [MESSAGE][PASSED] - Scroll to object 'Object Repository/PM/Huawei-vendor/Object Border' successfully

2024-10-03 15:57:09 - [MESSAGE][PASSED] - Object: 'Object Repository/PM/Huawei-vendor/Object-Type/TopX Object Types/TopX Regions/TopX Region East Amman' is clicked on

2024-10-03 15:57:09 - [MESSAGE][PASSED] - Object: 'Object Repository/PM/Huawei-vendor/Object-Type/TopX Object Types/TopX Regions/TopX Region West Amman' is clicked on

2024-10-03 15:57:09 - [MESSAGE][PASSED] - Object: 'Object Repository/PM/Huawei-vendor/Object-Type/TopX Object Types/TopX Regions/TopX Region South Jordan' is clicked on

2024-10-03 15:57:10 - [MESSAGE][PASSED] - Object: 'Object Repository/PM/Huawei-vendor/Object-Type/TopX Object Types/TopX Regions/TopX Region North Jordan' is clicked on

2024-10-03 15:57:10 - [MESSAGE][PASSED] - Object: 'Object Repository/PM/Huawei-vendor/Object-Type/TopX Object Types/TopX Regions/TopX Region East Jordan' is clicked on

2024-10-03 15:57:10 - [MESSAGE][PASSED] - Object: 'Object Repository/PM/Huawei-vendor/Object-Type/TopX Object Types/TopX Regions/TopX Region Others' is clicked on

2024-10-03 15:57:10 - [MESSAGE][PASSED] - Object: 'Object Repository/PM/Huawei-vendor/Object-Type/TopX Object Types/TopX Regions/TopX Region South Amman' is clicked on

2024-10-03 15:57:10 - [MESSAGE][PASSED] - Object: 'Object Repository/PM/Huawei-vendor/Aggregation-CheckBox' is clicked on

2024-10-03 15:57:11 - [MESSAGE][WARNING] - Timeout '0' is invalid. Using default page load timeout: '120'

2024-10-03 15:57:11 - [MESSAGE][PASSED] - Scroll to object 'Object Repository/PM/Huawei-vendor/StarttimeLable' successfully

2024-10-03 15:57:11 - [MESSAGE][PASSED] - Object: 'Object Repository/PM/Huawei-vendor/StartDate/StartDate-Button' is clicked on

2024-10-03 15:57:11 - [MESSAGE][PASSED] - Object: 'Object Repository/PM/Huawei-vendor/StartDate/Monthly-Selection' is clicked on

2024-10-03 15:57:11 - [MESSAGE][PASSED] - Object: 'Object Repository/PM/Huawei-vendor/StartDate/Fep-Selection' is clicked on

2024-10-03 15:57:12 - [MESSAGE][PASSED] - Delayed 1 second(s)

2024-10-03 15:57:12 - [MESSAGE][PASSED] - Object: 'Object Repository/PM/Huawei-vendor/StartDate/1-Fep' is clicked on

2024-10-03 15:57:13 - [MESSAGE][PASSED] - Object: 'Object Repository/PM/Huawei-vendor/Apply-Button' is clicked on

2024-10-03 15:57:13 - [MESSAGE][WARNING] - Timeout '0' is invalid. Using default page load timeout: '120'

2024-10-03 15:57:13 - [MESSAGE][PASSED] - Web element with id: 'Object Repository/PM/Huawei-vendor/Error' located by 'By.xpath: //div[@class='toast-summary title-medium-m']' is not present after '120' second(s)

2024-10-03 15:57:13 - [MESSAGE][WARNING] - Timeout '0' is invalid. Using default page load timeout: '120'

2024-10-03 15:57:14 - [MESSAGE][PASSED] - Object 'Object Repository/PM/Huawei-vendor/Export-Result' is present

2024-10-03 15:57:15 - [MESSAGE][PASSED] - Browser is closed

2024-10-03 15:57:15 - [MESSAGE][PASSED] - PMHwaueiStats.Stats is PASSED

2024-10-03 15:57:15 - [TEST_STEP][PASSED] - Start tear down : tearDownTestCase: Method 'tearDownTestCase' complete successfully

2024-10-03 15:57:15 - [TEST_STEP][PASSED] - closeBrowser(): Browser is closed

2024-10-03 15:57:15 - [MESSAGE][PASSED] - Browser is closed

2024-10-03 15:57:15 - [MESSAGE][PASSED] - Method 'tearDownTestCase' complete successfully]]></system-out>
         <system-err><![CDATA[]]></system-err>
      </testcase>
      <testcase name="Test Cases/PM/Hwauei/Stats/4G/Site/Site" time="51.895" classname="Test Cases/PM/Hwauei/Stats/4G/Site/Site" status="PASSED">
         <system-out><![CDATA[2024-10-03 15:57:15 - [TEST_CASE][PASSED] - Test Cases/PM/Hwauei/Stats/4G/Site/Site: Test Cases/PM/Hwauei/Stats/4G/Site/Site

2024-10-03 15:57:15 - [TEST_STEP][PASSED] - callTestCase(findTestCase("LoginNew"), [:], STOP_ON_FAILURE): Call Test Case 'Test Cases/LoginNew' successfully

2024-10-03 15:57:15 - [TEST_CASE][PASSED] - Test Cases/LoginNew: Test Cases/LoginNew

2024-10-03 15:57:15 - [TEST_STEP][PASSED] - driver = general.start(SwagerURL, NetCellURL): general.start is PASSED

2024-10-03 15:57:15 - [MESSAGE][INFO] - >>> chromeDriverPath=C:\Users\FatimaIbeid\.katalon\packages\Katalon_Studio_Windows_64-8.6.9\Katalon_Studio_Windows_64-8.6.9\configuration\resources\drivers\chromedriver_win32\chromedriver.exe

2024-10-03 15:57:17 - [MESSAGE][PASSED] - Current window maximized

2024-10-03 15:57:17 - [MESSAGE][PASSED] - Execute JavaScript 'window.open();' successfully

2024-10-03 15:57:17 - [MESSAGE][PASSED] - Switched to window with index: '1'

2024-10-03 15:57:18 - [MESSAGE][PASSED] - general.start is PASSED

2024-10-03 15:57:18 - [TEST_STEP][PASSED] - delay(1): Delayed 1 second(s)

2024-10-03 15:57:19 - [MESSAGE][PASSED] - Delayed 1 second(s)

2024-10-03 15:57:19 - [TEST_STEP][PASSED] - sendKeys(findTestObject("Object Repository/Login/EnterEmail2"), "homam@zztjg.onmicrosoft.com"): Keys 'homam@zztjg.onmicrosoft.com' sent to object: 'Object Repository/Login/EnterEmail2'

2024-10-03 15:57:31 - [MESSAGE][PASSED] - Keys 'homam@zztjg.onmicrosoft.com' sent to object: 'Object Repository/Login/EnterEmail2'

2024-10-03 15:57:31 - [TEST_STEP][PASSED] - delay(1): Delayed 1 second(s)

2024-10-03 15:57:32 - [MESSAGE][PASSED] - Delayed 1 second(s)

2024-10-03 15:57:32 - [TEST_STEP][PASSED] - sendKeys(findTestObject("Object Repository/Login/EnterPassword2"), "P@ssw0rd"): Keys 'P@ssw0rd' sent to object: 'Object Repository/Login/EnterPassword2'

2024-10-03 15:57:32 - [MESSAGE][PASSED] - Keys 'P@ssw0rd' sent to object: 'Object Repository/Login/EnterPassword2'

2024-10-03 15:57:32 - [TEST_STEP][PASSED] - delay(1): Delayed 1 second(s)

2024-10-03 15:57:33 - [MESSAGE][PASSED] - Delayed 1 second(s)

2024-10-03 15:57:33 - [TEST_STEP][PASSED] - click(findTestObject("Object Repository/Login/LoginButton2")): Object: 'Object Repository/Login/LoginButton2' is clicked on

2024-10-03 15:57:33 - [MESSAGE][PASSED] - Object: 'Object Repository/Login/LoginButton2' is clicked on

2024-10-03 15:57:33 - [TEST_STEP][PASSED] - delay(1): Delayed 1 second(s)

2024-10-03 15:57:34 - [MESSAGE][PASSED] - Delayed 1 second(s)

2024-10-03 15:57:34 - [TEST_STEP][PASSED] - waitForElementPresent(findTestObject("Object Repository/Login/welcome To NetCell"), 0): Object 'Object Repository/Login/welcome To NetCell' is present

2024-10-03 15:57:34 - [MESSAGE][WARNING] - Timeout '0' is invalid. Using default page load timeout: '120'

2024-10-03 15:57:34 - [MESSAGE][PASSED] - Object 'Object Repository/Login/welcome To NetCell' is present

2024-10-03 15:57:34 - [MESSAGE][PASSED] - Call Test Case 'Test Cases/LoginNew' successfully

2024-10-03 15:57:34 - [TEST_STEP][PASSED] - switchToWindowIndex(1): Switched to window with index: '1'

2024-10-03 15:57:34 - [MESSAGE][PASSED] - Switched to window with index: '1'

2024-10-03 15:57:34 - [TEST_STEP][PASSED] - PMHwaueiStats.Stats("4G", "Site", false, "Hourly"): PMHwaueiStats.Stats is PASSED

2024-10-03 15:57:35 - [MESSAGE][PASSED] - Object: 'Object Repository/PM/PM-Button' is clicked on

2024-10-03 15:57:35 - [MESSAGE][PASSED] - Switched to window with index: '2'

2024-10-03 15:57:46 - [MESSAGE][PASSED] - Object: 'Object Repository/PM/Huawei-vendor/TopX/TopX Object Type' is clicked on

2024-10-03 15:57:47 - [MESSAGE][PASSED] - Delayed 1 second(s)

2024-10-03 15:57:48 - [MESSAGE][PASSED] - Object: 'Object Repository/PM/Huawei-vendor/Object-Type/TopX Object Types/TopX Sites/TopX Site' is clicked on

2024-10-03 15:57:49 - [MESSAGE][PASSED] - Delayed 1 second(s)

2024-10-03 15:57:49 - [MESSAGE][WARNING] - Timeout '0' is invalid. Using default page load timeout: '120'

2024-10-03 15:57:49 - [MESSAGE][PASSED] - Scroll to object 'Object Repository/PM/Huawei-vendor/Object Border' successfully

2024-10-03 15:57:49 - [MESSAGE][PASSED] - Object: 'Object Repository/PM/Huawei-vendor/Object-Type/TopX Object Types/TopX Sites/TopX East Amman Arrow' is clicked on

2024-10-03 15:57:50 - [MESSAGE][PASSED] - Object: 'Object Repository/PM/Huawei-vendor/Object-Type/Stats Object type/Stats East Amman site1' is clicked on

2024-10-03 15:57:50 - [MESSAGE][PASSED] - Object: 'Object Repository/PM/Huawei-vendor/Object-Type/TopX Object Types/TopX Sites/TopX East Amman CloseArrow' is clicked on

2024-10-03 15:57:50 - [MESSAGE][PASSED] - Object: 'Object Repository/PM/Huawei-vendor/Object-Type/TopX Object Types/TopX Sites/TopX West Amman Arrow' is clicked on

2024-10-03 15:57:51 - [MESSAGE][PASSED] - Object: 'Object Repository/PM/Huawei-vendor/Object-Type/TopX Object Types/TopX Sites/TopX West Amman site1' is clicked on

2024-10-03 15:57:51 - [MESSAGE][PASSED] - Object: 'Object Repository/PM/Huawei-vendor/Object-Type/TopX Object Types/TopX Sites/TopX West Amman CloseArrow' is clicked on

2024-10-03 15:57:51 - [MESSAGE][PASSED] - Object: 'Object Repository/PM/Huawei-vendor/Object-Type/TopX Object Types/TopX Sites/TopX North Jordan Arrow' is clicked on

2024-10-03 15:57:53 - [MESSAGE][PASSED] - Object: 'Object Repository/PM/Huawei-vendor/Object-Type/Stats Object type/Stats North Jordan site1' is clicked on

2024-10-03 15:57:53 - [MESSAGE][PASSED] - Object: 'Object Repository/PM/Huawei-vendor/Object-Type/TopX Object Types/TopX Sites/TopX North Jordan CloseArrow' is clicked on

2024-10-03 15:57:53 - [MESSAGE][PASSED] - Object: 'Object Repository/PM/Huawei-vendor/Object-Type/TopX Object Types/TopX Sites/TopX South Jordan Arrow' is clicked on

2024-10-03 15:57:54 - [MESSAGE][PASSED] - Object: 'Object Repository/PM/Huawei-vendor/Object-Type/Stats Object type/Stats South Jordan site1' is clicked on

2024-10-03 15:57:54 - [MESSAGE][PASSED] - Object: 'Object Repository/PM/Huawei-vendor/Object-Type/TopX Object Types/TopX Sites/TopX South Jordan CloseArrow' is clicked on

2024-10-03 15:57:54 - [MESSAGE][WARNING] - Timeout '0' is invalid. Using default page load timeout: '120'

2024-10-03 15:57:54 - [MESSAGE][PASSED] - Scroll to object 'Object Repository/PM/Huawei-vendor/StarttimeLable' successfully

2024-10-03 15:57:54 - [MESSAGE][PASSED] - Object: 'Object Repository/PM/Huawei-vendor/StartDate/StartDate-Button' is clicked on

2024-10-03 15:57:54 - [MESSAGE][PASSED] - Object: 'Object Repository/PM/Huawei-vendor/StartDate/Monthly-Selection' is clicked on

2024-10-03 15:57:55 - [MESSAGE][PASSED] - Object: 'Object Repository/PM/Huawei-vendor/StartDate/Fep-Selection' is clicked on

2024-10-03 15:57:56 - [MESSAGE][PASSED] - Delayed 1 second(s)

2024-10-03 15:57:56 - [MESSAGE][PASSED] - Object: 'Object Repository/PM/Huawei-vendor/StartDate/1-Fep' is clicked on

2024-10-03 15:57:56 - [MESSAGE][PASSED] - Object: 'Object Repository/PM/Huawei-vendor/Apply-Button' is clicked on

2024-10-03 15:57:56 - [MESSAGE][WARNING] - Timeout '0' is invalid. Using default page load timeout: '120'

2024-10-03 15:57:56 - [MESSAGE][PASSED] - Web element with id: 'Object Repository/PM/Huawei-vendor/Error' located by 'By.xpath: //div[@class='toast-summary title-medium-m']' is not present after '120' second(s)

2024-10-03 15:57:56 - [MESSAGE][WARNING] - Timeout '0' is invalid. Using default page load timeout: '120'

2024-10-03 15:58:06 - [MESSAGE][PASSED] - Object 'Object Repository/PM/Huawei-vendor/Export-Result' is present

2024-10-03 15:58:07 - [MESSAGE][PASSED] - Browser is closed

2024-10-03 15:58:07 - [MESSAGE][PASSED] - PMHwaueiStats.Stats is PASSED

2024-10-03 15:58:07 - [TEST_STEP][PASSED] - Start tear down : tearDownTestCase: Method 'tearDownTestCase' complete successfully

2024-10-03 15:58:07 - [TEST_STEP][PASSED] - closeBrowser(): Browser is closed

2024-10-03 15:58:07 - [MESSAGE][PASSED] - Browser is closed

2024-10-03 15:58:07 - [MESSAGE][PASSED] - Method 'tearDownTestCase' complete successfully]]></system-out>
         <system-err><![CDATA[]]></system-err>
      </testcase>
      <testcase name="Test Cases/PM/Hwauei/Stats/4G/Site/Site-Aggregation" time="38.505" classname="Test Cases/PM/Hwauei/Stats/4G/Site/Site-Aggregation" status="PASSED">
         <system-out><![CDATA[2024-10-03 15:58:07 - [TEST_CASE][PASSED] - Test Cases/PM/Hwauei/Stats/4G/Site/Site-Aggregation: Test Cases/PM/Hwauei/Stats/4G/Site/Site-Aggregation

2024-10-03 15:58:07 - [TEST_STEP][PASSED] - callTestCase(findTestCase("LoginNew"), [:], STOP_ON_FAILURE): Call Test Case 'Test Cases/LoginNew' successfully

2024-10-03 15:58:07 - [TEST_CASE][PASSED] - Test Cases/LoginNew: Test Cases/LoginNew

2024-10-03 15:58:07 - [TEST_STEP][PASSED] - driver = general.start(SwagerURL, NetCellURL): general.start is PASSED

2024-10-03 15:58:07 - [MESSAGE][INFO] - >>> chromeDriverPath=C:\Users\FatimaIbeid\.katalon\packages\Katalon_Studio_Windows_64-8.6.9\Katalon_Studio_Windows_64-8.6.9\configuration\resources\drivers\chromedriver_win32\chromedriver.exe

2024-10-03 15:58:09 - [MESSAGE][PASSED] - Current window maximized

2024-10-03 15:58:09 - [MESSAGE][PASSED] - Execute JavaScript 'window.open();' successfully

2024-10-03 15:58:09 - [MESSAGE][PASSED] - Switched to window with index: '1'

2024-10-03 15:58:21 - [MESSAGE][PASSED] - general.start is PASSED

2024-10-03 15:58:21 - [TEST_STEP][PASSED] - delay(1): Delayed 1 second(s)

2024-10-03 15:58:22 - [MESSAGE][PASSED] - Delayed 1 second(s)

2024-10-03 15:58:22 - [TEST_STEP][PASSED] - sendKeys(findTestObject("Object Repository/Login/EnterEmail2"), "homam@zztjg.onmicrosoft.com"): Keys 'homam@zztjg.onmicrosoft.com' sent to object: 'Object Repository/Login/EnterEmail2'

2024-10-03 15:58:22 - [MESSAGE][PASSED] - Keys 'homam@zztjg.onmicrosoft.com' sent to object: 'Object Repository/Login/EnterEmail2'

2024-10-03 15:58:22 - [TEST_STEP][PASSED] - delay(1): Delayed 1 second(s)

2024-10-03 15:58:23 - [MESSAGE][PASSED] - Delayed 1 second(s)

2024-10-03 15:58:23 - [TEST_STEP][PASSED] - sendKeys(findTestObject("Object Repository/Login/EnterPassword2"), "P@ssw0rd"): Keys 'P@ssw0rd' sent to object: 'Object Repository/Login/EnterPassword2'

2024-10-03 15:58:24 - [MESSAGE][PASSED] - Keys 'P@ssw0rd' sent to object: 'Object Repository/Login/EnterPassword2'

2024-10-03 15:58:24 - [TEST_STEP][PASSED] - delay(1): Delayed 1 second(s)

2024-10-03 15:58:25 - [MESSAGE][PASSED] - Delayed 1 second(s)

2024-10-03 15:58:25 - [TEST_STEP][PASSED] - click(findTestObject("Object Repository/Login/LoginButton2")): Object: 'Object Repository/Login/LoginButton2' is clicked on

2024-10-03 15:58:25 - [MESSAGE][PASSED] - Object: 'Object Repository/Login/LoginButton2' is clicked on

2024-10-03 15:58:25 - [TEST_STEP][PASSED] - delay(1): Delayed 1 second(s)

2024-10-03 15:58:26 - [MESSAGE][PASSED] - Delayed 1 second(s)

2024-10-03 15:58:26 - [TEST_STEP][PASSED] - waitForElementPresent(findTestObject("Object Repository/Login/welcome To NetCell"), 0): Object 'Object Repository/Login/welcome To NetCell' is present

2024-10-03 15:58:26 - [MESSAGE][WARNING] - Timeout '0' is invalid. Using default page load timeout: '120'

2024-10-03 15:58:26 - [MESSAGE][PASSED] - Object 'Object Repository/Login/welcome To NetCell' is present

2024-10-03 15:58:26 - [MESSAGE][PASSED] - Call Test Case 'Test Cases/LoginNew' successfully

2024-10-03 15:58:26 - [TEST_STEP][PASSED] - switchToWindowIndex(1): Switched to window with index: '1'

2024-10-03 15:58:26 - [MESSAGE][PASSED] - Switched to window with index: '1'

2024-10-03 15:58:26 - [TEST_STEP][PASSED] - PMHwaueiStats.Stats("4G", "Site", true, "Hourly"): PMHwaueiStats.Stats is PASSED

2024-10-03 15:58:26 - [MESSAGE][PASSED] - Object: 'Object Repository/PM/PM-Button' is clicked on

2024-10-03 15:58:27 - [MESSAGE][PASSED] - Switched to window with index: '2'

2024-10-03 15:58:27 - [MESSAGE][PASSED] - Object: 'Object Repository/PM/Huawei-vendor/TopX/TopX Object Type' is clicked on

2024-10-03 15:58:28 - [MESSAGE][PASSED] - Delayed 1 second(s)

2024-10-03 15:58:28 - [MESSAGE][PASSED] - Object: 'Object Repository/PM/Huawei-vendor/Object-Type/TopX Object Types/TopX Sites/TopX Site' is clicked on

2024-10-03 15:58:29 - [MESSAGE][PASSED] - Delayed 1 second(s)

2024-10-03 15:58:29 - [MESSAGE][WARNING] - Timeout '0' is invalid. Using default page load timeout: '120'

2024-10-03 15:58:29 - [MESSAGE][PASSED] - Scroll to object 'Object Repository/PM/Huawei-vendor/Object Border' successfully

2024-10-03 15:58:29 - [MESSAGE][PASSED] - Object: 'Object Repository/PM/Huawei-vendor/Object-Type/TopX Object Types/TopX Sites/TopX East Amman Arrow' is clicked on

2024-10-03 15:58:30 - [MESSAGE][PASSED] - Object: 'Object Repository/PM/Huawei-vendor/Object-Type/Stats Object type/Stats East Amman site1' is clicked on

2024-10-03 15:58:30 - [MESSAGE][PASSED] - Object: 'Object Repository/PM/Huawei-vendor/Object-Type/TopX Object Types/TopX Sites/TopX East Amman CloseArrow' is clicked on

2024-10-03 15:58:30 - [MESSAGE][PASSED] - Object: 'Object Repository/PM/Huawei-vendor/Object-Type/TopX Object Types/TopX Sites/TopX West Amman Arrow' is clicked on

2024-10-03 15:58:31 - [MESSAGE][PASSED] - Object: 'Object Repository/PM/Huawei-vendor/Object-Type/TopX Object Types/TopX Sites/TopX West Amman site1' is clicked on

2024-10-03 15:58:31 - [MESSAGE][PASSED] - Object: 'Object Repository/PM/Huawei-vendor/Object-Type/TopX Object Types/TopX Sites/TopX West Amman CloseArrow' is clicked on

2024-10-03 15:58:31 - [MESSAGE][PASSED] - Object: 'Object Repository/PM/Huawei-vendor/Object-Type/TopX Object Types/TopX Sites/TopX South Amman Arrow' is clicked on

2024-10-03 15:58:33 - [MESSAGE][PASSED] - Object: 'Object Repository/PM/Huawei-vendor/Object-Type/TopX Object Types/TopX Sites/TopX South Amman site1' is clicked on

2024-10-03 15:58:33 - [MESSAGE][PASSED] - Object: 'Object Repository/PM/Huawei-vendor/Object-Type/TopX Object Types/TopX Sites/TopX South Amman CloseArrow' is clicked on

2024-10-03 15:58:33 - [MESSAGE][PASSED] - Object: 'Object Repository/PM/Huawei-vendor/Object-Type/TopX Object Types/TopX Sites/TopX East Jordan Arrow' is clicked on

2024-10-03 15:58:34 - [MESSAGE][PASSED] - Object: 'Object Repository/PM/Huawei-vendor/Object-Type/TopX Object Types/TopX Sites/TopX East Jordan site1' is clicked on

2024-10-03 15:58:34 - [MESSAGE][PASSED] - Object: 'Object Repository/PM/Huawei-vendor/Object-Type/TopX Object Types/TopX Sites/TopX East Jordan CloseArrow' is clicked on

2024-10-03 15:58:34 - [MESSAGE][PASSED] - Object: 'Object Repository/PM/Huawei-vendor/Object-Type/TopX Object Types/TopX Sites/TopX North Jordan Arrow' is clicked on

2024-10-03 15:58:36 - [MESSAGE][PASSED] - Object: 'Object Repository/PM/Huawei-vendor/Object-Type/Stats Object type/Stats North Jordan site1' is clicked on

2024-10-03 15:58:36 - [MESSAGE][PASSED] - Object: 'Object Repository/PM/Huawei-vendor/Object-Type/TopX Object Types/TopX Sites/TopX North Jordan CloseArrow' is clicked on

2024-10-03 15:58:36 - [MESSAGE][PASSED] - Object: 'Object Repository/PM/Huawei-vendor/Object-Type/TopX Object Types/TopX Sites/TopX South Jordan Arrow' is clicked on

2024-10-03 15:58:37 - [MESSAGE][PASSED] - Object: 'Object Repository/PM/Huawei-vendor/Object-Type/Stats Object type/Stats South Jordan site1' is clicked on

2024-10-03 15:58:37 - [MESSAGE][PASSED] - Object: 'Object Repository/PM/Huawei-vendor/Object-Type/TopX Object Types/TopX Sites/TopX South Jordan CloseArrow' is clicked on

2024-10-03 15:58:37 - [MESSAGE][PASSED] - Object: 'Object Repository/PM/Huawei-vendor/Object-Type/TopX Object Types/TopX Sites/TopX Others Arrow' is clicked on

2024-10-03 15:58:37 - [MESSAGE][PASSED] - Object: 'Object Repository/PM/Huawei-vendor/Object-Type/TopX Object Types/TopX Sites/TopX Others site1' is clicked on

2024-10-03 15:58:37 - [MESSAGE][PASSED] - Object: 'Object Repository/PM/Huawei-vendor/Object-Type/TopX Object Types/TopX Sites/TopX Others CloseArrow' is clicked on

2024-10-03 15:58:38 - [MESSAGE][PASSED] - Object: 'Object Repository/PM/Huawei-vendor/Aggregation-CheckBox' is clicked on

2024-10-03 15:58:38 - [MESSAGE][WARNING] - Timeout '0' is invalid. Using default page load timeout: '120'

2024-10-03 15:58:38 - [MESSAGE][PASSED] - Scroll to object 'Object Repository/PM/Huawei-vendor/StarttimeLable' successfully

2024-10-03 15:58:38 - [MESSAGE][PASSED] - Object: 'Object Repository/PM/Huawei-vendor/StartDate/StartDate-Button' is clicked on

2024-10-03 15:58:38 - [MESSAGE][PASSED] - Object: 'Object Repository/PM/Huawei-vendor/StartDate/Monthly-Selection' is clicked on

2024-10-03 15:58:38 - [MESSAGE][PASSED] - Object: 'Object Repository/PM/Huawei-vendor/StartDate/Fep-Selection' is clicked on

2024-10-03 15:58:39 - [MESSAGE][PASSED] - Delayed 1 second(s)

2024-10-03 15:58:39 - [MESSAGE][PASSED] - Object: 'Object Repository/PM/Huawei-vendor/StartDate/1-Fep' is clicked on

2024-10-03 15:58:40 - [MESSAGE][PASSED] - Object: 'Object Repository/PM/Huawei-vendor/Apply-Button' is clicked on

2024-10-03 15:58:40 - [MESSAGE][WARNING] - Timeout '0' is invalid. Using default page load timeout: '120'

2024-10-03 15:58:40 - [MESSAGE][PASSED] - Web element with id: 'Object Repository/PM/Huawei-vendor/Error' located by 'By.xpath: //div[@class='toast-summary title-medium-m']' is not present after '120' second(s)

2024-10-03 15:58:40 - [MESSAGE][WARNING] - Timeout '0' is invalid. Using default page load timeout: '120'

2024-10-03 15:58:45 - [MESSAGE][PASSED] - Object 'Object Repository/PM/Huawei-vendor/Export-Result' is present

2024-10-03 15:58:46 - [MESSAGE][PASSED] - Browser is closed

2024-10-03 15:58:46 - [MESSAGE][PASSED] - PMHwaueiStats.Stats is PASSED

2024-10-03 15:58:46 - [TEST_STEP][PASSED] - Start tear down : tearDownTestCase: Method 'tearDownTestCase' complete successfully

2024-10-03 15:58:46 - [TEST_STEP][PASSED] - closeBrowser(): Browser is closed

2024-10-03 15:58:46 - [MESSAGE][PASSED] - Browser is closed

2024-10-03 15:58:46 - [MESSAGE][PASSED] - Method 'tearDownTestCase' complete successfully]]></system-out>
         <system-err><![CDATA[]]></system-err>
      </testcase>
      <testcase name="Test Cases/PM/Hwauei/Stats/4G/Cell/Cell" time="54.442" classname="Test Cases/PM/Hwauei/Stats/4G/Cell/Cell" status="PASSED">
         <system-out><![CDATA[2024-10-03 15:58:46 - [TEST_CASE][PASSED] - Test Cases/PM/Hwauei/Stats/4G/Cell/Cell: Test Cases/PM/Hwauei/Stats/4G/Cell/Cell

2024-10-03 15:58:46 - [TEST_STEP][PASSED] - callTestCase(findTestCase("LoginNew"), [:], STOP_ON_FAILURE): Call Test Case 'Test Cases/LoginNew' successfully

2024-10-03 15:58:46 - [TEST_CASE][PASSED] - Test Cases/LoginNew: Test Cases/LoginNew

2024-10-03 15:58:46 - [TEST_STEP][PASSED] - driver = general.start(SwagerURL, NetCellURL): general.start is PASSED

2024-10-03 15:58:46 - [MESSAGE][INFO] - >>> chromeDriverPath=C:\Users\FatimaIbeid\.katalon\packages\Katalon_Studio_Windows_64-8.6.9\Katalon_Studio_Windows_64-8.6.9\configuration\resources\drivers\chromedriver_win32\chromedriver.exe

2024-10-03 15:58:47 - [MESSAGE][PASSED] - Current window maximized

2024-10-03 15:58:48 - [MESSAGE][PASSED] - Execute JavaScript 'window.open();' successfully

2024-10-03 15:58:48 - [MESSAGE][PASSED] - Switched to window with index: '1'

2024-10-03 15:59:00 - [MESSAGE][PASSED] - general.start is PASSED

2024-10-03 15:59:00 - [TEST_STEP][PASSED] - delay(1): Delayed 1 second(s)

2024-10-03 15:59:01 - [MESSAGE][PASSED] - Delayed 1 second(s)

2024-10-03 15:59:01 - [TEST_STEP][PASSED] - sendKeys(findTestObject("Object Repository/Login/EnterEmail2"), "homam@zztjg.onmicrosoft.com"): Keys 'homam@zztjg.onmicrosoft.com' sent to object: 'Object Repository/Login/EnterEmail2'

2024-10-03 15:59:02 - [MESSAGE][PASSED] - Keys 'homam@zztjg.onmicrosoft.com' sent to object: 'Object Repository/Login/EnterEmail2'

2024-10-03 15:59:02 - [TEST_STEP][PASSED] - delay(1): Delayed 1 second(s)

2024-10-03 15:59:03 - [MESSAGE][PASSED] - Delayed 1 second(s)

2024-10-03 15:59:03 - [TEST_STEP][PASSED] - sendKeys(findTestObject("Object Repository/Login/EnterPassword2"), "P@ssw0rd"): Keys 'P@ssw0rd' sent to object: 'Object Repository/Login/EnterPassword2'

2024-10-03 15:59:03 - [MESSAGE][PASSED] - Keys 'P@ssw0rd' sent to object: 'Object Repository/Login/EnterPassword2'

2024-10-03 15:59:03 - [TEST_STEP][PASSED] - delay(1): Delayed 1 second(s)

2024-10-03 15:59:04 - [MESSAGE][PASSED] - Delayed 1 second(s)

2024-10-03 15:59:04 - [TEST_STEP][PASSED] - click(findTestObject("Object Repository/Login/LoginButton2")): Object: 'Object Repository/Login/LoginButton2' is clicked on

2024-10-03 15:59:04 - [MESSAGE][PASSED] - Object: 'Object Repository/Login/LoginButton2' is clicked on

2024-10-03 15:59:04 - [TEST_STEP][PASSED] - delay(1): Delayed 1 second(s)

2024-10-03 15:59:05 - [MESSAGE][PASSED] - Delayed 1 second(s)

2024-10-03 15:59:05 - [TEST_STEP][PASSED] - waitForElementPresent(findTestObject("Object Repository/Login/welcome To NetCell"), 0): Object 'Object Repository/Login/welcome To NetCell' is present

2024-10-03 15:59:05 - [MESSAGE][WARNING] - Timeout '0' is invalid. Using default page load timeout: '120'

2024-10-03 15:59:05 - [MESSAGE][PASSED] - Object 'Object Repository/Login/welcome To NetCell' is present

2024-10-03 15:59:05 - [MESSAGE][PASSED] - Call Test Case 'Test Cases/LoginNew' successfully

2024-10-03 15:59:05 - [TEST_STEP][PASSED] - switchToWindowIndex(1): Switched to window with index: '1'

2024-10-03 15:59:05 - [MESSAGE][PASSED] - Switched to window with index: '1'

2024-10-03 15:59:05 - [TEST_STEP][PASSED] - PMHwaueiStats.Stats("4G", "Cell", false, "Hourly"): PMHwaueiStats.Stats is PASSED

2024-10-03 15:59:06 - [MESSAGE][PASSED] - Object: 'Object Repository/PM/PM-Button' is clicked on

2024-10-03 15:59:06 - [MESSAGE][PASSED] - Switched to window with index: '2'

2024-10-03 15:59:18 - [MESSAGE][PASSED] - Object: 'Object Repository/PM/Huawei-vendor/TopX/TopX Object Type' is clicked on

2024-10-03 15:59:19 - [MESSAGE][PASSED] - Delayed 1 second(s)

2024-10-03 15:59:19 - [MESSAGE][PASSED] - Object: 'Object Repository/PM/Huawei-vendor/Object-Type/TopX Object Types/TopX Cells/TopX Cell' is clicked on

2024-10-03 15:59:20 - [MESSAGE][PASSED] - Delayed 1 second(s)

2024-10-03 15:59:20 - [MESSAGE][WARNING] - Timeout '0' is invalid. Using default page load timeout: '120'

2024-10-03 15:59:21 - [MESSAGE][PASSED] - Scroll to object 'Object Repository/PM/Huawei-vendor/Object Border' successfully

2024-10-03 15:59:21 - [MESSAGE][PASSED] - Object: 'Object Repository/PM/Huawei-vendor/Object-Type/TopX Object Types/TopX Sites/TopX East Amman Arrow' is clicked on

2024-10-03 15:59:22 - [MESSAGE][PASSED] - Object: 'Object Repository/PM/Huawei-vendor/Object-Type/TopX Object Types/TopX Cells/TopX East Amman Site1 Arrow' is clicked on

2024-10-03 15:59:23 - [MESSAGE][PASSED] - Delayed 1 second(s)

2024-10-03 15:59:23 - [MESSAGE][PASSED] - Object: 'Object Repository/PM/Huawei-vendor/Object-Type/Stats Object type/Stats East Amman Site1 Cell1' is clicked on

2024-10-03 15:59:23 - [MESSAGE][PASSED] - Object: 'Object Repository/PM/Huawei-vendor/Object-Type/TopX Object Types/TopX Sites/TopX East Amman CloseArrow' is clicked on

2024-10-03 15:59:24 - [MESSAGE][PASSED] - Object: 'Object Repository/PM/Huawei-vendor/Object-Type/TopX Object Types/TopX Sites/TopX West Amman Arrow' is clicked on

2024-10-03 15:59:25 - [MESSAGE][PASSED] - Object: 'Object Repository/PM/Huawei-vendor/Object-Type/TopX Object Types/TopX Cells/TopX West Amman Site1 Arrow' is clicked on

2024-10-03 15:59:25 - [MESSAGE][PASSED] - Object: 'Object Repository/PM/Huawei-vendor/Object-Type/Stats Object type/Stats West Amman Site1 Cell1' is clicked on

2024-10-03 15:59:25 - [MESSAGE][PASSED] - Object: 'Object Repository/PM/Huawei-vendor/Object-Type/TopX Object Types/TopX Sites/TopX West Amman CloseArrow' is clicked on

2024-10-03 15:59:25 - [MESSAGE][PASSED] - Object: 'Object Repository/PM/Huawei-vendor/Object-Type/TopX Object Types/TopX Sites/TopX North Jordan Arrow' is clicked on

2024-10-03 15:59:27 - [MESSAGE][PASSED] - Object: 'Object Repository/PM/Huawei-vendor/Object-Type/TopX Object Types/TopX Cells/TopX North Jordan Site1 Arrow' is clicked on

2024-10-03 15:59:28 - [MESSAGE][PASSED] - Object: 'Object Repository/PM/Huawei-vendor/Object-Type/Stats Object type/Stats North Jordan Site1 Cell1' is clicked on

2024-10-03 15:59:28 - [MESSAGE][PASSED] - Object: 'Object Repository/PM/Huawei-vendor/Object-Type/TopX Object Types/TopX Sites/TopX North Jordan CloseArrow' is clicked on

2024-10-03 15:59:28 - [MESSAGE][PASSED] - Object: 'Object Repository/PM/Huawei-vendor/Object-Type/TopX Object Types/TopX Sites/TopX South Jordan Arrow' is clicked on

2024-10-03 15:59:29 - [MESSAGE][PASSED] - Object: 'Object Repository/PM/Huawei-vendor/Object-Type/TopX Object Types/TopX Cells/TopX South Jordan Site1 Arrow' is clicked on

2024-10-03 15:59:30 - [MESSAGE][PASSED] - Object: 'Object Repository/PM/Huawei-vendor/Object-Type/Stats Object type/Stats South Jordan Site1 Cell1' is clicked on

2024-10-03 15:59:30 - [MESSAGE][PASSED] - Object: 'Object Repository/PM/Huawei-vendor/Object-Type/TopX Object Types/TopX Sites/TopX South Jordan CloseArrow' is clicked on

2024-10-03 15:59:30 - [MESSAGE][WARNING] - Timeout '0' is invalid. Using default page load timeout: '120'

2024-10-03 15:59:30 - [MESSAGE][PASSED] - Scroll to object 'Object Repository/PM/Huawei-vendor/StarttimeLable' successfully

2024-10-03 15:59:30 - [MESSAGE][PASSED] - Object: 'Object Repository/PM/Huawei-vendor/StartDate/StartDate-Button' is clicked on

2024-10-03 15:59:30 - [MESSAGE][PASSED] - Object: 'Object Repository/PM/Huawei-vendor/StartDate/Monthly-Selection' is clicked on

2024-10-03 15:59:30 - [MESSAGE][PASSED] - Object: 'Object Repository/PM/Huawei-vendor/StartDate/Fep-Selection' is clicked on

2024-10-03 15:59:31 - [MESSAGE][PASSED] - Delayed 1 second(s)

2024-10-03 15:59:32 - [MESSAGE][PASSED] - Object: 'Object Repository/PM/Huawei-vendor/StartDate/1-Fep' is clicked on

2024-10-03 15:59:32 - [MESSAGE][PASSED] - Object: 'Object Repository/PM/Huawei-vendor/Apply-Button' is clicked on

2024-10-03 15:59:32 - [MESSAGE][WARNING] - Timeout '0' is invalid. Using default page load timeout: '120'

2024-10-03 15:59:32 - [MESSAGE][PASSED] - Web element with id: 'Object Repository/PM/Huawei-vendor/Error' located by 'By.xpath: //div[@class='toast-summary title-medium-m']' is not present after '120' second(s)

2024-10-03 15:59:32 - [MESSAGE][WARNING] - Timeout '0' is invalid. Using default page load timeout: '120'

2024-10-03 15:59:39 - [MESSAGE][PASSED] - Object 'Object Repository/PM/Huawei-vendor/Export-Result' is present

2024-10-03 15:59:40 - [MESSAGE][PASSED] - Browser is closed

2024-10-03 15:59:40 - [MESSAGE][PASSED] - PMHwaueiStats.Stats is PASSED

2024-10-03 15:59:40 - [TEST_STEP][PASSED] - Start tear down : tearDownTestCase: Method 'tearDownTestCase' complete successfully

2024-10-03 15:59:40 - [TEST_STEP][PASSED] - closeBrowser(): Browser is closed

2024-10-03 15:59:40 - [MESSAGE][PASSED] - Browser is closed

2024-10-03 15:59:40 - [MESSAGE][PASSED] - Method 'tearDownTestCase' complete successfully]]></system-out>
         <system-err><![CDATA[]]></system-err>
      </testcase>
      <testcase name="Test Cases/PM/Hwauei/Stats/4G/Cell/Cell-Aggregation" time="54.745" classname="Test Cases/PM/Hwauei/Stats/4G/Cell/Cell-Aggregation" status="PASSED">
         <system-out><![CDATA[2024-10-03 15:59:40 - [TEST_CASE][PASSED] - Test Cases/PM/Hwauei/Stats/4G/Cell/Cell-Aggregation: Test Cases/PM/Hwauei/Stats/4G/Cell/Cell-Aggregation

2024-10-03 15:59:40 - [TEST_STEP][PASSED] - callTestCase(findTestCase("LoginNew"), [:], STOP_ON_FAILURE): Call Test Case 'Test Cases/LoginNew' successfully

2024-10-03 15:59:40 - [TEST_CASE][PASSED] - Test Cases/LoginNew: Test Cases/LoginNew

2024-10-03 15:59:40 - [TEST_STEP][PASSED] - driver = general.start(SwagerURL, NetCellURL): general.start is PASSED

2024-10-03 15:59:40 - [MESSAGE][INFO] - >>> chromeDriverPath=C:\Users\FatimaIbeid\.katalon\packages\Katalon_Studio_Windows_64-8.6.9\Katalon_Studio_Windows_64-8.6.9\configuration\resources\drivers\chromedriver_win32\chromedriver.exe

2024-10-03 15:59:42 - [MESSAGE][PASSED] - Current window maximized

2024-10-03 15:59:42 - [MESSAGE][PASSED] - Execute JavaScript 'window.open();' successfully

2024-10-03 15:59:42 - [MESSAGE][PASSED] - Switched to window with index: '1'

2024-10-03 15:59:42 - [MESSAGE][PASSED] - general.start is PASSED

2024-10-03 15:59:42 - [TEST_STEP][PASSED] - delay(1): Delayed 1 second(s)

2024-10-03 15:59:43 - [MESSAGE][PASSED] - Delayed 1 second(s)

2024-10-03 15:59:43 - [TEST_STEP][PASSED] - sendKeys(findTestObject("Object Repository/Login/EnterEmail2"), "homam@zztjg.onmicrosoft.com"): Keys 'homam@zztjg.onmicrosoft.com' sent to object: 'Object Repository/Login/EnterEmail2'

2024-10-03 15:59:54 - [MESSAGE][PASSED] - Keys 'homam@zztjg.onmicrosoft.com' sent to object: 'Object Repository/Login/EnterEmail2'

2024-10-03 15:59:54 - [TEST_STEP][PASSED] - delay(1): Delayed 1 second(s)

2024-10-03 15:59:56 - [MESSAGE][PASSED] - Delayed 1 second(s)

2024-10-03 15:59:56 - [TEST_STEP][PASSED] - sendKeys(findTestObject("Object Repository/Login/EnterPassword2"), "P@ssw0rd"): Keys 'P@ssw0rd' sent to object: 'Object Repository/Login/EnterPassword2'

2024-10-03 15:59:56 - [MESSAGE][PASSED] - Keys 'P@ssw0rd' sent to object: 'Object Repository/Login/EnterPassword2'

2024-10-03 15:59:56 - [TEST_STEP][PASSED] - delay(1): Delayed 1 second(s)

2024-10-03 15:59:57 - [MESSAGE][PASSED] - Delayed 1 second(s)

2024-10-03 15:59:57 - [TEST_STEP][PASSED] - click(findTestObject("Object Repository/Login/LoginButton2")): Object: 'Object Repository/Login/LoginButton2' is clicked on

2024-10-03 15:59:57 - [MESSAGE][PASSED] - Object: 'Object Repository/Login/LoginButton2' is clicked on

2024-10-03 15:59:57 - [TEST_STEP][PASSED] - delay(1): Delayed 1 second(s)

2024-10-03 15:59:58 - [MESSAGE][PASSED] - Delayed 1 second(s)

2024-10-03 15:59:58 - [TEST_STEP][PASSED] - waitForElementPresent(findTestObject("Object Repository/Login/welcome To NetCell"), 0): Object 'Object Repository/Login/welcome To NetCell' is present

2024-10-03 15:59:58 - [MESSAGE][WARNING] - Timeout '0' is invalid. Using default page load timeout: '120'

2024-10-03 15:59:58 - [MESSAGE][PASSED] - Object 'Object Repository/Login/welcome To NetCell' is present

2024-10-03 15:59:58 - [MESSAGE][PASSED] - Call Test Case 'Test Cases/LoginNew' successfully

2024-10-03 15:59:58 - [TEST_STEP][PASSED] - switchToWindowIndex(1): Switched to window with index: '1'

2024-10-03 15:59:58 - [MESSAGE][PASSED] - Switched to window with index: '1'

2024-10-03 15:59:58 - [TEST_STEP][PASSED] - PMHwaueiStats.Stats("4G", "Cell", true, "Hourly"): PMHwaueiStats.Stats is PASSED

2024-10-03 15:59:58 - [MESSAGE][PASSED] - Object: 'Object Repository/PM/PM-Button' is clicked on

2024-10-03 15:59:58 - [MESSAGE][PASSED] - Switched to window with index: '2'

2024-10-03 16:00:10 - [MESSAGE][PASSED] - Object: 'Object Repository/PM/Huawei-vendor/TopX/TopX Object Type' is clicked on

2024-10-03 16:00:11 - [MESSAGE][PASSED] - Delayed 1 second(s)

2024-10-03 16:00:11 - [MESSAGE][PASSED] - Object: 'Object Repository/PM/Huawei-vendor/Object-Type/TopX Object Types/TopX Cells/TopX Cell' is clicked on

2024-10-03 16:00:12 - [MESSAGE][PASSED] - Delayed 1 second(s)

2024-10-03 16:00:12 - [MESSAGE][WARNING] - Timeout '0' is invalid. Using default page load timeout: '120'

2024-10-03 16:00:12 - [MESSAGE][PASSED] - Scroll to object 'Object Repository/PM/Huawei-vendor/Object Border' successfully

2024-10-03 16:00:12 - [MESSAGE][PASSED] - Object: 'Object Repository/PM/Huawei-vendor/Object-Type/TopX Object Types/TopX Sites/TopX East Amman Arrow' is clicked on

2024-10-03 16:00:13 - [MESSAGE][PASSED] - Object: 'Object Repository/PM/Huawei-vendor/Object-Type/TopX Object Types/TopX Cells/TopX East Amman Site1 Arrow' is clicked on

2024-10-03 16:00:17 - [MESSAGE][PASSED] - Delayed 4 second(s)

2024-10-03 16:00:18 - [MESSAGE][PASSED] - Object: 'Object Repository/PM/Huawei-vendor/Object-Type/Stats Object type/Stats East Amman Site1 Cell1' is clicked on

2024-10-03 16:00:18 - [MESSAGE][PASSED] - Object: 'Object Repository/PM/Huawei-vendor/Object-Type/TopX Object Types/TopX Sites/TopX East Amman CloseArrow' is clicked on

2024-10-03 16:00:18 - [MESSAGE][PASSED] - Object: 'Object Repository/PM/Huawei-vendor/Object-Type/TopX Object Types/TopX Sites/TopX West Amman Arrow' is clicked on

2024-10-03 16:00:19 - [MESSAGE][PASSED] - Object: 'Object Repository/PM/Huawei-vendor/Object-Type/TopX Object Types/TopX Cells/TopX West Amman Site1 Arrow' is clicked on

2024-10-03 16:00:20 - [MESSAGE][PASSED] - Object: 'Object Repository/PM/Huawei-vendor/Object-Type/Stats Object type/Stats West Amman Site1 Cell1' is clicked on

2024-10-03 16:00:20 - [MESSAGE][PASSED] - Object: 'Object Repository/PM/Huawei-vendor/Object-Type/TopX Object Types/TopX Sites/TopX West Amman CloseArrow' is clicked on

2024-10-03 16:00:20 - [MESSAGE][PASSED] - Object: 'Object Repository/PM/Huawei-vendor/Object-Type/TopX Object Types/TopX Sites/TopX South Amman Arrow' is clicked on

2024-10-03 16:00:22 - [MESSAGE][PASSED] - Object: 'Object Repository/PM/Huawei-vendor/Object-Type/TopX Object Types/TopX Cells/TopX South Amman Site1 Arrow' is clicked on

2024-10-03 16:00:22 - [MESSAGE][PASSED] - Object: 'Object Repository/PM/Huawei-vendor/Object-Type/Stats Object type/Stats South Amman Site1 Cell1' is clicked on

2024-10-03 16:00:22 - [MESSAGE][PASSED] - Object: 'Object Repository/PM/Huawei-vendor/Object-Type/TopX Object Types/TopX Sites/TopX South Amman CloseArrow' is clicked on

2024-10-03 16:00:22 - [MESSAGE][PASSED] - Object: 'Object Repository/PM/Huawei-vendor/Object-Type/TopX Object Types/TopX Sites/TopX East Jordan Arrow' is clicked on

2024-10-03 16:00:23 - [MESSAGE][PASSED] - Object: 'Object Repository/PM/Huawei-vendor/Object-Type/TopX Object Types/TopX Cells/TopX East Jordan Site1 Arrow' is clicked on

2024-10-03 16:00:24 - [MESSAGE][PASSED] - Object: 'Object Repository/PM/Huawei-vendor/Object-Type/Stats Object type/Stats East Jordan Site1 Cell1' is clicked on

2024-10-03 16:00:24 - [MESSAGE][PASSED] - Object: 'Object Repository/PM/Huawei-vendor/Object-Type/TopX Object Types/TopX Sites/TopX East Jordan CloseArrow' is clicked on

2024-10-03 16:00:24 - [MESSAGE][PASSED] - Object: 'Object Repository/PM/Huawei-vendor/Object-Type/TopX Object Types/TopX Sites/TopX North Jordan Arrow' is clicked on

2024-10-03 16:00:26 - [MESSAGE][PASSED] - Object: 'Object Repository/PM/Huawei-vendor/Object-Type/TopX Object Types/TopX Cells/TopX North Jordan Site1 Arrow' is clicked on

2024-10-03 16:00:27 - [MESSAGE][PASSED] - Object: 'Object Repository/PM/Huawei-vendor/Object-Type/Stats Object type/Stats North Jordan Site1 Cell1' is clicked on

2024-10-03 16:00:27 - [MESSAGE][PASSED] - Object: 'Object Repository/PM/Huawei-vendor/Object-Type/TopX Object Types/TopX Sites/TopX North Jordan CloseArrow' is clicked on

2024-10-03 16:00:27 - [MESSAGE][PASSED] - Object: 'Object Repository/PM/Huawei-vendor/Object-Type/TopX Object Types/TopX Sites/TopX South Jordan Arrow' is clicked on

2024-10-03 16:00:28 - [MESSAGE][PASSED] - Object: 'Object Repository/PM/Huawei-vendor/Object-Type/TopX Object Types/TopX Cells/TopX South Jordan Site1 Arrow' is clicked on

2024-10-03 16:00:28 - [MESSAGE][PASSED] - Object: 'Object Repository/PM/Huawei-vendor/Object-Type/Stats Object type/Stats South Jordan Site1 Cell1' is clicked on

2024-10-03 16:00:29 - [MESSAGE][PASSED] - Object: 'Object Repository/PM/Huawei-vendor/Object-Type/TopX Object Types/TopX Sites/TopX South Jordan CloseArrow' is clicked on

2024-10-03 16:00:29 - [MESSAGE][PASSED] - Object: 'Object Repository/PM/Huawei-vendor/Object-Type/TopX Object Types/TopX Sites/TopX Others Arrow' is clicked on

2024-10-03 16:00:29 - [MESSAGE][PASSED] - Object: 'Object Repository/PM/Huawei-vendor/Object-Type/TopX Object Types/TopX Cells/TopX Others Site1 Arrow' is clicked on

2024-10-03 16:00:30 - [MESSAGE][PASSED] - Object: 'Object Repository/PM/Huawei-vendor/Object-Type/TopX Object Types/TopX Cells/TopX Others Site1 Cell1' is clicked on

2024-10-03 16:00:30 - [MESSAGE][PASSED] - Object: 'Object Repository/PM/Huawei-vendor/Object-Type/TopX Object Types/TopX Sites/TopX Others CloseArrow' is clicked on

2024-10-03 16:00:30 - [MESSAGE][PASSED] - Object: 'Object Repository/PM/Huawei-vendor/Aggregation-CheckBox' is clicked on

2024-10-03 16:00:30 - [MESSAGE][WARNING] - Timeout '0' is invalid. Using default page load timeout: '120'

2024-10-03 16:00:30 - [MESSAGE][PASSED] - Scroll to object 'Object Repository/PM/Huawei-vendor/StarttimeLable' successfully

2024-10-03 16:00:30 - [MESSAGE][PASSED] - Object: 'Object Repository/PM/Huawei-vendor/StartDate/StartDate-Button' is clicked on

2024-10-03 16:00:31 - [MESSAGE][PASSED] - Object: 'Object Repository/PM/Huawei-vendor/StartDate/Monthly-Selection' is clicked on

2024-10-03 16:00:31 - [MESSAGE][PASSED] - Object: 'Object Repository/PM/Huawei-vendor/StartDate/Fep-Selection' is clicked on

2024-10-03 16:00:32 - [MESSAGE][PASSED] - Delayed 1 second(s)

2024-10-03 16:00:32 - [MESSAGE][PASSED] - Object: 'Object Repository/PM/Huawei-vendor/StartDate/1-Fep' is clicked on

2024-10-03 16:00:32 - [MESSAGE][PASSED] - Object: 'Object Repository/PM/Huawei-vendor/Apply-Button' is clicked on

2024-10-03 16:00:32 - [MESSAGE][WARNING] - Timeout '0' is invalid. Using default page load timeout: '120'

2024-10-03 16:00:32 - [MESSAGE][PASSED] - Web element with id: 'Object Repository/PM/Huawei-vendor/Error' located by 'By.xpath: //div[@class='toast-summary title-medium-m']' is not present after '120' second(s)

2024-10-03 16:00:32 - [MESSAGE][WARNING] - Timeout '0' is invalid. Using default page load timeout: '120'

2024-10-03 16:00:34 - [MESSAGE][PASSED] - Object 'Object Repository/PM/Huawei-vendor/Export-Result' is present

2024-10-03 16:00:35 - [MESSAGE][PASSED] - Browser is closed

2024-10-03 16:00:35 - [MESSAGE][PASSED] - PMHwaueiStats.Stats is PASSED

2024-10-03 16:00:35 - [TEST_STEP][PASSED] - Start tear down : tearDownTestCase: Method 'tearDownTestCase' complete successfully

2024-10-03 16:00:35 - [TEST_STEP][PASSED] - closeBrowser(): Browser is closed

2024-10-03 16:00:35 - [MESSAGE][PASSED] - Browser is closed

2024-10-03 16:00:35 - [MESSAGE][PASSED] - Method 'tearDownTestCase' complete successfully]]></system-out>
         <system-err><![CDATA[]]></system-err>
      </testcase>
      <testcase name="Test Cases/PM/Hwauei/Stats/4G/Cluster/Cluster" time="36.177" classname="Test Cases/PM/Hwauei/Stats/4G/Cluster/Cluster" status="PASSED">
         <system-out><![CDATA[2024-10-03 16:00:35 - [TEST_CASE][PASSED] - Test Cases/PM/Hwauei/Stats/4G/Cluster/Cluster: Test Cases/PM/Hwauei/Stats/4G/Cluster/Cluster

2024-10-03 16:00:35 - [TEST_STEP][PASSED] - callTestCase(findTestCase("LoginNew"), [:], STOP_ON_FAILURE): Call Test Case 'Test Cases/LoginNew' successfully

2024-10-03 16:00:35 - [TEST_CASE][PASSED] - Test Cases/LoginNew: Test Cases/LoginNew

2024-10-03 16:00:35 - [TEST_STEP][PASSED] - driver = general.start(SwagerURL, NetCellURL): general.start is PASSED

2024-10-03 16:00:35 - [MESSAGE][INFO] - >>> chromeDriverPath=C:\Users\FatimaIbeid\.katalon\packages\Katalon_Studio_Windows_64-8.6.9\Katalon_Studio_Windows_64-8.6.9\configuration\resources\drivers\chromedriver_win32\chromedriver.exe

2024-10-03 16:00:37 - [MESSAGE][PASSED] - Current window maximized

2024-10-03 16:00:37 - [MESSAGE][PASSED] - Execute JavaScript 'window.open();' successfully

2024-10-03 16:00:37 - [MESSAGE][PASSED] - Switched to window with index: '1'

2024-10-03 16:00:49 - [MESSAGE][PASSED] - general.start is PASSED

2024-10-03 16:00:49 - [TEST_STEP][PASSED] - delay(1): Delayed 1 second(s)

2024-10-03 16:00:50 - [MESSAGE][PASSED] - Delayed 1 second(s)

2024-10-03 16:00:50 - [TEST_STEP][PASSED] - sendKeys(findTestObject("Object Repository/Login/EnterEmail2"), "homam@zztjg.onmicrosoft.com"): Keys 'homam@zztjg.onmicrosoft.com' sent to object: 'Object Repository/Login/EnterEmail2'

2024-10-03 16:00:50 - [MESSAGE][PASSED] - Keys 'homam@zztjg.onmicrosoft.com' sent to object: 'Object Repository/Login/EnterEmail2'

2024-10-03 16:00:50 - [TEST_STEP][PASSED] - delay(1): Delayed 1 second(s)

2024-10-03 16:00:51 - [MESSAGE][PASSED] - Delayed 1 second(s)

2024-10-03 16:00:51 - [TEST_STEP][PASSED] - sendKeys(findTestObject("Object Repository/Login/EnterPassword2"), "P@ssw0rd"): Keys 'P@ssw0rd' sent to object: 'Object Repository/Login/EnterPassword2'

2024-10-03 16:00:51 - [MESSAGE][PASSED] - Keys 'P@ssw0rd' sent to object: 'Object Repository/Login/EnterPassword2'

2024-10-03 16:00:51 - [TEST_STEP][PASSED] - delay(1): Delayed 1 second(s)

2024-10-03 16:00:52 - [MESSAGE][PASSED] - Delayed 1 second(s)

2024-10-03 16:00:52 - [TEST_STEP][PASSED] - click(findTestObject("Object Repository/Login/LoginButton2")): Object: 'Object Repository/Login/LoginButton2' is clicked on

2024-10-03 16:00:53 - [MESSAGE][PASSED] - Object: 'Object Repository/Login/LoginButton2' is clicked on

2024-10-03 16:00:53 - [TEST_STEP][PASSED] - delay(1): Delayed 1 second(s)

2024-10-03 16:00:54 - [MESSAGE][PASSED] - Delayed 1 second(s)

2024-10-03 16:00:54 - [TEST_STEP][PASSED] - waitForElementPresent(findTestObject("Object Repository/Login/welcome To NetCell"), 0): Object 'Object Repository/Login/welcome To NetCell' is present

2024-10-03 16:00:54 - [MESSAGE][WARNING] - Timeout '0' is invalid. Using default page load timeout: '120'

2024-10-03 16:00:54 - [MESSAGE][PASSED] - Object 'Object Repository/Login/welcome To NetCell' is present

2024-10-03 16:00:54 - [MESSAGE][PASSED] - Call Test Case 'Test Cases/LoginNew' successfully

2024-10-03 16:00:54 - [TEST_STEP][PASSED] - switchToWindowIndex(1): Switched to window with index: '1'

2024-10-03 16:00:54 - [MESSAGE][PASSED] - Switched to window with index: '1'

2024-10-03 16:00:54 - [TEST_STEP][PASSED] - PMHwaueiStats.Stats("4G", "Cluster", false, "Hourly"): PMHwaueiStats.Stats is PASSED

2024-10-03 16:00:54 - [MESSAGE][PASSED] - Object: 'Object Repository/PM/PM-Button' is clicked on

2024-10-03 16:00:55 - [MESSAGE][PASSED] - Switched to window with index: '2'

2024-10-03 16:00:55 - [MESSAGE][PASSED] - Object: 'Object Repository/PM/Huawei-vendor/TopX/TopX Object Type' is clicked on

2024-10-03 16:00:56 - [MESSAGE][PASSED] - Delayed 1 second(s)

2024-10-03 16:00:57 - [MESSAGE][PASSED] - Object: 'Object Repository/PM/Huawei-vendor/Object-Type/TopX Object Types/TopX Clusters/TopX Cluster' is clicked on

2024-10-03 16:00:58 - [MESSAGE][PASSED] - Delayed 1 second(s)

2024-10-03 16:00:58 - [MESSAGE][WARNING] - Timeout '0' is invalid. Using default page load timeout: '120'

2024-10-03 16:00:58 - [MESSAGE][PASSED] - Scroll to object 'Object Repository/PM/Huawei-vendor/Object Border' successfully

2024-10-03 16:00:58 - [MESSAGE][PASSED] - Object: 'Object Repository/PM/Huawei-vendor/Object-Type/TopX Object Types/TopX Region Bands/TopX FDD Arrow' is clicked on

2024-10-03 16:00:58 - [MESSAGE][PASSED] - Object: 'Object Repository/PM/Huawei-vendor/Object-Type/TopX Object Types/TopX Sites/TopX East Amman Arrow' is clicked on

2024-10-03 16:00:58 - [MESSAGE][PASSED] - Object: 'Object Repository/PM/Huawei-vendor/Object-Type/TopX Object Types/TopX Cluster Bands/TopX East Amman Cluster 3' is clicked on

2024-10-03 16:00:59 - [MESSAGE][PASSED] - Object: 'Object Repository/PM/Huawei-vendor/Object-Type/TopX Object Types/TopX Cluster Bands/TopX East Amman Cluster 13' is clicked on

2024-10-03 16:00:59 - [MESSAGE][PASSED] - Object: 'Object Repository/PM/Huawei-vendor/Object-Type/TopX Object Types/TopX Sites/TopX East Amman CloseArrow' is clicked on

2024-10-03 16:00:59 - [MESSAGE][PASSED] - Object: 'Object Repository/PM/Huawei-vendor/Object-Type/TopX Object Types/TopX Sites/TopX North Jordan Arrow' is clicked on

2024-10-03 16:00:59 - [MESSAGE][PASSED] - Object: 'Object Repository/PM/Huawei-vendor/Object-Type/TopX Object Types/TopX Cluster Bands/TopX North Jordan Cluster 4' is clicked on

2024-10-03 16:00:59 - [MESSAGE][PASSED] - Object: 'Object Repository/PM/Huawei-vendor/Object-Type/TopX Object Types/TopX Cluster Bands/TopX North Jordan Cluster 14' is clicked on

2024-10-03 16:00:59 - [MESSAGE][PASSED] - Object: 'Object Repository/PM/Huawei-vendor/Object-Type/TopX Object Types/TopX Sites/TopX North Jordan CloseArrow' is clicked on

2024-10-03 16:01:00 - [MESSAGE][PASSED] - Object: 'Object Repository/PM/Huawei-vendor/Object-Type/TopX Object Types/TopX Region Bands/TopX FDD Close Arrow' is clicked on

2024-10-03 16:01:00 - [MESSAGE][WARNING] - Timeout '0' is invalid. Using default page load timeout: '120'

2024-10-03 16:01:00 - [MESSAGE][PASSED] - Scroll to object 'Object Repository/PM/Huawei-vendor/StarttimeLable' successfully

2024-10-03 16:01:00 - [MESSAGE][PASSED] - Object: 'Object Repository/PM/Huawei-vendor/StartDate/StartDate-Button' is clicked on

2024-10-03 16:01:00 - [MESSAGE][PASSED] - Object: 'Object Repository/PM/Huawei-vendor/StartDate/Monthly-Selection' is clicked on

2024-10-03 16:01:00 - [MESSAGE][PASSED] - Object: 'Object Repository/PM/Huawei-vendor/StartDate/Fep-Selection' is clicked on

2024-10-03 16:01:01 - [MESSAGE][PASSED] - Delayed 1 second(s)

2024-10-03 16:01:02 - [MESSAGE][PASSED] - Object: 'Object Repository/PM/Huawei-vendor/StartDate/1-Fep' is clicked on

2024-10-03 16:01:02 - [MESSAGE][PASSED] - Object: 'Object Repository/PM/Huawei-vendor/Apply-Button' is clicked on

2024-10-03 16:01:02 - [MESSAGE][WARNING] - Timeout '0' is invalid. Using default page load timeout: '120'

2024-10-03 16:01:02 - [MESSAGE][PASSED] - Web element with id: 'Object Repository/PM/Huawei-vendor/Error' located by 'By.xpath: //div[@class='toast-summary title-medium-m']' is not present after '120' second(s)

2024-10-03 16:01:02 - [MESSAGE][WARNING] - Timeout '0' is invalid. Using default page load timeout: '120'

2024-10-03 16:01:10 - [MESSAGE][PASSED] - Object 'Object Repository/PM/Huawei-vendor/Export-Result' is present

2024-10-03 16:01:11 - [MESSAGE][PASSED] - Browser is closed

2024-10-03 16:01:11 - [MESSAGE][PASSED] - PMHwaueiStats.Stats is PASSED

2024-10-03 16:01:11 - [TEST_STEP][PASSED] - Start tear down : tearDownTestCase: Method 'tearDownTestCase' complete successfully

2024-10-03 16:01:11 - [TEST_STEP][PASSED] - closeBrowser(): Browser is closed

2024-10-03 16:01:11 - [MESSAGE][PASSED] - Browser is closed

2024-10-03 16:01:11 - [MESSAGE][PASSED] - Method 'tearDownTestCase' complete successfully]]></system-out>
         <system-err><![CDATA[]]></system-err>
      </testcase>
      <testcase name="Test Cases/PM/Hwauei/Stats/4G/Cluster/Cluster Aggregation" time="36.911" classname="Test Cases/PM/Hwauei/Stats/4G/Cluster/Cluster Aggregation" status="PASSED">
         <system-out><![CDATA[2024-10-03 16:01:11 - [TEST_CASE][PASSED] - Test Cases/PM/Hwauei/Stats/4G/Cluster/Cluster Aggregation: Test Cases/PM/Hwauei/Stats/4G/Cluster/Cluster Aggregation

2024-10-03 16:01:11 - [TEST_STEP][PASSED] - callTestCase(findTestCase("LoginNew"), [:], STOP_ON_FAILURE): Call Test Case 'Test Cases/LoginNew' successfully

2024-10-03 16:01:11 - [TEST_CASE][PASSED] - Test Cases/LoginNew: Test Cases/LoginNew

2024-10-03 16:01:11 - [TEST_STEP][PASSED] - driver = general.start(SwagerURL, NetCellURL): general.start is PASSED

2024-10-03 16:01:11 - [MESSAGE][INFO] - >>> chromeDriverPath=C:\Users\FatimaIbeid\.katalon\packages\Katalon_Studio_Windows_64-8.6.9\Katalon_Studio_Windows_64-8.6.9\configuration\resources\drivers\chromedriver_win32\chromedriver.exe

2024-10-03 16:01:13 - [MESSAGE][PASSED] - Current window maximized

2024-10-03 16:01:13 - [MESSAGE][PASSED] - Execute JavaScript 'window.open();' successfully

2024-10-03 16:01:13 - [MESSAGE][PASSED] - Switched to window with index: '1'

2024-10-03 16:01:25 - [MESSAGE][PASSED] - general.start is PASSED

2024-10-03 16:01:25 - [TEST_STEP][PASSED] - delay(1): Delayed 1 second(s)

2024-10-03 16:01:26 - [MESSAGE][PASSED] - Delayed 1 second(s)

2024-10-03 16:01:26 - [TEST_STEP][PASSED] - sendKeys(findTestObject("Object Repository/Login/EnterEmail2"), "homam@zztjg.onmicrosoft.com"): Keys 'homam@zztjg.onmicrosoft.com' sent to object: 'Object Repository/Login/EnterEmail2'

2024-10-03 16:01:26 - [MESSAGE][PASSED] - Keys 'homam@zztjg.onmicrosoft.com' sent to object: 'Object Repository/Login/EnterEmail2'

2024-10-03 16:01:26 - [TEST_STEP][PASSED] - delay(1): Delayed 1 second(s)

2024-10-03 16:01:27 - [MESSAGE][PASSED] - Delayed 1 second(s)

2024-10-03 16:01:27 - [TEST_STEP][PASSED] - sendKeys(findTestObject("Object Repository/Login/EnterPassword2"), "P@ssw0rd"): Keys 'P@ssw0rd' sent to object: 'Object Repository/Login/EnterPassword2'

2024-10-03 16:01:27 - [MESSAGE][PASSED] - Keys 'P@ssw0rd' sent to object: 'Object Repository/Login/EnterPassword2'

2024-10-03 16:01:27 - [TEST_STEP][PASSED] - delay(1): Delayed 1 second(s)

2024-10-03 16:01:28 - [MESSAGE][PASSED] - Delayed 1 second(s)

2024-10-03 16:01:28 - [TEST_STEP][PASSED] - click(findTestObject("Object Repository/Login/LoginButton2")): Object: 'Object Repository/Login/LoginButton2' is clicked on

2024-10-03 16:01:29 - [MESSAGE][PASSED] - Object: 'Object Repository/Login/LoginButton2' is clicked on

2024-10-03 16:01:29 - [TEST_STEP][PASSED] - delay(1): Delayed 1 second(s)

2024-10-03 16:01:30 - [MESSAGE][PASSED] - Delayed 1 second(s)

2024-10-03 16:01:30 - [TEST_STEP][PASSED] - waitForElementPresent(findTestObject("Object Repository/Login/welcome To NetCell"), 0): Object 'Object Repository/Login/welcome To NetCell' is present

2024-10-03 16:01:30 - [MESSAGE][WARNING] - Timeout '0' is invalid. Using default page load timeout: '120'

2024-10-03 16:01:30 - [MESSAGE][PASSED] - Object 'Object Repository/Login/welcome To NetCell' is present

2024-10-03 16:01:30 - [MESSAGE][PASSED] - Call Test Case 'Test Cases/LoginNew' successfully

2024-10-03 16:01:30 - [TEST_STEP][PASSED] - switchToWindowIndex(1): Switched to window with index: '1'

2024-10-03 16:01:30 - [MESSAGE][PASSED] - Switched to window with index: '1'

2024-10-03 16:01:30 - [TEST_STEP][PASSED] - PMHwaueiStats.Stats("4G", "Cluster", true, "Hourly"): PMHwaueiStats.Stats is PASSED

2024-10-03 16:01:30 - [MESSAGE][PASSED] - Object: 'Object Repository/PM/PM-Button' is clicked on

2024-10-03 16:01:31 - [MESSAGE][PASSED] - Switched to window with index: '2'

2024-10-03 16:01:31 - [MESSAGE][PASSED] - Object: 'Object Repository/PM/Huawei-vendor/TopX/TopX Object Type' is clicked on

2024-10-03 16:01:32 - [MESSAGE][PASSED] - Delayed 1 second(s)

2024-10-03 16:01:33 - [MESSAGE][PASSED] - Object: 'Object Repository/PM/Huawei-vendor/Object-Type/TopX Object Types/TopX Clusters/TopX Cluster' is clicked on

2024-10-03 16:01:34 - [MESSAGE][PASSED] - Delayed 1 second(s)

2024-10-03 16:01:34 - [MESSAGE][WARNING] - Timeout '0' is invalid. Using default page load timeout: '120'

2024-10-03 16:01:34 - [MESSAGE][PASSED] - Scroll to object 'Object Repository/PM/Huawei-vendor/Object Border' successfully

2024-10-03 16:01:34 - [MESSAGE][PASSED] - Object: 'Object Repository/PM/Huawei-vendor/Object-Type/TopX Object Types/TopX Region Bands/TopX FDD Arrow' is clicked on

2024-10-03 16:01:34 - [MESSAGE][PASSED] - Object: 'Object Repository/PM/Huawei-vendor/Object-Type/TopX Object Types/TopX Regions/TopX Region East Amman' is clicked on

2024-10-03 16:01:34 - [MESSAGE][PASSED] - Object: 'Object Repository/PM/Huawei-vendor/Object-Type/TopX Object Types/TopX Regions/TopX Region West Amman' is clicked on

2024-10-03 16:01:34 - [MESSAGE][PASSED] - Object: 'Object Repository/PM/Huawei-vendor/Object-Type/TopX Object Types/TopX Regions/TopX Region South Jordan' is clicked on

2024-10-03 16:01:35 - [MESSAGE][PASSED] - Object: 'Object Repository/PM/Huawei-vendor/Object-Type/TopX Object Types/TopX Regions/TopX Region North Jordan' is clicked on

2024-10-03 16:01:35 - [MESSAGE][PASSED] - Object: 'Object Repository/PM/Huawei-vendor/Object-Type/TopX Object Types/TopX Region Bands/TopX FDD Close Arrow' is clicked on

2024-10-03 16:01:35 - [MESSAGE][PASSED] - Object: 'Object Repository/PM/Huawei-vendor/Object-Type/TopX Object Types/TopX Region Bands/TopX TDD Arrow' is clicked on

2024-10-03 16:01:35 - [MESSAGE][PASSED] - Object: 'Object Repository/PM/Huawei-vendor/Object-Type/TopX Object Types/TopX Regions/TopX Region East Jordan' is clicked on

2024-10-03 16:01:35 - [MESSAGE][PASSED] - Object: 'Object Repository/PM/Huawei-vendor/Object-Type/TopX Object Types/TopX Regions/TopX Region Others' is clicked on

2024-10-03 16:01:36 - [MESSAGE][PASSED] - Object: 'Object Repository/PM/Huawei-vendor/Object-Type/TopX Object Types/TopX Regions/TopX Region South Amman' is clicked on

2024-10-03 16:01:36 - [MESSAGE][PASSED] - Object: 'Object Repository/PM/Huawei-vendor/Object-Type/TopX Object Types/TopX Region Bands/TopX TDD Close Arrow' is clicked on

2024-10-03 16:01:36 - [MESSAGE][PASSED] - Object: 'Object Repository/PM/Huawei-vendor/Aggregation-CheckBox' is clicked on

2024-10-03 16:01:36 - [MESSAGE][WARNING] - Timeout '0' is invalid. Using default page load timeout: '120'

2024-10-03 16:01:36 - [MESSAGE][PASSED] - Scroll to object 'Object Repository/PM/Huawei-vendor/StarttimeLable' successfully

2024-10-03 16:01:36 - [MESSAGE][PASSED] - Object: 'Object Repository/PM/Huawei-vendor/StartDate/StartDate-Button' is clicked on

2024-10-03 16:01:36 - [MESSAGE][PASSED] - Object: 'Object Repository/PM/Huawei-vendor/StartDate/Monthly-Selection' is clicked on

2024-10-03 16:01:37 - [MESSAGE][PASSED] - Object: 'Object Repository/PM/Huawei-vendor/StartDate/Fep-Selection' is clicked on

2024-10-03 16:01:38 - [MESSAGE][PASSED] - Delayed 1 second(s)

2024-10-03 16:01:38 - [MESSAGE][PASSED] - Object: 'Object Repository/PM/Huawei-vendor/StartDate/1-Fep' is clicked on

2024-10-03 16:01:38 - [MESSAGE][PASSED] - Object: 'Object Repository/PM/Huawei-vendor/Apply-Button' is clicked on

2024-10-03 16:01:38 - [MESSAGE][WARNING] - Timeout '0' is invalid. Using default page load timeout: '120'

2024-10-03 16:01:38 - [MESSAGE][PASSED] - Web element with id: 'Object Repository/PM/Huawei-vendor/Error' located by 'By.xpath: //div[@class='toast-summary title-medium-m']' is not present after '120' second(s)

2024-10-03 16:01:38 - [MESSAGE][WARNING] - Timeout '0' is invalid. Using default page load timeout: '120'

2024-10-03 16:01:47 - [MESSAGE][PASSED] - Object 'Object Repository/PM/Huawei-vendor/Export-Result' is present

2024-10-03 16:01:48 - [MESSAGE][PASSED] - Browser is closed

2024-10-03 16:01:48 - [MESSAGE][PASSED] - PMHwaueiStats.Stats is PASSED

2024-10-03 16:01:48 - [TEST_STEP][PASSED] - Start tear down : tearDownTestCase: Method 'tearDownTestCase' complete successfully

2024-10-03 16:01:48 - [TEST_STEP][PASSED] - closeBrowser(): Browser is closed

2024-10-03 16:01:48 - [MESSAGE][PASSED] - Browser is closed

2024-10-03 16:01:48 - [MESSAGE][PASSED] - Method 'tearDownTestCase' complete successfully]]></system-out>
         <system-err><![CDATA[]]></system-err>
      </testcase>
      <testcase name="Test Cases/PM/Hwauei/Stats/4G/Cluster Band/Cluster Band" time="47.374" classname="Test Cases/PM/Hwauei/Stats/4G/Cluster Band/Cluster Band" status="FAILED">
         <failure type="FAILED" message="Test Cases/PM/Hwauei/Stats/4G/Cluster Band/Cluster Band FAILED.
Reason:
com.kms.katalon.core.exception.StepFailedException: Unable to click on object 'Object Repository/PM/Huawei-vendor/Object-Type/TopX Object Types/TopX Sites/TopX East Jordan CloseArrow'
	at com.kms.katalon.core.webui.keyword.internal.WebUIKeywordMain.stepFailed(WebUIKeywordMain.groovy:64)
	at com.kms.katalon.core.webui.keyword.internal.WebUIKeywordMain.runKeyword(WebUIKeywordMain.groovy:26)
	at com.kms.katalon.core.webui.keyword.builtin.ClickKeyword.click(ClickKeyword.groovy:74)
	at com.kms.katalon.core.webui.keyword.builtin.ClickKeyword.execute(ClickKeyword.groovy:40)
	at com.kms.katalon.core.keyword.internal.KeywordExecutor.executeKeywordForPlatform(KeywordExecutor.groovy:74)
	at com.kms.katalon.core.webui.keyword.WebUiBuiltInKeywords.click(WebUiBuiltInKeywords.groovy:620)
	at com.kms.katalon.core.webui.keyword.WebUiBuiltInKeywords$click$3.call(Unknown Source)
	at PMHwaueiStats.Stats(PMHwaueiStats.groovy:375)
	at PMHwaueiStats.invokeMethod(PMHwaueiStats.groovy)
	at com.kms.katalon.core.main.CustomKeywordDelegatingMetaClass.invokeStaticMethod(CustomKeywordDelegatingMetaClass.java:55)
	at Cluster Band.run(Cluster Band:22)
	at com.kms.katalon.core.main.ScriptEngine.run(ScriptEngine.java:194)
	at com.kms.katalon.core.main.ScriptEngine.runScriptAsRawText(ScriptEngine.java:119)
	at com.kms.katalon.core.main.TestCaseExecutor.runScript(TestCaseExecutor.java:448)
	at com.kms.katalon.core.main.TestCaseExecutor.doExecute(TestCaseExecutor.java:439)
	at com.kms.katalon.core.main.TestCaseExecutor.processExecutionPhase(TestCaseExecutor.java:418)
	at com.kms.katalon.core.main.TestCaseExecutor.accessMainPhase(TestCaseExecutor.java:410)
	at com.kms.katalon.core.main.TestCaseExecutor.execute(TestCaseExecutor.java:285)
	at com.kms.katalon.core.common.CommonExecutor.accessTestCaseMainPhase(CommonExecutor.java:65)
	at com.kms.katalon.core.main.TestSuiteExecutor.accessTestSuiteMainPhase(TestSuiteExecutor.java:148)
	at com.kms.katalon.core.main.TestSuiteExecutor.execute(TestSuiteExecutor.java:106)
	at com.kms.katalon.core.main.TestCaseMain.startTestSuite(TestCaseMain.java:187)
	at com.kms.katalon.core.main.TestCaseMain$startTestSuite$0.call(Unknown Source)
	at TempTestSuite1727960116044.run(TempTestSuite1727960116044.groovy:35)
Caused by: org.openqa.selenium.NoSuchWindowException: no such window: target window already closed
from unknown error: web view not found
  (Session info: chrome=129.0.6668.60)
Build info: version: '3.141.59', revision: 'e82be7d358', time: '2018-11-14T08:25:53'
System info: host: 'LP-FATIMAIBEID', ip: '192.168.8.187', os.name: 'Windows 11', os.arch: 'amd64', os.version: '10.0', java.version: '1.8.0_362'
Driver info: org.openqa.selenium.chrome.ChromeDriver
Capabilities {acceptInsecureCerts: true, browserName: chrome, browserVersion: 129.0.6668.60, chrome: {chromedriverVersion: 129.0.6668.70 (df87d5cf12b1..., userDataDir: C:\Users\FATIMA~1\AppData\L...}, fedcm:accounts: true, goog:chromeOptions: {debuggerAddress: localhost:62731}, javascriptEnabled: true, networkConnectionEnabled: false, pageLoadStrategy: normal, platform: WINDOWS, platformName: WINDOWS, proxy: Proxy(), setWindowRect: true, strictFileInteractability: false, timeouts: {implicit: 0, pageLoad: 300000, script: 30000}, unhandledPromptBehavior: dismiss and notify, webauthn:extension:credBlob: true, webauthn:extension:largeBlob: true, webauthn:extension:minPinLength: true, webauthn:extension:prf: true, webauthn:virtualAuthenticators: true}
Session ID: 749c58ab6a73ba6bd382d3f991918846
*** Element info: {Using=xpath, value=//li[@aria-label='East Jordan']//chevrondownicon[@class='p-element p-icon-wrapper ng-star-inserted']//*[name()='svg']}
	at org.openqa.selenium.remote.http.W3CHttpResponseCodec.createException(W3CHttpResponseCodec.java:187)
	at org.openqa.selenium.remote.http.W3CHttpResponseCodec.decode(W3CHttpResponseCodec.java:122)
	at org.openqa.selenium.remote.http.W3CHttpResponseCodec.decode(W3CHttpResponseCodec.java:49)
	at org.openqa.selenium.remote.HttpCommandExecutor.execute(HttpCommandExecutor.java:158)
	at org.openqa.selenium.remote.service.DriverCommandExecutor.execute(DriverCommandExecutor.java:83)
	at org.openqa.selenium.remote.RemoteWebDriver.execute(RemoteWebDriver.java:552)
	at org.openqa.selenium.remote.RemoteWebDriver.findElements(RemoteWebDriver.java:353)
	at org.openqa.selenium.remote.RemoteWebDriver.findElementsByXPath(RemoteWebDriver.java:432)
	at org.openqa.selenium.By$ByXPath.findElements(By.java:348)
	at org.openqa.selenium.remote.RemoteWebDriver.findElements(RemoteWebDriver.java:311)
	at org.openqa.selenium.support.events.EventFiringWebDriver.lambda$new$1(EventFiringWebDriver.java:105)
	at com.sun.proxy.$Proxy11.findElements(Unknown Source)
	at org.openqa.selenium.support.events.EventFiringWebDriver.findElements(EventFiringWebDriver.java:182)
	at com.kms.katalon.core.webui.common.WebUiCommonHelper.findElementByNormalMethods(WebUiCommonHelper.java:1027)
	at com.kms.katalon.core.webui.common.WebUiCommonHelper.findElementsBySelectedMethod(WebUiCommonHelper.java:919)
	at com.kms.katalon.core.webui.common.WebUiCommonHelper.findElementsBySelectedMethod(WebUiCommonHelper.java:901)
	at com.kms.katalon.core.webui.common.WebUiCommonHelper.findElementsBySelectedMethod(WebUiCommonHelper.java:896)
	at com.kms.katalon.core.webui.common.WebUiCommonHelper.findElementsByDefault(WebUiCommonHelper.java:892)
	at com.kms.katalon.core.webui.common.WebUiCommonHelper.findWebElements(WebUiCommonHelper.java:720)
	at com.kms.katalon.core.webui.common.WebUiCommonHelper.findWebElement(WebUiCommonHelper.java:1376)
	at com.kms.katalon.core.webui.keyword.internal.WebUIAbstractKeyword.findWebElement(WebUIAbstractKeyword.groovy:27)
	at com.kms.katalon.core.webui.keyword.builtin.ClickKeyword$_click_closure1.doCall(ClickKeyword.groovy:65)
	at com.kms.katalon.core.webui.keyword.builtin.ClickKeyword$_click_closure1.call(ClickKeyword.groovy)
	at com.kms.katalon.core.webui.keyword.internal.WebUIKeywordMain.runKeyword(WebUIKeywordMain.groovy:20)
	... 22 more
"/>
         <system-out><![CDATA[2024-10-03 16:01:48 - [TEST_CASE][FAILED] - Test Cases/PM/Hwauei/Stats/4G/Cluster Band/Cluster Band: Test Cases/PM/Hwauei/Stats/4G/Cluster Band/Cluster Band FAILED.
Reason:
com.kms.katalon.core.exception.StepFailedException: Unable to click on object 'Object Repository/PM/Huawei-vendor/Object-Type/TopX Object Types/TopX Sites/TopX East Jordan CloseArrow'
	at com.kms.katalon.core.webui.keyword.internal.WebUIKeywordMain.stepFailed(WebUIKeywordMain.groovy:64)
	at com.kms.katalon.core.webui.keyword.internal.WebUIKeywordMain.runKeyword(WebUIKeywordMain.groovy:26)
	at com.kms.katalon.core.webui.keyword.builtin.ClickKeyword.click(ClickKeyword.groovy:74)
	at com.kms.katalon.core.webui.keyword.builtin.ClickKeyword.execute(ClickKeyword.groovy:40)
	at com.kms.katalon.core.keyword.internal.KeywordExecutor.executeKeywordForPlatform(KeywordExecutor.groovy:74)
	at com.kms.katalon.core.webui.keyword.WebUiBuiltInKeywords.click(WebUiBuiltInKeywords.groovy:620)
	at com.kms.katalon.core.webui.keyword.WebUiBuiltInKeywords$click$3.call(Unknown Source)
	at PMHwaueiStats.Stats(PMHwaueiStats.groovy:375)
	at PMHwaueiStats.invokeMethod(PMHwaueiStats.groovy)
	at com.kms.katalon.core.main.CustomKeywordDelegatingMetaClass.invokeStaticMethod(CustomKeywordDelegatingMetaClass.java:55)
	at Cluster Band.run(Cluster Band:22)
	at com.kms.katalon.core.main.ScriptEngine.run(ScriptEngine.java:194)
	at com.kms.katalon.core.main.ScriptEngine.runScriptAsRawText(ScriptEngine.java:119)
	at com.kms.katalon.core.main.TestCaseExecutor.runScript(TestCaseExecutor.java:448)
	at com.kms.katalon.core.main.TestCaseExecutor.doExecute(TestCaseExecutor.java:439)
	at com.kms.katalon.core.main.TestCaseExecutor.processExecutionPhase(TestCaseExecutor.java:418)
	at com.kms.katalon.core.main.TestCaseExecutor.accessMainPhase(TestCaseExecutor.java:410)
	at com.kms.katalon.core.main.TestCaseExecutor.execute(TestCaseExecutor.java:285)
	at com.kms.katalon.core.common.CommonExecutor.accessTestCaseMainPhase(CommonExecutor.java:65)
	at com.kms.katalon.core.main.TestSuiteExecutor.accessTestSuiteMainPhase(TestSuiteExecutor.java:148)
	at com.kms.katalon.core.main.TestSuiteExecutor.execute(TestSuiteExecutor.java:106)
	at com.kms.katalon.core.main.TestCaseMain.startTestSuite(TestCaseMain.java:187)
	at com.kms.katalon.core.main.TestCaseMain$startTestSuite$0.call(Unknown Source)
	at TempTestSuite1727960116044.run(TempTestSuite1727960116044.groovy:35)
Caused by: org.openqa.selenium.NoSuchWindowException: no such window: target window already closed
from unknown error: web view not found
  (Session info: chrome=129.0.6668.60)
Build info: version: '3.141.59', revision: 'e82be7d358', time: '2018-11-14T08:25:53'
System info: host: 'LP-FATIMAIBEID', ip: '192.168.8.187', os.name: 'Windows 11', os.arch: 'amd64', os.version: '10.0', java.version: '1.8.0_362'
Driver info: org.openqa.selenium.chrome.ChromeDriver
Capabilities {acceptInsecureCerts: true, browserName: chrome, browserVersion: 129.0.6668.60, chrome: {chromedriverVersion: 129.0.6668.70 (df87d5cf12b1..., userDataDir: C:\Users\FATIMA~1\AppData\L...}, fedcm:accounts: true, goog:chromeOptions: {debuggerAddress: localhost:62731}, javascriptEnabled: true, networkConnectionEnabled: false, pageLoadStrategy: normal, platform: WINDOWS, platformName: WINDOWS, proxy: Proxy(), setWindowRect: true, strictFileInteractability: false, timeouts: {implicit: 0, pageLoad: 300000, script: 30000}, unhandledPromptBehavior: dismiss and notify, webauthn:extension:credBlob: true, webauthn:extension:largeBlob: true, webauthn:extension:minPinLength: true, webauthn:extension:prf: true, webauthn:virtualAuthenticators: true}
Session ID: 749c58ab6a73ba6bd382d3f991918846
*** Element info: {Using=xpath, value=//li[@aria-label='East Jordan']//chevrondownicon[@class='p-element p-icon-wrapper ng-star-inserted']//*[name()='svg']}
	at org.openqa.selenium.remote.http.W3CHttpResponseCodec.createException(W3CHttpResponseCodec.java:187)
	at org.openqa.selenium.remote.http.W3CHttpResponseCodec.decode(W3CHttpResponseCodec.java:122)
	at org.openqa.selenium.remote.http.W3CHttpResponseCodec.decode(W3CHttpResponseCodec.java:49)
	at org.openqa.selenium.remote.HttpCommandExecutor.execute(HttpCommandExecutor.java:158)
	at org.openqa.selenium.remote.service.DriverCommandExecutor.execute(DriverCommandExecutor.java:83)
	at org.openqa.selenium.remote.RemoteWebDriver.execute(RemoteWebDriver.java:552)
	at org.openqa.selenium.remote.RemoteWebDriver.findElements(RemoteWebDriver.java:353)
	at org.openqa.selenium.remote.RemoteWebDriver.findElementsByXPath(RemoteWebDriver.java:432)
	at org.openqa.selenium.By$ByXPath.findElements(By.java:348)
	at org.openqa.selenium.remote.RemoteWebDriver.findElements(RemoteWebDriver.java:311)
	at org.openqa.selenium.support.events.EventFiringWebDriver.lambda$new$1(EventFiringWebDriver.java:105)
	at com.sun.proxy.$Proxy11.findElements(Unknown Source)
	at org.openqa.selenium.support.events.EventFiringWebDriver.findElements(EventFiringWebDriver.java:182)
	at com.kms.katalon.core.webui.common.WebUiCommonHelper.findElementByNormalMethods(WebUiCommonHelper.java:1027)
	at com.kms.katalon.core.webui.common.WebUiCommonHelper.findElementsBySelectedMethod(WebUiCommonHelper.java:919)
	at com.kms.katalon.core.webui.common.WebUiCommonHelper.findElementsBySelectedMethod(WebUiCommonHelper.java:901)
	at com.kms.katalon.core.webui.common.WebUiCommonHelper.findElementsBySelectedMethod(WebUiCommonHelper.java:896)
	at com.kms.katalon.core.webui.common.WebUiCommonHelper.findElementsByDefault(WebUiCommonHelper.java:892)
	at com.kms.katalon.core.webui.common.WebUiCommonHelper.findWebElements(WebUiCommonHelper.java:720)
	at com.kms.katalon.core.webui.common.WebUiCommonHelper.findWebElement(WebUiCommonHelper.java:1376)
	at com.kms.katalon.core.webui.keyword.internal.WebUIAbstractKeyword.findWebElement(WebUIAbstractKeyword.groovy:27)
	at com.kms.katalon.core.webui.keyword.builtin.ClickKeyword$_click_closure1.doCall(ClickKeyword.groovy:65)
	at com.kms.katalon.core.webui.keyword.builtin.ClickKeyword$_click_closure1.call(ClickKeyword.groovy)
	at com.kms.katalon.core.webui.keyword.internal.WebUIKeywordMain.runKeyword(WebUIKeywordMain.groovy:20)
	... 22 more


2024-10-03 16:01:48 - [TEST_STEP][PASSED] - callTestCase(findTestCase("LoginNew"), [:], STOP_ON_FAILURE): Call Test Case 'Test Cases/LoginNew' successfully

2024-10-03 16:01:48 - [TEST_CASE][PASSED] - Test Cases/LoginNew: Test Cases/LoginNew

2024-10-03 16:01:48 - [TEST_STEP][PASSED] - driver = general.start(SwagerURL, NetCellURL): general.start is PASSED

2024-10-03 16:01:48 - [MESSAGE][INFO] - >>> chromeDriverPath=C:\Users\FatimaIbeid\.katalon\packages\Katalon_Studio_Windows_64-8.6.9\Katalon_Studio_Windows_64-8.6.9\configuration\resources\drivers\chromedriver_win32\chromedriver.exe

2024-10-03 16:01:49 - [MESSAGE][PASSED] - Current window maximized

2024-10-03 16:01:50 - [MESSAGE][PASSED] - Execute JavaScript 'window.open();' successfully

2024-10-03 16:01:50 - [MESSAGE][PASSED] - Switched to window with index: '1'

2024-10-03 16:02:02 - [MESSAGE][PASSED] - general.start is PASSED

2024-10-03 16:02:02 - [TEST_STEP][PASSED] - delay(1): Delayed 1 second(s)

2024-10-03 16:02:03 - [MESSAGE][PASSED] - Delayed 1 second(s)

2024-10-03 16:02:03 - [TEST_STEP][PASSED] - sendKeys(findTestObject("Object Repository/Login/EnterEmail2"), "homam@zztjg.onmicrosoft.com"): Keys 'homam@zztjg.onmicrosoft.com' sent to object: 'Object Repository/Login/EnterEmail2'

2024-10-03 16:02:04 - [MESSAGE][PASSED] - Keys 'homam@zztjg.onmicrosoft.com' sent to object: 'Object Repository/Login/EnterEmail2'

2024-10-03 16:02:04 - [TEST_STEP][PASSED] - delay(1): Delayed 1 second(s)

2024-10-03 16:02:05 - [MESSAGE][PASSED] - Delayed 1 second(s)

2024-10-03 16:02:05 - [TEST_STEP][PASSED] - sendKeys(findTestObject("Object Repository/Login/EnterPassword2"), "P@ssw0rd"): Keys 'P@ssw0rd' sent to object: 'Object Repository/Login/EnterPassword2'

2024-10-03 16:02:05 - [MESSAGE][PASSED] - Keys 'P@ssw0rd' sent to object: 'Object Repository/Login/EnterPassword2'

2024-10-03 16:02:05 - [TEST_STEP][PASSED] - delay(1): Delayed 1 second(s)

2024-10-03 16:02:06 - [MESSAGE][PASSED] - Delayed 1 second(s)

2024-10-03 16:02:06 - [TEST_STEP][PASSED] - click(findTestObject("Object Repository/Login/LoginButton2")): Object: 'Object Repository/Login/LoginButton2' is clicked on

2024-10-03 16:02:06 - [MESSAGE][PASSED] - Object: 'Object Repository/Login/LoginButton2' is clicked on

2024-10-03 16:02:06 - [TEST_STEP][PASSED] - delay(1): Delayed 1 second(s)

2024-10-03 16:02:07 - [MESSAGE][PASSED] - Delayed 1 second(s)

2024-10-03 16:02:07 - [TEST_STEP][PASSED] - waitForElementPresent(findTestObject("Object Repository/Login/welcome To NetCell"), 0): Object 'Object Repository/Login/welcome To NetCell' is present

2024-10-03 16:02:07 - [MESSAGE][WARNING] - Timeout '0' is invalid. Using default page load timeout: '120'

2024-10-03 16:02:07 - [MESSAGE][PASSED] - Object 'Object Repository/Login/welcome To NetCell' is present

2024-10-03 16:02:07 - [MESSAGE][PASSED] - Call Test Case 'Test Cases/LoginNew' successfully

2024-10-03 16:02:07 - [TEST_STEP][PASSED] - switchToWindowIndex(1): Switched to window with index: '1'

2024-10-03 16:02:07 - [MESSAGE][PASSED] - Switched to window with index: '1'

2024-10-03 16:02:07 - [TEST_STEP][FAILED] - PMHwaueiStats.Stats("4G", "Cluster Band", false, "Hourly"): Unable to click on object 'Object Repository/PM/Huawei-vendor/Object-Type/TopX Object Types/TopX Sites/TopX East Jordan CloseArrow'

2024-10-03 16:02:07 - [MESSAGE][PASSED] - Object: 'Object Repository/PM/PM-Button' is clicked on

2024-10-03 16:02:17 - [MESSAGE][PASSED] - Switched to window with index: '2'

2024-10-03 16:02:17 - [MESSAGE][PASSED] - Object: 'Object Repository/PM/Huawei-vendor/TopX/TopX Object Type' is clicked on

2024-10-03 16:02:18 - [MESSAGE][PASSED] - Delayed 1 second(s)

2024-10-03 16:02:18 - [MESSAGE][PASSED] - Object: 'Object Repository/PM/Huawei-vendor/Object-Type/TopX Object Types/TopX Cluster Bands/TopX Cluster Band' is clicked on

2024-10-03 16:02:19 - [MESSAGE][PASSED] - Delayed 1 second(s)

2024-10-03 16:02:19 - [MESSAGE][WARNING] - Timeout '0' is invalid. Using default page load timeout: '120'

2024-10-03 16:02:20 - [MESSAGE][PASSED] - Scroll to object 'Object Repository/PM/Huawei-vendor/Object Border' successfully

2024-10-03 16:02:20 - [MESSAGE][PASSED] - Object: 'Object Repository/PM/Huawei-vendor/Object-Type/TopX Object Types/TopX Region Bands/TopX TDD Arrow' is clicked on

2024-10-03 16:02:20 - [MESSAGE][PASSED] - Object: 'Object Repository/PM/Huawei-vendor/Object-Type/TopX Object Types/TopX Sites/TopX South Amman Arrow' is clicked on

2024-10-03 16:02:20 - [MESSAGE][PASSED] - Object: 'Object Repository/PM/Huawei-vendor/Object-Type/TopX Object Types/TopX Cluster Bands/TopX South Amman Cluster 1' is clicked on

2024-10-03 16:02:29 - [MESSAGE][PASSED] - Object: 'Object Repository/PM/Huawei-vendor/Object-Type/TopX Object Types/TopX Cluster Bands/TopX South Amman Cluster 6' is clicked on

2024-10-03 16:02:29 - [MESSAGE][PASSED] - Object: 'Object Repository/PM/Huawei-vendor/Object-Type/TopX Object Types/TopX Sites/TopX South Amman CloseArrow' is clicked on

2024-10-03 16:02:29 - [MESSAGE][PASSED] - Object: 'Object Repository/PM/Huawei-vendor/Object-Type/TopX Object Types/TopX Sites/TopX East Jordan Arrow' is clicked on

2024-10-03 16:02:29 - [MESSAGE][PASSED] - Object: 'Object Repository/PM/Huawei-vendor/Object-Type/TopX Object Types/TopX Cluster Bands/TopX East Jordan Cluster 10' is clicked on

2024-10-03 16:02:34 - [MESSAGE][PASSED] - Object: 'Object Repository/PM/Huawei-vendor/Object-Type/TopX Object Types/TopX Cluster Bands/TopX East Jordan Cluster 11' is clicked on

2024-10-03 16:02:34 - [MESSAGE][WARNING] - Cannot take screenshot

2024-10-03 16:02:34 - [MESSAGE][FAILED] - Unable to click on object 'Object Repository/PM/Huawei-vendor/Object-Type/TopX Object Types/TopX Sites/TopX East Jordan CloseArrow' (Root cause: com.kms.katalon.core.exception.StepFailedException: Unable to click on object 'Object Repository/PM/Huawei-vendor/Object-Type/TopX Object Types/TopX Sites/TopX East Jordan CloseArrow'
	at com.kms.katalon.core.webui.keyword.internal.WebUIKeywordMain.stepFailed(WebUIKeywordMain.groovy:64)
	at com.kms.katalon.core.webui.keyword.internal.WebUIKeywordMain.runKeyword(WebUIKeywordMain.groovy:26)
	at com.kms.katalon.core.webui.keyword.builtin.ClickKeyword.click(ClickKeyword.groovy:74)
	at com.kms.katalon.core.webui.keyword.builtin.ClickKeyword.execute(ClickKeyword.groovy:40)
	at com.kms.katalon.core.keyword.internal.KeywordExecutor.executeKeywordForPlatform(KeywordExecutor.groovy:74)
	at com.kms.katalon.core.webui.keyword.WebUiBuiltInKeywords.click(WebUiBuiltInKeywords.groovy:620)
	at com.kms.katalon.core.webui.keyword.WebUiBuiltInKeywords$click$3.call(Unknown Source)
	at PMHwaueiStats.Stats(PMHwaueiStats.groovy:375)
	at PMHwaueiStats.invokeMethod(PMHwaueiStats.groovy)
	at com.kms.katalon.core.main.CustomKeywordDelegatingMetaClass.invokeStaticMethod(CustomKeywordDelegatingMetaClass.java:55)
	at Cluster Band.run(Cluster Band:22)
	at com.kms.katalon.core.main.ScriptEngine.run(ScriptEngine.java:194)
	at com.kms.katalon.core.main.ScriptEngine.runScriptAsRawText(ScriptEngine.java:119)
	at com.kms.katalon.core.main.TestCaseExecutor.runScript(TestCaseExecutor.java:448)
	at com.kms.katalon.core.main.TestCaseExecutor.doExecute(TestCaseExecutor.java:439)
	at com.kms.katalon.core.main.TestCaseExecutor.processExecutionPhase(TestCaseExecutor.java:418)
	at com.kms.katalon.core.main.TestCaseExecutor.accessMainPhase(TestCaseExecutor.java:410)
	at com.kms.katalon.core.main.TestCaseExecutor.execute(TestCaseExecutor.java:285)
	at com.kms.katalon.core.common.CommonExecutor.accessTestCaseMainPhase(CommonExecutor.java:65)
	at com.kms.katalon.core.main.TestSuiteExecutor.accessTestSuiteMainPhase(TestSuiteExecutor.java:148)
	at com.kms.katalon.core.main.TestSuiteExecutor.execute(TestSuiteExecutor.java:106)
	at com.kms.katalon.core.main.TestCaseMain.startTestSuite(TestCaseMain.java:187)
	at com.kms.katalon.core.main.TestCaseMain$startTestSuite$0.call(Unknown Source)
	at TempTestSuite1727960116044.run(TempTestSuite1727960116044.groovy:35)
Caused by: org.openqa.selenium.NoSuchWindowException: no such window: target window already closed
from unknown error: web view not found
  (Session info: chrome=129.0.6668.60)
Build info: version: '3.141.59', revision: 'e82be7d358', time: '2018-11-14T08:25:53'
System info: host: 'LP-FATIMAIBEID', ip: '192.168.8.187', os.name: 'Windows 11', os.arch: 'amd64', os.version: '10.0', java.version: '1.8.0_362'
Driver info: org.openqa.selenium.chrome.ChromeDriver
Capabilities {acceptInsecureCerts: true, browserName: chrome, browserVersion: 129.0.6668.60, chrome: {chromedriverVersion: 129.0.6668.70 (df87d5cf12b1..., userDataDir: C:\Users\FATIMA~1\AppData\L...}, fedcm:accounts: true, goog:chromeOptions: {debuggerAddress: localhost:62731}, javascriptEnabled: true, networkConnectionEnabled: false, pageLoadStrategy: normal, platform: WINDOWS, platformName: WINDOWS, proxy: Proxy(), setWindowRect: true, strictFileInteractability: false, timeouts: {implicit: 0, pageLoad: 300000, script: 30000}, unhandledPromptBehavior: dismiss and notify, webauthn:extension:credBlob: true, webauthn:extension:largeBlob: true, webauthn:extension:minPinLength: true, webauthn:extension:prf: true, webauthn:virtualAuthenticators: true}
Session ID: 749c58ab6a73ba6bd382d3f991918846
*** Element info: {Using=xpath, value=//li[@aria-label='East Jordan']//chevrondownicon[@class='p-element p-icon-wrapper ng-star-inserted']//*[name()='svg']}
	at org.openqa.selenium.remote.http.W3CHttpResponseCodec.createException(W3CHttpResponseCodec.java:187)
	at org.openqa.selenium.remote.http.W3CHttpResponseCodec.decode(W3CHttpResponseCodec.java:122)
	at org.openqa.selenium.remote.http.W3CHttpResponseCodec.decode(W3CHttpResponseCodec.java:49)
	at org.openqa.selenium.remote.HttpCommandExecutor.execute(HttpCommandExecutor.java:158)
	at org.openqa.selenium.remote.service.DriverCommandExecutor.execute(DriverCommandExecutor.java:83)
	at org.openqa.selenium.remote.RemoteWebDriver.execute(RemoteWebDriver.java:552)
	at org.openqa.selenium.remote.RemoteWebDriver.findElements(RemoteWebDriver.java:353)
	at org.openqa.selenium.remote.RemoteWebDriver.findElementsByXPath(RemoteWebDriver.java:432)
	at org.openqa.selenium.By$ByXPath.findElements(By.java:348)
	at org.openqa.selenium.remote.RemoteWebDriver.findElements(RemoteWebDriver.java:311)
	at org.openqa.selenium.support.events.EventFiringWebDriver.lambda$new$1(EventFiringWebDriver.java:105)
	at com.sun.proxy.$Proxy11.findElements(Unknown Source)
	at org.openqa.selenium.support.events.EventFiringWebDriver.findElements(EventFiringWebDriver.java:182)
	at com.kms.katalon.core.webui.common.WebUiCommonHelper.findElementByNormalMethods(WebUiCommonHelper.java:1027)
	at com.kms.katalon.core.webui.common.WebUiCommonHelper.findElementsBySelectedMethod(WebUiCommonHelper.java:919)
	at com.kms.katalon.core.webui.common.WebUiCommonHelper.findElementsBySelectedMethod(WebUiCommonHelper.java:901)
	at com.kms.katalon.core.webui.common.WebUiCommonHelper.findElementsBySelectedMethod(WebUiCommonHelper.java:896)
	at com.kms.katalon.core.webui.common.WebUiCommonHelper.findElementsByDefault(WebUiCommonHelper.java:892)
	at com.kms.katalon.core.webui.common.WebUiCommonHelper.findWebElements(WebUiCommonHelper.java:720)
	at com.kms.katalon.core.webui.common.WebUiCommonHelper.findWebElement(WebUiCommonHelper.java:1376)
	at com.kms.katalon.core.webui.keyword.internal.WebUIAbstractKeyword.findWebElement(WebUIAbstractKeyword.groovy:27)
	at com.kms.katalon.core.webui.keyword.builtin.ClickKeyword$_click_closure1.doCall(ClickKeyword.groovy:65)
	at com.kms.katalon.core.webui.keyword.builtin.ClickKeyword$_click_closure1.call(ClickKeyword.groovy)
	at com.kms.katalon.core.webui.keyword.internal.WebUIKeywordMain.runKeyword(WebUIKeywordMain.groovy:20)
	at com.kms.katalon.core.webui.keyword.builtin.ClickKeyword.click(ClickKeyword.groovy:74)
	at com.kms.katalon.core.webui.keyword.builtin.ClickKeyword.execute(ClickKeyword.groovy:40)
	at com.kms.katalon.core.keyword.internal.KeywordExecutor.executeKeywordForPlatform(KeywordExecutor.groovy:74)
	at com.kms.katalon.core.webui.keyword.WebUiBuiltInKeywords.click(WebUiBuiltInKeywords.groovy:620)
	at com.kms.katalon.core.webui.keyword.WebUiBuiltInKeywords$click$3.call(Unknown Source)
	at PMHwaueiStats.Stats(PMHwaueiStats.groovy:375)
	at PMHwaueiStats.invokeMethod(PMHwaueiStats.groovy)
	at com.kms.katalon.core.main.CustomKeywordDelegatingMetaClass.invokeStaticMethod(CustomKeywordDelegatingMetaClass.java:55)
	at Script1722259756274.run(Script1722259756274.groovy:22)
	... 13 more
)

2024-10-03 16:02:34 - [MESSAGE][FAILED] - Unable to click on object 'Object Repository/PM/Huawei-vendor/Object-Type/TopX Object Types/TopX Sites/TopX East Jordan CloseArrow'

2024-10-03 16:02:34 - [TEST_STEP][PASSED] - Start tear down : tearDownTestCase: Method 'tearDownTestCase' complete successfully

2024-10-03 16:02:34 - [TEST_STEP][PASSED] - closeBrowser(): Browser is closed

2024-10-03 16:02:35 - [MESSAGE][PASSED] - Browser is closed

2024-10-03 16:02:35 - [MESSAGE][PASSED] - Method 'tearDownTestCase' complete successfully]]></system-out>
         <system-err><![CDATA[2024-10-03 16:01:48 - [TEST_CASE][FAILED] - Test Cases/PM/Hwauei/Stats/4G/Cluster Band/Cluster Band: Test Cases/PM/Hwauei/Stats/4G/Cluster Band/Cluster Band FAILED.
Reason:
com.kms.katalon.core.exception.StepFailedException: Unable to click on object 'Object Repository/PM/Huawei-vendor/Object-Type/TopX Object Types/TopX Sites/TopX East Jordan CloseArrow'
	at com.kms.katalon.core.webui.keyword.internal.WebUIKeywordMain.stepFailed(WebUIKeywordMain.groovy:64)
	at com.kms.katalon.core.webui.keyword.internal.WebUIKeywordMain.runKeyword(WebUIKeywordMain.groovy:26)
	at com.kms.katalon.core.webui.keyword.builtin.ClickKeyword.click(ClickKeyword.groovy:74)
	at com.kms.katalon.core.webui.keyword.builtin.ClickKeyword.execute(ClickKeyword.groovy:40)
	at com.kms.katalon.core.keyword.internal.KeywordExecutor.executeKeywordForPlatform(KeywordExecutor.groovy:74)
	at com.kms.katalon.core.webui.keyword.WebUiBuiltInKeywords.click(WebUiBuiltInKeywords.groovy:620)
	at com.kms.katalon.core.webui.keyword.WebUiBuiltInKeywords$click$3.call(Unknown Source)
	at PMHwaueiStats.Stats(PMHwaueiStats.groovy:375)
	at PMHwaueiStats.invokeMethod(PMHwaueiStats.groovy)
	at com.kms.katalon.core.main.CustomKeywordDelegatingMetaClass.invokeStaticMethod(CustomKeywordDelegatingMetaClass.java:55)
	at Cluster Band.run(Cluster Band:22)
	at com.kms.katalon.core.main.ScriptEngine.run(ScriptEngine.java:194)
	at com.kms.katalon.core.main.ScriptEngine.runScriptAsRawText(ScriptEngine.java:119)
	at com.kms.katalon.core.main.TestCaseExecutor.runScript(TestCaseExecutor.java:448)
	at com.kms.katalon.core.main.TestCaseExecutor.doExecute(TestCaseExecutor.java:439)
	at com.kms.katalon.core.main.TestCaseExecutor.processExecutionPhase(TestCaseExecutor.java:418)
	at com.kms.katalon.core.main.TestCaseExecutor.accessMainPhase(TestCaseExecutor.java:410)
	at com.kms.katalon.core.main.TestCaseExecutor.execute(TestCaseExecutor.java:285)
	at com.kms.katalon.core.common.CommonExecutor.accessTestCaseMainPhase(CommonExecutor.java:65)
	at com.kms.katalon.core.main.TestSuiteExecutor.accessTestSuiteMainPhase(TestSuiteExecutor.java:148)
	at com.kms.katalon.core.main.TestSuiteExecutor.execute(TestSuiteExecutor.java:106)
	at com.kms.katalon.core.main.TestCaseMain.startTestSuite(TestCaseMain.java:187)
	at com.kms.katalon.core.main.TestCaseMain$startTestSuite$0.call(Unknown Source)
	at TempTestSuite1727960116044.run(TempTestSuite1727960116044.groovy:35)
Caused by: org.openqa.selenium.NoSuchWindowException: no such window: target window already closed
from unknown error: web view not found
  (Session info: chrome=129.0.6668.60)
Build info: version: '3.141.59', revision: 'e82be7d358', time: '2018-11-14T08:25:53'
System info: host: 'LP-FATIMAIBEID', ip: '192.168.8.187', os.name: 'Windows 11', os.arch: 'amd64', os.version: '10.0', java.version: '1.8.0_362'
Driver info: org.openqa.selenium.chrome.ChromeDriver
Capabilities {acceptInsecureCerts: true, browserName: chrome, browserVersion: 129.0.6668.60, chrome: {chromedriverVersion: 129.0.6668.70 (df87d5cf12b1..., userDataDir: C:\Users\FATIMA~1\AppData\L...}, fedcm:accounts: true, goog:chromeOptions: {debuggerAddress: localhost:62731}, javascriptEnabled: true, networkConnectionEnabled: false, pageLoadStrategy: normal, platform: WINDOWS, platformName: WINDOWS, proxy: Proxy(), setWindowRect: true, strictFileInteractability: false, timeouts: {implicit: 0, pageLoad: 300000, script: 30000}, unhandledPromptBehavior: dismiss and notify, webauthn:extension:credBlob: true, webauthn:extension:largeBlob: true, webauthn:extension:minPinLength: true, webauthn:extension:prf: true, webauthn:virtualAuthenticators: true}
Session ID: 749c58ab6a73ba6bd382d3f991918846
*** Element info: {Using=xpath, value=//li[@aria-label='East Jordan']//chevrondownicon[@class='p-element p-icon-wrapper ng-star-inserted']//*[name()='svg']}
	at org.openqa.selenium.remote.http.W3CHttpResponseCodec.createException(W3CHttpResponseCodec.java:187)
	at org.openqa.selenium.remote.http.W3CHttpResponseCodec.decode(W3CHttpResponseCodec.java:122)
	at org.openqa.selenium.remote.http.W3CHttpResponseCodec.decode(W3CHttpResponseCodec.java:49)
	at org.openqa.selenium.remote.HttpCommandExecutor.execute(HttpCommandExecutor.java:158)
	at org.openqa.selenium.remote.service.DriverCommandExecutor.execute(DriverCommandExecutor.java:83)
	at org.openqa.selenium.remote.RemoteWebDriver.execute(RemoteWebDriver.java:552)
	at org.openqa.selenium.remote.RemoteWebDriver.findElements(RemoteWebDriver.java:353)
	at org.openqa.selenium.remote.RemoteWebDriver.findElementsByXPath(RemoteWebDriver.java:432)
	at org.openqa.selenium.By$ByXPath.findElements(By.java:348)
	at org.openqa.selenium.remote.RemoteWebDriver.findElements(RemoteWebDriver.java:311)
	at org.openqa.selenium.support.events.EventFiringWebDriver.lambda$new$1(EventFiringWebDriver.java:105)
	at com.sun.proxy.$Proxy11.findElements(Unknown Source)
	at org.openqa.selenium.support.events.EventFiringWebDriver.findElements(EventFiringWebDriver.java:182)
	at com.kms.katalon.core.webui.common.WebUiCommonHelper.findElementByNormalMethods(WebUiCommonHelper.java:1027)
	at com.kms.katalon.core.webui.common.WebUiCommonHelper.findElementsBySelectedMethod(WebUiCommonHelper.java:919)
	at com.kms.katalon.core.webui.common.WebUiCommonHelper.findElementsBySelectedMethod(WebUiCommonHelper.java:901)
	at com.kms.katalon.core.webui.common.WebUiCommonHelper.findElementsBySelectedMethod(WebUiCommonHelper.java:896)
	at com.kms.katalon.core.webui.common.WebUiCommonHelper.findElementsByDefault(WebUiCommonHelper.java:892)
	at com.kms.katalon.core.webui.common.WebUiCommonHelper.findWebElements(WebUiCommonHelper.java:720)
	at com.kms.katalon.core.webui.common.WebUiCommonHelper.findWebElement(WebUiCommonHelper.java:1376)
	at com.kms.katalon.core.webui.keyword.internal.WebUIAbstractKeyword.findWebElement(WebUIAbstractKeyword.groovy:27)
	at com.kms.katalon.core.webui.keyword.builtin.ClickKeyword$_click_closure1.doCall(ClickKeyword.groovy:65)
	at com.kms.katalon.core.webui.keyword.builtin.ClickKeyword$_click_closure1.call(ClickKeyword.groovy)
	at com.kms.katalon.core.webui.keyword.internal.WebUIKeywordMain.runKeyword(WebUIKeywordMain.groovy:20)
	... 22 more]]></system-err>
      </testcase>
      <testcase name="Test Cases/PM/Hwauei/Stats/4G/Cluster Band/Cluster Band aggregation" time="46.525" classname="Test Cases/PM/Hwauei/Stats/4G/Cluster Band/Cluster Band aggregation" status="PASSED">
         <system-out><![CDATA[2024-10-03 16:02:35 - [TEST_CASE][PASSED] - Test Cases/PM/Hwauei/Stats/4G/Cluster Band/Cluster Band aggregation: Test Cases/PM/Hwauei/Stats/4G/Cluster Band/Cluster Band aggregation

2024-10-03 16:02:36 - [TEST_STEP][PASSED] - callTestCase(findTestCase("LoginNew"), [:], STOP_ON_FAILURE): Call Test Case 'Test Cases/LoginNew' successfully

2024-10-03 16:02:36 - [TEST_CASE][PASSED] - Test Cases/LoginNew: Test Cases/LoginNew

2024-10-03 16:02:36 - [TEST_STEP][PASSED] - driver = general.start(SwagerURL, NetCellURL): general.start is PASSED

2024-10-03 16:02:36 - [MESSAGE][INFO] - >>> chromeDriverPath=C:\Users\FatimaIbeid\.katalon\packages\Katalon_Studio_Windows_64-8.6.9\Katalon_Studio_Windows_64-8.6.9\configuration\resources\drivers\chromedriver_win32\chromedriver.exe

2024-10-03 16:02:37 - [MESSAGE][PASSED] - Current window maximized

2024-10-03 16:02:38 - [MESSAGE][PASSED] - Execute JavaScript 'window.open();' successfully

2024-10-03 16:02:38 - [MESSAGE][PASSED] - Switched to window with index: '1'

2024-10-03 16:02:50 - [MESSAGE][PASSED] - general.start is PASSED

2024-10-03 16:02:50 - [TEST_STEP][PASSED] - delay(1): Delayed 1 second(s)

2024-10-03 16:02:51 - [MESSAGE][PASSED] - Delayed 1 second(s)

2024-10-03 16:02:51 - [TEST_STEP][PASSED] - sendKeys(findTestObject("Object Repository/Login/EnterEmail2"), "homam@zztjg.onmicrosoft.com"): Keys 'homam@zztjg.onmicrosoft.com' sent to object: 'Object Repository/Login/EnterEmail2'

2024-10-03 16:02:51 - [MESSAGE][PASSED] - Keys 'homam@zztjg.onmicrosoft.com' sent to object: 'Object Repository/Login/EnterEmail2'

2024-10-03 16:02:51 - [TEST_STEP][PASSED] - delay(1): Delayed 1 second(s)

2024-10-03 16:02:52 - [MESSAGE][PASSED] - Delayed 1 second(s)

2024-10-03 16:02:52 - [TEST_STEP][PASSED] - sendKeys(findTestObject("Object Repository/Login/EnterPassword2"), "P@ssw0rd"): Keys 'P@ssw0rd' sent to object: 'Object Repository/Login/EnterPassword2'

2024-10-03 16:02:53 - [MESSAGE][PASSED] - Keys 'P@ssw0rd' sent to object: 'Object Repository/Login/EnterPassword2'

2024-10-03 16:02:53 - [TEST_STEP][PASSED] - delay(1): Delayed 1 second(s)

2024-10-03 16:02:54 - [MESSAGE][PASSED] - Delayed 1 second(s)

2024-10-03 16:02:54 - [TEST_STEP][PASSED] - click(findTestObject("Object Repository/Login/LoginButton2")): Object: 'Object Repository/Login/LoginButton2' is clicked on

2024-10-03 16:02:54 - [MESSAGE][PASSED] - Object: 'Object Repository/Login/LoginButton2' is clicked on

2024-10-03 16:02:54 - [TEST_STEP][PASSED] - delay(1): Delayed 1 second(s)

2024-10-03 16:02:55 - [MESSAGE][PASSED] - Delayed 1 second(s)

2024-10-03 16:02:55 - [TEST_STEP][PASSED] - waitForElementPresent(findTestObject("Object Repository/Login/welcome To NetCell"), 0): Object 'Object Repository/Login/welcome To NetCell' is present

2024-10-03 16:02:55 - [MESSAGE][WARNING] - Timeout '0' is invalid. Using default page load timeout: '120'

2024-10-03 16:02:55 - [MESSAGE][PASSED] - Object 'Object Repository/Login/welcome To NetCell' is present

2024-10-03 16:02:55 - [MESSAGE][PASSED] - Call Test Case 'Test Cases/LoginNew' successfully

2024-10-03 16:02:55 - [TEST_STEP][PASSED] - switchToWindowIndex(1): Switched to window with index: '1'

2024-10-03 16:02:55 - [MESSAGE][PASSED] - Switched to window with index: '1'

2024-10-03 16:02:55 - [TEST_STEP][PASSED] - PMHwaueiStats.Stats("4G", "Region Band", true, "Hourly"): PMHwaueiStats.Stats is PASSED

2024-10-03 16:02:55 - [MESSAGE][PASSED] - Object: 'Object Repository/PM/PM-Button' is clicked on

2024-10-03 16:02:56 - [MESSAGE][PASSED] - Switched to window with index: '2'

2024-10-03 16:02:57 - [MESSAGE][PASSED] - Object: 'Object Repository/PM/Huawei-vendor/TopX/TopX Object Type' is clicked on

2024-10-03 16:02:58 - [MESSAGE][PASSED] - Delayed 1 second(s)

2024-10-03 16:02:58 - [MESSAGE][PASSED] - Object: 'Object Repository/PM/Huawei-vendor/Object-Type/TopX Object Types/TopX Region Bands/TopX Reagion Band' is clicked on

2024-10-03 16:02:59 - [MESSAGE][PASSED] - Delayed 1 second(s)

2024-10-03 16:02:59 - [MESSAGE][WARNING] - Timeout '0' is invalid. Using default page load timeout: '120'

2024-10-03 16:02:59 - [MESSAGE][PASSED] - Scroll to object 'Object Repository/PM/Huawei-vendor/Object Border' successfully

2024-10-03 16:02:59 - [MESSAGE][PASSED] - Object: 'Object Repository/PM/Huawei-vendor/Object-Type/TopX Object Types/TopX Sites/TopX East Amman Arrow' is clicked on

2024-10-03 16:02:59 - [MESSAGE][PASSED] - Object: 'Object Repository/PM/Huawei-vendor/Object-Type/TopX Object Types/TopX Region Bands/TopX FDD' is clicked on

2024-10-03 16:03:00 - [MESSAGE][PASSED] - Object: 'Object Repository/PM/Huawei-vendor/Object-Type/TopX Object Types/TopX Sites/TopX East Amman CloseArrow' is clicked on

2024-10-03 16:03:00 - [MESSAGE][PASSED] - Object: 'Object Repository/PM/Huawei-vendor/Object-Type/TopX Object Types/TopX Sites/TopX West Amman Arrow' is clicked on

2024-10-03 16:03:00 - [MESSAGE][PASSED] - Object: 'Object Repository/PM/Huawei-vendor/Object-Type/TopX Object Types/TopX Region Bands/TopX TDD' is clicked on

2024-10-03 16:03:00 - [MESSAGE][PASSED] - Object: 'Object Repository/PM/Huawei-vendor/Object-Type/TopX Object Types/TopX Sites/TopX West Amman CloseArrow' is clicked on

2024-10-03 16:03:01 - [MESSAGE][PASSED] - Object: 'Object Repository/PM/Huawei-vendor/Object-Type/TopX Object Types/TopX Regions/TopX Region South Amman' is clicked on

2024-10-03 16:03:01 - [MESSAGE][PASSED] - Object: 'Object Repository/PM/Huawei-vendor/Object-Type/TopX Object Types/TopX Regions/TopX Region East Jordan' is clicked on

2024-10-03 16:03:01 - [MESSAGE][PASSED] - Object: 'Object Repository/PM/Huawei-vendor/Object-Type/TopX Object Types/TopX Regions/TopX Region North Jordan' is clicked on

2024-10-03 16:03:01 - [MESSAGE][PASSED] - Object: 'Object Repository/PM/Huawei-vendor/Object-Type/TopX Object Types/TopX Regions/TopX Region South Jordan' is clicked on

2024-10-03 16:03:02 - [MESSAGE][PASSED] - Object: 'Object Repository/PM/Huawei-vendor/Object-Type/TopX Object Types/TopX Regions/TopX Region Others' is clicked on

2024-10-03 16:03:02 - [MESSAGE][PASSED] - Object: 'Object Repository/PM/Huawei-vendor/Aggregation-CheckBox' is clicked on

2024-10-03 16:03:02 - [MESSAGE][WARNING] - Timeout '0' is invalid. Using default page load timeout: '120'

2024-10-03 16:03:02 - [MESSAGE][PASSED] - Scroll to object 'Object Repository/PM/Huawei-vendor/StarttimeLable' successfully

2024-10-03 16:03:02 - [MESSAGE][PASSED] - Object: 'Object Repository/PM/Huawei-vendor/StartDate/StartDate-Button' is clicked on

2024-10-03 16:03:03 - [MESSAGE][PASSED] - Object: 'Object Repository/PM/Huawei-vendor/StartDate/Monthly-Selection' is clicked on

2024-10-03 16:03:03 - [MESSAGE][PASSED] - Object: 'Object Repository/PM/Huawei-vendor/StartDate/Fep-Selection' is clicked on

2024-10-03 16:03:04 - [MESSAGE][PASSED] - Delayed 1 second(s)

2024-10-03 16:03:04 - [MESSAGE][PASSED] - Object: 'Object Repository/PM/Huawei-vendor/StartDate/1-Fep' is clicked on

2024-10-03 16:03:04 - [MESSAGE][PASSED] - Object: 'Object Repository/PM/Huawei-vendor/Apply-Button' is clicked on

2024-10-03 16:03:04 - [MESSAGE][WARNING] - Timeout '0' is invalid. Using default page load timeout: '120'

2024-10-03 16:03:05 - [MESSAGE][PASSED] - Web element with id: 'Object Repository/PM/Huawei-vendor/Error' located by 'By.xpath: //div[@class='toast-summary title-medium-m']' is not present after '120' second(s)

2024-10-03 16:03:05 - [MESSAGE][WARNING] - Timeout '0' is invalid. Using default page load timeout: '120'

2024-10-03 16:03:21 - [MESSAGE][PASSED] - Object 'Object Repository/PM/Huawei-vendor/Export-Result' is present

2024-10-03 16:03:22 - [MESSAGE][PASSED] - Browser is closed

2024-10-03 16:03:22 - [MESSAGE][PASSED] - PMHwaueiStats.Stats is PASSED

2024-10-03 16:03:22 - [TEST_STEP][PASSED] - Start tear down : tearDownTestCase: Method 'tearDownTestCase' complete successfully

2024-10-03 16:03:22 - [TEST_STEP][PASSED] - closeBrowser(): Browser is closed

2024-10-03 16:03:22 - [MESSAGE][PASSED] - Browser is closed

2024-10-03 16:03:22 - [MESSAGE][PASSED] - Method 'tearDownTestCase' complete successfully]]></system-out>
         <system-err><![CDATA[]]></system-err>
      </testcase>
      <testcase name="Test Cases/PM/Hwauei/Stats/4G/Governorate/Governorate" time="47.088" classname="Test Cases/PM/Hwauei/Stats/4G/Governorate/Governorate" status="PASSED">
         <system-out><![CDATA[2024-10-03 16:03:22 - [TEST_CASE][PASSED] - Test Cases/PM/Hwauei/Stats/4G/Governorate/Governorate: Test Cases/PM/Hwauei/Stats/4G/Governorate/Governorate

2024-10-03 16:03:22 - [TEST_STEP][PASSED] - callTestCase(findTestCase("LoginNew"), [:], STOP_ON_FAILURE): Call Test Case 'Test Cases/LoginNew' successfully

2024-10-03 16:03:22 - [TEST_CASE][PASSED] - Test Cases/LoginNew: Test Cases/LoginNew

2024-10-03 16:03:22 - [TEST_STEP][PASSED] - driver = general.start(SwagerURL, NetCellURL): general.start is PASSED

2024-10-03 16:03:22 - [MESSAGE][INFO] - >>> chromeDriverPath=C:\Users\FatimaIbeid\.katalon\packages\Katalon_Studio_Windows_64-8.6.9\Katalon_Studio_Windows_64-8.6.9\configuration\resources\drivers\chromedriver_win32\chromedriver.exe

2024-10-03 16:03:24 - [MESSAGE][PASSED] - Current window maximized

2024-10-03 16:03:25 - [MESSAGE][PASSED] - Execute JavaScript 'window.open();' successfully

2024-10-03 16:03:25 - [MESSAGE][PASSED] - Switched to window with index: '1'

2024-10-03 16:03:37 - [MESSAGE][PASSED] - general.start is PASSED

2024-10-03 16:03:37 - [TEST_STEP][PASSED] - delay(1): Delayed 1 second(s)

2024-10-03 16:03:38 - [MESSAGE][PASSED] - Delayed 1 second(s)

2024-10-03 16:03:38 - [TEST_STEP][PASSED] - sendKeys(findTestObject("Object Repository/Login/EnterEmail2"), "homam@zztjg.onmicrosoft.com"): Keys 'homam@zztjg.onmicrosoft.com' sent to object: 'Object Repository/Login/EnterEmail2'

2024-10-03 16:03:38 - [MESSAGE][PASSED] - Keys 'homam@zztjg.onmicrosoft.com' sent to object: 'Object Repository/Login/EnterEmail2'

2024-10-03 16:03:38 - [TEST_STEP][PASSED] - delay(1): Delayed 1 second(s)

2024-10-03 16:03:39 - [MESSAGE][PASSED] - Delayed 1 second(s)

2024-10-03 16:03:39 - [TEST_STEP][PASSED] - sendKeys(findTestObject("Object Repository/Login/EnterPassword2"), "P@ssw0rd"): Keys 'P@ssw0rd' sent to object: 'Object Repository/Login/EnterPassword2'

2024-10-03 16:03:39 - [MESSAGE][PASSED] - Keys 'P@ssw0rd' sent to object: 'Object Repository/Login/EnterPassword2'

2024-10-03 16:03:39 - [TEST_STEP][PASSED] - delay(1): Delayed 1 second(s)

2024-10-03 16:03:40 - [MESSAGE][PASSED] - Delayed 1 second(s)

2024-10-03 16:03:40 - [TEST_STEP][PASSED] - click(findTestObject("Object Repository/Login/LoginButton2")): Object: 'Object Repository/Login/LoginButton2' is clicked on

2024-10-03 16:03:40 - [MESSAGE][PASSED] - Object: 'Object Repository/Login/LoginButton2' is clicked on

2024-10-03 16:03:40 - [TEST_STEP][PASSED] - delay(1): Delayed 1 second(s)

2024-10-03 16:03:41 - [MESSAGE][PASSED] - Delayed 1 second(s)

2024-10-03 16:03:41 - [TEST_STEP][PASSED] - waitForElementPresent(findTestObject("Object Repository/Login/welcome To NetCell"), 0): Object 'Object Repository/Login/welcome To NetCell' is present

2024-10-03 16:03:42 - [MESSAGE][WARNING] - Timeout '0' is invalid. Using default page load timeout: '120'

2024-10-03 16:03:42 - [MESSAGE][PASSED] - Object 'Object Repository/Login/welcome To NetCell' is present

2024-10-03 16:03:42 - [MESSAGE][PASSED] - Call Test Case 'Test Cases/LoginNew' successfully

2024-10-03 16:03:42 - [TEST_STEP][PASSED] - switchToWindowIndex(1): Switched to window with index: '1'

2024-10-03 16:03:42 - [MESSAGE][PASSED] - Switched to window with index: '1'

2024-10-03 16:03:42 - [TEST_STEP][PASSED] - PMHwaueiStats.Stats("4G", "Governorate", false, "Hourly"): PMHwaueiStats.Stats is PASSED

2024-10-03 16:03:42 - [MESSAGE][PASSED] - Object: 'Object Repository/PM/PM-Button' is clicked on

2024-10-03 16:03:42 - [MESSAGE][PASSED] - Switched to window with index: '2'

2024-10-03 16:03:54 - [MESSAGE][PASSED] - Object: 'Object Repository/PM/Huawei-vendor/TopX/TopX Object Type' is clicked on

2024-10-03 16:03:55 - [MESSAGE][PASSED] - Delayed 1 second(s)

2024-10-03 16:03:55 - [MESSAGE][PASSED] - Object: 'Object Repository/PM/Huawei-vendor/Object-Type/TopX Object Types/TopX Governorates/TopX Governorate' is clicked on

2024-10-03 16:03:56 - [MESSAGE][PASSED] - Delayed 1 second(s)

2024-10-03 16:03:56 - [MESSAGE][WARNING] - Timeout '0' is invalid. Using default page load timeout: '120'

2024-10-03 16:03:56 - [MESSAGE][PASSED] - Scroll to object 'Object Repository/PM/Huawei-vendor/Object Border' successfully

2024-10-03 16:03:56 - [MESSAGE][PASSED] - Object: 'Object Repository/PM/Huawei-vendor/Object-Type/TopX Object Types/TopX Governorates/TopX Amman' is clicked on

2024-10-03 16:03:57 - [MESSAGE][PASSED] - Object: 'Object Repository/PM/Huawei-vendor/Object-Type/TopX Object Types/TopX Governorates/TopX Irbid' is clicked on

2024-10-03 16:03:57 - [MESSAGE][PASSED] - Object: 'Object Repository/PM/Huawei-vendor/Object-Type/TopX Object Types/TopX Governorates/TopX Aqaba' is clicked on

2024-10-03 16:03:57 - [MESSAGE][PASSED] - Object: 'Object Repository/PM/Huawei-vendor/Object-Type/TopX Object Types/TopX Governorates/TopX Jerash' is clicked on

2024-10-03 16:03:57 - [MESSAGE][PASSED] - Object: 'Object Repository/PM/Huawei-vendor/Object-Type/TopX Object Types/TopX Governorates/TopX Mafraq' is clicked on

2024-10-03 16:03:58 - [MESSAGE][PASSED] - Object: 'Object Repository/PM/Huawei-vendor/Object-Type/TopX Object Types/TopX Governorates/TopX Zarqa' is clicked on

2024-10-03 16:03:58 - [MESSAGE][WARNING] - Timeout '0' is invalid. Using default page load timeout: '120'

2024-10-03 16:03:58 - [MESSAGE][PASSED] - Scroll to object 'Object Repository/PM/Huawei-vendor/StarttimeLable' successfully

2024-10-03 16:03:58 - [MESSAGE][PASSED] - Object: 'Object Repository/PM/Huawei-vendor/StartDate/StartDate-Button' is clicked on

2024-10-03 16:03:58 - [MESSAGE][PASSED] - Object: 'Object Repository/PM/Huawei-vendor/StartDate/Monthly-Selection' is clicked on

2024-10-03 16:03:58 - [MESSAGE][PASSED] - Object: 'Object Repository/PM/Huawei-vendor/StartDate/Fep-Selection' is clicked on

2024-10-03 16:03:59 - [MESSAGE][PASSED] - Delayed 1 second(s)

2024-10-03 16:04:00 - [MESSAGE][PASSED] - Object: 'Object Repository/PM/Huawei-vendor/StartDate/1-Fep' is clicked on

2024-10-03 16:04:00 - [MESSAGE][PASSED] - Object: 'Object Repository/PM/Huawei-vendor/Apply-Button' is clicked on

2024-10-03 16:04:00 - [MESSAGE][WARNING] - Timeout '0' is invalid. Using default page load timeout: '120'

2024-10-03 16:04:00 - [MESSAGE][PASSED] - Web element with id: 'Object Repository/PM/Huawei-vendor/Error' located by 'By.xpath: //div[@class='toast-summary title-medium-m']' is not present after '120' second(s)

2024-10-03 16:04:00 - [MESSAGE][WARNING] - Timeout '0' is invalid. Using default page load timeout: '120'

2024-10-03 16:04:08 - [MESSAGE][PASSED] - Object 'Object Repository/PM/Huawei-vendor/Export-Result' is present

2024-10-03 16:04:09 - [MESSAGE][PASSED] - Browser is closed

2024-10-03 16:04:09 - [MESSAGE][PASSED] - PMHwaueiStats.Stats is PASSED

2024-10-03 16:04:09 - [TEST_STEP][PASSED] - Start tear down : tearDownTestCase: Method 'tearDownTestCase' complete successfully

2024-10-03 16:04:09 - [TEST_STEP][PASSED] - closeBrowser(): Browser is closed

2024-10-03 16:04:09 - [MESSAGE][PASSED] - Browser is closed

2024-10-03 16:04:09 - [MESSAGE][PASSED] - Method 'tearDownTestCase' complete successfully]]></system-out>
         <system-err><![CDATA[]]></system-err>
      </testcase>
      <testcase name="Test Cases/PM/Hwauei/Stats/4G/Governorate/Governorate Aggregation" time="31.479" classname="Test Cases/PM/Hwauei/Stats/4G/Governorate/Governorate Aggregation" status="PASSED">
         <system-out><![CDATA[2024-10-03 16:04:09 - [TEST_CASE][PASSED] - Test Cases/PM/Hwauei/Stats/4G/Governorate/Governorate Aggregation: Test Cases/PM/Hwauei/Stats/4G/Governorate/Governorate Aggregation

2024-10-03 16:04:09 - [TEST_STEP][PASSED] - callTestCase(findTestCase("LoginNew"), [:], STOP_ON_FAILURE): Call Test Case 'Test Cases/LoginNew' successfully

2024-10-03 16:04:09 - [TEST_CASE][PASSED] - Test Cases/LoginNew: Test Cases/LoginNew

2024-10-03 16:04:10 - [TEST_STEP][PASSED] - driver = general.start(SwagerURL, NetCellURL): general.start is PASSED

2024-10-03 16:04:10 - [MESSAGE][INFO] - >>> chromeDriverPath=C:\Users\FatimaIbeid\.katalon\packages\Katalon_Studio_Windows_64-8.6.9\Katalon_Studio_Windows_64-8.6.9\configuration\resources\drivers\chromedriver_win32\chromedriver.exe

2024-10-03 16:04:11 - [MESSAGE][PASSED] - Current window maximized

2024-10-03 16:04:12 - [MESSAGE][PASSED] - Execute JavaScript 'window.open();' successfully

2024-10-03 16:04:12 - [MESSAGE][PASSED] - Switched to window with index: '1'

2024-10-03 16:04:25 - [MESSAGE][PASSED] - general.start is PASSED

2024-10-03 16:04:25 - [TEST_STEP][PASSED] - delay(1): Delayed 1 second(s)

2024-10-03 16:04:26 - [MESSAGE][PASSED] - Delayed 1 second(s)

2024-10-03 16:04:26 - [TEST_STEP][PASSED] - sendKeys(findTestObject("Object Repository/Login/EnterEmail2"), "homam@zztjg.onmicrosoft.com"): Keys 'homam@zztjg.onmicrosoft.com' sent to object: 'Object Repository/Login/EnterEmail2'

2024-10-03 16:04:26 - [MESSAGE][PASSED] - Keys 'homam@zztjg.onmicrosoft.com' sent to object: 'Object Repository/Login/EnterEmail2'

2024-10-03 16:04:26 - [TEST_STEP][PASSED] - delay(1): Delayed 1 second(s)

2024-10-03 16:04:27 - [MESSAGE][PASSED] - Delayed 1 second(s)

2024-10-03 16:04:27 - [TEST_STEP][PASSED] - sendKeys(findTestObject("Object Repository/Login/EnterPassword2"), "P@ssw0rd"): Keys 'P@ssw0rd' sent to object: 'Object Repository/Login/EnterPassword2'

2024-10-03 16:04:27 - [MESSAGE][PASSED] - Keys 'P@ssw0rd' sent to object: 'Object Repository/Login/EnterPassword2'

2024-10-03 16:04:27 - [TEST_STEP][PASSED] - delay(1): Delayed 1 second(s)

2024-10-03 16:04:28 - [MESSAGE][PASSED] - Delayed 1 second(s)

2024-10-03 16:04:28 - [TEST_STEP][PASSED] - click(findTestObject("Object Repository/Login/LoginButton2")): Object: 'Object Repository/Login/LoginButton2' is clicked on

2024-10-03 16:04:28 - [MESSAGE][PASSED] - Object: 'Object Repository/Login/LoginButton2' is clicked on

2024-10-03 16:04:28 - [TEST_STEP][PASSED] - delay(1): Delayed 1 second(s)

2024-10-03 16:04:30 - [MESSAGE][PASSED] - Delayed 1 second(s)

2024-10-03 16:04:30 - [TEST_STEP][PASSED] - waitForElementPresent(findTestObject("Object Repository/Login/welcome To NetCell"), 0): Object 'Object Repository/Login/welcome To NetCell' is present

2024-10-03 16:04:30 - [MESSAGE][WARNING] - Timeout '0' is invalid. Using default page load timeout: '120'

2024-10-03 16:04:30 - [MESSAGE][PASSED] - Object 'Object Repository/Login/welcome To NetCell' is present

2024-10-03 16:04:30 - [MESSAGE][PASSED] - Call Test Case 'Test Cases/LoginNew' successfully

2024-10-03 16:04:30 - [TEST_STEP][PASSED] - switchToWindowIndex(1): Switched to window with index: '1'

2024-10-03 16:04:30 - [MESSAGE][PASSED] - Switched to window with index: '1'

2024-10-03 16:04:30 - [TEST_STEP][PASSED] - PMHwaueiStats.Stats("4G", "Governorate", true, "Hourly"): PMHwaueiStats.Stats is PASSED

2024-10-03 16:04:30 - [MESSAGE][PASSED] - Object: 'Object Repository/PM/PM-Button' is clicked on

2024-10-03 16:04:31 - [MESSAGE][PASSED] - Switched to window with index: '2'

2024-10-03 16:04:31 - [MESSAGE][PASSED] - Object: 'Object Repository/PM/Huawei-vendor/TopX/TopX Object Type' is clicked on

2024-10-03 16:04:32 - [MESSAGE][PASSED] - Delayed 1 second(s)

2024-10-03 16:04:33 - [MESSAGE][PASSED] - Object: 'Object Repository/PM/Huawei-vendor/Object-Type/TopX Object Types/TopX Governorates/TopX Governorate' is clicked on

2024-10-03 16:04:34 - [MESSAGE][PASSED] - Delayed 1 second(s)

2024-10-03 16:04:34 - [MESSAGE][WARNING] - Timeout '0' is invalid. Using default page load timeout: '120'

2024-10-03 16:04:34 - [MESSAGE][PASSED] - Scroll to object 'Object Repository/PM/Huawei-vendor/Object Border' successfully

2024-10-03 16:04:34 - [MESSAGE][PASSED] - Object: 'Object Repository/PM/Huawei-vendor/Object-Type/TopX Object Types/TopX PLMNs/TopX PLMN checkbox' is clicked on

2024-10-03 16:04:34 - [MESSAGE][PASSED] - Object: 'Object Repository/PM/Huawei-vendor/Aggregation-CheckBox' is clicked on

2024-10-03 16:04:34 - [MESSAGE][WARNING] - Timeout '0' is invalid. Using default page load timeout: '120'

2024-10-03 16:04:35 - [MESSAGE][PASSED] - Scroll to object 'Object Repository/PM/Huawei-vendor/StarttimeLable' successfully

2024-10-03 16:04:35 - [MESSAGE][PASSED] - Object: 'Object Repository/PM/Huawei-vendor/StartDate/StartDate-Button' is clicked on

2024-10-03 16:04:35 - [MESSAGE][PASSED] - Object: 'Object Repository/PM/Huawei-vendor/StartDate/Monthly-Selection' is clicked on

2024-10-03 16:04:35 - [MESSAGE][PASSED] - Object: 'Object Repository/PM/Huawei-vendor/StartDate/Fep-Selection' is clicked on

2024-10-03 16:04:36 - [MESSAGE][PASSED] - Delayed 1 second(s)

2024-10-03 16:04:37 - [MESSAGE][PASSED] - Object: 'Object Repository/PM/Huawei-vendor/StartDate/1-Fep' is clicked on

2024-10-03 16:04:37 - [MESSAGE][PASSED] - Object: 'Object Repository/PM/Huawei-vendor/Apply-Button' is clicked on

2024-10-03 16:04:37 - [MESSAGE][WARNING] - Timeout '0' is invalid. Using default page load timeout: '120'

2024-10-03 16:04:37 - [MESSAGE][PASSED] - Web element with id: 'Object Repository/PM/Huawei-vendor/Error' located by 'By.xpath: //div[@class='toast-summary title-medium-m']' is not present after '120' second(s)

2024-10-03 16:04:37 - [MESSAGE][WARNING] - Timeout '0' is invalid. Using default page load timeout: '120'

2024-10-03 16:04:39 - [MESSAGE][PASSED] - Object 'Object Repository/PM/Huawei-vendor/Export-Result' is present

2024-10-03 16:04:40 - [MESSAGE][PASSED] - Browser is closed

2024-10-03 16:04:40 - [MESSAGE][PASSED] - PMHwaueiStats.Stats is PASSED

2024-10-03 16:04:40 - [TEST_STEP][PASSED] - Start tear down : tearDownTestCase: Method 'tearDownTestCase' complete successfully

2024-10-03 16:04:40 - [TEST_STEP][PASSED] - closeBrowser(): Browser is closed

2024-10-03 16:04:40 - [MESSAGE][PASSED] - Browser is closed

2024-10-03 16:04:40 - [MESSAGE][PASSED] - Method 'tearDownTestCase' complete successfully]]></system-out>
         <system-err><![CDATA[]]></system-err>
      </testcase>
      <testcase name="Test Cases/PM/Hwauei/Stats/4G/Governorate XDD/Governorate XDD" time="34.911" classname="Test Cases/PM/Hwauei/Stats/4G/Governorate XDD/Governorate XDD" status="PASSED">
         <system-out><![CDATA[2024-10-03 16:04:40 - [TEST_CASE][PASSED] - Test Cases/PM/Hwauei/Stats/4G/Governorate XDD/Governorate XDD: Test Cases/PM/Hwauei/Stats/4G/Governorate XDD/Governorate XDD

2024-10-03 16:04:41 - [TEST_STEP][PASSED] - callTestCase(findTestCase("LoginNew"), [:], STOP_ON_FAILURE): Call Test Case 'Test Cases/LoginNew' successfully

2024-10-03 16:04:41 - [TEST_CASE][PASSED] - Test Cases/LoginNew: Test Cases/LoginNew

2024-10-03 16:04:41 - [TEST_STEP][PASSED] - driver = general.start(SwagerURL, NetCellURL): general.start is PASSED

2024-10-03 16:04:41 - [MESSAGE][INFO] - >>> chromeDriverPath=C:\Users\FatimaIbeid\.katalon\packages\Katalon_Studio_Windows_64-8.6.9\Katalon_Studio_Windows_64-8.6.9\configuration\resources\drivers\chromedriver_win32\chromedriver.exe

2024-10-03 16:04:42 - [MESSAGE][PASSED] - Current window maximized

2024-10-03 16:04:43 - [MESSAGE][PASSED] - Execute JavaScript 'window.open();' successfully

2024-10-03 16:04:43 - [MESSAGE][PASSED] - Switched to window with index: '1'

2024-10-03 16:04:56 - [MESSAGE][PASSED] - general.start is PASSED

2024-10-03 16:04:56 - [TEST_STEP][PASSED] - delay(1): Delayed 1 second(s)

2024-10-03 16:04:57 - [MESSAGE][PASSED] - Delayed 1 second(s)

2024-10-03 16:04:57 - [TEST_STEP][PASSED] - sendKeys(findTestObject("Object Repository/Login/EnterEmail2"), "homam@zztjg.onmicrosoft.com"): Keys 'homam@zztjg.onmicrosoft.com' sent to object: 'Object Repository/Login/EnterEmail2'

2024-10-03 16:04:58 - [MESSAGE][PASSED] - Keys 'homam@zztjg.onmicrosoft.com' sent to object: 'Object Repository/Login/EnterEmail2'

2024-10-03 16:04:58 - [TEST_STEP][PASSED] - delay(1): Delayed 1 second(s)

2024-10-03 16:04:59 - [MESSAGE][PASSED] - Delayed 1 second(s)

2024-10-03 16:04:59 - [TEST_STEP][PASSED] - sendKeys(findTestObject("Object Repository/Login/EnterPassword2"), "P@ssw0rd"): Keys 'P@ssw0rd' sent to object: 'Object Repository/Login/EnterPassword2'

2024-10-03 16:04:59 - [MESSAGE][PASSED] - Keys 'P@ssw0rd' sent to object: 'Object Repository/Login/EnterPassword2'

2024-10-03 16:04:59 - [TEST_STEP][PASSED] - delay(1): Delayed 1 second(s)

2024-10-03 16:05:00 - [MESSAGE][PASSED] - Delayed 1 second(s)

2024-10-03 16:05:00 - [TEST_STEP][PASSED] - click(findTestObject("Object Repository/Login/LoginButton2")): Object: 'Object Repository/Login/LoginButton2' is clicked on

2024-10-03 16:05:00 - [MESSAGE][PASSED] - Object: 'Object Repository/Login/LoginButton2' is clicked on

2024-10-03 16:05:00 - [TEST_STEP][PASSED] - delay(1): Delayed 1 second(s)

2024-10-03 16:05:01 - [MESSAGE][PASSED] - Delayed 1 second(s)

2024-10-03 16:05:01 - [TEST_STEP][PASSED] - waitForElementPresent(findTestObject("Object Repository/Login/welcome To NetCell"), 0): Object 'Object Repository/Login/welcome To NetCell' is present

2024-10-03 16:05:02 - [MESSAGE][WARNING] - Timeout '0' is invalid. Using default page load timeout: '120'

2024-10-03 16:05:02 - [MESSAGE][PASSED] - Object 'Object Repository/Login/welcome To NetCell' is present

2024-10-03 16:05:02 - [MESSAGE][PASSED] - Call Test Case 'Test Cases/LoginNew' successfully

2024-10-03 16:05:02 - [TEST_STEP][PASSED] - switchToWindowIndex(1): Switched to window with index: '1'

2024-10-03 16:05:02 - [MESSAGE][PASSED] - Switched to window with index: '1'

2024-10-03 16:05:02 - [TEST_STEP][PASSED] - PMHwaueiStats.Stats("4G", "Governorate XDD", false, "Hourly"): PMHwaueiStats.Stats is PASSED

2024-10-03 16:05:02 - [MESSAGE][PASSED] - Object: 'Object Repository/PM/PM-Button' is clicked on

2024-10-03 16:05:03 - [MESSAGE][PASSED] - Switched to window with index: '2'

2024-10-03 16:05:03 - [MESSAGE][PASSED] - Object: 'Object Repository/PM/Huawei-vendor/TopX/TopX Object Type' is clicked on

2024-10-03 16:05:04 - [MESSAGE][PASSED] - Delayed 1 second(s)

2024-10-03 16:05:05 - [MESSAGE][PASSED] - Object: 'Object Repository/PM/Huawei-vendor/Object-Type/TopX Object Types/TopX Governorates XDD/TopX Governorate XDD' is clicked on

2024-10-03 16:05:06 - [MESSAGE][PASSED] - Delayed 1 second(s)

2024-10-03 16:05:06 - [MESSAGE][WARNING] - Timeout '0' is invalid. Using default page load timeout: '120'

2024-10-03 16:05:06 - [MESSAGE][PASSED] - Scroll to object 'Object Repository/PM/Huawei-vendor/Object Border' successfully

2024-10-03 16:05:06 - [MESSAGE][PASSED] - Object: 'Object Repository/PM/Huawei-vendor/Object-Type/TopX Object Types/TopX Region Bands/TopX FDD Arrow' is clicked on

2024-10-03 16:05:06 - [MESSAGE][PASSED] - Object: 'Object Repository/PM/Huawei-vendor/Object-Type/TopX Object Types/TopX Governorates/TopX Amman' is clicked on

2024-10-03 16:05:07 - [MESSAGE][PASSED] - Object: 'Object Repository/PM/Huawei-vendor/Object-Type/TopX Object Types/TopX Governorates/TopX Irbid' is clicked on

2024-10-03 16:05:07 - [MESSAGE][PASSED] - Object: 'Object Repository/PM/Huawei-vendor/Object-Type/TopX Object Types/TopX Governorates/TopX Aqaba' is clicked on

2024-10-03 16:05:07 - [MESSAGE][PASSED] - Object: 'Object Repository/PM/Huawei-vendor/Object-Type/TopX Object Types/TopX Governorates/TopX Jerash' is clicked on

2024-10-03 16:05:07 - [MESSAGE][PASSED] - Object: 'Object Repository/PM/Huawei-vendor/Object-Type/TopX Object Types/TopX Governorates/TopX Mafraq' is clicked on

2024-10-03 16:05:07 - [MESSAGE][PASSED] - Object: 'Object Repository/PM/Huawei-vendor/Object-Type/TopX Object Types/TopX Governorates/TopX Zarqa' is clicked on

2024-10-03 16:05:08 - [MESSAGE][PASSED] - Object: 'Object Repository/PM/Huawei-vendor/Object-Type/TopX Object Types/TopX Region Bands/TopX FDD Close Arrow' is clicked on

2024-10-03 16:05:08 - [MESSAGE][PASSED] - Object: 'Object Repository/PM/Huawei-vendor/Object-Type/TopX Object Types/TopX Region Bands/TopX TDD Arrow' is clicked on

2024-10-03 16:05:08 - [MESSAGE][PASSED] - Object: 'Object Repository/PM/Huawei-vendor/Object-Type/TopX Object Types/TopX Governorates/TopX Amman' is clicked on

2024-10-03 16:05:08 - [MESSAGE][PASSED] - Object: 'Object Repository/PM/Huawei-vendor/Object-Type/TopX Object Types/TopX Governorates/TopX Irbid' is clicked on

2024-10-03 16:05:09 - [MESSAGE][PASSED] - Object: 'Object Repository/PM/Huawei-vendor/Object-Type/TopX Object Types/TopX Governorates/TopX Aqaba' is clicked on

2024-10-03 16:05:09 - [MESSAGE][PASSED] - Object: 'Object Repository/PM/Huawei-vendor/Object-Type/TopX Object Types/TopX Governorates/TopX Jerash' is clicked on

2024-10-03 16:05:09 - [MESSAGE][PASSED] - Object: 'Object Repository/PM/Huawei-vendor/Object-Type/TopX Object Types/TopX Governorates/TopX Mafraq' is clicked on

2024-10-03 16:05:09 - [MESSAGE][PASSED] - Object: 'Object Repository/PM/Huawei-vendor/Object-Type/TopX Object Types/TopX Governorates/TopX Zarqa' is clicked on

2024-10-03 16:05:10 - [MESSAGE][PASSED] - Object: 'Object Repository/PM/Huawei-vendor/Object-Type/TopX Object Types/TopX Region Bands/TopX TDD Close Arrow' is clicked on

2024-10-03 16:05:10 - [MESSAGE][WARNING] - Timeout '0' is invalid. Using default page load timeout: '120'

2024-10-03 16:05:10 - [MESSAGE][PASSED] - Scroll to object 'Object Repository/PM/Huawei-vendor/StarttimeLable' successfully

2024-10-03 16:05:10 - [MESSAGE][PASSED] - Object: 'Object Repository/PM/Huawei-vendor/StartDate/StartDate-Button' is clicked on

2024-10-03 16:05:10 - [MESSAGE][PASSED] - Object: 'Object Repository/PM/Huawei-vendor/StartDate/Monthly-Selection' is clicked on

2024-10-03 16:05:11 - [MESSAGE][PASSED] - Object: 'Object Repository/PM/Huawei-vendor/StartDate/Fep-Selection' is clicked on

2024-10-03 16:05:12 - [MESSAGE][PASSED] - Delayed 1 second(s)

2024-10-03 16:05:12 - [MESSAGE][PASSED] - Object: 'Object Repository/PM/Huawei-vendor/StartDate/1-Fep' is clicked on

2024-10-03 16:05:12 - [MESSAGE][PASSED] - Object: 'Object Repository/PM/Huawei-vendor/Apply-Button' is clicked on

2024-10-03 16:05:12 - [MESSAGE][PASSED] - Object: 'Object Repository/PM/Huawei-vendor/buttonOk' is clicked on

2024-10-03 16:05:13 - [MESSAGE][WARNING] - Timeout '0' is invalid. Using default page load timeout: '120'

2024-10-03 16:05:13 - [MESSAGE][PASSED] - Web element with id: 'Object Repository/PM/Huawei-vendor/Error' located by 'By.xpath: //div[@class='toast-summary title-medium-m']' is not present after '120' second(s)

2024-10-03 16:05:13 - [MESSAGE][WARNING] - Timeout '0' is invalid. Using default page load timeout: '120'

2024-10-03 16:05:14 - [MESSAGE][PASSED] - Object 'Object Repository/PM/Huawei-vendor/Export-Result' is present

2024-10-03 16:05:15 - [MESSAGE][PASSED] - Browser is closed

2024-10-03 16:05:15 - [MESSAGE][PASSED] - PMHwaueiStats.Stats is PASSED

2024-10-03 16:05:15 - [TEST_STEP][PASSED] - Start tear down : tearDownTestCase: Method 'tearDownTestCase' complete successfully

2024-10-03 16:05:15 - [TEST_STEP][PASSED] - closeBrowser(): Browser is closed

2024-10-03 16:05:15 - [MESSAGE][PASSED] - Browser is closed

2024-10-03 16:05:15 - [MESSAGE][PASSED] - Method 'tearDownTestCase' complete successfully]]></system-out>
         <system-err><![CDATA[]]></system-err>
      </testcase>
      <testcase name="Test Cases/PM/Hwauei/Stats/4G/Governorate XDD/Governorate XDD Aggregation" time="30.829" classname="Test Cases/PM/Hwauei/Stats/4G/Governorate XDD/Governorate XDD Aggregation" status="PASSED">
         <system-out><![CDATA[2024-10-03 16:05:15 - [TEST_CASE][PASSED] - Test Cases/PM/Hwauei/Stats/4G/Governorate XDD/Governorate XDD Aggregation: Test Cases/PM/Hwauei/Stats/4G/Governorate XDD/Governorate XDD Aggregation

2024-10-03 16:05:16 - [TEST_STEP][PASSED] - callTestCase(findTestCase("LoginNew"), [:], STOP_ON_FAILURE): Call Test Case 'Test Cases/LoginNew' successfully

2024-10-03 16:05:16 - [TEST_CASE][PASSED] - Test Cases/LoginNew: Test Cases/LoginNew

2024-10-03 16:05:16 - [TEST_STEP][PASSED] - driver = general.start(SwagerURL, NetCellURL): general.start is PASSED

2024-10-03 16:05:16 - [MESSAGE][INFO] - >>> chromeDriverPath=C:\Users\FatimaIbeid\.katalon\packages\Katalon_Studio_Windows_64-8.6.9\Katalon_Studio_Windows_64-8.6.9\configuration\resources\drivers\chromedriver_win32\chromedriver.exe

2024-10-03 16:05:17 - [MESSAGE][PASSED] - Current window maximized

2024-10-03 16:05:18 - [MESSAGE][PASSED] - Execute JavaScript 'window.open();' successfully

2024-10-03 16:05:18 - [MESSAGE][PASSED] - Switched to window with index: '1'

2024-10-03 16:05:30 - [MESSAGE][PASSED] - general.start is PASSED

2024-10-03 16:05:30 - [TEST_STEP][PASSED] - delay(1): Delayed 1 second(s)

2024-10-03 16:05:31 - [MESSAGE][PASSED] - Delayed 1 second(s)

2024-10-03 16:05:31 - [TEST_STEP][PASSED] - sendKeys(findTestObject("Object Repository/Login/EnterEmail2"), "homam@zztjg.onmicrosoft.com"): Keys 'homam@zztjg.onmicrosoft.com' sent to object: 'Object Repository/Login/EnterEmail2'

2024-10-03 16:05:32 - [MESSAGE][PASSED] - Keys 'homam@zztjg.onmicrosoft.com' sent to object: 'Object Repository/Login/EnterEmail2'

2024-10-03 16:05:32 - [TEST_STEP][PASSED] - delay(1): Delayed 1 second(s)

2024-10-03 16:05:33 - [MESSAGE][PASSED] - Delayed 1 second(s)

2024-10-03 16:05:33 - [TEST_STEP][PASSED] - sendKeys(findTestObject("Object Repository/Login/EnterPassword2"), "P@ssw0rd"): Keys 'P@ssw0rd' sent to object: 'Object Repository/Login/EnterPassword2'

2024-10-03 16:05:33 - [MESSAGE][PASSED] - Keys 'P@ssw0rd' sent to object: 'Object Repository/Login/EnterPassword2'

2024-10-03 16:05:33 - [TEST_STEP][PASSED] - delay(1): Delayed 1 second(s)

2024-10-03 16:05:34 - [MESSAGE][PASSED] - Delayed 1 second(s)

2024-10-03 16:05:34 - [TEST_STEP][PASSED] - click(findTestObject("Object Repository/Login/LoginButton2")): Object: 'Object Repository/Login/LoginButton2' is clicked on

2024-10-03 16:05:34 - [MESSAGE][PASSED] - Object: 'Object Repository/Login/LoginButton2' is clicked on

2024-10-03 16:05:34 - [TEST_STEP][PASSED] - delay(1): Delayed 1 second(s)

2024-10-03 16:05:35 - [MESSAGE][PASSED] - Delayed 1 second(s)

2024-10-03 16:05:35 - [TEST_STEP][PASSED] - waitForElementPresent(findTestObject("Object Repository/Login/welcome To NetCell"), 0): Object 'Object Repository/Login/welcome To NetCell' is present

2024-10-03 16:05:36 - [MESSAGE][WARNING] - Timeout '0' is invalid. Using default page load timeout: '120'

2024-10-03 16:05:36 - [MESSAGE][PASSED] - Object 'Object Repository/Login/welcome To NetCell' is present

2024-10-03 16:05:36 - [MESSAGE][PASSED] - Call Test Case 'Test Cases/LoginNew' successfully

2024-10-03 16:05:36 - [TEST_STEP][PASSED] - switchToWindowIndex(1): Switched to window with index: '1'

2024-10-03 16:05:36 - [MESSAGE][PASSED] - Switched to window with index: '1'

2024-10-03 16:05:36 - [TEST_STEP][PASSED] - PMHwaueiStats.Stats("4G", "Governorate", true, "Hourly"): PMHwaueiStats.Stats is PASSED

2024-10-03 16:05:36 - [MESSAGE][PASSED] - Object: 'Object Repository/PM/PM-Button' is clicked on

2024-10-03 16:05:37 - [MESSAGE][PASSED] - Switched to window with index: '2'

2024-10-03 16:05:37 - [MESSAGE][PASSED] - Object: 'Object Repository/PM/Huawei-vendor/TopX/TopX Object Type' is clicked on

2024-10-03 16:05:38 - [MESSAGE][PASSED] - Delayed 1 second(s)

2024-10-03 16:05:39 - [MESSAGE][PASSED] - Object: 'Object Repository/PM/Huawei-vendor/Object-Type/TopX Object Types/TopX Governorates/TopX Governorate' is clicked on

2024-10-03 16:05:40 - [MESSAGE][PASSED] - Delayed 1 second(s)

2024-10-03 16:05:40 - [MESSAGE][WARNING] - Timeout '0' is invalid. Using default page load timeout: '120'

2024-10-03 16:05:40 - [MESSAGE][PASSED] - Scroll to object 'Object Repository/PM/Huawei-vendor/Object Border' successfully

2024-10-03 16:05:40 - [MESSAGE][PASSED] - Object: 'Object Repository/PM/Huawei-vendor/Object-Type/TopX Object Types/TopX PLMNs/TopX PLMN checkbox' is clicked on

2024-10-03 16:05:40 - [MESSAGE][PASSED] - Object: 'Object Repository/PM/Huawei-vendor/Aggregation-CheckBox' is clicked on

2024-10-03 16:05:40 - [MESSAGE][WARNING] - Timeout '0' is invalid. Using default page load timeout: '120'

2024-10-03 16:05:41 - [MESSAGE][PASSED] - Scroll to object 'Object Repository/PM/Huawei-vendor/StarttimeLable' successfully

2024-10-03 16:05:41 - [MESSAGE][PASSED] - Object: 'Object Repository/PM/Huawei-vendor/StartDate/StartDate-Button' is clicked on

2024-10-03 16:05:41 - [MESSAGE][PASSED] - Object: 'Object Repository/PM/Huawei-vendor/StartDate/Monthly-Selection' is clicked on

2024-10-03 16:05:41 - [MESSAGE][PASSED] - Object: 'Object Repository/PM/Huawei-vendor/StartDate/Fep-Selection' is clicked on

2024-10-03 16:05:42 - [MESSAGE][PASSED] - Delayed 1 second(s)

2024-10-03 16:05:43 - [MESSAGE][PASSED] - Object: 'Object Repository/PM/Huawei-vendor/StartDate/1-Fep' is clicked on

2024-10-03 16:05:43 - [MESSAGE][PASSED] - Object: 'Object Repository/PM/Huawei-vendor/Apply-Button' is clicked on

2024-10-03 16:05:43 - [MESSAGE][WARNING] - Timeout '0' is invalid. Using default page load timeout: '120'

2024-10-03 16:05:43 - [MESSAGE][PASSED] - Web element with id: 'Object Repository/PM/Huawei-vendor/Error' located by 'By.xpath: //div[@class='toast-summary title-medium-m']' is not present after '120' second(s)

2024-10-03 16:05:43 - [MESSAGE][WARNING] - Timeout '0' is invalid. Using default page load timeout: '120'

2024-10-03 16:05:45 - [MESSAGE][PASSED] - Object 'Object Repository/PM/Huawei-vendor/Export-Result' is present

2024-10-03 16:05:46 - [MESSAGE][PASSED] - Browser is closed

2024-10-03 16:05:46 - [MESSAGE][PASSED] - PMHwaueiStats.Stats is PASSED

2024-10-03 16:05:46 - [TEST_STEP][PASSED] - Start tear down : tearDownTestCase: Method 'tearDownTestCase' complete successfully

2024-10-03 16:05:46 - [TEST_STEP][PASSED] - closeBrowser(): Browser is closed

2024-10-03 16:05:46 - [MESSAGE][PASSED] - Browser is closed

2024-10-03 16:05:46 - [MESSAGE][PASSED] - Method 'tearDownTestCase' complete successfully]]></system-out>
         <system-err><![CDATA[]]></system-err>
      </testcase>
      <testcase name="Test Cases/PM/Hwauei/Stats/4G/PLMN XDD/PLMN XDD" time="33.566" classname="Test Cases/PM/Hwauei/Stats/4G/PLMN XDD/PLMN XDD" status="PASSED">
         <system-out><![CDATA[2024-10-03 16:05:46 - [TEST_CASE][PASSED] - Test Cases/PM/Hwauei/Stats/4G/PLMN XDD/PLMN XDD: Test Cases/PM/Hwauei/Stats/4G/PLMN XDD/PLMN XDD

2024-10-03 16:05:47 - [TEST_STEP][PASSED] - callTestCase(findTestCase("LoginNew"), [:], STOP_ON_FAILURE): Call Test Case 'Test Cases/LoginNew' successfully

2024-10-03 16:05:47 - [TEST_CASE][PASSED] - Test Cases/LoginNew: Test Cases/LoginNew

2024-10-03 16:05:47 - [TEST_STEP][PASSED] - driver = general.start(SwagerURL, NetCellURL): general.start is PASSED

2024-10-03 16:05:47 - [MESSAGE][INFO] - >>> chromeDriverPath=C:\Users\FatimaIbeid\.katalon\packages\Katalon_Studio_Windows_64-8.6.9\Katalon_Studio_Windows_64-8.6.9\configuration\resources\drivers\chromedriver_win32\chromedriver.exe

2024-10-03 16:05:48 - [MESSAGE][PASSED] - Current window maximized

2024-10-03 16:05:49 - [MESSAGE][PASSED] - Execute JavaScript 'window.open();' successfully

2024-10-03 16:05:49 - [MESSAGE][PASSED] - Switched to window with index: '1'

2024-10-03 16:06:04 - [MESSAGE][PASSED] - general.start is PASSED

2024-10-03 16:06:04 - [TEST_STEP][PASSED] - delay(1): Delayed 1 second(s)

2024-10-03 16:06:05 - [MESSAGE][PASSED] - Delayed 1 second(s)

2024-10-03 16:06:05 - [TEST_STEP][PASSED] - sendKeys(findTestObject("Object Repository/Login/EnterEmail2"), "homam@zztjg.onmicrosoft.com"): Keys 'homam@zztjg.onmicrosoft.com' sent to object: 'Object Repository/Login/EnterEmail2'

2024-10-03 16:06:05 - [MESSAGE][PASSED] - Keys 'homam@zztjg.onmicrosoft.com' sent to object: 'Object Repository/Login/EnterEmail2'

2024-10-03 16:06:05 - [TEST_STEP][PASSED] - delay(1): Delayed 1 second(s)

2024-10-03 16:06:06 - [MESSAGE][PASSED] - Delayed 1 second(s)

2024-10-03 16:06:06 - [TEST_STEP][PASSED] - sendKeys(findTestObject("Object Repository/Login/EnterPassword2"), "P@ssw0rd"): Keys 'P@ssw0rd' sent to object: 'Object Repository/Login/EnterPassword2'

2024-10-03 16:06:06 - [MESSAGE][PASSED] - Keys 'P@ssw0rd' sent to object: 'Object Repository/Login/EnterPassword2'

2024-10-03 16:06:06 - [TEST_STEP][PASSED] - delay(1): Delayed 1 second(s)

2024-10-03 16:06:07 - [MESSAGE][PASSED] - Delayed 1 second(s)

2024-10-03 16:06:07 - [TEST_STEP][PASSED] - click(findTestObject("Object Repository/Login/LoginButton2")): Object: 'Object Repository/Login/LoginButton2' is clicked on

2024-10-03 16:06:08 - [MESSAGE][PASSED] - Object: 'Object Repository/Login/LoginButton2' is clicked on

2024-10-03 16:06:08 - [TEST_STEP][PASSED] - delay(1): Delayed 1 second(s)

2024-10-03 16:06:09 - [MESSAGE][PASSED] - Delayed 1 second(s)

2024-10-03 16:06:09 - [TEST_STEP][PASSED] - waitForElementPresent(findTestObject("Object Repository/Login/welcome To NetCell"), 0): Object 'Object Repository/Login/welcome To NetCell' is present

2024-10-03 16:06:09 - [MESSAGE][WARNING] - Timeout '0' is invalid. Using default page load timeout: '120'

2024-10-03 16:06:09 - [MESSAGE][PASSED] - Object 'Object Repository/Login/welcome To NetCell' is present

2024-10-03 16:06:09 - [MESSAGE][PASSED] - Call Test Case 'Test Cases/LoginNew' successfully

2024-10-03 16:06:09 - [TEST_STEP][PASSED] - switchToWindowIndex(1): Switched to window with index: '1'

2024-10-03 16:06:09 - [MESSAGE][PASSED] - Switched to window with index: '1'

2024-10-03 16:06:09 - [TEST_STEP][PASSED] - PMHwaueiStats.Stats("4G", "PLMN XDD", false, "Hourly"): PMHwaueiStats.Stats is PASSED

2024-10-03 16:06:09 - [MESSAGE][PASSED] - Object: 'Object Repository/PM/PM-Button' is clicked on

2024-10-03 16:06:10 - [MESSAGE][PASSED] - Switched to window with index: '2'

2024-10-03 16:06:11 - [MESSAGE][PASSED] - Object: 'Object Repository/PM/Huawei-vendor/TopX/TopX Object Type' is clicked on

2024-10-03 16:06:12 - [MESSAGE][PASSED] - Delayed 1 second(s)

2024-10-03 16:06:12 - [MESSAGE][PASSED] - Object: 'Object Repository/PM/Huawei-vendor/Object-Type/TopX Object Types/TopX PLMNs XDD/TopX PLMN XDD' is clicked on

2024-10-03 16:06:13 - [MESSAGE][PASSED] - Delayed 1 second(s)

2024-10-03 16:06:13 - [MESSAGE][WARNING] - Timeout '0' is invalid. Using default page load timeout: '120'

2024-10-03 16:06:13 - [MESSAGE][PASSED] - Scroll to object 'Object Repository/PM/Huawei-vendor/Object Border' successfully

2024-10-03 16:06:14 - [MESSAGE][PASSED] - Object: 'Object Repository/PM/Huawei-vendor/Object-Type/TopX Object Types/TopX Regions XDD/TopX FDD' is clicked on

2024-10-03 16:06:14 - [MESSAGE][WARNING] - Timeout '0' is invalid. Using default page load timeout: '120'

2024-10-03 16:06:14 - [MESSAGE][PASSED] - Scroll to object 'Object Repository/PM/Huawei-vendor/StarttimeLable' successfully

2024-10-03 16:06:14 - [MESSAGE][PASSED] - Object: 'Object Repository/PM/Huawei-vendor/StartDate/StartDate-Button' is clicked on

2024-10-03 16:06:14 - [MESSAGE][PASSED] - Object: 'Object Repository/PM/Huawei-vendor/StartDate/Monthly-Selection' is clicked on

2024-10-03 16:06:15 - [MESSAGE][PASSED] - Object: 'Object Repository/PM/Huawei-vendor/StartDate/Fep-Selection' is clicked on

2024-10-03 16:06:16 - [MESSAGE][PASSED] - Delayed 1 second(s)

2024-10-03 16:06:16 - [MESSAGE][PASSED] - Object: 'Object Repository/PM/Huawei-vendor/StartDate/1-Fep' is clicked on

2024-10-03 16:06:16 - [MESSAGE][PASSED] - Object: 'Object Repository/PM/Huawei-vendor/Apply-Button' is clicked on

2024-10-03 16:06:16 - [MESSAGE][WARNING] - Timeout '0' is invalid. Using default page load timeout: '120'

2024-10-03 16:06:17 - [MESSAGE][PASSED] - Web element with id: 'Object Repository/PM/Huawei-vendor/Error' located by 'By.xpath: //div[@class='toast-summary title-medium-m']' is not present after '120' second(s)

2024-10-03 16:06:17 - [MESSAGE][WARNING] - Timeout '0' is invalid. Using default page load timeout: '120'

2024-10-03 16:06:19 - [MESSAGE][PASSED] - Object 'Object Repository/PM/Huawei-vendor/Export-Result' is present

2024-10-03 16:06:20 - [MESSAGE][PASSED] - Browser is closed

2024-10-03 16:06:20 - [MESSAGE][PASSED] - PMHwaueiStats.Stats is PASSED

2024-10-03 16:06:20 - [TEST_STEP][PASSED] - Start tear down : tearDownTestCase: Method 'tearDownTestCase' complete successfully

2024-10-03 16:06:20 - [TEST_STEP][PASSED] - closeBrowser(): Browser is closed

2024-10-03 16:06:20 - [MESSAGE][PASSED] - Browser is closed

2024-10-03 16:06:20 - [MESSAGE][PASSED] - Method 'tearDownTestCase' complete successfully]]></system-out>
         <system-err><![CDATA[]]></system-err>
      </testcase>
      <testcase name="Test Cases/PM/Hwauei/Stats/4G/PLMN XDD/PLMN XDD Aggregation" time="40.733" classname="Test Cases/PM/Hwauei/Stats/4G/PLMN XDD/PLMN XDD Aggregation" status="PASSED">
         <system-out><![CDATA[2024-10-03 16:06:20 - [TEST_CASE][PASSED] - Test Cases/PM/Hwauei/Stats/4G/PLMN XDD/PLMN XDD Aggregation: Test Cases/PM/Hwauei/Stats/4G/PLMN XDD/PLMN XDD Aggregation

2024-10-03 16:06:20 - [TEST_STEP][PASSED] - callTestCase(findTestCase("LoginNew"), [:], STOP_ON_FAILURE): Call Test Case 'Test Cases/LoginNew' successfully

2024-10-03 16:06:20 - [TEST_CASE][PASSED] - Test Cases/LoginNew: Test Cases/LoginNew

2024-10-03 16:06:20 - [TEST_STEP][PASSED] - driver = general.start(SwagerURL, NetCellURL): general.start is PASSED

2024-10-03 16:06:20 - [MESSAGE][INFO] - >>> chromeDriverPath=C:\Users\FatimaIbeid\.katalon\packages\Katalon_Studio_Windows_64-8.6.9\Katalon_Studio_Windows_64-8.6.9\configuration\resources\drivers\chromedriver_win32\chromedriver.exe

2024-10-03 16:06:22 - [MESSAGE][PASSED] - Current window maximized

2024-10-03 16:06:22 - [MESSAGE][PASSED] - Execute JavaScript 'window.open();' successfully

2024-10-03 16:06:22 - [MESSAGE][PASSED] - Switched to window with index: '1'

2024-10-03 16:06:36 - [MESSAGE][PASSED] - general.start is PASSED

2024-10-03 16:06:36 - [TEST_STEP][PASSED] - delay(1): Delayed 1 second(s)

2024-10-03 16:06:37 - [MESSAGE][PASSED] - Delayed 1 second(s)

2024-10-03 16:06:37 - [TEST_STEP][PASSED] - sendKeys(findTestObject("Object Repository/Login/EnterEmail2"), "homam@zztjg.onmicrosoft.com"): Keys 'homam@zztjg.onmicrosoft.com' sent to object: 'Object Repository/Login/EnterEmail2'

2024-10-03 16:06:37 - [MESSAGE][PASSED] - Keys 'homam@zztjg.onmicrosoft.com' sent to object: 'Object Repository/Login/EnterEmail2'

2024-10-03 16:06:37 - [TEST_STEP][PASSED] - delay(1): Delayed 1 second(s)

2024-10-03 16:06:38 - [MESSAGE][PASSED] - Delayed 1 second(s)

2024-10-03 16:06:38 - [TEST_STEP][PASSED] - sendKeys(findTestObject("Object Repository/Login/EnterPassword2"), "P@ssw0rd"): Keys 'P@ssw0rd' sent to object: 'Object Repository/Login/EnterPassword2'

2024-10-03 16:06:38 - [MESSAGE][PASSED] - Keys 'P@ssw0rd' sent to object: 'Object Repository/Login/EnterPassword2'

2024-10-03 16:06:38 - [TEST_STEP][PASSED] - delay(1): Delayed 1 second(s)

2024-10-03 16:06:39 - [MESSAGE][PASSED] - Delayed 1 second(s)

2024-10-03 16:06:39 - [TEST_STEP][PASSED] - click(findTestObject("Object Repository/Login/LoginButton2")): Object: 'Object Repository/Login/LoginButton2' is clicked on

2024-10-03 16:06:40 - [MESSAGE][PASSED] - Object: 'Object Repository/Login/LoginButton2' is clicked on

2024-10-03 16:06:40 - [TEST_STEP][PASSED] - delay(1): Delayed 1 second(s)

2024-10-03 16:06:41 - [MESSAGE][PASSED] - Delayed 1 second(s)

2024-10-03 16:06:41 - [TEST_STEP][PASSED] - waitForElementPresent(findTestObject("Object Repository/Login/welcome To NetCell"), 0): Object 'Object Repository/Login/welcome To NetCell' is present

2024-10-03 16:06:41 - [MESSAGE][WARNING] - Timeout '0' is invalid. Using default page load timeout: '120'

2024-10-03 16:06:41 - [MESSAGE][PASSED] - Object 'Object Repository/Login/welcome To NetCell' is present

2024-10-03 16:06:41 - [MESSAGE][PASSED] - Call Test Case 'Test Cases/LoginNew' successfully

2024-10-03 16:06:41 - [TEST_STEP][PASSED] - switchToWindowIndex(1): Switched to window with index: '1'

2024-10-03 16:06:41 - [MESSAGE][PASSED] - Switched to window with index: '1'

2024-10-03 16:06:41 - [TEST_STEP][PASSED] - PMHwaueiStats.Stats("4G", "Region Band", true, "Hourly"): PMHwaueiStats.Stats is PASSED

2024-10-03 16:06:41 - [MESSAGE][PASSED] - Object: 'Object Repository/PM/PM-Button' is clicked on

2024-10-03 16:06:42 - [MESSAGE][PASSED] - Switched to window with index: '2'

2024-10-03 16:06:42 - [MESSAGE][PASSED] - Object: 'Object Repository/PM/Huawei-vendor/TopX/TopX Object Type' is clicked on

2024-10-03 16:06:43 - [MESSAGE][PASSED] - Delayed 1 second(s)

2024-10-03 16:06:43 - [MESSAGE][PASSED] - Object: 'Object Repository/PM/Huawei-vendor/Object-Type/TopX Object Types/TopX Region Bands/TopX Reagion Band' is clicked on

2024-10-03 16:06:44 - [MESSAGE][PASSED] - Delayed 1 second(s)

2024-10-03 16:06:44 - [MESSAGE][WARNING] - Timeout '0' is invalid. Using default page load timeout: '120'

2024-10-03 16:06:44 - [MESSAGE][PASSED] - Scroll to object 'Object Repository/PM/Huawei-vendor/Object Border' successfully

2024-10-03 16:06:45 - [MESSAGE][PASSED] - Object: 'Object Repository/PM/Huawei-vendor/Object-Type/TopX Object Types/TopX Sites/TopX East Amman Arrow' is clicked on

2024-10-03 16:06:45 - [MESSAGE][PASSED] - Object: 'Object Repository/PM/Huawei-vendor/Object-Type/TopX Object Types/TopX Region Bands/TopX FDD' is clicked on

2024-10-03 16:06:45 - [MESSAGE][PASSED] - Object: 'Object Repository/PM/Huawei-vendor/Object-Type/TopX Object Types/TopX Sites/TopX East Amman CloseArrow' is clicked on

2024-10-03 16:06:45 - [MESSAGE][PASSED] - Object: 'Object Repository/PM/Huawei-vendor/Object-Type/TopX Object Types/TopX Sites/TopX West Amman Arrow' is clicked on

2024-10-03 16:06:46 - [MESSAGE][PASSED] - Object: 'Object Repository/PM/Huawei-vendor/Object-Type/TopX Object Types/TopX Region Bands/TopX TDD' is clicked on

2024-10-03 16:06:46 - [MESSAGE][PASSED] - Object: 'Object Repository/PM/Huawei-vendor/Object-Type/TopX Object Types/TopX Sites/TopX West Amman CloseArrow' is clicked on

2024-10-03 16:06:46 - [MESSAGE][PASSED] - Object: 'Object Repository/PM/Huawei-vendor/Object-Type/TopX Object Types/TopX Regions/TopX Region South Amman' is clicked on

2024-10-03 16:06:46 - [MESSAGE][PASSED] - Object: 'Object Repository/PM/Huawei-vendor/Object-Type/TopX Object Types/TopX Regions/TopX Region East Jordan' is clicked on

2024-10-03 16:06:46 - [MESSAGE][PASSED] - Object: 'Object Repository/PM/Huawei-vendor/Object-Type/TopX Object Types/TopX Regions/TopX Region North Jordan' is clicked on

2024-10-03 16:06:47 - [MESSAGE][PASSED] - Object: 'Object Repository/PM/Huawei-vendor/Object-Type/TopX Object Types/TopX Regions/TopX Region South Jordan' is clicked on

2024-10-03 16:06:47 - [MESSAGE][PASSED] - Object: 'Object Repository/PM/Huawei-vendor/Object-Type/TopX Object Types/TopX Regions/TopX Region Others' is clicked on

2024-10-03 16:06:47 - [MESSAGE][PASSED] - Object: 'Object Repository/PM/Huawei-vendor/Aggregation-CheckBox' is clicked on

2024-10-03 16:06:47 - [MESSAGE][WARNING] - Timeout '0' is invalid. Using default page load timeout: '120'

2024-10-03 16:06:47 - [MESSAGE][PASSED] - Scroll to object 'Object Repository/PM/Huawei-vendor/StarttimeLable' successfully

2024-10-03 16:06:48 - [MESSAGE][PASSED] - Object: 'Object Repository/PM/Huawei-vendor/StartDate/StartDate-Button' is clicked on

2024-10-03 16:06:48 - [MESSAGE][PASSED] - Object: 'Object Repository/PM/Huawei-vendor/StartDate/Monthly-Selection' is clicked on

2024-10-03 16:06:48 - [MESSAGE][PASSED] - Object: 'Object Repository/PM/Huawei-vendor/StartDate/Fep-Selection' is clicked on

2024-10-03 16:06:49 - [MESSAGE][PASSED] - Delayed 1 second(s)

2024-10-03 16:06:49 - [MESSAGE][PASSED] - Object: 'Object Repository/PM/Huawei-vendor/StartDate/1-Fep' is clicked on

2024-10-03 16:06:50 - [MESSAGE][PASSED] - Object: 'Object Repository/PM/Huawei-vendor/Apply-Button' is clicked on

2024-10-03 16:06:50 - [MESSAGE][WARNING] - Timeout '0' is invalid. Using default page load timeout: '120'

2024-10-03 16:06:50 - [MESSAGE][PASSED] - Web element with id: 'Object Repository/PM/Huawei-vendor/Error' located by 'By.xpath: //div[@class='toast-summary title-medium-m']' is not present after '120' second(s)

2024-10-03 16:06:50 - [MESSAGE][WARNING] - Timeout '0' is invalid. Using default page load timeout: '120'

2024-10-03 16:07:00 - [MESSAGE][PASSED] - Object 'Object Repository/PM/Huawei-vendor/Export-Result' is present

2024-10-03 16:07:00 - [MESSAGE][PASSED] - Browser is closed

2024-10-03 16:07:00 - [MESSAGE][PASSED] - PMHwaueiStats.Stats is PASSED

2024-10-03 16:07:00 - [TEST_STEP][PASSED] - Start tear down : tearDownTestCase: Method 'tearDownTestCase' complete successfully

2024-10-03 16:07:00 - [TEST_STEP][PASSED] - closeBrowser(): Browser is closed

2024-10-03 16:07:00 - [MESSAGE][PASSED] - Browser is closed

2024-10-03 16:07:00 - [MESSAGE][PASSED] - Method 'tearDownTestCase' complete successfully]]></system-out>
         <system-err><![CDATA[]]></system-err>
      </testcase>
      <testcase name="Test Cases/PM/Hwauei/Stats/4G/Region XDD/Region XDD" time="54.063" classname="Test Cases/PM/Hwauei/Stats/4G/Region XDD/Region XDD" status="PASSED">
         <system-out><![CDATA[2024-10-03 16:07:00 - [TEST_CASE][PASSED] - Test Cases/PM/Hwauei/Stats/4G/Region XDD/Region XDD: Test Cases/PM/Hwauei/Stats/4G/Region XDD/Region XDD

2024-10-03 16:07:01 - [TEST_STEP][PASSED] - callTestCase(findTestCase("LoginNew"), [:], STOP_ON_FAILURE): Call Test Case 'Test Cases/LoginNew' successfully

2024-10-03 16:07:01 - [TEST_CASE][PASSED] - Test Cases/LoginNew: Test Cases/LoginNew

2024-10-03 16:07:01 - [TEST_STEP][PASSED] - driver = general.start(SwagerURL, NetCellURL): general.start is PASSED

2024-10-03 16:07:01 - [MESSAGE][INFO] - >>> chromeDriverPath=C:\Users\FatimaIbeid\.katalon\packages\Katalon_Studio_Windows_64-8.6.9\Katalon_Studio_Windows_64-8.6.9\configuration\resources\drivers\chromedriver_win32\chromedriver.exe

2024-10-03 16:07:02 - [MESSAGE][PASSED] - Current window maximized

2024-10-03 16:07:03 - [MESSAGE][PASSED] - Execute JavaScript 'window.open();' successfully

2024-10-03 16:07:03 - [MESSAGE][PASSED] - Switched to window with index: '1'

2024-10-03 16:07:17 - [MESSAGE][PASSED] - general.start is PASSED

2024-10-03 16:07:17 - [TEST_STEP][PASSED] - delay(1): Delayed 1 second(s)

2024-10-03 16:07:18 - [MESSAGE][PASSED] - Delayed 1 second(s)

2024-10-03 16:07:18 - [TEST_STEP][PASSED] - sendKeys(findTestObject("Object Repository/Login/EnterEmail2"), "homam@zztjg.onmicrosoft.com"): Keys 'homam@zztjg.onmicrosoft.com' sent to object: 'Object Repository/Login/EnterEmail2'

2024-10-03 16:07:18 - [MESSAGE][PASSED] - Keys 'homam@zztjg.onmicrosoft.com' sent to object: 'Object Repository/Login/EnterEmail2'

2024-10-03 16:07:18 - [TEST_STEP][PASSED] - delay(1): Delayed 1 second(s)

2024-10-03 16:07:19 - [MESSAGE][PASSED] - Delayed 1 second(s)

2024-10-03 16:07:19 - [TEST_STEP][PASSED] - sendKeys(findTestObject("Object Repository/Login/EnterPassword2"), "P@ssw0rd"): Keys 'P@ssw0rd' sent to object: 'Object Repository/Login/EnterPassword2'

2024-10-03 16:07:19 - [MESSAGE][PASSED] - Keys 'P@ssw0rd' sent to object: 'Object Repository/Login/EnterPassword2'

2024-10-03 16:07:19 - [TEST_STEP][PASSED] - delay(1): Delayed 1 second(s)

2024-10-03 16:07:20 - [MESSAGE][PASSED] - Delayed 1 second(s)

2024-10-03 16:07:20 - [TEST_STEP][PASSED] - click(findTestObject("Object Repository/Login/LoginButton2")): Object: 'Object Repository/Login/LoginButton2' is clicked on

2024-10-03 16:07:20 - [MESSAGE][PASSED] - Object: 'Object Repository/Login/LoginButton2' is clicked on

2024-10-03 16:07:20 - [TEST_STEP][PASSED] - delay(1): Delayed 1 second(s)

2024-10-03 16:07:21 - [MESSAGE][PASSED] - Delayed 1 second(s)

2024-10-03 16:07:21 - [TEST_STEP][PASSED] - waitForElementPresent(findTestObject("Object Repository/Login/welcome To NetCell"), 0): Object 'Object Repository/Login/welcome To NetCell' is present

2024-10-03 16:07:22 - [MESSAGE][WARNING] - Timeout '0' is invalid. Using default page load timeout: '120'

2024-10-03 16:07:22 - [MESSAGE][PASSED] - Object 'Object Repository/Login/welcome To NetCell' is present

2024-10-03 16:07:22 - [MESSAGE][PASSED] - Call Test Case 'Test Cases/LoginNew' successfully

2024-10-03 16:07:22 - [TEST_STEP][PASSED] - switchToWindowIndex(1): Switched to window with index: '1'

2024-10-03 16:07:22 - [MESSAGE][PASSED] - Switched to window with index: '1'

2024-10-03 16:07:22 - [TEST_STEP][PASSED] - PMHwaueiStats.Stats("4G", "Region XDD", true, "Hourly"): PMHwaueiStats.Stats is PASSED

2024-10-03 16:07:22 - [MESSAGE][PASSED] - Object: 'Object Repository/PM/PM-Button' is clicked on

2024-10-03 16:07:22 - [MESSAGE][PASSED] - Switched to window with index: '2'

2024-10-03 16:07:36 - [MESSAGE][PASSED] - Object: 'Object Repository/PM/Huawei-vendor/TopX/TopX Object Type' is clicked on

2024-10-03 16:07:37 - [MESSAGE][PASSED] - Delayed 1 second(s)

2024-10-03 16:07:37 - [MESSAGE][PASSED] - Object: 'Object Repository/PM/Huawei-vendor/Object-Type/TopX Object Types/TopX Regions XDD/TopX Region XDD' is clicked on

2024-10-03 16:07:38 - [MESSAGE][PASSED] - Delayed 1 second(s)

2024-10-03 16:07:38 - [MESSAGE][WARNING] - Timeout '0' is invalid. Using default page load timeout: '120'

2024-10-03 16:07:38 - [MESSAGE][PASSED] - Scroll to object 'Object Repository/PM/Huawei-vendor/Object Border' successfully

2024-10-03 16:07:39 - [MESSAGE][PASSED] - Object: 'Object Repository/PM/Huawei-vendor/Object-Type/TopX Object Types/TopX Sites/TopX East Amman Arrow' is clicked on

2024-10-03 16:07:39 - [MESSAGE][PASSED] - Object: 'Object Repository/PM/Huawei-vendor/Object-Type/TopX Object Types/TopX Regions XDD/TopX FDD' is clicked on

2024-10-03 16:07:39 - [MESSAGE][PASSED] - Object: 'Object Repository/PM/Huawei-vendor/Object-Type/TopX Object Types/TopX Sites/TopX East Amman CloseArrow' is clicked on

2024-10-03 16:07:39 - [MESSAGE][PASSED] - Object: 'Object Repository/PM/Huawei-vendor/Object-Type/TopX Object Types/TopX Sites/TopX West Amman Arrow' is clicked on

2024-10-03 16:07:40 - [MESSAGE][PASSED] - Object: 'Object Repository/PM/Huawei-vendor/Object-Type/TopX Object Types/TopX Regions XDD/TopX TDD' is clicked on

2024-10-03 16:07:40 - [MESSAGE][PASSED] - Object: 'Object Repository/PM/Huawei-vendor/Object-Type/TopX Object Types/TopX Sites/TopX West Amman CloseArrow' is clicked on

2024-10-03 16:07:40 - [MESSAGE][PASSED] - Object: 'Object Repository/PM/Huawei-vendor/Object-Type/TopX Object Types/TopX Regions/TopX Region South Amman' is clicked on

2024-10-03 16:07:40 - [MESSAGE][PASSED] - Object: 'Object Repository/PM/Huawei-vendor/Object-Type/TopX Object Types/TopX Regions/TopX Region East Jordan' is clicked on

2024-10-03 16:07:41 - [MESSAGE][PASSED] - Object: 'Object Repository/PM/Huawei-vendor/Object-Type/TopX Object Types/TopX Regions/TopX Region North Jordan' is clicked on

2024-10-03 16:07:41 - [MESSAGE][PASSED] - Object: 'Object Repository/PM/Huawei-vendor/Object-Type/TopX Object Types/TopX Regions/TopX Region South Jordan' is clicked on

2024-10-03 16:07:41 - [MESSAGE][PASSED] - Object: 'Object Repository/PM/Huawei-vendor/Object-Type/TopX Object Types/TopX Regions/TopX Region Others' is clicked on

2024-10-03 16:07:41 - [MESSAGE][PASSED] - Object: 'Object Repository/PM/Huawei-vendor/Aggregation-CheckBox' is clicked on

2024-10-03 16:07:41 - [MESSAGE][WARNING] - Timeout '0' is invalid. Using default page load timeout: '120'

2024-10-03 16:07:41 - [MESSAGE][PASSED] - Scroll to object 'Object Repository/PM/Huawei-vendor/StarttimeLable' successfully

2024-10-03 16:07:42 - [MESSAGE][PASSED] - Object: 'Object Repository/PM/Huawei-vendor/StartDate/StartDate-Button' is clicked on

2024-10-03 16:07:42 - [MESSAGE][PASSED] - Object: 'Object Repository/PM/Huawei-vendor/StartDate/Monthly-Selection' is clicked on

2024-10-03 16:07:42 - [MESSAGE][PASSED] - Object: 'Object Repository/PM/Huawei-vendor/StartDate/Fep-Selection' is clicked on

2024-10-03 16:07:43 - [MESSAGE][PASSED] - Delayed 1 second(s)

2024-10-03 16:07:44 - [MESSAGE][PASSED] - Object: 'Object Repository/PM/Huawei-vendor/StartDate/1-Fep' is clicked on

2024-10-03 16:07:44 - [MESSAGE][PASSED] - Object: 'Object Repository/PM/Huawei-vendor/Apply-Button' is clicked on

2024-10-03 16:07:44 - [MESSAGE][WARNING] - Timeout '0' is invalid. Using default page load timeout: '120'

2024-10-03 16:07:44 - [MESSAGE][PASSED] - Web element with id: 'Object Repository/PM/Huawei-vendor/Error' located by 'By.xpath: //div[@class='toast-summary title-medium-m']' is not present after '120' second(s)

2024-10-03 16:07:44 - [MESSAGE][WARNING] - Timeout '0' is invalid. Using default page load timeout: '120'

2024-10-03 16:07:54 - [MESSAGE][PASSED] - Object 'Object Repository/PM/Huawei-vendor/Export-Result' is present

2024-10-03 16:07:54 - [MESSAGE][PASSED] - Browser is closed

2024-10-03 16:07:54 - [MESSAGE][PASSED] - PMHwaueiStats.Stats is PASSED

2024-10-03 16:07:54 - [TEST_STEP][PASSED] - Start tear down : tearDownTestCase: Method 'tearDownTestCase' complete successfully

2024-10-03 16:07:54 - [TEST_STEP][PASSED] - closeBrowser(): Browser is closed

2024-10-03 16:07:54 - [MESSAGE][PASSED] - Browser is closed

2024-10-03 16:07:54 - [MESSAGE][PASSED] - Method 'tearDownTestCase' complete successfully]]></system-out>
         <system-err><![CDATA[]]></system-err>
      </testcase>
      <testcase name="Test Cases/PM/Hwauei/Stats/4G/Region XDD/Region XDD Aggregation" time="36.525" classname="Test Cases/PM/Hwauei/Stats/4G/Region XDD/Region XDD Aggregation" status="PASSED">
         <system-out><![CDATA[2024-10-03 16:07:54 - [TEST_CASE][PASSED] - Test Cases/PM/Hwauei/Stats/4G/Region XDD/Region XDD Aggregation: Test Cases/PM/Hwauei/Stats/4G/Region XDD/Region XDD Aggregation

2024-10-03 16:07:55 - [TEST_STEP][PASSED] - callTestCase(findTestCase("LoginNew"), [:], STOP_ON_FAILURE): Call Test Case 'Test Cases/LoginNew' successfully

2024-10-03 16:07:55 - [TEST_CASE][PASSED] - Test Cases/LoginNew: Test Cases/LoginNew

2024-10-03 16:07:55 - [TEST_STEP][PASSED] - driver = general.start(SwagerURL, NetCellURL): general.start is PASSED

2024-10-03 16:07:55 - [MESSAGE][INFO] - >>> chromeDriverPath=C:\Users\FatimaIbeid\.katalon\packages\Katalon_Studio_Windows_64-8.6.9\Katalon_Studio_Windows_64-8.6.9\configuration\resources\drivers\chromedriver_win32\chromedriver.exe

2024-10-03 16:07:57 - [MESSAGE][PASSED] - Current window maximized

2024-10-03 16:07:57 - [MESSAGE][PASSED] - Execute JavaScript 'window.open();' successfully

2024-10-03 16:07:57 - [MESSAGE][PASSED] - Switched to window with index: '1'

2024-10-03 16:08:09 - [MESSAGE][PASSED] - general.start is PASSED

2024-10-03 16:08:09 - [TEST_STEP][PASSED] - delay(1): Delayed 1 second(s)

2024-10-03 16:08:10 - [MESSAGE][PASSED] - Delayed 1 second(s)

2024-10-03 16:08:10 - [TEST_STEP][PASSED] - sendKeys(findTestObject("Object Repository/Login/EnterEmail2"), "homam@zztjg.onmicrosoft.com"): Keys 'homam@zztjg.onmicrosoft.com' sent to object: 'Object Repository/Login/EnterEmail2'

2024-10-03 16:08:10 - [MESSAGE][PASSED] - Keys 'homam@zztjg.onmicrosoft.com' sent to object: 'Object Repository/Login/EnterEmail2'

2024-10-03 16:08:10 - [TEST_STEP][PASSED] - delay(1): Delayed 1 second(s)

2024-10-03 16:08:11 - [MESSAGE][PASSED] - Delayed 1 second(s)

2024-10-03 16:08:11 - [TEST_STEP][PASSED] - sendKeys(findTestObject("Object Repository/Login/EnterPassword2"), "P@ssw0rd"): Keys 'P@ssw0rd' sent to object: 'Object Repository/Login/EnterPassword2'

2024-10-03 16:08:12 - [MESSAGE][PASSED] - Keys 'P@ssw0rd' sent to object: 'Object Repository/Login/EnterPassword2'

2024-10-03 16:08:12 - [TEST_STEP][PASSED] - delay(1): Delayed 1 second(s)

2024-10-03 16:08:13 - [MESSAGE][PASSED] - Delayed 1 second(s)

2024-10-03 16:08:13 - [TEST_STEP][PASSED] - click(findTestObject("Object Repository/Login/LoginButton2")): Object: 'Object Repository/Login/LoginButton2' is clicked on

2024-10-03 16:08:13 - [MESSAGE][PASSED] - Object: 'Object Repository/Login/LoginButton2' is clicked on

2024-10-03 16:08:13 - [TEST_STEP][PASSED] - delay(1): Delayed 1 second(s)

2024-10-03 16:08:14 - [MESSAGE][PASSED] - Delayed 1 second(s)

2024-10-03 16:08:14 - [TEST_STEP][PASSED] - waitForElementPresent(findTestObject("Object Repository/Login/welcome To NetCell"), 0): Object 'Object Repository/Login/welcome To NetCell' is present

2024-10-03 16:08:14 - [MESSAGE][WARNING] - Timeout '0' is invalid. Using default page load timeout: '120'

2024-10-03 16:08:14 - [MESSAGE][PASSED] - Object 'Object Repository/Login/welcome To NetCell' is present

2024-10-03 16:08:14 - [MESSAGE][PASSED] - Call Test Case 'Test Cases/LoginNew' successfully

2024-10-03 16:08:14 - [TEST_STEP][PASSED] - switchToWindowIndex(1): Switched to window with index: '1'

2024-10-03 16:08:14 - [MESSAGE][PASSED] - Switched to window with index: '1'

2024-10-03 16:08:14 - [TEST_STEP][PASSED] - PMHwaueiStats.Stats("4G", "Region XDD", false, "Hourly"): PMHwaueiStats.Stats is PASSED

2024-10-03 16:08:14 - [MESSAGE][PASSED] - Object: 'Object Repository/PM/PM-Button' is clicked on

2024-10-03 16:08:15 - [MESSAGE][PASSED] - Switched to window with index: '2'

2024-10-03 16:08:15 - [MESSAGE][PASSED] - Object: 'Object Repository/PM/Huawei-vendor/TopX/TopX Object Type' is clicked on

2024-10-03 16:08:16 - [MESSAGE][PASSED] - Delayed 1 second(s)

2024-10-03 16:08:16 - [MESSAGE][PASSED] - Object: 'Object Repository/PM/Huawei-vendor/Object-Type/TopX Object Types/TopX Regions XDD/TopX Region XDD' is clicked on

2024-10-03 16:08:17 - [MESSAGE][PASSED] - Delayed 1 second(s)

2024-10-03 16:08:17 - [MESSAGE][WARNING] - Timeout '0' is invalid. Using default page load timeout: '120'

2024-10-03 16:08:18 - [MESSAGE][PASSED] - Scroll to object 'Object Repository/PM/Huawei-vendor/Object Border' successfully

2024-10-03 16:08:18 - [MESSAGE][PASSED] - Object: 'Object Repository/PM/Huawei-vendor/Object-Type/TopX Object Types/TopX Sites/TopX East Amman Arrow' is clicked on

2024-10-03 16:08:18 - [MESSAGE][PASSED] - Object: 'Object Repository/PM/Huawei-vendor/Object-Type/TopX Object Types/TopX Regions XDD/TopX FDD' is clicked on

2024-10-03 16:08:18 - [MESSAGE][PASSED] - Object: 'Object Repository/PM/Huawei-vendor/Object-Type/TopX Object Types/TopX Sites/TopX East Amman CloseArrow' is clicked on

2024-10-03 16:08:18 - [MESSAGE][PASSED] - Object: 'Object Repository/PM/Huawei-vendor/Object-Type/TopX Object Types/TopX Sites/TopX West Amman Arrow' is clicked on

2024-10-03 16:08:19 - [MESSAGE][PASSED] - Object: 'Object Repository/PM/Huawei-vendor/Object-Type/TopX Object Types/TopX Regions XDD/TopX TDD' is clicked on

2024-10-03 16:08:19 - [MESSAGE][PASSED] - Object: 'Object Repository/PM/Huawei-vendor/Object-Type/TopX Object Types/TopX Sites/TopX West Amman CloseArrow' is clicked on

2024-10-03 16:08:19 - [MESSAGE][PASSED] - Object: 'Object Repository/PM/Huawei-vendor/Object-Type/TopX Object Types/TopX Sites/TopX East Jordan Arrow' is clicked on

2024-10-03 16:08:19 - [MESSAGE][PASSED] - Object: 'Object Repository/PM/Huawei-vendor/Object-Type/TopX Object Types/TopX Regions XDD/TopX FDD' is clicked on

2024-10-03 16:08:20 - [MESSAGE][PASSED] - Object: 'Object Repository/PM/Huawei-vendor/Object-Type/TopX Object Types/TopX Sites/TopX East Jordan CloseArrow' is clicked on

2024-10-03 16:08:20 - [MESSAGE][PASSED] - Object: 'Object Repository/PM/Huawei-vendor/Object-Type/TopX Object Types/TopX Sites/TopX North Jordan Arrow' is clicked on

2024-10-03 16:08:20 - [MESSAGE][PASSED] - Object: 'Object Repository/PM/Huawei-vendor/Object-Type/TopX Object Types/TopX Regions XDD/TopX TDD' is clicked on

2024-10-03 16:08:20 - [MESSAGE][PASSED] - Object: 'Object Repository/PM/Huawei-vendor/Object-Type/TopX Object Types/TopX Sites/TopX North Jordan CloseArrow' is clicked on

2024-10-03 16:08:20 - [MESSAGE][WARNING] - Timeout '0' is invalid. Using default page load timeout: '120'

2024-10-03 16:08:20 - [MESSAGE][PASSED] - Scroll to object 'Object Repository/PM/Huawei-vendor/StarttimeLable' successfully

2024-10-03 16:08:21 - [MESSAGE][PASSED] - Object: 'Object Repository/PM/Huawei-vendor/StartDate/StartDate-Button' is clicked on

2024-10-03 16:08:21 - [MESSAGE][PASSED] - Object: 'Object Repository/PM/Huawei-vendor/StartDate/Monthly-Selection' is clicked on

2024-10-03 16:08:21 - [MESSAGE][PASSED] - Object: 'Object Repository/PM/Huawei-vendor/StartDate/Fep-Selection' is clicked on

2024-10-03 16:08:22 - [MESSAGE][PASSED] - Delayed 1 second(s)

2024-10-03 16:08:22 - [MESSAGE][PASSED] - Object: 'Object Repository/PM/Huawei-vendor/StartDate/1-Fep' is clicked on

2024-10-03 16:08:23 - [MESSAGE][PASSED] - Object: 'Object Repository/PM/Huawei-vendor/Apply-Button' is clicked on

2024-10-03 16:08:23 - [MESSAGE][WARNING] - Timeout '0' is invalid. Using default page load timeout: '120'

2024-10-03 16:08:23 - [MESSAGE][PASSED] - Web element with id: 'Object Repository/PM/Huawei-vendor/Error' located by 'By.xpath: //div[@class='toast-summary title-medium-m']' is not present after '120' second(s)

2024-10-03 16:08:23 - [MESSAGE][WARNING] - Timeout '0' is invalid. Using default page load timeout: '120'

2024-10-03 16:08:30 - [MESSAGE][PASSED] - Object 'Object Repository/PM/Huawei-vendor/Export-Result' is present

2024-10-03 16:08:31 - [MESSAGE][PASSED] - Browser is closed

2024-10-03 16:08:31 - [MESSAGE][PASSED] - PMHwaueiStats.Stats is PASSED

2024-10-03 16:08:31 - [TEST_STEP][PASSED] - Start tear down : tearDownTestCase: Method 'tearDownTestCase' complete successfully

2024-10-03 16:08:31 - [TEST_STEP][PASSED] - closeBrowser(): Browser is closed

2024-10-03 16:08:31 - [MESSAGE][PASSED] - Browser is closed

2024-10-03 16:08:31 - [MESSAGE][PASSED] - Method 'tearDownTestCase' complete successfully]]></system-out>
         <system-err><![CDATA[]]></system-err>
      </testcase>
      <testcase name="Test Cases/PM/Hwauei/Stats/4G/Region-Band/Region Band Aggregation" time="39.323" classname="Test Cases/PM/Hwauei/Stats/4G/Region-Band/Region Band Aggregation" status="PASSED">
         <system-out><![CDATA[2024-10-03 16:08:31 - [TEST_CASE][PASSED] - Test Cases/PM/Hwauei/Stats/4G/Region-Band/Region Band Aggregation: Test Cases/PM/Hwauei/Stats/4G/Region-Band/Region Band Aggregation

2024-10-03 16:08:32 - [TEST_STEP][PASSED] - callTestCase(findTestCase("LoginNew"), [:], STOP_ON_FAILURE): Call Test Case 'Test Cases/LoginNew' successfully

2024-10-03 16:08:32 - [TEST_CASE][PASSED] - Test Cases/LoginNew: Test Cases/LoginNew

2024-10-03 16:08:32 - [TEST_STEP][PASSED] - driver = general.start(SwagerURL, NetCellURL): general.start is PASSED

2024-10-03 16:08:32 - [MESSAGE][INFO] - >>> chromeDriverPath=C:\Users\FatimaIbeid\.katalon\packages\Katalon_Studio_Windows_64-8.6.9\Katalon_Studio_Windows_64-8.6.9\configuration\resources\drivers\chromedriver_win32\chromedriver.exe

2024-10-03 16:08:33 - [MESSAGE][PASSED] - Current window maximized

2024-10-03 16:08:34 - [MESSAGE][PASSED] - Execute JavaScript 'window.open();' successfully

2024-10-03 16:08:34 - [MESSAGE][PASSED] - Switched to window with index: '1'

2024-10-03 16:08:47 - [MESSAGE][PASSED] - general.start is PASSED

2024-10-03 16:08:47 - [TEST_STEP][PASSED] - delay(1): Delayed 1 second(s)

2024-10-03 16:08:48 - [MESSAGE][PASSED] - Delayed 1 second(s)

2024-10-03 16:08:48 - [TEST_STEP][PASSED] - sendKeys(findTestObject("Object Repository/Login/EnterEmail2"), "homam@zztjg.onmicrosoft.com"): Keys 'homam@zztjg.onmicrosoft.com' sent to object: 'Object Repository/Login/EnterEmail2'

2024-10-03 16:08:49 - [MESSAGE][PASSED] - Keys 'homam@zztjg.onmicrosoft.com' sent to object: 'Object Repository/Login/EnterEmail2'

2024-10-03 16:08:49 - [TEST_STEP][PASSED] - delay(1): Delayed 1 second(s)

2024-10-03 16:08:50 - [MESSAGE][PASSED] - Delayed 1 second(s)

2024-10-03 16:08:50 - [TEST_STEP][PASSED] - sendKeys(findTestObject("Object Repository/Login/EnterPassword2"), "P@ssw0rd"): Keys 'P@ssw0rd' sent to object: 'Object Repository/Login/EnterPassword2'

2024-10-03 16:08:50 - [MESSAGE][PASSED] - Keys 'P@ssw0rd' sent to object: 'Object Repository/Login/EnterPassword2'

2024-10-03 16:08:50 - [TEST_STEP][PASSED] - delay(1): Delayed 1 second(s)

2024-10-03 16:08:51 - [MESSAGE][PASSED] - Delayed 1 second(s)

2024-10-03 16:08:51 - [TEST_STEP][PASSED] - click(findTestObject("Object Repository/Login/LoginButton2")): Object: 'Object Repository/Login/LoginButton2' is clicked on

2024-10-03 16:08:51 - [MESSAGE][PASSED] - Object: 'Object Repository/Login/LoginButton2' is clicked on

2024-10-03 16:08:51 - [TEST_STEP][PASSED] - delay(1): Delayed 1 second(s)

2024-10-03 16:08:52 - [MESSAGE][PASSED] - Delayed 1 second(s)

2024-10-03 16:08:52 - [TEST_STEP][PASSED] - waitForElementPresent(findTestObject("Object Repository/Login/welcome To NetCell"), 0): Object 'Object Repository/Login/welcome To NetCell' is present

2024-10-03 16:08:52 - [MESSAGE][WARNING] - Timeout '0' is invalid. Using default page load timeout: '120'

2024-10-03 16:08:52 - [MESSAGE][PASSED] - Object 'Object Repository/Login/welcome To NetCell' is present

2024-10-03 16:08:52 - [MESSAGE][PASSED] - Call Test Case 'Test Cases/LoginNew' successfully

2024-10-03 16:08:52 - [TEST_STEP][PASSED] - switchToWindowIndex(1): Switched to window with index: '1'

2024-10-03 16:08:52 - [MESSAGE][PASSED] - Switched to window with index: '1'

2024-10-03 16:08:52 - [TEST_STEP][PASSED] - PMHwaueiStats.Stats("4G", "Region Band", false, "Hourly"): PMHwaueiStats.Stats is PASSED

2024-10-03 16:08:53 - [MESSAGE][PASSED] - Object: 'Object Repository/PM/PM-Button' is clicked on

2024-10-03 16:08:53 - [MESSAGE][PASSED] - Switched to window with index: '2'

2024-10-03 16:08:53 - [MESSAGE][PASSED] - Object: 'Object Repository/PM/Huawei-vendor/TopX/TopX Object Type' is clicked on

2024-10-03 16:08:54 - [MESSAGE][PASSED] - Delayed 1 second(s)

2024-10-03 16:08:55 - [MESSAGE][PASSED] - Object: 'Object Repository/PM/Huawei-vendor/Object-Type/TopX Object Types/TopX Region Bands/TopX Reagion Band' is clicked on

2024-10-03 16:08:56 - [MESSAGE][PASSED] - Delayed 1 second(s)

2024-10-03 16:08:56 - [MESSAGE][WARNING] - Timeout '0' is invalid. Using default page load timeout: '120'

2024-10-03 16:08:56 - [MESSAGE][PASSED] - Scroll to object 'Object Repository/PM/Huawei-vendor/Object Border' successfully

2024-10-03 16:08:56 - [MESSAGE][PASSED] - Object: 'Object Repository/PM/Huawei-vendor/Object-Type/TopX Object Types/TopX Sites/TopX East Amman Arrow' is clicked on

2024-10-03 16:08:56 - [MESSAGE][PASSED] - Object: 'Object Repository/PM/Huawei-vendor/Object-Type/TopX Object Types/TopX Region Bands/TopX FDD Arrow' is clicked on

2024-10-03 16:08:56 - [MESSAGE][PASSED] - Object: 'Object Repository/PM/Huawei-vendor/Object-Type/TopX Object Types/TopX Region Bands/TopX FDD 900' is clicked on

2024-10-03 16:08:57 - [MESSAGE][PASSED] - Object: 'Object Repository/PM/Huawei-vendor/Object-Type/TopX Object Types/TopX Sites/TopX East Amman CloseArrow' is clicked on

2024-10-03 16:08:57 - [MESSAGE][PASSED] - Object: 'Object Repository/PM/Huawei-vendor/Object-Type/TopX Object Types/TopX Sites/TopX West Amman Arrow' is clicked on

2024-10-03 16:08:57 - [MESSAGE][PASSED] - Object: 'Object Repository/PM/Huawei-vendor/Object-Type/TopX Object Types/TopX Region Bands/TopX TDD Arrow' is clicked on

2024-10-03 16:08:57 - [MESSAGE][PASSED] - Object: 'Object Repository/PM/Huawei-vendor/Object-Type/TopX Object Types/TopX Region Bands/TopX TDD F2' is clicked on

2024-10-03 16:08:58 - [MESSAGE][PASSED] - Object: 'Object Repository/PM/Huawei-vendor/Object-Type/TopX Object Types/TopX Sites/TopX West Amman CloseArrow' is clicked on

2024-10-03 16:08:58 - [MESSAGE][PASSED] - Object: 'Object Repository/PM/Huawei-vendor/Object-Type/TopX Object Types/TopX Sites/TopX North Jordan Arrow' is clicked on

2024-10-03 16:08:58 - [MESSAGE][PASSED] - Object: 'Object Repository/PM/Huawei-vendor/Object-Type/TopX Object Types/TopX Region Bands/TopX FDD Arrow' is clicked on

2024-10-03 16:08:58 - [MESSAGE][PASSED] - Object: 'Object Repository/PM/Huawei-vendor/Object-Type/TopX Object Types/TopX Region Bands/TopX FDD 1800' is clicked on

2024-10-03 16:08:58 - [MESSAGE][PASSED] - Object: 'Object Repository/PM/Huawei-vendor/Object-Type/TopX Object Types/TopX Sites/TopX North Jordan CloseArrow' is clicked on

2024-10-03 16:08:59 - [MESSAGE][PASSED] - Object: 'Object Repository/PM/Huawei-vendor/Object-Type/TopX Object Types/TopX Sites/TopX South Jordan Arrow' is clicked on

2024-10-03 16:08:59 - [MESSAGE][PASSED] - Object: 'Object Repository/PM/Huawei-vendor/Object-Type/TopX Object Types/TopX Region Bands/TopX TDD Arrow' is clicked on

2024-10-03 16:08:59 - [MESSAGE][PASSED] - Object: 'Object Repository/PM/Huawei-vendor/Object-Type/TopX Object Types/TopX Region Bands/TopX TDD F1' is clicked on

2024-10-03 16:08:59 - [MESSAGE][PASSED] - Object: 'Object Repository/PM/Huawei-vendor/Object-Type/TopX Object Types/TopX Sites/TopX South Jordan CloseArrow' is clicked on

2024-10-03 16:08:59 - [MESSAGE][WARNING] - Timeout '0' is invalid. Using default page load timeout: '120'

2024-10-03 16:08:59 - [MESSAGE][PASSED] - Scroll to object 'Object Repository/PM/Huawei-vendor/StarttimeLable' successfully

2024-10-03 16:09:00 - [MESSAGE][PASSED] - Object: 'Object Repository/PM/Huawei-vendor/StartDate/StartDate-Button' is clicked on

2024-10-03 16:09:00 - [MESSAGE][PASSED] - Object: 'Object Repository/PM/Huawei-vendor/StartDate/Monthly-Selection' is clicked on

2024-10-03 16:09:00 - [MESSAGE][PASSED] - Object: 'Object Repository/PM/Huawei-vendor/StartDate/Fep-Selection' is clicked on

2024-10-03 16:09:01 - [MESSAGE][PASSED] - Delayed 1 second(s)

2024-10-03 16:09:01 - [MESSAGE][PASSED] - Object: 'Object Repository/PM/Huawei-vendor/StartDate/1-Fep' is clicked on

2024-10-03 16:09:01 - [MESSAGE][PASSED] - Object: 'Object Repository/PM/Huawei-vendor/Apply-Button' is clicked on

2024-10-03 16:09:02 - [MESSAGE][WARNING] - Timeout '0' is invalid. Using default page load timeout: '120'

2024-10-03 16:09:02 - [MESSAGE][PASSED] - Web element with id: 'Object Repository/PM/Huawei-vendor/Error' located by 'By.xpath: //div[@class='toast-summary title-medium-m']' is not present after '120' second(s)

2024-10-03 16:09:02 - [MESSAGE][WARNING] - Timeout '0' is invalid. Using default page load timeout: '120'

2024-10-03 16:09:09 - [MESSAGE][PASSED] - Object 'Object Repository/PM/Huawei-vendor/Export-Result' is present

2024-10-03 16:09:10 - [MESSAGE][PASSED] - Browser is closed

2024-10-03 16:09:10 - [MESSAGE][PASSED] - PMHwaueiStats.Stats is PASSED

2024-10-03 16:09:10 - [TEST_STEP][PASSED] - Start tear down : tearDownTestCase: Method 'tearDownTestCase' complete successfully

2024-10-03 16:09:10 - [TEST_STEP][PASSED] - closeBrowser(): Browser is closed

2024-10-03 16:09:10 - [MESSAGE][PASSED] - Browser is closed

2024-10-03 16:09:10 - [MESSAGE][PASSED] - Method 'tearDownTestCase' complete successfully]]></system-out>
         <system-err><![CDATA[]]></system-err>
      </testcase>
      <testcase name="Test Cases/PM/Hwauei/Stats/4G/Region-Band/Region-Band" time="40.574" classname="Test Cases/PM/Hwauei/Stats/4G/Region-Band/Region-Band" status="PASSED">
         <system-out><![CDATA[2024-10-03 16:09:10 - [TEST_CASE][PASSED] - Test Cases/PM/Hwauei/Stats/4G/Region-Band/Region-Band: Test Cases/PM/Hwauei/Stats/4G/Region-Band/Region-Band

2024-10-03 16:09:11 - [TEST_STEP][PASSED] - callTestCase(findTestCase("LoginNew"), [:], STOP_ON_FAILURE): Call Test Case 'Test Cases/LoginNew' successfully

2024-10-03 16:09:11 - [TEST_CASE][PASSED] - Test Cases/LoginNew: Test Cases/LoginNew

2024-10-03 16:09:11 - [TEST_STEP][PASSED] - driver = general.start(SwagerURL, NetCellURL): general.start is PASSED

2024-10-03 16:09:11 - [MESSAGE][INFO] - >>> chromeDriverPath=C:\Users\FatimaIbeid\.katalon\packages\Katalon_Studio_Windows_64-8.6.9\Katalon_Studio_Windows_64-8.6.9\configuration\resources\drivers\chromedriver_win32\chromedriver.exe

2024-10-03 16:09:13 - [MESSAGE][PASSED] - Current window maximized

2024-10-03 16:09:13 - [MESSAGE][PASSED] - Execute JavaScript 'window.open();' successfully

2024-10-03 16:09:13 - [MESSAGE][PASSED] - Switched to window with index: '1'

2024-10-03 16:09:26 - [MESSAGE][PASSED] - general.start is PASSED

2024-10-03 16:09:26 - [TEST_STEP][PASSED] - delay(1): Delayed 1 second(s)

2024-10-03 16:09:27 - [MESSAGE][PASSED] - Delayed 1 second(s)

2024-10-03 16:09:27 - [TEST_STEP][PASSED] - sendKeys(findTestObject("Object Repository/Login/EnterEmail2"), "homam@zztjg.onmicrosoft.com"): Keys 'homam@zztjg.onmicrosoft.com' sent to object: 'Object Repository/Login/EnterEmail2'

2024-10-03 16:09:28 - [MESSAGE][PASSED] - Keys 'homam@zztjg.onmicrosoft.com' sent to object: 'Object Repository/Login/EnterEmail2'

2024-10-03 16:09:28 - [TEST_STEP][PASSED] - delay(1): Delayed 1 second(s)

2024-10-03 16:09:29 - [MESSAGE][PASSED] - Delayed 1 second(s)

2024-10-03 16:09:29 - [TEST_STEP][PASSED] - sendKeys(findTestObject("Object Repository/Login/EnterPassword2"), "P@ssw0rd"): Keys 'P@ssw0rd' sent to object: 'Object Repository/Login/EnterPassword2'

2024-10-03 16:09:29 - [MESSAGE][PASSED] - Keys 'P@ssw0rd' sent to object: 'Object Repository/Login/EnterPassword2'

2024-10-03 16:09:29 - [TEST_STEP][PASSED] - delay(1): Delayed 1 second(s)

2024-10-03 16:09:30 - [MESSAGE][PASSED] - Delayed 1 second(s)

2024-10-03 16:09:30 - [TEST_STEP][PASSED] - click(findTestObject("Object Repository/Login/LoginButton2")): Object: 'Object Repository/Login/LoginButton2' is clicked on

2024-10-03 16:09:30 - [MESSAGE][PASSED] - Object: 'Object Repository/Login/LoginButton2' is clicked on

2024-10-03 16:09:30 - [TEST_STEP][PASSED] - delay(1): Delayed 1 second(s)

2024-10-03 16:09:31 - [MESSAGE][PASSED] - Delayed 1 second(s)

2024-10-03 16:09:31 - [TEST_STEP][PASSED] - waitForElementPresent(findTestObject("Object Repository/Login/welcome To NetCell"), 0): Object 'Object Repository/Login/welcome To NetCell' is present

2024-10-03 16:09:31 - [MESSAGE][WARNING] - Timeout '0' is invalid. Using default page load timeout: '120'

2024-10-03 16:09:31 - [MESSAGE][PASSED] - Object 'Object Repository/Login/welcome To NetCell' is present

2024-10-03 16:09:31 - [MESSAGE][PASSED] - Call Test Case 'Test Cases/LoginNew' successfully

2024-10-03 16:09:31 - [TEST_STEP][PASSED] - switchToWindowIndex(1): Switched to window with index: '1'

2024-10-03 16:09:31 - [MESSAGE][PASSED] - Switched to window with index: '1'

2024-10-03 16:09:31 - [TEST_STEP][PASSED] - PMHwaueiStats.Stats("4G", "Region Band", true, "Hourly"): PMHwaueiStats.Stats is PASSED

2024-10-03 16:09:32 - [MESSAGE][PASSED] - Object: 'Object Repository/PM/PM-Button' is clicked on

2024-10-03 16:09:32 - [MESSAGE][PASSED] - Switched to window with index: '2'

2024-10-03 16:09:33 - [MESSAGE][PASSED] - Object: 'Object Repository/PM/Huawei-vendor/TopX/TopX Object Type' is clicked on

2024-10-03 16:09:34 - [MESSAGE][PASSED] - Delayed 1 second(s)

2024-10-03 16:09:34 - [MESSAGE][PASSED] - Object: 'Object Repository/PM/Huawei-vendor/Object-Type/TopX Object Types/TopX Region Bands/TopX Reagion Band' is clicked on

2024-10-03 16:09:35 - [MESSAGE][PASSED] - Delayed 1 second(s)

2024-10-03 16:09:35 - [MESSAGE][WARNING] - Timeout '0' is invalid. Using default page load timeout: '120'

2024-10-03 16:09:35 - [MESSAGE][PASSED] - Scroll to object 'Object Repository/PM/Huawei-vendor/Object Border' successfully

2024-10-03 16:09:35 - [MESSAGE][PASSED] - Object: 'Object Repository/PM/Huawei-vendor/Object-Type/TopX Object Types/TopX Sites/TopX East Amman Arrow' is clicked on

2024-10-03 16:09:35 - [MESSAGE][PASSED] - Object: 'Object Repository/PM/Huawei-vendor/Object-Type/TopX Object Types/TopX Region Bands/TopX FDD' is clicked on

2024-10-03 16:09:35 - [MESSAGE][PASSED] - Object: 'Object Repository/PM/Huawei-vendor/Object-Type/TopX Object Types/TopX Sites/TopX East Amman CloseArrow' is clicked on

2024-10-03 16:09:36 - [MESSAGE][PASSED] - Object: 'Object Repository/PM/Huawei-vendor/Object-Type/TopX Object Types/TopX Sites/TopX West Amman Arrow' is clicked on

2024-10-03 16:09:36 - [MESSAGE][PASSED] - Object: 'Object Repository/PM/Huawei-vendor/Object-Type/TopX Object Types/TopX Region Bands/TopX TDD' is clicked on

2024-10-03 16:09:36 - [MESSAGE][PASSED] - Object: 'Object Repository/PM/Huawei-vendor/Object-Type/TopX Object Types/TopX Sites/TopX West Amman CloseArrow' is clicked on

2024-10-03 16:09:36 - [MESSAGE][PASSED] - Object: 'Object Repository/PM/Huawei-vendor/Object-Type/TopX Object Types/TopX Regions/TopX Region South Amman' is clicked on

2024-10-03 16:09:36 - [MESSAGE][PASSED] - Object: 'Object Repository/PM/Huawei-vendor/Object-Type/TopX Object Types/TopX Regions/TopX Region East Jordan' is clicked on

2024-10-03 16:09:37 - [MESSAGE][PASSED] - Object: 'Object Repository/PM/Huawei-vendor/Object-Type/TopX Object Types/TopX Regions/TopX Region North Jordan' is clicked on

2024-10-03 16:09:37 - [MESSAGE][PASSED] - Object: 'Object Repository/PM/Huawei-vendor/Object-Type/TopX Object Types/TopX Regions/TopX Region South Jordan' is clicked on

2024-10-03 16:09:37 - [MESSAGE][PASSED] - Object: 'Object Repository/PM/Huawei-vendor/Object-Type/TopX Object Types/TopX Regions/TopX Region Others' is clicked on

2024-10-03 16:09:37 - [MESSAGE][PASSED] - Object: 'Object Repository/PM/Huawei-vendor/Aggregation-CheckBox' is clicked on

2024-10-03 16:09:37 - [MESSAGE][WARNING] - Timeout '0' is invalid. Using default page load timeout: '120'

2024-10-03 16:09:37 - [MESSAGE][PASSED] - Scroll to object 'Object Repository/PM/Huawei-vendor/StarttimeLable' successfully

2024-10-03 16:09:38 - [MESSAGE][PASSED] - Object: 'Object Repository/PM/Huawei-vendor/StartDate/StartDate-Button' is clicked on

2024-10-03 16:09:38 - [MESSAGE][PASSED] - Object: 'Object Repository/PM/Huawei-vendor/StartDate/Monthly-Selection' is clicked on

2024-10-03 16:09:38 - [MESSAGE][PASSED] - Object: 'Object Repository/PM/Huawei-vendor/StartDate/Fep-Selection' is clicked on

2024-10-03 16:09:39 - [MESSAGE][PASSED] - Delayed 1 second(s)

2024-10-03 16:09:39 - [MESSAGE][PASSED] - Object: 'Object Repository/PM/Huawei-vendor/StartDate/1-Fep' is clicked on

2024-10-03 16:09:39 - [MESSAGE][PASSED] - Object: 'Object Repository/PM/Huawei-vendor/Apply-Button' is clicked on

2024-10-03 16:09:40 - [MESSAGE][WARNING] - Timeout '0' is invalid. Using default page load timeout: '120'

2024-10-03 16:09:40 - [MESSAGE][PASSED] - Web element with id: 'Object Repository/PM/Huawei-vendor/Error' located by 'By.xpath: //div[@class='toast-summary title-medium-m']' is not present after '120' second(s)

2024-10-03 16:09:40 - [MESSAGE][WARNING] - Timeout '0' is invalid. Using default page load timeout: '120'

2024-10-03 16:09:50 - [MESSAGE][PASSED] - Object 'Object Repository/PM/Huawei-vendor/Export-Result' is present

2024-10-03 16:09:51 - [MESSAGE][PASSED] - Browser is closed

2024-10-03 16:09:51 - [MESSAGE][PASSED] - PMHwaueiStats.Stats is PASSED

2024-10-03 16:09:51 - [TEST_STEP][PASSED] - Start tear down : tearDownTestCase: Method 'tearDownTestCase' complete successfully

2024-10-03 16:09:51 - [TEST_STEP][PASSED] - closeBrowser(): Browser is closed

2024-10-03 16:09:51 - [MESSAGE][PASSED] - Browser is closed

2024-10-03 16:09:51 - [MESSAGE][PASSED] - Method 'tearDownTestCase' complete successfully]]></system-out>
         <system-err><![CDATA[]]></system-err>
      </testcase>
      <testcase name="Test Cases/PM/Hwauei/Stats/4G/Sector/Sector" time="160.801" classname="Test Cases/PM/Hwauei/Stats/4G/Sector/Sector" status="PASSED">
         <system-out><![CDATA[2024-10-03 16:09:51 - [TEST_CASE][PASSED] - Test Cases/PM/Hwauei/Stats/4G/Sector/Sector: Test Cases/PM/Hwauei/Stats/4G/Sector/Sector

2024-10-03 16:09:52 - [TEST_STEP][PASSED] - callTestCase(findTestCase("LoginNew"), [:], STOP_ON_FAILURE): Call Test Case 'Test Cases/LoginNew' successfully

2024-10-03 16:09:52 - [TEST_CASE][PASSED] - Test Cases/LoginNew: Test Cases/LoginNew

2024-10-03 16:09:52 - [TEST_STEP][PASSED] - driver = general.start(SwagerURL, NetCellURL): general.start is PASSED

2024-10-03 16:09:52 - [MESSAGE][INFO] - >>> chromeDriverPath=C:\Users\FatimaIbeid\.katalon\packages\Katalon_Studio_Windows_64-8.6.9\Katalon_Studio_Windows_64-8.6.9\configuration\resources\drivers\chromedriver_win32\chromedriver.exe

2024-10-03 16:09:53 - [MESSAGE][PASSED] - Current window maximized

2024-10-03 16:09:54 - [MESSAGE][PASSED] - Execute JavaScript 'window.open();' successfully

2024-10-03 16:09:54 - [MESSAGE][PASSED] - Switched to window with index: '1'

2024-10-03 16:10:07 - [MESSAGE][PASSED] - general.start is PASSED

2024-10-03 16:10:07 - [TEST_STEP][PASSED] - delay(1): Delayed 1 second(s)

2024-10-03 16:10:08 - [MESSAGE][PASSED] - Delayed 1 second(s)

2024-10-03 16:10:08 - [TEST_STEP][PASSED] - sendKeys(findTestObject("Object Repository/Login/EnterEmail2"), "homam@zztjg.onmicrosoft.com"): Keys 'homam@zztjg.onmicrosoft.com' sent to object: 'Object Repository/Login/EnterEmail2'

2024-10-03 16:10:09 - [MESSAGE][PASSED] - Keys 'homam@zztjg.onmicrosoft.com' sent to object: 'Object Repository/Login/EnterEmail2'

2024-10-03 16:10:09 - [TEST_STEP][PASSED] - delay(1): Delayed 1 second(s)

2024-10-03 16:10:10 - [MESSAGE][PASSED] - Delayed 1 second(s)

2024-10-03 16:10:10 - [TEST_STEP][PASSED] - sendKeys(findTestObject("Object Repository/Login/EnterPassword2"), "P@ssw0rd"): Keys 'P@ssw0rd' sent to object: 'Object Repository/Login/EnterPassword2'

2024-10-03 16:10:10 - [MESSAGE][PASSED] - Keys 'P@ssw0rd' sent to object: 'Object Repository/Login/EnterPassword2'

2024-10-03 16:10:10 - [TEST_STEP][PASSED] - delay(1): Delayed 1 second(s)

2024-10-03 16:10:11 - [MESSAGE][PASSED] - Delayed 1 second(s)

2024-10-03 16:10:11 - [TEST_STEP][PASSED] - click(findTestObject("Object Repository/Login/LoginButton2")): Object: 'Object Repository/Login/LoginButton2' is clicked on

2024-10-03 16:10:11 - [MESSAGE][PASSED] - Object: 'Object Repository/Login/LoginButton2' is clicked on

2024-10-03 16:10:11 - [TEST_STEP][PASSED] - delay(1): Delayed 1 second(s)

2024-10-03 16:10:12 - [MESSAGE][PASSED] - Delayed 1 second(s)

2024-10-03 16:10:12 - [TEST_STEP][PASSED] - waitForElementPresent(findTestObject("Object Repository/Login/welcome To NetCell"), 0): Object 'Object Repository/Login/welcome To NetCell' is present

2024-10-03 16:10:12 - [MESSAGE][WARNING] - Timeout '0' is invalid. Using default page load timeout: '120'

2024-10-03 16:10:12 - [MESSAGE][PASSED] - Object 'Object Repository/Login/welcome To NetCell' is present

2024-10-03 16:10:12 - [MESSAGE][PASSED] - Call Test Case 'Test Cases/LoginNew' successfully

2024-10-03 16:10:12 - [TEST_STEP][PASSED] - switchToWindowIndex(1): Switched to window with index: '1'

2024-10-03 16:10:12 - [MESSAGE][PASSED] - Switched to window with index: '1'

2024-10-03 16:10:12 - [TEST_STEP][PASSED] - PMHwaueiStats.Stats("4G", "Sector", false, "Hourly"): PMHwaueiStats.Stats is PASSED

2024-10-03 16:10:13 - [MESSAGE][PASSED] - Object: 'Object Repository/PM/PM-Button' is clicked on

2024-10-03 16:10:13 - [MESSAGE][PASSED] - Switched to window with index: '2'

2024-10-03 16:10:13 - [MESSAGE][PASSED] - Object: 'Object Repository/PM/Huawei-vendor/TopX/TopX Object Type' is clicked on

2024-10-03 16:10:15 - [MESSAGE][PASSED] - Delayed 1 second(s)

2024-10-03 16:10:15 - [MESSAGE][PASSED] - Object: 'Object Repository/PM/Huawei-vendor/Object-Type/TopX Object Types/TopX Sectors/TopX Sector' is clicked on

2024-10-03 16:10:16 - [MESSAGE][PASSED] - Delayed 1 second(s)

2024-10-03 16:10:16 - [MESSAGE][WARNING] - Timeout '0' is invalid. Using default page load timeout: '120'

2024-10-03 16:10:16 - [MESSAGE][PASSED] - Scroll to object 'Object Repository/PM/Huawei-vendor/Object Border' successfully

2024-10-03 16:10:16 - [MESSAGE][PASSED] - Object: 'Object Repository/PM/Huawei-vendor/Object-Type/TopX Object Types/TopX Regions/TopX Region East Amman' is clicked on

2024-10-03 16:10:16 - [MESSAGE][PASSED] - Object: 'Object Repository/PM/Huawei-vendor/Object-Type/TopX Object Types/TopX Sites/TopX West Amman Arrow' is clicked on

2024-10-03 16:10:21 - [MESSAGE][PASSED] - Object: 'Object Repository/PM/Huawei-vendor/Object-Type/TopX Object Types/TopX Sectors/TopX West Amman 1601A' is clicked on

2024-10-03 16:10:21 - [MESSAGE][PASSED] - Object: 'Object Repository/PM/Huawei-vendor/Object-Type/TopX Object Types/TopX Sites/TopX West Amman CloseArrow' is clicked on

2024-10-03 16:10:22 - [MESSAGE][PASSED] - Object: 'Object Repository/PM/Huawei-vendor/Object-Type/TopX Object Types/TopX Sites/TopX South Amman Arrow' is clicked on

2024-10-03 16:10:30 - [MESSAGE][PASSED] - Object: 'Object Repository/PM/Huawei-vendor/Object-Type/TopX Object Types/TopX Sectors/TopX South Amman 101B' is clicked on

2024-10-03 16:10:30 - [MESSAGE][PASSED] - Object: 'Object Repository/PM/Huawei-vendor/Object-Type/TopX Object Types/TopX Sites/TopX South Amman CloseArrow' is clicked on

2024-10-03 16:10:30 - [MESSAGE][PASSED] - Object: 'Object Repository/PM/Huawei-vendor/Object-Type/TopX Object Types/TopX Sites/TopX East Jordan Arrow' is clicked on

2024-10-03 16:10:33 - [MESSAGE][PASSED] - Object: 'Object Repository/PM/Huawei-vendor/Object-Type/TopX Object Types/TopX Sectors/TopX East Jordan 1001C' is clicked on

2024-10-03 16:10:34 - [MESSAGE][PASSED] - Object: 'Object Repository/PM/Huawei-vendor/Object-Type/TopX Object Types/TopX Sites/TopX East Jordan CloseArrow' is clicked on

2024-10-03 16:10:34 - [MESSAGE][PASSED] - Object: 'Object Repository/PM/Huawei-vendor/Object-Type/TopX Object Types/TopX Sites/TopX North Jordan Arrow' is clicked on

2024-10-03 16:10:43 - [MESSAGE][PASSED] - Object: 'Object Repository/PM/Huawei-vendor/Object-Type/TopX Object Types/TopX Sectors/TopX North Jordan 1401A' is clicked on

2024-10-03 16:10:44 - [MESSAGE][PASSED] - Object: 'Object Repository/PM/Huawei-vendor/Object-Type/TopX Object Types/TopX Sites/TopX North Jordan CloseArrow' is clicked on

2024-10-03 16:10:44 - [MESSAGE][PASSED] - Object: 'Object Repository/PM/Huawei-vendor/Object-Type/TopX Object Types/TopX Sites/TopX South Jordan Arrow' is clicked on

2024-10-03 16:10:47 - [MESSAGE][PASSED] - Object: 'Object Repository/PM/Huawei-vendor/Object-Type/TopX Object Types/TopX Sectors/TopX South Jordan1203B' is clicked on

2024-10-03 16:10:48 - [MESSAGE][PASSED] - Object: 'Object Repository/PM/Huawei-vendor/Object-Type/TopX Object Types/TopX Sites/TopX South Jordan CloseArrow' is clicked on

2024-10-03 16:10:48 - [MESSAGE][PASSED] - Object: 'Object Repository/PM/Huawei-vendor/Object-Type/TopX Object Types/TopX Sites/TopX Others Arrow' is clicked on

2024-10-03 16:10:49 - [MESSAGE][PASSED] - Object: 'Object Repository/PM/Huawei-vendor/Object-Type/TopX Object Types/TopX Sectors/TopX Others 6307C' is clicked on

2024-10-03 16:10:49 - [MESSAGE][PASSED] - Object: 'Object Repository/PM/Huawei-vendor/Object-Type/TopX Object Types/TopX Sites/TopX Others CloseArrow' is clicked on

2024-10-03 16:10:49 - [MESSAGE][WARNING] - Timeout '0' is invalid. Using default page load timeout: '120'

2024-10-03 16:10:49 - [MESSAGE][PASSED] - Scroll to object 'Object Repository/PM/Huawei-vendor/StarttimeLable' successfully

2024-10-03 16:10:49 - [MESSAGE][PASSED] - Object: 'Object Repository/PM/Huawei-vendor/StartDate/StartDate-Button' is clicked on

2024-10-03 16:10:49 - [MESSAGE][PASSED] - Object: 'Object Repository/PM/Huawei-vendor/StartDate/Monthly-Selection' is clicked on

2024-10-03 16:10:50 - [MESSAGE][PASSED] - Object: 'Object Repository/PM/Huawei-vendor/StartDate/Fep-Selection' is clicked on

2024-10-03 16:10:51 - [MESSAGE][PASSED] - Delayed 1 second(s)

2024-10-03 16:10:51 - [MESSAGE][PASSED] - Object: 'Object Repository/PM/Huawei-vendor/StartDate/1-Fep' is clicked on

2024-10-03 16:10:51 - [MESSAGE][PASSED] - Object: 'Object Repository/PM/Huawei-vendor/Apply-Button' is clicked on

2024-10-03 16:10:51 - [MESSAGE][PASSED] - Object: 'Object Repository/PM/Huawei-vendor/buttonOk' is clicked on

2024-10-03 16:10:51 - [MESSAGE][WARNING] - Timeout '0' is invalid. Using default page load timeout: '120'

2024-10-03 16:10:51 - [MESSAGE][PASSED] - Web element with id: 'Object Repository/PM/Huawei-vendor/Error' located by 'By.xpath: //div[@class='toast-summary title-medium-m']' is not present after '120' second(s)

2024-10-03 16:10:51 - [MESSAGE][WARNING] - Timeout '0' is invalid. Using default page load timeout: '120'

2024-10-03 16:12:31 - [MESSAGE][PASSED] - Object 'Object Repository/PM/Huawei-vendor/Export-Result' is present

2024-10-03 16:12:32 - [MESSAGE][PASSED] - Browser is closed

2024-10-03 16:12:32 - [MESSAGE][PASSED] - PMHwaueiStats.Stats is PASSED

2024-10-03 16:12:32 - [TEST_STEP][PASSED] - Start tear down : tearDownTestCase: Method 'tearDownTestCase' complete successfully

2024-10-03 16:12:32 - [TEST_STEP][PASSED] - closeBrowser(): Browser is closed

2024-10-03 16:12:32 - [MESSAGE][PASSED] - Browser is closed

2024-10-03 16:12:32 - [MESSAGE][PASSED] - Method 'tearDownTestCase' complete successfully]]></system-out>
         <system-err><![CDATA[]]></system-err>
      </testcase>
      <testcase name="Test Cases/PM/Hwauei/Stats/4G/Sector/Sector Aggregation" time="160.115" classname="Test Cases/PM/Hwauei/Stats/4G/Sector/Sector Aggregation" status="FAILED">
         <failure type="FAILED" message="Test Cases/PM/Hwauei/Stats/4G/Sector/Sector Aggregation FAILED.
Reason:
com.kms.katalon.core.exception.StepFailedException: Unable to verify object 'Object Repository/PM/Huawei-vendor/Export-Result' is present
	at com.kms.katalon.core.webui.keyword.internal.WebUIKeywordMain.stepFailed(WebUIKeywordMain.groovy:64)
	at com.kms.katalon.core.webui.keyword.internal.WebUIKeywordMain.runKeyword(WebUIKeywordMain.groovy:26)
	at com.kms.katalon.core.webui.keyword.builtin.VerifyElementPresentKeyword.verifyElementPresent(VerifyElementPresentKeyword.groovy:92)
	at com.kms.katalon.core.webui.keyword.builtin.VerifyElementPresentKeyword.execute(VerifyElementPresentKeyword.groovy:68)
	at com.kms.katalon.core.keyword.internal.KeywordExecutor.executeKeywordForPlatform(KeywordExecutor.groovy:74)
	at com.kms.katalon.core.webui.keyword.WebUiBuiltInKeywords.verifyElementPresent(WebUiBuiltInKeywords.groovy:1464)
	at com.kms.katalon.core.webui.keyword.WebUiBuiltInKeywords$verifyElementPresent$7.call(Unknown Source)
	at PMHwaueiStats.Stats(PMHwaueiStats.groovy:1345)
	at PMHwaueiStats.invokeMethod(PMHwaueiStats.groovy)
	at com.kms.katalon.core.main.CustomKeywordDelegatingMetaClass.invokeStaticMethod(CustomKeywordDelegatingMetaClass.java:55)
	at Sector Aggregation.run(Sector Aggregation:22)
	at com.kms.katalon.core.main.ScriptEngine.run(ScriptEngine.java:194)
	at com.kms.katalon.core.main.ScriptEngine.runScriptAsRawText(ScriptEngine.java:119)
	at com.kms.katalon.core.main.TestCaseExecutor.runScript(TestCaseExecutor.java:448)
	at com.kms.katalon.core.main.TestCaseExecutor.doExecute(TestCaseExecutor.java:439)
	at com.kms.katalon.core.main.TestCaseExecutor.processExecutionPhase(TestCaseExecutor.java:418)
	at com.kms.katalon.core.main.TestCaseExecutor.accessMainPhase(TestCaseExecutor.java:410)
	at com.kms.katalon.core.main.TestCaseExecutor.execute(TestCaseExecutor.java:285)
	at com.kms.katalon.core.common.CommonExecutor.accessTestCaseMainPhase(CommonExecutor.java:65)
	at com.kms.katalon.core.main.TestSuiteExecutor.accessTestSuiteMainPhase(TestSuiteExecutor.java:148)
	at com.kms.katalon.core.main.TestSuiteExecutor.execute(TestSuiteExecutor.java:106)
	at com.kms.katalon.core.main.TestCaseMain.startTestSuite(TestCaseMain.java:187)
	at com.kms.katalon.core.main.TestCaseMain$startTestSuite$0.call(Unknown Source)
	at TempTestSuite1727960116044.run(TempTestSuite1727960116044.groovy:35)
Caused by: com.kms.katalon.core.exception.StepFailedException: com.kms.katalon.core.webui.exception.WebElementNotFoundException: Web element with id: 'Object Repository/PM/Huawei-vendor/Export-Result' located by '//button[@class='btn btn-outline-primary export-btn']' not found
	at com.kms.katalon.core.webui.keyword.internal.WebUIKeywordMain.stepFailed(WebUIKeywordMain.groovy:64)
	at com.kms.katalon.core.webui.keyword.builtin.VerifyElementPresentKeyword$_verifyElementPresent_closure1.doCall(VerifyElementPresentKeyword.groovy:85)
	at com.kms.katalon.core.webui.keyword.builtin.VerifyElementPresentKeyword$_verifyElementPresent_closure1.call(VerifyElementPresentKeyword.groovy)
	at com.kms.katalon.core.webui.keyword.internal.WebUIKeywordMain.runKeyword(WebUIKeywordMain.groovy:20)
	... 22 more
"/>
         <system-out><![CDATA[2024-10-03 16:12:32 - [TEST_CASE][FAILED] - Test Cases/PM/Hwauei/Stats/4G/Sector/Sector Aggregation: Test Cases/PM/Hwauei/Stats/4G/Sector/Sector Aggregation FAILED.
Reason:
com.kms.katalon.core.exception.StepFailedException: Unable to verify object 'Object Repository/PM/Huawei-vendor/Export-Result' is present
	at com.kms.katalon.core.webui.keyword.internal.WebUIKeywordMain.stepFailed(WebUIKeywordMain.groovy:64)
	at com.kms.katalon.core.webui.keyword.internal.WebUIKeywordMain.runKeyword(WebUIKeywordMain.groovy:26)
	at com.kms.katalon.core.webui.keyword.builtin.VerifyElementPresentKeyword.verifyElementPresent(VerifyElementPresentKeyword.groovy:92)
	at com.kms.katalon.core.webui.keyword.builtin.VerifyElementPresentKeyword.execute(VerifyElementPresentKeyword.groovy:68)
	at com.kms.katalon.core.keyword.internal.KeywordExecutor.executeKeywordForPlatform(KeywordExecutor.groovy:74)
	at com.kms.katalon.core.webui.keyword.WebUiBuiltInKeywords.verifyElementPresent(WebUiBuiltInKeywords.groovy:1464)
	at com.kms.katalon.core.webui.keyword.WebUiBuiltInKeywords$verifyElementPresent$7.call(Unknown Source)
	at PMHwaueiStats.Stats(PMHwaueiStats.groovy:1345)
	at PMHwaueiStats.invokeMethod(PMHwaueiStats.groovy)
	at com.kms.katalon.core.main.CustomKeywordDelegatingMetaClass.invokeStaticMethod(CustomKeywordDelegatingMetaClass.java:55)
	at Sector Aggregation.run(Sector Aggregation:22)
	at com.kms.katalon.core.main.ScriptEngine.run(ScriptEngine.java:194)
	at com.kms.katalon.core.main.ScriptEngine.runScriptAsRawText(ScriptEngine.java:119)
	at com.kms.katalon.core.main.TestCaseExecutor.runScript(TestCaseExecutor.java:448)
	at com.kms.katalon.core.main.TestCaseExecutor.doExecute(TestCaseExecutor.java:439)
	at com.kms.katalon.core.main.TestCaseExecutor.processExecutionPhase(TestCaseExecutor.java:418)
	at com.kms.katalon.core.main.TestCaseExecutor.accessMainPhase(TestCaseExecutor.java:410)
	at com.kms.katalon.core.main.TestCaseExecutor.execute(TestCaseExecutor.java:285)
	at com.kms.katalon.core.common.CommonExecutor.accessTestCaseMainPhase(CommonExecutor.java:65)
	at com.kms.katalon.core.main.TestSuiteExecutor.accessTestSuiteMainPhase(TestSuiteExecutor.java:148)
	at com.kms.katalon.core.main.TestSuiteExecutor.execute(TestSuiteExecutor.java:106)
	at com.kms.katalon.core.main.TestCaseMain.startTestSuite(TestCaseMain.java:187)
	at com.kms.katalon.core.main.TestCaseMain$startTestSuite$0.call(Unknown Source)
	at TempTestSuite1727960116044.run(TempTestSuite1727960116044.groovy:35)
Caused by: com.kms.katalon.core.exception.StepFailedException: com.kms.katalon.core.webui.exception.WebElementNotFoundException: Web element with id: 'Object Repository/PM/Huawei-vendor/Export-Result' located by '//button[@class='btn btn-outline-primary export-btn']' not found
	at com.kms.katalon.core.webui.keyword.internal.WebUIKeywordMain.stepFailed(WebUIKeywordMain.groovy:64)
	at com.kms.katalon.core.webui.keyword.builtin.VerifyElementPresentKeyword$_verifyElementPresent_closure1.doCall(VerifyElementPresentKeyword.groovy:85)
	at com.kms.katalon.core.webui.keyword.builtin.VerifyElementPresentKeyword$_verifyElementPresent_closure1.call(VerifyElementPresentKeyword.groovy)
	at com.kms.katalon.core.webui.keyword.internal.WebUIKeywordMain.runKeyword(WebUIKeywordMain.groovy:20)
	... 22 more


2024-10-03 16:12:32 - [TEST_STEP][PASSED] - callTestCase(findTestCase("LoginNew"), [:], STOP_ON_FAILURE): Call Test Case 'Test Cases/LoginNew' successfully

2024-10-03 16:12:32 - [TEST_CASE][PASSED] - Test Cases/LoginNew: Test Cases/LoginNew

2024-10-03 16:12:32 - [TEST_STEP][PASSED] - driver = general.start(SwagerURL, NetCellURL): general.start is PASSED

2024-10-03 16:12:32 - [MESSAGE][INFO] - >>> chromeDriverPath=C:\Users\FatimaIbeid\.katalon\packages\Katalon_Studio_Windows_64-8.6.9\Katalon_Studio_Windows_64-8.6.9\configuration\resources\drivers\chromedriver_win32\chromedriver.exe

2024-10-03 16:12:34 - [MESSAGE][PASSED] - Current window maximized

2024-10-03 16:12:34 - [MESSAGE][PASSED] - Execute JavaScript 'window.open();' successfully

2024-10-03 16:12:34 - [MESSAGE][PASSED] - Switched to window with index: '1'

2024-10-03 16:12:47 - [MESSAGE][PASSED] - general.start is PASSED

2024-10-03 16:12:47 - [TEST_STEP][PASSED] - delay(1): Delayed 1 second(s)

2024-10-03 16:12:48 - [MESSAGE][PASSED] - Delayed 1 second(s)

2024-10-03 16:12:48 - [TEST_STEP][PASSED] - sendKeys(findTestObject("Object Repository/Login/EnterEmail2"), "homam@zztjg.onmicrosoft.com"): Keys 'homam@zztjg.onmicrosoft.com' sent to object: 'Object Repository/Login/EnterEmail2'

2024-10-03 16:12:48 - [MESSAGE][PASSED] - Keys 'homam@zztjg.onmicrosoft.com' sent to object: 'Object Repository/Login/EnterEmail2'

2024-10-03 16:12:48 - [TEST_STEP][PASSED] - delay(1): Delayed 1 second(s)

2024-10-03 16:12:49 - [MESSAGE][PASSED] - Delayed 1 second(s)

2024-10-03 16:12:49 - [TEST_STEP][PASSED] - sendKeys(findTestObject("Object Repository/Login/EnterPassword2"), "P@ssw0rd"): Keys 'P@ssw0rd' sent to object: 'Object Repository/Login/EnterPassword2'

2024-10-03 16:12:49 - [MESSAGE][PASSED] - Keys 'P@ssw0rd' sent to object: 'Object Repository/Login/EnterPassword2'

2024-10-03 16:12:49 - [TEST_STEP][PASSED] - delay(1): Delayed 1 second(s)

2024-10-03 16:12:50 - [MESSAGE][PASSED] - Delayed 1 second(s)

2024-10-03 16:12:50 - [TEST_STEP][PASSED] - click(findTestObject("Object Repository/Login/LoginButton2")): Object: 'Object Repository/Login/LoginButton2' is clicked on

2024-10-03 16:12:50 - [MESSAGE][PASSED] - Object: 'Object Repository/Login/LoginButton2' is clicked on

2024-10-03 16:12:50 - [TEST_STEP][PASSED] - delay(1): Delayed 1 second(s)

2024-10-03 16:12:51 - [MESSAGE][PASSED] - Delayed 1 second(s)

2024-10-03 16:12:51 - [TEST_STEP][PASSED] - waitForElementPresent(findTestObject("Object Repository/Login/welcome To NetCell"), 0): Object 'Object Repository/Login/welcome To NetCell' is present

2024-10-03 16:12:51 - [MESSAGE][WARNING] - Timeout '0' is invalid. Using default page load timeout: '120'

2024-10-03 16:12:51 - [MESSAGE][PASSED] - Object 'Object Repository/Login/welcome To NetCell' is present

2024-10-03 16:12:51 - [MESSAGE][PASSED] - Call Test Case 'Test Cases/LoginNew' successfully

2024-10-03 16:12:51 - [TEST_STEP][PASSED] - switchToWindowIndex(1): Switched to window with index: '1'

2024-10-03 16:12:51 - [MESSAGE][PASSED] - Switched to window with index: '1'

2024-10-03 16:12:51 - [TEST_STEP][FAILED] - PMHwaueiStats.Stats("4G", "Sector", true, "Hourly"): Unable to verify object 'Object Repository/PM/Huawei-vendor/Export-Result' is present

2024-10-03 16:12:52 - [MESSAGE][PASSED] - Object: 'Object Repository/PM/PM-Button' is clicked on

2024-10-03 16:12:52 - [MESSAGE][PASSED] - Switched to window with index: '2'

2024-10-03 16:13:04 - [MESSAGE][PASSED] - Object: 'Object Repository/PM/Huawei-vendor/TopX/TopX Object Type' is clicked on

2024-10-03 16:13:05 - [MESSAGE][PASSED] - Delayed 1 second(s)

2024-10-03 16:13:05 - [MESSAGE][PASSED] - Object: 'Object Repository/PM/Huawei-vendor/Object-Type/TopX Object Types/TopX Sectors/TopX Sector' is clicked on

2024-10-03 16:13:06 - [MESSAGE][PASSED] - Delayed 1 second(s)

2024-10-03 16:13:06 - [MESSAGE][WARNING] - Timeout '0' is invalid. Using default page load timeout: '120'

2024-10-03 16:13:06 - [MESSAGE][PASSED] - Scroll to object 'Object Repository/PM/Huawei-vendor/Object Border' successfully

2024-10-03 16:13:07 - [MESSAGE][PASSED] - Object: 'Object Repository/PM/Huawei-vendor/Object-Type/TopX Object Types/TopX PLMNs/TopX PLMN checkbox' is clicked on

2024-10-03 16:13:07 - [MESSAGE][PASSED] - Object: 'Object Repository/PM/Huawei-vendor/Aggregation-CheckBox' is clicked on

2024-10-03 16:13:07 - [MESSAGE][WARNING] - Timeout '0' is invalid. Using default page load timeout: '120'

2024-10-03 16:13:07 - [MESSAGE][PASSED] - Scroll to object 'Object Repository/PM/Huawei-vendor/StarttimeLable' successfully

2024-10-03 16:13:07 - [MESSAGE][PASSED] - Object: 'Object Repository/PM/Huawei-vendor/StartDate/StartDate-Button' is clicked on

2024-10-03 16:13:07 - [MESSAGE][PASSED] - Object: 'Object Repository/PM/Huawei-vendor/StartDate/Monthly-Selection' is clicked on

2024-10-03 16:13:08 - [MESSAGE][PASSED] - Object: 'Object Repository/PM/Huawei-vendor/StartDate/Fep-Selection' is clicked on

2024-10-03 16:13:09 - [MESSAGE][PASSED] - Delayed 1 second(s)

2024-10-03 16:13:09 - [MESSAGE][PASSED] - Object: 'Object Repository/PM/Huawei-vendor/StartDate/1-Fep' is clicked on

2024-10-03 16:13:09 - [MESSAGE][PASSED] - Object: 'Object Repository/PM/Huawei-vendor/Apply-Button' is clicked on

2024-10-03 16:13:09 - [MESSAGE][WARNING] - Timeout '0' is invalid. Using default page load timeout: '120'

2024-10-03 16:13:09 - [MESSAGE][PASSED] - Web element with id: 'Object Repository/PM/Huawei-vendor/Error' located by 'By.xpath: //div[@class='toast-summary title-medium-m']' is not present after '120' second(s)

2024-10-03 16:13:09 - [MESSAGE][WARNING] - Timeout '0' is invalid. Using default page load timeout: '120'

2024-10-03 16:15:10 - [MESSAGE][INFO] - Unable to find the element located by 'By.xpath: //button[@class='btn btn-outline-primary export-btn']'. Please recheck the objects properties to make sure the desired element is located. 

2024-10-03 16:15:11 - [MESSAGE][FAILED] - com.kms.katalon.core.webui.exception.WebElementNotFoundException: Web element with id: 'Object Repository/PM/Huawei-vendor/Export-Result' located by '//button[@class='btn btn-outline-primary export-btn']' not found (Root cause: com.kms.katalon.core.exception.StepFailedException: com.kms.katalon.core.webui.exception.WebElementNotFoundException: Web element with id: 'Object Repository/PM/Huawei-vendor/Export-Result' located by '//button[@class='btn btn-outline-primary export-btn']' not found
	at com.kms.katalon.core.webui.keyword.internal.WebUIKeywordMain.stepFailed(WebUIKeywordMain.groovy:64)
	at com.kms.katalon.core.webui.keyword.builtin.VerifyElementPresentKeyword$_verifyElementPresent_closure1.doCall(VerifyElementPresentKeyword.groovy:85)
	at com.kms.katalon.core.webui.keyword.builtin.VerifyElementPresentKeyword$_verifyElementPresent_closure1.call(VerifyElementPresentKeyword.groovy)
	at com.kms.katalon.core.webui.keyword.internal.WebUIKeywordMain.runKeyword(WebUIKeywordMain.groovy:20)
	at com.kms.katalon.core.webui.keyword.builtin.VerifyElementPresentKeyword.verifyElementPresent(VerifyElementPresentKeyword.groovy:92)
	at com.kms.katalon.core.webui.keyword.builtin.VerifyElementPresentKeyword.execute(VerifyElementPresentKeyword.groovy:68)
	at com.kms.katalon.core.keyword.internal.KeywordExecutor.executeKeywordForPlatform(KeywordExecutor.groovy:74)
	at com.kms.katalon.core.webui.keyword.WebUiBuiltInKeywords.verifyElementPresent(WebUiBuiltInKeywords.groovy:1464)
	at com.kms.katalon.core.webui.keyword.WebUiBuiltInKeywords$verifyElementPresent$7.call(Unknown Source)
	at PMHwaueiStats.Stats(PMHwaueiStats.groovy:1345)
	at PMHwaueiStats.invokeMethod(PMHwaueiStats.groovy)
	at com.kms.katalon.core.main.CustomKeywordDelegatingMetaClass.invokeStaticMethod(CustomKeywordDelegatingMetaClass.java:55)
	at Sector Aggregation.run(Sector Aggregation:22)
	at com.kms.katalon.core.main.ScriptEngine.run(ScriptEngine.java:194)
	at com.kms.katalon.core.main.ScriptEngine.runScriptAsRawText(ScriptEngine.java:119)
	at com.kms.katalon.core.main.TestCaseExecutor.runScript(TestCaseExecutor.java:448)
	at com.kms.katalon.core.main.TestCaseExecutor.doExecute(TestCaseExecutor.java:439)
	at com.kms.katalon.core.main.TestCaseExecutor.processExecutionPhase(TestCaseExecutor.java:418)
	at com.kms.katalon.core.main.TestCaseExecutor.accessMainPhase(TestCaseExecutor.java:410)
	at com.kms.katalon.core.main.TestCaseExecutor.execute(TestCaseExecutor.java:285)
	at com.kms.katalon.core.common.CommonExecutor.accessTestCaseMainPhase(CommonExecutor.java:65)
	at com.kms.katalon.core.main.TestSuiteExecutor.accessTestSuiteMainPhase(TestSuiteExecutor.java:148)
	at com.kms.katalon.core.main.TestSuiteExecutor.execute(TestSuiteExecutor.java:106)
	at com.kms.katalon.core.main.TestCaseMain.startTestSuite(TestCaseMain.java:187)
	at com.kms.katalon.core.main.TestCaseMain$startTestSuite$0.call(Unknown Source)
	at TempTestSuite1727960116044.run(TempTestSuite1727960116044.groovy:35)
)
[[ATTACHMENT|C:\\Users\\FatimaIbeid\\git\\NetCell\\Reports\\20241003_155516\\PM\\Hwauei\\Stats\\Regression Stats 4g\\20241003_155516\\1727961310975.png]]

2024-10-03 16:15:11 - [MESSAGE][FAILED] - Unable to verify object 'Object Repository/PM/Huawei-vendor/Export-Result' is present (Root cause: com.kms.katalon.core.exception.StepFailedException: Unable to verify object 'Object Repository/PM/Huawei-vendor/Export-Result' is present
	at com.kms.katalon.core.webui.keyword.internal.WebUIKeywordMain.stepFailed(WebUIKeywordMain.groovy:64)
	at com.kms.katalon.core.webui.keyword.internal.WebUIKeywordMain.runKeyword(WebUIKeywordMain.groovy:26)
	at com.kms.katalon.core.webui.keyword.builtin.VerifyElementPresentKeyword.verifyElementPresent(VerifyElementPresentKeyword.groovy:92)
	at com.kms.katalon.core.webui.keyword.builtin.VerifyElementPresentKeyword.execute(VerifyElementPresentKeyword.groovy:68)
	at com.kms.katalon.core.keyword.internal.KeywordExecutor.executeKeywordForPlatform(KeywordExecutor.groovy:74)
	at com.kms.katalon.core.webui.keyword.WebUiBuiltInKeywords.verifyElementPresent(WebUiBuiltInKeywords.groovy:1464)
	at com.kms.katalon.core.webui.keyword.WebUiBuiltInKeywords$verifyElementPresent$7.call(Unknown Source)
	at PMHwaueiStats.Stats(PMHwaueiStats.groovy:1345)
	at PMHwaueiStats.invokeMethod(PMHwaueiStats.groovy)
	at com.kms.katalon.core.main.CustomKeywordDelegatingMetaClass.invokeStaticMethod(CustomKeywordDelegatingMetaClass.java:55)
	at Sector Aggregation.run(Sector Aggregation:22)
	at com.kms.katalon.core.main.ScriptEngine.run(ScriptEngine.java:194)
	at com.kms.katalon.core.main.ScriptEngine.runScriptAsRawText(ScriptEngine.java:119)
	at com.kms.katalon.core.main.TestCaseExecutor.runScript(TestCaseExecutor.java:448)
	at com.kms.katalon.core.main.TestCaseExecutor.doExecute(TestCaseExecutor.java:439)
	at com.kms.katalon.core.main.TestCaseExecutor.processExecutionPhase(TestCaseExecutor.java:418)
	at com.kms.katalon.core.main.TestCaseExecutor.accessMainPhase(TestCaseExecutor.java:410)
	at com.kms.katalon.core.main.TestCaseExecutor.execute(TestCaseExecutor.java:285)
	at com.kms.katalon.core.common.CommonExecutor.accessTestCaseMainPhase(CommonExecutor.java:65)
	at com.kms.katalon.core.main.TestSuiteExecutor.accessTestSuiteMainPhase(TestSuiteExecutor.java:148)
	at com.kms.katalon.core.main.TestSuiteExecutor.execute(TestSuiteExecutor.java:106)
	at com.kms.katalon.core.main.TestCaseMain.startTestSuite(TestCaseMain.java:187)
	at com.kms.katalon.core.main.TestCaseMain$startTestSuite$0.call(Unknown Source)
	at TempTestSuite1727960116044.run(TempTestSuite1727960116044.groovy:35)
Caused by: com.kms.katalon.core.exception.StepFailedException: com.kms.katalon.core.webui.exception.WebElementNotFoundException: Web element with id: 'Object Repository/PM/Huawei-vendor/Export-Result' located by '//button[@class='btn btn-outline-primary export-btn']' not found
	at com.kms.katalon.core.webui.keyword.internal.WebUIKeywordMain.stepFailed(WebUIKeywordMain.groovy:64)
	at com.kms.katalon.core.webui.keyword.builtin.VerifyElementPresentKeyword$_verifyElementPresent_closure1.doCall(VerifyElementPresentKeyword.groovy:85)
	at com.kms.katalon.core.webui.keyword.builtin.VerifyElementPresentKeyword$_verifyElementPresent_closure1.call(VerifyElementPresentKeyword.groovy)
	at com.kms.katalon.core.webui.keyword.internal.WebUIKeywordMain.runKeyword(WebUIKeywordMain.groovy:20)
	... 22 more
)
[[ATTACHMENT|C:\\Users\\FatimaIbeid\\git\\NetCell\\Reports\\20241003_155516\\PM\\Hwauei\\Stats\\Regression Stats 4g\\20241003_155516\\1727961311317.png]]

2024-10-03 16:15:11 - [MESSAGE][FAILED] - Unable to verify object 'Object Repository/PM/Huawei-vendor/Export-Result' is present

2024-10-03 16:15:11 - [TEST_STEP][PASSED] - Start tear down : tearDownTestCase: Method 'tearDownTestCase' complete successfully

2024-10-03 16:15:11 - [TEST_STEP][PASSED] - closeBrowser(): Browser is closed

2024-10-03 16:15:12 - [MESSAGE][PASSED] - Browser is closed

2024-10-03 16:15:12 - [MESSAGE][PASSED] - Method 'tearDownTestCase' complete successfully]]></system-out>
         <system-err><![CDATA[2024-10-03 16:12:32 - [TEST_CASE][FAILED] - Test Cases/PM/Hwauei/Stats/4G/Sector/Sector Aggregation: Test Cases/PM/Hwauei/Stats/4G/Sector/Sector Aggregation FAILED.
Reason:
com.kms.katalon.core.exception.StepFailedException: Unable to verify object 'Object Repository/PM/Huawei-vendor/Export-Result' is present
	at com.kms.katalon.core.webui.keyword.internal.WebUIKeywordMain.stepFailed(WebUIKeywordMain.groovy:64)
	at com.kms.katalon.core.webui.keyword.internal.WebUIKeywordMain.runKeyword(WebUIKeywordMain.groovy:26)
	at com.kms.katalon.core.webui.keyword.builtin.VerifyElementPresentKeyword.verifyElementPresent(VerifyElementPresentKeyword.groovy:92)
	at com.kms.katalon.core.webui.keyword.builtin.VerifyElementPresentKeyword.execute(VerifyElementPresentKeyword.groovy:68)
	at com.kms.katalon.core.keyword.internal.KeywordExecutor.executeKeywordForPlatform(KeywordExecutor.groovy:74)
	at com.kms.katalon.core.webui.keyword.WebUiBuiltInKeywords.verifyElementPresent(WebUiBuiltInKeywords.groovy:1464)
	at com.kms.katalon.core.webui.keyword.WebUiBuiltInKeywords$verifyElementPresent$7.call(Unknown Source)
	at PMHwaueiStats.Stats(PMHwaueiStats.groovy:1345)
	at PMHwaueiStats.invokeMethod(PMHwaueiStats.groovy)
	at com.kms.katalon.core.main.CustomKeywordDelegatingMetaClass.invokeStaticMethod(CustomKeywordDelegatingMetaClass.java:55)
	at Sector Aggregation.run(Sector Aggregation:22)
	at com.kms.katalon.core.main.ScriptEngine.run(ScriptEngine.java:194)
	at com.kms.katalon.core.main.ScriptEngine.runScriptAsRawText(ScriptEngine.java:119)
	at com.kms.katalon.core.main.TestCaseExecutor.runScript(TestCaseExecutor.java:448)
	at com.kms.katalon.core.main.TestCaseExecutor.doExecute(TestCaseExecutor.java:439)
	at com.kms.katalon.core.main.TestCaseExecutor.processExecutionPhase(TestCaseExecutor.java:418)
	at com.kms.katalon.core.main.TestCaseExecutor.accessMainPhase(TestCaseExecutor.java:410)
	at com.kms.katalon.core.main.TestCaseExecutor.execute(TestCaseExecutor.java:285)
	at com.kms.katalon.core.common.CommonExecutor.accessTestCaseMainPhase(CommonExecutor.java:65)
	at com.kms.katalon.core.main.TestSuiteExecutor.accessTestSuiteMainPhase(TestSuiteExecutor.java:148)
	at com.kms.katalon.core.main.TestSuiteExecutor.execute(TestSuiteExecutor.java:106)
	at com.kms.katalon.core.main.TestCaseMain.startTestSuite(TestCaseMain.java:187)
	at com.kms.katalon.core.main.TestCaseMain$startTestSuite$0.call(Unknown Source)
	at TempTestSuite1727960116044.run(TempTestSuite1727960116044.groovy:35)
Caused by: com.kms.katalon.core.exception.StepFailedException: com.kms.katalon.core.webui.exception.WebElementNotFoundException: Web element with id: 'Object Repository/PM/Huawei-vendor/Export-Result' located by '//button[@class='btn btn-outline-primary export-btn']' not found
	at com.kms.katalon.core.webui.keyword.internal.WebUIKeywordMain.stepFailed(WebUIKeywordMain.groovy:64)
	at com.kms.katalon.core.webui.keyword.builtin.VerifyElementPresentKeyword$_verifyElementPresent_closure1.doCall(VerifyElementPresentKeyword.groovy:85)
	at com.kms.katalon.core.webui.keyword.builtin.VerifyElementPresentKeyword$_verifyElementPresent_closure1.call(VerifyElementPresentKeyword.groovy)
	at com.kms.katalon.core.webui.keyword.internal.WebUIKeywordMain.runKeyword(WebUIKeywordMain.groovy:20)
	... 22 more]]></system-err>
      </testcase>
      <system-out><![CDATA[2024-10-03 15:55:18 - [TEST_SUITE][FAILED] - Regression Stats 4g: Test Cases/PM/Hwauei/Stats/4G/Cluster Band/Cluster Band FAILED.
Reason:
com.kms.katalon.core.exception.StepFailedException: Unable to click on object 'Object Repository/PM/Huawei-vendor/Object-Type/TopX Object Types/TopX Sites/TopX East Jordan CloseArrow'
	at com.kms.katalon.core.webui.keyword.internal.WebUIKeywordMain.stepFailed(WebUIKeywordMain.groovy:64)
	at com.kms.katalon.core.webui.keyword.internal.WebUIKeywordMain.runKeyword(WebUIKeywordMain.groovy:26)
	at com.kms.katalon.core.webui.keyword.builtin.ClickKeyword.click(ClickKeyword.groovy:74)
	at com.kms.katalon.core.webui.keyword.builtin.ClickKeyword.execute(ClickKeyword.groovy:40)
	at com.kms.katalon.core.keyword.internal.KeywordExecutor.executeKeywordForPlatform(KeywordExecutor.groovy:74)
	at com.kms.katalon.core.webui.keyword.WebUiBuiltInKeywords.click(WebUiBuiltInKeywords.groovy:620)
	at com.kms.katalon.core.webui.keyword.WebUiBuiltInKeywords$click$3.call(Unknown Source)
	at PMHwaueiStats.Stats(PMHwaueiStats.groovy:375)
	at PMHwaueiStats.invokeMethod(PMHwaueiStats.groovy)
	at com.kms.katalon.core.main.CustomKeywordDelegatingMetaClass.invokeStaticMethod(CustomKeywordDelegatingMetaClass.java:55)
	at Cluster Band.run(Cluster Band:22)
	at com.kms.katalon.core.main.ScriptEngine.run(ScriptEngine.java:194)
	at com.kms.katalon.core.main.ScriptEngine.runScriptAsRawText(ScriptEngine.java:119)
	at com.kms.katalon.core.main.TestCaseExecutor.runScript(TestCaseExecutor.java:448)
	at com.kms.katalon.core.main.TestCaseExecutor.doExecute(TestCaseExecutor.java:439)
	at com.kms.katalon.core.main.TestCaseExecutor.processExecutionPhase(TestCaseExecutor.java:418)
	at com.kms.katalon.core.main.TestCaseExecutor.accessMainPhase(TestCaseExecutor.java:410)
	at com.kms.katalon.core.main.TestCaseExecutor.execute(TestCaseExecutor.java:285)
	at com.kms.katalon.core.common.CommonExecutor.accessTestCaseMainPhase(CommonExecutor.java:65)
	at com.kms.katalon.core.main.TestSuiteExecutor.accessTestSuiteMainPhase(TestSuiteExecutor.java:148)
	at com.kms.katalon.core.main.TestSuiteExecutor.execute(TestSuiteExecutor.java:106)
	at com.kms.katalon.core.main.TestCaseMain.startTestSuite(TestCaseMain.java:187)
	at com.kms.katalon.core.main.TestCaseMain$startTestSuite$0.call(Unknown Source)
	at TempTestSuite1727960116044.run(TempTestSuite1727960116044.groovy:35)
Caused by: org.openqa.selenium.NoSuchWindowException: no such window: target window already closed
from unknown error: web view not found
  (Session info: chrome=129.0.6668.60)
Build info: version: '3.141.59', revision: 'e82be7d358', time: '2018-11-14T08:25:53'
System info: host: 'LP-FATIMAIBEID', ip: '192.168.8.187', os.name: 'Windows 11', os.arch: 'amd64', os.version: '10.0', java.version: '1.8.0_362'
Driver info: org.openqa.selenium.chrome.ChromeDriver
Capabilities {acceptInsecureCerts: true, browserName: chrome, browserVersion: 129.0.6668.60, chrome: {chromedriverVersion: 129.0.6668.70 (df87d5cf12b1..., userDataDir: C:\Users\FATIMA~1\AppData\L...}, fedcm:accounts: true, goog:chromeOptions: {debuggerAddress: localhost:62731}, javascriptEnabled: true, networkConnectionEnabled: false, pageLoadStrategy: normal, platform: WINDOWS, platformName: WINDOWS, proxy: Proxy(), setWindowRect: true, strictFileInteractability: false, timeouts: {implicit: 0, pageLoad: 300000, script: 30000}, unhandledPromptBehavior: dismiss and notify, webauthn:extension:credBlob: true, webauthn:extension:largeBlob: true, webauthn:extension:minPinLength: true, webauthn:extension:prf: true, webauthn:virtualAuthenticators: true}
Session ID: 749c58ab6a73ba6bd382d3f991918846
*** Element info: {Using=xpath, value=//li[@aria-label='East Jordan']//chevrondownicon[@class='p-element p-icon-wrapper ng-star-inserted']//*[name()='svg']}
	at org.openqa.selenium.remote.http.W3CHttpResponseCodec.createException(W3CHttpResponseCodec.java:187)
	at org.openqa.selenium.remote.http.W3CHttpResponseCodec.decode(W3CHttpResponseCodec.java:122)
	at org.openqa.selenium.remote.http.W3CHttpResponseCodec.decode(W3CHttpResponseCodec.java:49)
	at org.openqa.selenium.remote.HttpCommandExecutor.execute(HttpCommandExecutor.java:158)
	at org.openqa.selenium.remote.service.DriverCommandExecutor.execute(DriverCommandExecutor.java:83)
	at org.openqa.selenium.remote.RemoteWebDriver.execute(RemoteWebDriver.java:552)
	at org.openqa.selenium.remote.RemoteWebDriver.findElements(RemoteWebDriver.java:353)
	at org.openqa.selenium.remote.RemoteWebDriver.findElementsByXPath(RemoteWebDriver.java:432)
	at org.openqa.selenium.By$ByXPath.findElements(By.java:348)
	at org.openqa.selenium.remote.RemoteWebDriver.findElements(RemoteWebDriver.java:311)
	at org.openqa.selenium.support.events.EventFiringWebDriver.lambda$new$1(EventFiringWebDriver.java:105)
	at com.sun.proxy.$Proxy11.findElements(Unknown Source)
	at org.openqa.selenium.support.events.EventFiringWebDriver.findElements(EventFiringWebDriver.java:182)
	at com.kms.katalon.core.webui.common.WebUiCommonHelper.findElementByNormalMethods(WebUiCommonHelper.java:1027)
	at com.kms.katalon.core.webui.common.WebUiCommonHelper.findElementsBySelectedMethod(WebUiCommonHelper.java:919)
	at com.kms.katalon.core.webui.common.WebUiCommonHelper.findElementsBySelectedMethod(WebUiCommonHelper.java:901)
	at com.kms.katalon.core.webui.common.WebUiCommonHelper.findElementsBySelectedMethod(WebUiCommonHelper.java:896)
	at com.kms.katalon.core.webui.common.WebUiCommonHelper.findElementsByDefault(WebUiCommonHelper.java:892)
	at com.kms.katalon.core.webui.common.WebUiCommonHelper.findWebElements(WebUiCommonHelper.java:720)
	at com.kms.katalon.core.webui.common.WebUiCommonHelper.findWebElement(WebUiCommonHelper.java:1376)
	at com.kms.katalon.core.webui.keyword.internal.WebUIAbstractKeyword.findWebElement(WebUIAbstractKeyword.groovy:27)
	at com.kms.katalon.core.webui.keyword.builtin.ClickKeyword$_click_closure1.doCall(ClickKeyword.groovy:65)
	at com.kms.katalon.core.webui.keyword.builtin.ClickKeyword$_click_closure1.call(ClickKeyword.groovy)
	at com.kms.katalon.core.webui.keyword.internal.WebUIKeywordMain.runKeyword(WebUIKeywordMain.groovy:20)
	... 22 more]]></system-out>
      <system-err><![CDATA[2024-10-03 15:55:18 - [TEST_SUITE][FAILED] - Regression Stats 4g: Test Cases/PM/Hwauei/Stats/4G/Cluster Band/Cluster Band FAILED.
Reason:
com.kms.katalon.core.exception.StepFailedException: Unable to click on object 'Object Repository/PM/Huawei-vendor/Object-Type/TopX Object Types/TopX Sites/TopX East Jordan CloseArrow'
	at com.kms.katalon.core.webui.keyword.internal.WebUIKeywordMain.stepFailed(WebUIKeywordMain.groovy:64)
	at com.kms.katalon.core.webui.keyword.internal.WebUIKeywordMain.runKeyword(WebUIKeywordMain.groovy:26)
	at com.kms.katalon.core.webui.keyword.builtin.ClickKeyword.click(ClickKeyword.groovy:74)
	at com.kms.katalon.core.webui.keyword.builtin.ClickKeyword.execute(ClickKeyword.groovy:40)
	at com.kms.katalon.core.keyword.internal.KeywordExecutor.executeKeywordForPlatform(KeywordExecutor.groovy:74)
	at com.kms.katalon.core.webui.keyword.WebUiBuiltInKeywords.click(WebUiBuiltInKeywords.groovy:620)
	at com.kms.katalon.core.webui.keyword.WebUiBuiltInKeywords$click$3.call(Unknown Source)
	at PMHwaueiStats.Stats(PMHwaueiStats.groovy:375)
	at PMHwaueiStats.invokeMethod(PMHwaueiStats.groovy)
	at com.kms.katalon.core.main.CustomKeywordDelegatingMetaClass.invokeStaticMethod(CustomKeywordDelegatingMetaClass.java:55)
	at Cluster Band.run(Cluster Band:22)
	at com.kms.katalon.core.main.ScriptEngine.run(ScriptEngine.java:194)
	at com.kms.katalon.core.main.ScriptEngine.runScriptAsRawText(ScriptEngine.java:119)
	at com.kms.katalon.core.main.TestCaseExecutor.runScript(TestCaseExecutor.java:448)
	at com.kms.katalon.core.main.TestCaseExecutor.doExecute(TestCaseExecutor.java:439)
	at com.kms.katalon.core.main.TestCaseExecutor.processExecutionPhase(TestCaseExecutor.java:418)
	at com.kms.katalon.core.main.TestCaseExecutor.accessMainPhase(TestCaseExecutor.java:410)
	at com.kms.katalon.core.main.TestCaseExecutor.execute(TestCaseExecutor.java:285)
	at com.kms.katalon.core.common.CommonExecutor.accessTestCaseMainPhase(CommonExecutor.java:65)
	at com.kms.katalon.core.main.TestSuiteExecutor.accessTestSuiteMainPhase(TestSuiteExecutor.java:148)
	at com.kms.katalon.core.main.TestSuiteExecutor.execute(TestSuiteExecutor.java:106)
	at com.kms.katalon.core.main.TestCaseMain.startTestSuite(TestCaseMain.java:187)
	at com.kms.katalon.core.main.TestCaseMain$startTestSuite$0.call(Unknown Source)
	at TempTestSuite1727960116044.run(TempTestSuite1727960116044.groovy:35)
Caused by: org.openqa.selenium.NoSuchWindowException: no such window: target window already closed
from unknown error: web view not found
  (Session info: chrome=129.0.6668.60)
Build info: version: '3.141.59', revision: 'e82be7d358', time: '2018-11-14T08:25:53'
System info: host: 'LP-FATIMAIBEID', ip: '192.168.8.187', os.name: 'Windows 11', os.arch: 'amd64', os.version: '10.0', java.version: '1.8.0_362'
Driver info: org.openqa.selenium.chrome.ChromeDriver
Capabilities {acceptInsecureCerts: true, browserName: chrome, browserVersion: 129.0.6668.60, chrome: {chromedriverVersion: 129.0.6668.70 (df87d5cf12b1..., userDataDir: C:\Users\FATIMA~1\AppData\L...}, fedcm:accounts: true, goog:chromeOptions: {debuggerAddress: localhost:62731}, javascriptEnabled: true, networkConnectionEnabled: false, pageLoadStrategy: normal, platform: WINDOWS, platformName: WINDOWS, proxy: Proxy(), setWindowRect: true, strictFileInteractability: false, timeouts: {implicit: 0, pageLoad: 300000, script: 30000}, unhandledPromptBehavior: dismiss and notify, webauthn:extension:credBlob: true, webauthn:extension:largeBlob: true, webauthn:extension:minPinLength: true, webauthn:extension:prf: true, webauthn:virtualAuthenticators: true}
Session ID: 749c58ab6a73ba6bd382d3f991918846
*** Element info: {Using=xpath, value=//li[@aria-label='East Jordan']//chevrondownicon[@class='p-element p-icon-wrapper ng-star-inserted']//*[name()='svg']}
	at org.openqa.selenium.remote.http.W3CHttpResponseCodec.createException(W3CHttpResponseCodec.java:187)
	at org.openqa.selenium.remote.http.W3CHttpResponseCodec.decode(W3CHttpResponseCodec.java:122)
	at org.openqa.selenium.remote.http.W3CHttpResponseCodec.decode(W3CHttpResponseCodec.java:49)
	at org.openqa.selenium.remote.HttpCommandExecutor.execute(HttpCommandExecutor.java:158)
	at org.openqa.selenium.remote.service.DriverCommandExecutor.execute(DriverCommandExecutor.java:83)
	at org.openqa.selenium.remote.RemoteWebDriver.execute(RemoteWebDriver.java:552)
	at org.openqa.selenium.remote.RemoteWebDriver.findElements(RemoteWebDriver.java:353)
	at org.openqa.selenium.remote.RemoteWebDriver.findElementsByXPath(RemoteWebDriver.java:432)
	at org.openqa.selenium.By$ByXPath.findElements(By.java:348)
	at org.openqa.selenium.remote.RemoteWebDriver.findElements(RemoteWebDriver.java:311)
	at org.openqa.selenium.support.events.EventFiringWebDriver.lambda$new$1(EventFiringWebDriver.java:105)
	at com.sun.proxy.$Proxy11.findElements(Unknown Source)
	at org.openqa.selenium.support.events.EventFiringWebDriver.findElements(EventFiringWebDriver.java:182)
	at com.kms.katalon.core.webui.common.WebUiCommonHelper.findElementByNormalMethods(WebUiCommonHelper.java:1027)
	at com.kms.katalon.core.webui.common.WebUiCommonHelper.findElementsBySelectedMethod(WebUiCommonHelper.java:919)
	at com.kms.katalon.core.webui.common.WebUiCommonHelper.findElementsBySelectedMethod(WebUiCommonHelper.java:901)
	at com.kms.katalon.core.webui.common.WebUiCommonHelper.findElementsBySelectedMethod(WebUiCommonHelper.java:896)
	at com.kms.katalon.core.webui.common.WebUiCommonHelper.findElementsByDefault(WebUiCommonHelper.java:892)
	at com.kms.katalon.core.webui.common.WebUiCommonHelper.findWebElements(WebUiCommonHelper.java:720)
	at com.kms.katalon.core.webui.common.WebUiCommonHelper.findWebElement(WebUiCommonHelper.java:1376)
	at com.kms.katalon.core.webui.keyword.internal.WebUIAbstractKeyword.findWebElement(WebUIAbstractKeyword.groovy:27)
	at com.kms.katalon.core.webui.keyword.builtin.ClickKeyword$_click_closure1.doCall(ClickKeyword.groovy:65)
	at com.kms.katalon.core.webui.keyword.builtin.ClickKeyword$_click_closure1.call(ClickKeyword.groovy)
	at com.kms.katalon.core.webui.keyword.internal.WebUIKeywordMain.runKeyword(WebUIKeywordMain.groovy:20)
	... 22 more]]></system-err>
   </testsuite>
</testsuites>
